[2024-11-04T20:13:11.676+0000] {processor.py:186} INFO - Started process (PID=70) to work on /home/airflow/.local/lib/python3.12/site-packages/airflow/example_dags/example_complex.py
[2024-11-04T20:13:11.677+0000] {processor.py:914} INFO - Processing file /home/airflow/.local/lib/python3.12/site-packages/airflow/example_dags/example_complex.py for tasks to queue
[2024-11-04T20:13:11.681+0000] {logging_mixin.py:190} INFO - [2024-11-04T20:13:11.680+0000] {dagbag.py:588} INFO - Filling up the DagBag from /home/airflow/.local/lib/python3.12/site-packages/airflow/example_dags/example_complex.py
[2024-11-04T20:13:11.762+0000] {processor.py:925} INFO - DAG(s) 'example_complex' retrieved from /home/airflow/.local/lib/python3.12/site-packages/airflow/example_dags/example_complex.py
[2024-11-04T20:13:12.264+0000] {logging_mixin.py:190} INFO - [2024-11-04T20:13:12.261+0000] {override.py:1900} INFO - Created Permission View: can edit on DAG:example_complex
[2024-11-04T20:13:12.307+0000] {logging_mixin.py:190} INFO - [2024-11-04T20:13:12.307+0000] {override.py:1900} INFO - Created Permission View: can read on DAG:example_complex
[2024-11-04T20:13:12.316+0000] {logging_mixin.py:190} INFO - [2024-11-04T20:13:12.316+0000] {override.py:1900} INFO - Created Permission View: can delete on DAG:example_complex
[2024-11-04T20:13:12.329+0000] {logging_mixin.py:190} INFO - [2024-11-04T20:13:12.328+0000] {override.py:1900} INFO - Created Permission View: menu access on DAG Run:example_complex
[2024-11-04T20:13:12.340+0000] {logging_mixin.py:190} INFO - [2024-11-04T20:13:12.340+0000] {override.py:1900} INFO - Created Permission View: can read on DAG Run:example_complex
[2024-11-04T20:13:12.350+0000] {logging_mixin.py:190} INFO - [2024-11-04T20:13:12.350+0000] {override.py:1900} INFO - Created Permission View: can create on DAG Run:example_complex
[2024-11-04T20:13:12.359+0000] {logging_mixin.py:190} INFO - [2024-11-04T20:13:12.358+0000] {override.py:1900} INFO - Created Permission View: can delete on DAG Run:example_complex
[2024-11-04T20:13:12.362+0000] {logging_mixin.py:190} INFO - [2024-11-04T20:13:12.362+0000] {dag.py:3239} INFO - Sync 1 DAGs
[2024-11-04T20:13:12.404+0000] {logging_mixin.py:190} INFO - [2024-11-04T20:13:12.403+0000] {dag.py:3262} INFO - Creating ORM DAG for example_complex
[2024-11-04T20:13:12.408+0000] {logging_mixin.py:190} INFO - [2024-11-04T20:13:12.408+0000] {dag.py:4180} INFO - Setting next_dagrun for example_complex to None, run_after=None
[2024-11-04T20:13:12.447+0000] {processor.py:208} INFO - Processing /home/airflow/.local/lib/python3.12/site-packages/airflow/example_dags/example_complex.py took 0.778 seconds
[2024-11-04T20:13:46.331+0000] {processor.py:186} INFO - Started process (PID=132) to work on /home/airflow/.local/lib/python3.12/site-packages/airflow/example_dags/example_complex.py
[2024-11-04T20:13:46.338+0000] {processor.py:914} INFO - Processing file /home/airflow/.local/lib/python3.12/site-packages/airflow/example_dags/example_complex.py for tasks to queue
[2024-11-04T20:13:46.344+0000] {logging_mixin.py:190} INFO - [2024-11-04T20:13:46.343+0000] {dagbag.py:588} INFO - Filling up the DagBag from /home/airflow/.local/lib/python3.12/site-packages/airflow/example_dags/example_complex.py
[2024-11-04T20:13:46.380+0000] {processor.py:925} INFO - DAG(s) 'example_complex' retrieved from /home/airflow/.local/lib/python3.12/site-packages/airflow/example_dags/example_complex.py
[2024-11-04T20:13:46.488+0000] {logging_mixin.py:190} INFO - [2024-11-04T20:13:46.488+0000] {dag.py:3239} INFO - Sync 1 DAGs
[2024-11-04T20:13:46.555+0000] {logging_mixin.py:190} INFO - [2024-11-04T20:13:46.555+0000] {dag.py:4180} INFO - Setting next_dagrun for example_complex to None, run_after=None
[2024-11-04T20:13:46.622+0000] {processor.py:208} INFO - Processing /home/airflow/.local/lib/python3.12/site-packages/airflow/example_dags/example_complex.py took 0.304 seconds
[2024-11-04T20:14:17.332+0000] {processor.py:186} INFO - Started process (PID=194) to work on /home/airflow/.local/lib/python3.12/site-packages/airflow/example_dags/example_complex.py
[2024-11-04T20:14:17.342+0000] {processor.py:914} INFO - Processing file /home/airflow/.local/lib/python3.12/site-packages/airflow/example_dags/example_complex.py for tasks to queue
[2024-11-04T20:14:17.346+0000] {logging_mixin.py:190} INFO - [2024-11-04T20:14:17.345+0000] {dagbag.py:588} INFO - Filling up the DagBag from /home/airflow/.local/lib/python3.12/site-packages/airflow/example_dags/example_complex.py
[2024-11-04T20:14:17.373+0000] {processor.py:925} INFO - DAG(s) 'example_complex' retrieved from /home/airflow/.local/lib/python3.12/site-packages/airflow/example_dags/example_complex.py
[2024-11-04T20:14:17.434+0000] {logging_mixin.py:190} INFO - [2024-11-04T20:14:17.434+0000] {dag.py:3239} INFO - Sync 1 DAGs
[2024-11-04T20:14:17.456+0000] {logging_mixin.py:190} INFO - [2024-11-04T20:14:17.455+0000] {dag.py:4180} INFO - Setting next_dagrun for example_complex to None, run_after=None
[2024-11-04T20:14:17.486+0000] {processor.py:208} INFO - Processing /home/airflow/.local/lib/python3.12/site-packages/airflow/example_dags/example_complex.py took 0.163 seconds
[2024-11-04T20:14:47.944+0000] {processor.py:186} INFO - Started process (PID=257) to work on /home/airflow/.local/lib/python3.12/site-packages/airflow/example_dags/example_complex.py
[2024-11-04T20:14:47.945+0000] {processor.py:914} INFO - Processing file /home/airflow/.local/lib/python3.12/site-packages/airflow/example_dags/example_complex.py for tasks to queue
[2024-11-04T20:14:47.949+0000] {logging_mixin.py:190} INFO - [2024-11-04T20:14:47.948+0000] {dagbag.py:588} INFO - Filling up the DagBag from /home/airflow/.local/lib/python3.12/site-packages/airflow/example_dags/example_complex.py
[2024-11-04T20:14:47.966+0000] {processor.py:925} INFO - DAG(s) 'example_complex' retrieved from /home/airflow/.local/lib/python3.12/site-packages/airflow/example_dags/example_complex.py
[2024-11-04T20:14:48.018+0000] {logging_mixin.py:190} INFO - [2024-11-04T20:14:48.017+0000] {dag.py:3239} INFO - Sync 1 DAGs
[2024-11-04T20:14:48.063+0000] {logging_mixin.py:190} INFO - [2024-11-04T20:14:48.062+0000] {dag.py:4180} INFO - Setting next_dagrun for example_complex to None, run_after=None
[2024-11-04T20:14:48.098+0000] {processor.py:208} INFO - Processing /home/airflow/.local/lib/python3.12/site-packages/airflow/example_dags/example_complex.py took 0.162 seconds
[2024-11-04T20:15:18.268+0000] {processor.py:186} INFO - Started process (PID=319) to work on /home/airflow/.local/lib/python3.12/site-packages/airflow/example_dags/example_complex.py
[2024-11-04T20:15:18.269+0000] {processor.py:914} INFO - Processing file /home/airflow/.local/lib/python3.12/site-packages/airflow/example_dags/example_complex.py for tasks to queue
[2024-11-04T20:15:18.272+0000] {logging_mixin.py:190} INFO - [2024-11-04T20:15:18.271+0000] {dagbag.py:588} INFO - Filling up the DagBag from /home/airflow/.local/lib/python3.12/site-packages/airflow/example_dags/example_complex.py
[2024-11-04T20:15:18.284+0000] {processor.py:925} INFO - DAG(s) 'example_complex' retrieved from /home/airflow/.local/lib/python3.12/site-packages/airflow/example_dags/example_complex.py
[2024-11-04T20:15:18.318+0000] {logging_mixin.py:190} INFO - [2024-11-04T20:15:18.317+0000] {dag.py:3239} INFO - Sync 1 DAGs
[2024-11-04T20:15:18.333+0000] {logging_mixin.py:190} INFO - [2024-11-04T20:15:18.333+0000] {dag.py:4180} INFO - Setting next_dagrun for example_complex to None, run_after=None
[2024-11-04T20:15:18.353+0000] {processor.py:208} INFO - Processing /home/airflow/.local/lib/python3.12/site-packages/airflow/example_dags/example_complex.py took 0.091 seconds
[2024-11-04T20:15:49.142+0000] {processor.py:186} INFO - Started process (PID=381) to work on /home/airflow/.local/lib/python3.12/site-packages/airflow/example_dags/example_complex.py
[2024-11-04T20:15:49.149+0000] {processor.py:914} INFO - Processing file /home/airflow/.local/lib/python3.12/site-packages/airflow/example_dags/example_complex.py for tasks to queue
[2024-11-04T20:15:49.163+0000] {logging_mixin.py:190} INFO - [2024-11-04T20:15:49.161+0000] {dagbag.py:588} INFO - Filling up the DagBag from /home/airflow/.local/lib/python3.12/site-packages/airflow/example_dags/example_complex.py
[2024-11-04T20:15:49.209+0000] {processor.py:925} INFO - DAG(s) 'example_complex' retrieved from /home/airflow/.local/lib/python3.12/site-packages/airflow/example_dags/example_complex.py
[2024-11-04T20:15:49.281+0000] {logging_mixin.py:190} INFO - [2024-11-04T20:15:49.281+0000] {dag.py:3239} INFO - Sync 1 DAGs
[2024-11-04T20:15:49.304+0000] {logging_mixin.py:190} INFO - [2024-11-04T20:15:49.303+0000] {dag.py:4180} INFO - Setting next_dagrun for example_complex to None, run_after=None
[2024-11-04T20:15:49.364+0000] {processor.py:208} INFO - Processing /home/airflow/.local/lib/python3.12/site-packages/airflow/example_dags/example_complex.py took 0.240 seconds
[2024-11-04T20:16:20.052+0000] {processor.py:186} INFO - Started process (PID=443) to work on /home/airflow/.local/lib/python3.12/site-packages/airflow/example_dags/example_complex.py
[2024-11-04T20:16:20.054+0000] {processor.py:914} INFO - Processing file /home/airflow/.local/lib/python3.12/site-packages/airflow/example_dags/example_complex.py for tasks to queue
[2024-11-04T20:16:20.059+0000] {logging_mixin.py:190} INFO - [2024-11-04T20:16:20.058+0000] {dagbag.py:588} INFO - Filling up the DagBag from /home/airflow/.local/lib/python3.12/site-packages/airflow/example_dags/example_complex.py
[2024-11-04T20:16:20.075+0000] {processor.py:925} INFO - DAG(s) 'example_complex' retrieved from /home/airflow/.local/lib/python3.12/site-packages/airflow/example_dags/example_complex.py
[2024-11-04T20:16:20.116+0000] {logging_mixin.py:190} INFO - [2024-11-04T20:16:20.116+0000] {dag.py:3239} INFO - Sync 1 DAGs
[2024-11-04T20:16:20.143+0000] {logging_mixin.py:190} INFO - [2024-11-04T20:16:20.142+0000] {dag.py:4180} INFO - Setting next_dagrun for example_complex to None, run_after=None
[2024-11-04T20:16:20.179+0000] {processor.py:208} INFO - Processing /home/airflow/.local/lib/python3.12/site-packages/airflow/example_dags/example_complex.py took 0.133 seconds
[2024-11-04T20:16:51.637+0000] {processor.py:186} INFO - Started process (PID=505) to work on /home/airflow/.local/lib/python3.12/site-packages/airflow/example_dags/example_complex.py
[2024-11-04T20:16:51.639+0000] {processor.py:914} INFO - Processing file /home/airflow/.local/lib/python3.12/site-packages/airflow/example_dags/example_complex.py for tasks to queue
[2024-11-04T20:16:51.643+0000] {logging_mixin.py:190} INFO - [2024-11-04T20:16:51.642+0000] {dagbag.py:588} INFO - Filling up the DagBag from /home/airflow/.local/lib/python3.12/site-packages/airflow/example_dags/example_complex.py
[2024-11-04T20:16:51.676+0000] {processor.py:925} INFO - DAG(s) 'example_complex' retrieved from /home/airflow/.local/lib/python3.12/site-packages/airflow/example_dags/example_complex.py
[2024-11-04T20:16:51.829+0000] {logging_mixin.py:190} INFO - [2024-11-04T20:16:51.828+0000] {dag.py:3239} INFO - Sync 1 DAGs
[2024-11-04T20:16:51.876+0000] {logging_mixin.py:190} INFO - [2024-11-04T20:16:51.875+0000] {dag.py:4180} INFO - Setting next_dagrun for example_complex to None, run_after=None
[2024-11-04T20:16:51.945+0000] {processor.py:208} INFO - Processing /home/airflow/.local/lib/python3.12/site-packages/airflow/example_dags/example_complex.py took 0.321 seconds
[2024-11-04T20:17:27.574+0000] {processor.py:186} INFO - Started process (PID=565) to work on /home/airflow/.local/lib/python3.12/site-packages/airflow/example_dags/example_complex.py
[2024-11-04T20:17:27.587+0000] {processor.py:914} INFO - Processing file /home/airflow/.local/lib/python3.12/site-packages/airflow/example_dags/example_complex.py for tasks to queue
[2024-11-04T20:17:27.599+0000] {logging_mixin.py:190} INFO - [2024-11-04T20:17:27.598+0000] {dagbag.py:588} INFO - Filling up the DagBag from /home/airflow/.local/lib/python3.12/site-packages/airflow/example_dags/example_complex.py
[2024-11-04T20:17:27.728+0000] {processor.py:925} INFO - DAG(s) 'example_complex' retrieved from /home/airflow/.local/lib/python3.12/site-packages/airflow/example_dags/example_complex.py
[2024-11-04T20:17:27.979+0000] {logging_mixin.py:190} INFO - [2024-11-04T20:17:27.978+0000] {dag.py:3239} INFO - Sync 1 DAGs
[2024-11-04T20:17:28.330+0000] {logging_mixin.py:190} INFO - [2024-11-04T20:17:28.327+0000] {dag.py:4180} INFO - Setting next_dagrun for example_complex to None, run_after=None
[2024-11-04T20:17:28.403+0000] {processor.py:208} INFO - Processing /home/airflow/.local/lib/python3.12/site-packages/airflow/example_dags/example_complex.py took 0.848 seconds
[2024-11-04T20:17:58.725+0000] {processor.py:186} INFO - Started process (PID=627) to work on /home/airflow/.local/lib/python3.12/site-packages/airflow/example_dags/example_complex.py
[2024-11-04T20:17:58.726+0000] {processor.py:914} INFO - Processing file /home/airflow/.local/lib/python3.12/site-packages/airflow/example_dags/example_complex.py for tasks to queue
[2024-11-04T20:17:58.729+0000] {logging_mixin.py:190} INFO - [2024-11-04T20:17:58.729+0000] {dagbag.py:588} INFO - Filling up the DagBag from /home/airflow/.local/lib/python3.12/site-packages/airflow/example_dags/example_complex.py
[2024-11-04T20:17:58.743+0000] {processor.py:925} INFO - DAG(s) 'example_complex' retrieved from /home/airflow/.local/lib/python3.12/site-packages/airflow/example_dags/example_complex.py
[2024-11-04T20:17:58.783+0000] {logging_mixin.py:190} INFO - [2024-11-04T20:17:58.782+0000] {dag.py:3239} INFO - Sync 1 DAGs
[2024-11-04T20:17:58.799+0000] {logging_mixin.py:190} INFO - [2024-11-04T20:17:58.798+0000] {dag.py:4180} INFO - Setting next_dagrun for example_complex to None, run_after=None
[2024-11-04T20:17:58.822+0000] {processor.py:208} INFO - Processing /home/airflow/.local/lib/python3.12/site-packages/airflow/example_dags/example_complex.py took 0.105 seconds
[2024-11-04T20:18:29.084+0000] {processor.py:186} INFO - Started process (PID=690) to work on /home/airflow/.local/lib/python3.12/site-packages/airflow/example_dags/example_complex.py
[2024-11-04T20:18:29.085+0000] {processor.py:914} INFO - Processing file /home/airflow/.local/lib/python3.12/site-packages/airflow/example_dags/example_complex.py for tasks to queue
[2024-11-04T20:18:29.088+0000] {logging_mixin.py:190} INFO - [2024-11-04T20:18:29.087+0000] {dagbag.py:588} INFO - Filling up the DagBag from /home/airflow/.local/lib/python3.12/site-packages/airflow/example_dags/example_complex.py
[2024-11-04T20:18:29.103+0000] {processor.py:925} INFO - DAG(s) 'example_complex' retrieved from /home/airflow/.local/lib/python3.12/site-packages/airflow/example_dags/example_complex.py
[2024-11-04T20:18:29.149+0000] {logging_mixin.py:190} INFO - [2024-11-04T20:18:29.149+0000] {dag.py:3239} INFO - Sync 1 DAGs
[2024-11-04T20:18:29.170+0000] {logging_mixin.py:190} INFO - [2024-11-04T20:18:29.169+0000] {dag.py:4180} INFO - Setting next_dagrun for example_complex to None, run_after=None
[2024-11-04T20:18:29.199+0000] {processor.py:208} INFO - Processing /home/airflow/.local/lib/python3.12/site-packages/airflow/example_dags/example_complex.py took 0.124 seconds
[2024-11-04T20:18:59.759+0000] {processor.py:186} INFO - Started process (PID=753) to work on /home/airflow/.local/lib/python3.12/site-packages/airflow/example_dags/example_complex.py
[2024-11-04T20:18:59.761+0000] {processor.py:914} INFO - Processing file /home/airflow/.local/lib/python3.12/site-packages/airflow/example_dags/example_complex.py for tasks to queue
[2024-11-04T20:18:59.763+0000] {logging_mixin.py:190} INFO - [2024-11-04T20:18:59.763+0000] {dagbag.py:588} INFO - Filling up the DagBag from /home/airflow/.local/lib/python3.12/site-packages/airflow/example_dags/example_complex.py
[2024-11-04T20:18:59.776+0000] {processor.py:925} INFO - DAG(s) 'example_complex' retrieved from /home/airflow/.local/lib/python3.12/site-packages/airflow/example_dags/example_complex.py
[2024-11-04T20:18:59.812+0000] {logging_mixin.py:190} INFO - [2024-11-04T20:18:59.812+0000] {dag.py:3239} INFO - Sync 1 DAGs
[2024-11-04T20:18:59.828+0000] {logging_mixin.py:190} INFO - [2024-11-04T20:18:59.828+0000] {dag.py:4180} INFO - Setting next_dagrun for example_complex to None, run_after=None
[2024-11-04T20:18:59.852+0000] {processor.py:208} INFO - Processing /home/airflow/.local/lib/python3.12/site-packages/airflow/example_dags/example_complex.py took 0.098 seconds
[2024-11-04T20:19:30.381+0000] {processor.py:186} INFO - Started process (PID=816) to work on /home/airflow/.local/lib/python3.12/site-packages/airflow/example_dags/example_complex.py
[2024-11-04T20:19:30.384+0000] {processor.py:914} INFO - Processing file /home/airflow/.local/lib/python3.12/site-packages/airflow/example_dags/example_complex.py for tasks to queue
[2024-11-04T20:19:30.389+0000] {logging_mixin.py:190} INFO - [2024-11-04T20:19:30.388+0000] {dagbag.py:588} INFO - Filling up the DagBag from /home/airflow/.local/lib/python3.12/site-packages/airflow/example_dags/example_complex.py
[2024-11-04T20:19:30.405+0000] {processor.py:925} INFO - DAG(s) 'example_complex' retrieved from /home/airflow/.local/lib/python3.12/site-packages/airflow/example_dags/example_complex.py
[2024-11-04T20:19:30.451+0000] {logging_mixin.py:190} INFO - [2024-11-04T20:19:30.451+0000] {dag.py:3239} INFO - Sync 1 DAGs
[2024-11-04T20:19:30.474+0000] {logging_mixin.py:190} INFO - [2024-11-04T20:19:30.473+0000] {dag.py:4180} INFO - Setting next_dagrun for example_complex to None, run_after=None
[2024-11-04T20:19:30.514+0000] {processor.py:208} INFO - Processing /home/airflow/.local/lib/python3.12/site-packages/airflow/example_dags/example_complex.py took 0.141 seconds
[2024-11-04T20:20:00.778+0000] {processor.py:186} INFO - Started process (PID=879) to work on /home/airflow/.local/lib/python3.12/site-packages/airflow/example_dags/example_complex.py
[2024-11-04T20:20:00.779+0000] {processor.py:914} INFO - Processing file /home/airflow/.local/lib/python3.12/site-packages/airflow/example_dags/example_complex.py for tasks to queue
[2024-11-04T20:20:00.783+0000] {logging_mixin.py:190} INFO - [2024-11-04T20:20:00.783+0000] {dagbag.py:588} INFO - Filling up the DagBag from /home/airflow/.local/lib/python3.12/site-packages/airflow/example_dags/example_complex.py
[2024-11-04T20:20:00.804+0000] {processor.py:925} INFO - DAG(s) 'example_complex' retrieved from /home/airflow/.local/lib/python3.12/site-packages/airflow/example_dags/example_complex.py
[2024-11-04T20:20:00.867+0000] {logging_mixin.py:190} INFO - [2024-11-04T20:20:00.866+0000] {dag.py:3239} INFO - Sync 1 DAGs
[2024-11-04T20:20:00.903+0000] {logging_mixin.py:190} INFO - [2024-11-04T20:20:00.902+0000] {dag.py:4180} INFO - Setting next_dagrun for example_complex to None, run_after=None
[2024-11-04T20:20:00.955+0000] {processor.py:208} INFO - Processing /home/airflow/.local/lib/python3.12/site-packages/airflow/example_dags/example_complex.py took 0.187 seconds
[2024-11-04T20:20:31.462+0000] {processor.py:186} INFO - Started process (PID=942) to work on /home/airflow/.local/lib/python3.12/site-packages/airflow/example_dags/example_complex.py
[2024-11-04T20:20:31.465+0000] {processor.py:914} INFO - Processing file /home/airflow/.local/lib/python3.12/site-packages/airflow/example_dags/example_complex.py for tasks to queue
[2024-11-04T20:20:31.469+0000] {logging_mixin.py:190} INFO - [2024-11-04T20:20:31.469+0000] {dagbag.py:588} INFO - Filling up the DagBag from /home/airflow/.local/lib/python3.12/site-packages/airflow/example_dags/example_complex.py
[2024-11-04T20:20:31.506+0000] {processor.py:925} INFO - DAG(s) 'example_complex' retrieved from /home/airflow/.local/lib/python3.12/site-packages/airflow/example_dags/example_complex.py
[2024-11-04T20:20:31.572+0000] {logging_mixin.py:190} INFO - [2024-11-04T20:20:31.571+0000] {dag.py:3239} INFO - Sync 1 DAGs
[2024-11-04T20:20:31.593+0000] {logging_mixin.py:190} INFO - [2024-11-04T20:20:31.592+0000] {dag.py:4180} INFO - Setting next_dagrun for example_complex to None, run_after=None
[2024-11-04T20:20:31.631+0000] {processor.py:208} INFO - Processing /home/airflow/.local/lib/python3.12/site-packages/airflow/example_dags/example_complex.py took 0.184 seconds
[2024-11-04T20:21:01.851+0000] {processor.py:186} INFO - Started process (PID=1005) to work on /home/airflow/.local/lib/python3.12/site-packages/airflow/example_dags/example_complex.py
[2024-11-04T20:21:01.854+0000] {processor.py:914} INFO - Processing file /home/airflow/.local/lib/python3.12/site-packages/airflow/example_dags/example_complex.py for tasks to queue
[2024-11-04T20:21:01.862+0000] {logging_mixin.py:190} INFO - [2024-11-04T20:21:01.861+0000] {dagbag.py:588} INFO - Filling up the DagBag from /home/airflow/.local/lib/python3.12/site-packages/airflow/example_dags/example_complex.py
[2024-11-04T20:21:01.885+0000] {processor.py:925} INFO - DAG(s) 'example_complex' retrieved from /home/airflow/.local/lib/python3.12/site-packages/airflow/example_dags/example_complex.py
[2024-11-04T20:21:01.966+0000] {logging_mixin.py:190} INFO - [2024-11-04T20:21:01.966+0000] {dag.py:3239} INFO - Sync 1 DAGs
[2024-11-04T20:21:01.987+0000] {logging_mixin.py:190} INFO - [2024-11-04T20:21:01.986+0000] {dag.py:4180} INFO - Setting next_dagrun for example_complex to None, run_after=None
[2024-11-04T20:21:02.009+0000] {processor.py:208} INFO - Processing /home/airflow/.local/lib/python3.12/site-packages/airflow/example_dags/example_complex.py took 0.174 seconds
[2024-11-04T20:21:32.301+0000] {processor.py:186} INFO - Started process (PID=1068) to work on /home/airflow/.local/lib/python3.12/site-packages/airflow/example_dags/example_complex.py
[2024-11-04T20:21:32.302+0000] {processor.py:914} INFO - Processing file /home/airflow/.local/lib/python3.12/site-packages/airflow/example_dags/example_complex.py for tasks to queue
[2024-11-04T20:21:32.307+0000] {logging_mixin.py:190} INFO - [2024-11-04T20:21:32.306+0000] {dagbag.py:588} INFO - Filling up the DagBag from /home/airflow/.local/lib/python3.12/site-packages/airflow/example_dags/example_complex.py
[2024-11-04T20:21:32.321+0000] {processor.py:925} INFO - DAG(s) 'example_complex' retrieved from /home/airflow/.local/lib/python3.12/site-packages/airflow/example_dags/example_complex.py
[2024-11-04T20:21:32.357+0000] {logging_mixin.py:190} INFO - [2024-11-04T20:21:32.357+0000] {dag.py:3239} INFO - Sync 1 DAGs
[2024-11-04T20:21:32.372+0000] {logging_mixin.py:190} INFO - [2024-11-04T20:21:32.372+0000] {dag.py:4180} INFO - Setting next_dagrun for example_complex to None, run_after=None
[2024-11-04T20:21:32.395+0000] {processor.py:208} INFO - Processing /home/airflow/.local/lib/python3.12/site-packages/airflow/example_dags/example_complex.py took 0.100 seconds
[2024-11-04T20:22:02.582+0000] {processor.py:186} INFO - Started process (PID=1130) to work on /home/airflow/.local/lib/python3.12/site-packages/airflow/example_dags/example_complex.py
[2024-11-04T20:22:02.583+0000] {processor.py:914} INFO - Processing file /home/airflow/.local/lib/python3.12/site-packages/airflow/example_dags/example_complex.py for tasks to queue
[2024-11-04T20:22:02.587+0000] {logging_mixin.py:190} INFO - [2024-11-04T20:22:02.587+0000] {dagbag.py:588} INFO - Filling up the DagBag from /home/airflow/.local/lib/python3.12/site-packages/airflow/example_dags/example_complex.py
[2024-11-04T20:22:02.615+0000] {processor.py:925} INFO - DAG(s) 'example_complex' retrieved from /home/airflow/.local/lib/python3.12/site-packages/airflow/example_dags/example_complex.py
[2024-11-04T20:22:02.705+0000] {logging_mixin.py:190} INFO - [2024-11-04T20:22:02.704+0000] {dag.py:3239} INFO - Sync 1 DAGs
[2024-11-04T20:22:02.732+0000] {logging_mixin.py:190} INFO - [2024-11-04T20:22:02.731+0000] {dag.py:4180} INFO - Setting next_dagrun for example_complex to None, run_after=None
[2024-11-04T20:22:02.765+0000] {processor.py:208} INFO - Processing /home/airflow/.local/lib/python3.12/site-packages/airflow/example_dags/example_complex.py took 0.194 seconds
[2024-11-04T20:22:32.895+0000] {processor.py:186} INFO - Started process (PID=1193) to work on /home/airflow/.local/lib/python3.12/site-packages/airflow/example_dags/example_complex.py
[2024-11-04T20:22:32.896+0000] {processor.py:914} INFO - Processing file /home/airflow/.local/lib/python3.12/site-packages/airflow/example_dags/example_complex.py for tasks to queue
[2024-11-04T20:22:32.898+0000] {logging_mixin.py:190} INFO - [2024-11-04T20:22:32.898+0000] {dagbag.py:588} INFO - Filling up the DagBag from /home/airflow/.local/lib/python3.12/site-packages/airflow/example_dags/example_complex.py
[2024-11-04T20:22:32.914+0000] {processor.py:925} INFO - DAG(s) 'example_complex' retrieved from /home/airflow/.local/lib/python3.12/site-packages/airflow/example_dags/example_complex.py
[2024-11-04T20:22:32.955+0000] {logging_mixin.py:190} INFO - [2024-11-04T20:22:32.954+0000] {dag.py:3239} INFO - Sync 1 DAGs
[2024-11-04T20:22:32.975+0000] {logging_mixin.py:190} INFO - [2024-11-04T20:22:32.975+0000] {dag.py:4180} INFO - Setting next_dagrun for example_complex to None, run_after=None
[2024-11-04T20:22:32.998+0000] {processor.py:208} INFO - Processing /home/airflow/.local/lib/python3.12/site-packages/airflow/example_dags/example_complex.py took 0.111 seconds
[2024-11-04T20:23:03.636+0000] {processor.py:186} INFO - Started process (PID=1256) to work on /home/airflow/.local/lib/python3.12/site-packages/airflow/example_dags/example_complex.py
[2024-11-04T20:23:03.723+0000] {processor.py:914} INFO - Processing file /home/airflow/.local/lib/python3.12/site-packages/airflow/example_dags/example_complex.py for tasks to queue
[2024-11-04T20:23:03.931+0000] {logging_mixin.py:190} INFO - [2024-11-04T20:23:03.919+0000] {dagbag.py:588} INFO - Filling up the DagBag from /home/airflow/.local/lib/python3.12/site-packages/airflow/example_dags/example_complex.py
[2024-11-04T20:23:07.541+0000] {logging_mixin.py:190} INFO - [2024-11-04T20:23:07.540+0000] {process_utils.py:266} INFO - Waiting up to 5 seconds for processes to exit...
