[2024-11-04T20:13:39.563+0000] {processor.py:186} INFO - Started process (PID=109) to work on /home/airflow/.local/lib/python3.12/site-packages/airflow/example_dags/example_branch_python_dop_operator_3.py
[2024-11-04T20:13:39.566+0000] {processor.py:914} INFO - Processing file /home/airflow/.local/lib/python3.12/site-packages/airflow/example_dags/example_branch_python_dop_operator_3.py for tasks to queue
[2024-11-04T20:13:39.569+0000] {logging_mixin.py:190} INFO - [2024-11-04T20:13:39.569+0000] {dagbag.py:588} INFO - Filling up the DagBag from /home/airflow/.local/lib/python3.12/site-packages/airflow/example_dags/example_branch_python_dop_operator_3.py
[2024-11-04T20:13:39.593+0000] {processor.py:925} INFO - DAG(s) 'example_branch_dop_operator_v3' retrieved from /home/airflow/.local/lib/python3.12/site-packages/airflow/example_dags/example_branch_python_dop_operator_3.py
[2024-11-04T20:13:39.837+0000] {logging_mixin.py:190} INFO - [2024-11-04T20:13:39.836+0000] {override.py:1900} INFO - Created Permission View: can edit on DAG:example_branch_dop_operator_v3
[2024-11-04T20:13:39.870+0000] {logging_mixin.py:190} INFO - [2024-11-04T20:13:39.870+0000] {override.py:1900} INFO - Created Permission View: can read on DAG:example_branch_dop_operator_v3
[2024-11-04T20:13:39.886+0000] {logging_mixin.py:190} INFO - [2024-11-04T20:13:39.886+0000] {override.py:1900} INFO - Created Permission View: can delete on DAG:example_branch_dop_operator_v3
[2024-11-04T20:13:39.903+0000] {logging_mixin.py:190} INFO - [2024-11-04T20:13:39.902+0000] {override.py:1900} INFO - Created Permission View: menu access on DAG Run:example_branch_dop_operator_v3
[2024-11-04T20:13:39.955+0000] {logging_mixin.py:190} INFO - [2024-11-04T20:13:39.954+0000] {override.py:1900} INFO - Created Permission View: can read on DAG Run:example_branch_dop_operator_v3
[2024-11-04T20:13:40.003+0000] {logging_mixin.py:190} INFO - [2024-11-04T20:13:39.996+0000] {override.py:1900} INFO - Created Permission View: can create on DAG Run:example_branch_dop_operator_v3
[2024-11-04T20:13:40.049+0000] {logging_mixin.py:190} INFO - [2024-11-04T20:13:40.048+0000] {override.py:1900} INFO - Created Permission View: can delete on DAG Run:example_branch_dop_operator_v3
[2024-11-04T20:13:40.056+0000] {logging_mixin.py:190} INFO - [2024-11-04T20:13:40.055+0000] {dag.py:3239} INFO - Sync 1 DAGs
[2024-11-04T20:13:40.103+0000] {logging_mixin.py:190} INFO - [2024-11-04T20:13:40.102+0000] {dag.py:3262} INFO - Creating ORM DAG for example_branch_dop_operator_v3
[2024-11-04T20:13:40.143+0000] {logging_mixin.py:190} INFO - [2024-11-04T20:13:40.143+0000] {dag.py:4180} INFO - Setting next_dagrun for example_branch_dop_operator_v3 to 2024-11-04 20:12:00+00:00, run_after=2024-11-04 20:13:00+00:00
[2024-11-04T20:13:40.185+0000] {processor.py:208} INFO - Processing /home/airflow/.local/lib/python3.12/site-packages/airflow/example_dags/example_branch_python_dop_operator_3.py took 0.638 seconds
[2024-11-04T20:14:11.040+0000] {processor.py:186} INFO - Started process (PID=171) to work on /home/airflow/.local/lib/python3.12/site-packages/airflow/example_dags/example_branch_python_dop_operator_3.py
[2024-11-04T20:14:11.042+0000] {processor.py:914} INFO - Processing file /home/airflow/.local/lib/python3.12/site-packages/airflow/example_dags/example_branch_python_dop_operator_3.py for tasks to queue
[2024-11-04T20:14:11.050+0000] {logging_mixin.py:190} INFO - [2024-11-04T20:14:11.050+0000] {dagbag.py:588} INFO - Filling up the DagBag from /home/airflow/.local/lib/python3.12/site-packages/airflow/example_dags/example_branch_python_dop_operator_3.py
[2024-11-04T20:14:11.083+0000] {processor.py:925} INFO - DAG(s) 'example_branch_dop_operator_v3' retrieved from /home/airflow/.local/lib/python3.12/site-packages/airflow/example_dags/example_branch_python_dop_operator_3.py
[2024-11-04T20:14:11.173+0000] {logging_mixin.py:190} INFO - [2024-11-04T20:14:11.173+0000] {dag.py:3239} INFO - Sync 1 DAGs
[2024-11-04T20:14:11.267+0000] {logging_mixin.py:190} INFO - [2024-11-04T20:14:11.267+0000] {dag.py:4180} INFO - Setting next_dagrun for example_branch_dop_operator_v3 to 2024-11-04 20:13:00+00:00, run_after=2024-11-04 20:14:00+00:00
[2024-11-04T20:14:11.844+0000] {processor.py:208} INFO - Processing /home/airflow/.local/lib/python3.12/site-packages/airflow/example_dags/example_branch_python_dop_operator_3.py took 0.811 seconds
[2024-11-04T20:14:41.986+0000] {processor.py:186} INFO - Started process (PID=233) to work on /home/airflow/.local/lib/python3.12/site-packages/airflow/example_dags/example_branch_python_dop_operator_3.py
[2024-11-04T20:14:41.988+0000] {processor.py:914} INFO - Processing file /home/airflow/.local/lib/python3.12/site-packages/airflow/example_dags/example_branch_python_dop_operator_3.py for tasks to queue
[2024-11-04T20:14:41.999+0000] {logging_mixin.py:190} INFO - [2024-11-04T20:14:41.999+0000] {dagbag.py:588} INFO - Filling up the DagBag from /home/airflow/.local/lib/python3.12/site-packages/airflow/example_dags/example_branch_python_dop_operator_3.py
[2024-11-04T20:14:42.019+0000] {processor.py:925} INFO - DAG(s) 'example_branch_dop_operator_v3' retrieved from /home/airflow/.local/lib/python3.12/site-packages/airflow/example_dags/example_branch_python_dop_operator_3.py
[2024-11-04T20:14:42.050+0000] {logging_mixin.py:190} INFO - [2024-11-04T20:14:42.050+0000] {dag.py:3239} INFO - Sync 1 DAGs
[2024-11-04T20:14:42.084+0000] {logging_mixin.py:190} INFO - [2024-11-04T20:14:42.083+0000] {dag.py:4180} INFO - Setting next_dagrun for example_branch_dop_operator_v3 to 2024-11-04 20:13:00+00:00, run_after=2024-11-04 20:14:00+00:00
[2024-11-04T20:14:42.104+0000] {processor.py:208} INFO - Processing /home/airflow/.local/lib/python3.12/site-packages/airflow/example_dags/example_branch_python_dop_operator_3.py took 0.127 seconds
[2024-11-04T20:15:12.373+0000] {processor.py:186} INFO - Started process (PID=295) to work on /home/airflow/.local/lib/python3.12/site-packages/airflow/example_dags/example_branch_python_dop_operator_3.py
[2024-11-04T20:15:12.375+0000] {processor.py:914} INFO - Processing file /home/airflow/.local/lib/python3.12/site-packages/airflow/example_dags/example_branch_python_dop_operator_3.py for tasks to queue
[2024-11-04T20:15:12.380+0000] {logging_mixin.py:190} INFO - [2024-11-04T20:15:12.379+0000] {dagbag.py:588} INFO - Filling up the DagBag from /home/airflow/.local/lib/python3.12/site-packages/airflow/example_dags/example_branch_python_dop_operator_3.py
[2024-11-04T20:15:12.397+0000] {processor.py:925} INFO - DAG(s) 'example_branch_dop_operator_v3' retrieved from /home/airflow/.local/lib/python3.12/site-packages/airflow/example_dags/example_branch_python_dop_operator_3.py
[2024-11-04T20:15:12.423+0000] {logging_mixin.py:190} INFO - [2024-11-04T20:15:12.423+0000] {dag.py:3239} INFO - Sync 1 DAGs
[2024-11-04T20:15:12.474+0000] {logging_mixin.py:190} INFO - [2024-11-04T20:15:12.473+0000] {dag.py:4180} INFO - Setting next_dagrun for example_branch_dop_operator_v3 to 2024-11-04 20:14:00+00:00, run_after=2024-11-04 20:15:00+00:00
[2024-11-04T20:15:12.521+0000] {processor.py:208} INFO - Processing /home/airflow/.local/lib/python3.12/site-packages/airflow/example_dags/example_branch_python_dop_operator_3.py took 0.156 seconds
[2024-11-04T20:15:42.841+0000] {processor.py:186} INFO - Started process (PID=357) to work on /home/airflow/.local/lib/python3.12/site-packages/airflow/example_dags/example_branch_python_dop_operator_3.py
[2024-11-04T20:15:42.844+0000] {processor.py:914} INFO - Processing file /home/airflow/.local/lib/python3.12/site-packages/airflow/example_dags/example_branch_python_dop_operator_3.py for tasks to queue
[2024-11-04T20:15:42.847+0000] {logging_mixin.py:190} INFO - [2024-11-04T20:15:42.846+0000] {dagbag.py:588} INFO - Filling up the DagBag from /home/airflow/.local/lib/python3.12/site-packages/airflow/example_dags/example_branch_python_dop_operator_3.py
[2024-11-04T20:15:42.858+0000] {processor.py:925} INFO - DAG(s) 'example_branch_dop_operator_v3' retrieved from /home/airflow/.local/lib/python3.12/site-packages/airflow/example_dags/example_branch_python_dop_operator_3.py
[2024-11-04T20:15:42.882+0000] {logging_mixin.py:190} INFO - [2024-11-04T20:15:42.882+0000] {dag.py:3239} INFO - Sync 1 DAGs
[2024-11-04T20:15:42.913+0000] {logging_mixin.py:190} INFO - [2024-11-04T20:15:42.912+0000] {dag.py:4180} INFO - Setting next_dagrun for example_branch_dop_operator_v3 to 2024-11-04 20:14:00+00:00, run_after=2024-11-04 20:15:00+00:00
[2024-11-04T20:15:42.935+0000] {processor.py:208} INFO - Processing /home/airflow/.local/lib/python3.12/site-packages/airflow/example_dags/example_branch_python_dop_operator_3.py took 0.100 seconds
[2024-11-04T20:16:13.382+0000] {processor.py:186} INFO - Started process (PID=419) to work on /home/airflow/.local/lib/python3.12/site-packages/airflow/example_dags/example_branch_python_dop_operator_3.py
[2024-11-04T20:16:13.385+0000] {processor.py:914} INFO - Processing file /home/airflow/.local/lib/python3.12/site-packages/airflow/example_dags/example_branch_python_dop_operator_3.py for tasks to queue
[2024-11-04T20:16:13.388+0000] {logging_mixin.py:190} INFO - [2024-11-04T20:16:13.387+0000] {dagbag.py:588} INFO - Filling up the DagBag from /home/airflow/.local/lib/python3.12/site-packages/airflow/example_dags/example_branch_python_dop_operator_3.py
[2024-11-04T20:16:13.402+0000] {processor.py:925} INFO - DAG(s) 'example_branch_dop_operator_v3' retrieved from /home/airflow/.local/lib/python3.12/site-packages/airflow/example_dags/example_branch_python_dop_operator_3.py
[2024-11-04T20:16:13.434+0000] {logging_mixin.py:190} INFO - [2024-11-04T20:16:13.434+0000] {dag.py:3239} INFO - Sync 1 DAGs
[2024-11-04T20:16:13.493+0000] {logging_mixin.py:190} INFO - [2024-11-04T20:16:13.493+0000] {dag.py:4180} INFO - Setting next_dagrun for example_branch_dop_operator_v3 to 2024-11-04 20:15:00+00:00, run_after=2024-11-04 20:16:00+00:00
[2024-11-04T20:16:13.539+0000] {processor.py:208} INFO - Processing /home/airflow/.local/lib/python3.12/site-packages/airflow/example_dags/example_branch_python_dop_operator_3.py took 0.168 seconds
[2024-11-04T20:16:44.007+0000] {processor.py:186} INFO - Started process (PID=481) to work on /home/airflow/.local/lib/python3.12/site-packages/airflow/example_dags/example_branch_python_dop_operator_3.py
[2024-11-04T20:16:44.012+0000] {processor.py:914} INFO - Processing file /home/airflow/.local/lib/python3.12/site-packages/airflow/example_dags/example_branch_python_dop_operator_3.py for tasks to queue
[2024-11-04T20:16:44.023+0000] {logging_mixin.py:190} INFO - [2024-11-04T20:16:44.022+0000] {dagbag.py:588} INFO - Filling up the DagBag from /home/airflow/.local/lib/python3.12/site-packages/airflow/example_dags/example_branch_python_dop_operator_3.py
[2024-11-04T20:16:44.064+0000] {processor.py:925} INFO - DAG(s) 'example_branch_dop_operator_v3' retrieved from /home/airflow/.local/lib/python3.12/site-packages/airflow/example_dags/example_branch_python_dop_operator_3.py
[2024-11-04T20:16:44.147+0000] {logging_mixin.py:190} INFO - [2024-11-04T20:16:44.146+0000] {dag.py:3239} INFO - Sync 1 DAGs
[2024-11-04T20:16:44.257+0000] {logging_mixin.py:190} INFO - [2024-11-04T20:16:44.257+0000] {dag.py:4180} INFO - Setting next_dagrun for example_branch_dop_operator_v3 to 2024-11-04 20:15:00+00:00, run_after=2024-11-04 20:16:00+00:00
[2024-11-04T20:16:44.332+0000] {processor.py:208} INFO - Processing /home/airflow/.local/lib/python3.12/site-packages/airflow/example_dags/example_branch_python_dop_operator_3.py took 0.346 seconds
[2024-11-04T20:17:15.908+0000] {processor.py:186} INFO - Started process (PID=543) to work on /home/airflow/.local/lib/python3.12/site-packages/airflow/example_dags/example_branch_python_dop_operator_3.py
[2024-11-04T20:17:15.916+0000] {processor.py:914} INFO - Processing file /home/airflow/.local/lib/python3.12/site-packages/airflow/example_dags/example_branch_python_dop_operator_3.py for tasks to queue
[2024-11-04T20:17:15.920+0000] {logging_mixin.py:190} INFO - [2024-11-04T20:17:15.919+0000] {dagbag.py:588} INFO - Filling up the DagBag from /home/airflow/.local/lib/python3.12/site-packages/airflow/example_dags/example_branch_python_dop_operator_3.py
[2024-11-04T20:17:15.959+0000] {processor.py:925} INFO - DAG(s) 'example_branch_dop_operator_v3' retrieved from /home/airflow/.local/lib/python3.12/site-packages/airflow/example_dags/example_branch_python_dop_operator_3.py
[2024-11-04T20:17:16.140+0000] {logging_mixin.py:190} INFO - [2024-11-04T20:17:16.140+0000] {dag.py:3239} INFO - Sync 1 DAGs
[2024-11-04T20:17:16.220+0000] {logging_mixin.py:190} INFO - [2024-11-04T20:17:16.220+0000] {dag.py:4180} INFO - Setting next_dagrun for example_branch_dop_operator_v3 to 2024-11-04 20:16:00+00:00, run_after=2024-11-04 20:17:00+00:00
[2024-11-04T20:17:16.262+0000] {processor.py:208} INFO - Processing /home/airflow/.local/lib/python3.12/site-packages/airflow/example_dags/example_branch_python_dop_operator_3.py took 0.365 seconds
[2024-11-04T20:17:47.847+0000] {processor.py:186} INFO - Started process (PID=604) to work on /home/airflow/.local/lib/python3.12/site-packages/airflow/example_dags/example_branch_python_dop_operator_3.py
[2024-11-04T20:17:47.849+0000] {processor.py:914} INFO - Processing file /home/airflow/.local/lib/python3.12/site-packages/airflow/example_dags/example_branch_python_dop_operator_3.py for tasks to queue
[2024-11-04T20:17:47.853+0000] {logging_mixin.py:190} INFO - [2024-11-04T20:17:47.852+0000] {dagbag.py:588} INFO - Filling up the DagBag from /home/airflow/.local/lib/python3.12/site-packages/airflow/example_dags/example_branch_python_dop_operator_3.py
[2024-11-04T20:17:47.879+0000] {processor.py:925} INFO - DAG(s) 'example_branch_dop_operator_v3' retrieved from /home/airflow/.local/lib/python3.12/site-packages/airflow/example_dags/example_branch_python_dop_operator_3.py
[2024-11-04T20:17:48.069+0000] {logging_mixin.py:190} INFO - [2024-11-04T20:17:48.068+0000] {dag.py:3239} INFO - Sync 1 DAGs
[2024-11-04T20:17:48.175+0000] {logging_mixin.py:190} INFO - [2024-11-04T20:17:48.174+0000] {dag.py:4180} INFO - Setting next_dagrun for example_branch_dop_operator_v3 to 2024-11-04 20:16:00+00:00, run_after=2024-11-04 20:17:00+00:00
[2024-11-04T20:17:48.227+0000] {processor.py:208} INFO - Processing /home/airflow/.local/lib/python3.12/site-packages/airflow/example_dags/example_branch_python_dop_operator_3.py took 0.415 seconds
[2024-11-04T20:18:18.517+0000] {processor.py:186} INFO - Started process (PID=667) to work on /home/airflow/.local/lib/python3.12/site-packages/airflow/example_dags/example_branch_python_dop_operator_3.py
[2024-11-04T20:18:18.519+0000] {processor.py:914} INFO - Processing file /home/airflow/.local/lib/python3.12/site-packages/airflow/example_dags/example_branch_python_dop_operator_3.py for tasks to queue
[2024-11-04T20:18:18.521+0000] {logging_mixin.py:190} INFO - [2024-11-04T20:18:18.521+0000] {dagbag.py:588} INFO - Filling up the DagBag from /home/airflow/.local/lib/python3.12/site-packages/airflow/example_dags/example_branch_python_dop_operator_3.py
[2024-11-04T20:18:18.534+0000] {processor.py:925} INFO - DAG(s) 'example_branch_dop_operator_v3' retrieved from /home/airflow/.local/lib/python3.12/site-packages/airflow/example_dags/example_branch_python_dop_operator_3.py
[2024-11-04T20:18:18.559+0000] {logging_mixin.py:190} INFO - [2024-11-04T20:18:18.558+0000] {dag.py:3239} INFO - Sync 1 DAGs
[2024-11-04T20:18:18.592+0000] {logging_mixin.py:190} INFO - [2024-11-04T20:18:18.592+0000] {dag.py:4180} INFO - Setting next_dagrun for example_branch_dop_operator_v3 to 2024-11-04 20:17:00+00:00, run_after=2024-11-04 20:18:00+00:00
[2024-11-04T20:18:18.615+0000] {processor.py:208} INFO - Processing /home/airflow/.local/lib/python3.12/site-packages/airflow/example_dags/example_branch_python_dop_operator_3.py took 0.104 seconds
[2024-11-04T20:18:49.227+0000] {processor.py:186} INFO - Started process (PID=730) to work on /home/airflow/.local/lib/python3.12/site-packages/airflow/example_dags/example_branch_python_dop_operator_3.py
[2024-11-04T20:18:49.228+0000] {processor.py:914} INFO - Processing file /home/airflow/.local/lib/python3.12/site-packages/airflow/example_dags/example_branch_python_dop_operator_3.py for tasks to queue
[2024-11-04T20:18:49.231+0000] {logging_mixin.py:190} INFO - [2024-11-04T20:18:49.230+0000] {dagbag.py:588} INFO - Filling up the DagBag from /home/airflow/.local/lib/python3.12/site-packages/airflow/example_dags/example_branch_python_dop_operator_3.py
[2024-11-04T20:18:49.242+0000] {processor.py:925} INFO - DAG(s) 'example_branch_dop_operator_v3' retrieved from /home/airflow/.local/lib/python3.12/site-packages/airflow/example_dags/example_branch_python_dop_operator_3.py
[2024-11-04T20:18:49.265+0000] {logging_mixin.py:190} INFO - [2024-11-04T20:18:49.264+0000] {dag.py:3239} INFO - Sync 1 DAGs
[2024-11-04T20:18:49.300+0000] {logging_mixin.py:190} INFO - [2024-11-04T20:18:49.300+0000] {dag.py:4180} INFO - Setting next_dagrun for example_branch_dop_operator_v3 to 2024-11-04 20:17:00+00:00, run_after=2024-11-04 20:18:00+00:00
[2024-11-04T20:18:49.327+0000] {processor.py:208} INFO - Processing /home/airflow/.local/lib/python3.12/site-packages/airflow/example_dags/example_branch_python_dop_operator_3.py took 0.107 seconds
[2024-11-04T20:19:19.842+0000] {processor.py:186} INFO - Started process (PID=793) to work on /home/airflow/.local/lib/python3.12/site-packages/airflow/example_dags/example_branch_python_dop_operator_3.py
[2024-11-04T20:19:19.843+0000] {processor.py:914} INFO - Processing file /home/airflow/.local/lib/python3.12/site-packages/airflow/example_dags/example_branch_python_dop_operator_3.py for tasks to queue
[2024-11-04T20:19:19.847+0000] {logging_mixin.py:190} INFO - [2024-11-04T20:19:19.846+0000] {dagbag.py:588} INFO - Filling up the DagBag from /home/airflow/.local/lib/python3.12/site-packages/airflow/example_dags/example_branch_python_dop_operator_3.py
[2024-11-04T20:19:19.862+0000] {processor.py:925} INFO - DAG(s) 'example_branch_dop_operator_v3' retrieved from /home/airflow/.local/lib/python3.12/site-packages/airflow/example_dags/example_branch_python_dop_operator_3.py
[2024-11-04T20:19:19.886+0000] {logging_mixin.py:190} INFO - [2024-11-04T20:19:19.886+0000] {dag.py:3239} INFO - Sync 1 DAGs
[2024-11-04T20:19:19.918+0000] {logging_mixin.py:190} INFO - [2024-11-04T20:19:19.918+0000] {dag.py:4180} INFO - Setting next_dagrun for example_branch_dop_operator_v3 to 2024-11-04 20:18:00+00:00, run_after=2024-11-04 20:19:00+00:00
[2024-11-04T20:19:19.944+0000] {processor.py:208} INFO - Processing /home/airflow/.local/lib/python3.12/site-packages/airflow/example_dags/example_branch_python_dop_operator_3.py took 0.110 seconds
[2024-11-04T20:19:51.616+0000] {processor.py:186} INFO - Started process (PID=856) to work on /home/airflow/.local/lib/python3.12/site-packages/airflow/example_dags/example_branch_python_dop_operator_3.py
[2024-11-04T20:19:51.633+0000] {processor.py:914} INFO - Processing file /home/airflow/.local/lib/python3.12/site-packages/airflow/example_dags/example_branch_python_dop_operator_3.py for tasks to queue
[2024-11-04T20:19:51.646+0000] {logging_mixin.py:190} INFO - [2024-11-04T20:19:51.645+0000] {dagbag.py:588} INFO - Filling up the DagBag from /home/airflow/.local/lib/python3.12/site-packages/airflow/example_dags/example_branch_python_dop_operator_3.py
[2024-11-04T20:19:51.696+0000] {processor.py:925} INFO - DAG(s) 'example_branch_dop_operator_v3' retrieved from /home/airflow/.local/lib/python3.12/site-packages/airflow/example_dags/example_branch_python_dop_operator_3.py
[2024-11-04T20:19:51.811+0000] {logging_mixin.py:190} INFO - [2024-11-04T20:19:51.810+0000] {dag.py:3239} INFO - Sync 1 DAGs
[2024-11-04T20:19:51.932+0000] {logging_mixin.py:190} INFO - [2024-11-04T20:19:51.931+0000] {dag.py:4180} INFO - Setting next_dagrun for example_branch_dop_operator_v3 to 2024-11-04 20:18:00+00:00, run_after=2024-11-04 20:19:00+00:00
[2024-11-04T20:19:52.000+0000] {processor.py:208} INFO - Processing /home/airflow/.local/lib/python3.12/site-packages/airflow/example_dags/example_branch_python_dop_operator_3.py took 0.411 seconds
[2024-11-04T20:20:23.371+0000] {processor.py:186} INFO - Started process (PID=919) to work on /home/airflow/.local/lib/python3.12/site-packages/airflow/example_dags/example_branch_python_dop_operator_3.py
[2024-11-04T20:20:23.374+0000] {processor.py:914} INFO - Processing file /home/airflow/.local/lib/python3.12/site-packages/airflow/example_dags/example_branch_python_dop_operator_3.py for tasks to queue
[2024-11-04T20:20:23.396+0000] {logging_mixin.py:190} INFO - [2024-11-04T20:20:23.393+0000] {dagbag.py:588} INFO - Filling up the DagBag from /home/airflow/.local/lib/python3.12/site-packages/airflow/example_dags/example_branch_python_dop_operator_3.py
[2024-11-04T20:20:23.427+0000] {processor.py:925} INFO - DAG(s) 'example_branch_dop_operator_v3' retrieved from /home/airflow/.local/lib/python3.12/site-packages/airflow/example_dags/example_branch_python_dop_operator_3.py
[2024-11-04T20:20:23.490+0000] {logging_mixin.py:190} INFO - [2024-11-04T20:20:23.489+0000] {dag.py:3239} INFO - Sync 1 DAGs
[2024-11-04T20:20:23.663+0000] {logging_mixin.py:190} INFO - [2024-11-04T20:20:23.662+0000] {dag.py:4180} INFO - Setting next_dagrun for example_branch_dop_operator_v3 to 2024-11-04 20:19:00+00:00, run_after=2024-11-04 20:20:00+00:00
[2024-11-04T20:20:23.727+0000] {processor.py:208} INFO - Processing /home/airflow/.local/lib/python3.12/site-packages/airflow/example_dags/example_branch_python_dop_operator_3.py took 0.364 seconds
[2024-11-04T20:20:54.450+0000] {processor.py:186} INFO - Started process (PID=982) to work on /home/airflow/.local/lib/python3.12/site-packages/airflow/example_dags/example_branch_python_dop_operator_3.py
[2024-11-04T20:20:54.452+0000] {processor.py:914} INFO - Processing file /home/airflow/.local/lib/python3.12/site-packages/airflow/example_dags/example_branch_python_dop_operator_3.py for tasks to queue
[2024-11-04T20:20:54.460+0000] {logging_mixin.py:190} INFO - [2024-11-04T20:20:54.458+0000] {dagbag.py:588} INFO - Filling up the DagBag from /home/airflow/.local/lib/python3.12/site-packages/airflow/example_dags/example_branch_python_dop_operator_3.py
[2024-11-04T20:20:54.476+0000] {processor.py:925} INFO - DAG(s) 'example_branch_dop_operator_v3' retrieved from /home/airflow/.local/lib/python3.12/site-packages/airflow/example_dags/example_branch_python_dop_operator_3.py
[2024-11-04T20:20:54.505+0000] {logging_mixin.py:190} INFO - [2024-11-04T20:20:54.504+0000] {dag.py:3239} INFO - Sync 1 DAGs
[2024-11-04T20:20:54.549+0000] {logging_mixin.py:190} INFO - [2024-11-04T20:20:54.548+0000] {dag.py:4180} INFO - Setting next_dagrun for example_branch_dop_operator_v3 to 2024-11-04 20:19:00+00:00, run_after=2024-11-04 20:20:00+00:00
[2024-11-04T20:20:54.574+0000] {processor.py:208} INFO - Processing /home/airflow/.local/lib/python3.12/site-packages/airflow/example_dags/example_branch_python_dop_operator_3.py took 0.133 seconds
[2024-11-04T20:21:24.656+0000] {processor.py:186} INFO - Started process (PID=1045) to work on /home/airflow/.local/lib/python3.12/site-packages/airflow/example_dags/example_branch_python_dop_operator_3.py
[2024-11-04T20:21:24.658+0000] {processor.py:914} INFO - Processing file /home/airflow/.local/lib/python3.12/site-packages/airflow/example_dags/example_branch_python_dop_operator_3.py for tasks to queue
[2024-11-04T20:21:24.661+0000] {logging_mixin.py:190} INFO - [2024-11-04T20:21:24.660+0000] {dagbag.py:588} INFO - Filling up the DagBag from /home/airflow/.local/lib/python3.12/site-packages/airflow/example_dags/example_branch_python_dop_operator_3.py
[2024-11-04T20:21:24.672+0000] {processor.py:925} INFO - DAG(s) 'example_branch_dop_operator_v3' retrieved from /home/airflow/.local/lib/python3.12/site-packages/airflow/example_dags/example_branch_python_dop_operator_3.py
[2024-11-04T20:21:24.696+0000] {logging_mixin.py:190} INFO - [2024-11-04T20:21:24.695+0000] {dag.py:3239} INFO - Sync 1 DAGs
[2024-11-04T20:21:24.729+0000] {logging_mixin.py:190} INFO - [2024-11-04T20:21:24.729+0000] {dag.py:4180} INFO - Setting next_dagrun for example_branch_dop_operator_v3 to 2024-11-04 20:20:00+00:00, run_after=2024-11-04 20:21:00+00:00
[2024-11-04T20:21:24.750+0000] {processor.py:208} INFO - Processing /home/airflow/.local/lib/python3.12/site-packages/airflow/example_dags/example_branch_python_dop_operator_3.py took 0.101 seconds
[2024-11-04T20:21:55.276+0000] {processor.py:186} INFO - Started process (PID=1108) to work on /home/airflow/.local/lib/python3.12/site-packages/airflow/example_dags/example_branch_python_dop_operator_3.py
[2024-11-04T20:21:55.277+0000] {processor.py:914} INFO - Processing file /home/airflow/.local/lib/python3.12/site-packages/airflow/example_dags/example_branch_python_dop_operator_3.py for tasks to queue
[2024-11-04T20:21:55.282+0000] {logging_mixin.py:190} INFO - [2024-11-04T20:21:55.281+0000] {dagbag.py:588} INFO - Filling up the DagBag from /home/airflow/.local/lib/python3.12/site-packages/airflow/example_dags/example_branch_python_dop_operator_3.py
[2024-11-04T20:21:55.295+0000] {processor.py:925} INFO - DAG(s) 'example_branch_dop_operator_v3' retrieved from /home/airflow/.local/lib/python3.12/site-packages/airflow/example_dags/example_branch_python_dop_operator_3.py
[2024-11-04T20:21:55.319+0000] {logging_mixin.py:190} INFO - [2024-11-04T20:21:55.319+0000] {dag.py:3239} INFO - Sync 1 DAGs
[2024-11-04T20:21:55.348+0000] {logging_mixin.py:190} INFO - [2024-11-04T20:21:55.348+0000] {dag.py:4180} INFO - Setting next_dagrun for example_branch_dop_operator_v3 to 2024-11-04 20:20:00+00:00, run_after=2024-11-04 20:21:00+00:00
[2024-11-04T20:21:55.368+0000] {processor.py:208} INFO - Processing /home/airflow/.local/lib/python3.12/site-packages/airflow/example_dags/example_branch_python_dop_operator_3.py took 0.099 seconds
[2024-11-04T20:22:25.702+0000] {processor.py:186} INFO - Started process (PID=1170) to work on /home/airflow/.local/lib/python3.12/site-packages/airflow/example_dags/example_branch_python_dop_operator_3.py
[2024-11-04T20:22:25.703+0000] {processor.py:914} INFO - Processing file /home/airflow/.local/lib/python3.12/site-packages/airflow/example_dags/example_branch_python_dop_operator_3.py for tasks to queue
[2024-11-04T20:22:25.706+0000] {logging_mixin.py:190} INFO - [2024-11-04T20:22:25.706+0000] {dagbag.py:588} INFO - Filling up the DagBag from /home/airflow/.local/lib/python3.12/site-packages/airflow/example_dags/example_branch_python_dop_operator_3.py
[2024-11-04T20:22:25.717+0000] {processor.py:925} INFO - DAG(s) 'example_branch_dop_operator_v3' retrieved from /home/airflow/.local/lib/python3.12/site-packages/airflow/example_dags/example_branch_python_dop_operator_3.py
[2024-11-04T20:22:25.739+0000] {logging_mixin.py:190} INFO - [2024-11-04T20:22:25.739+0000] {dag.py:3239} INFO - Sync 1 DAGs
[2024-11-04T20:22:25.771+0000] {logging_mixin.py:190} INFO - [2024-11-04T20:22:25.771+0000] {dag.py:4180} INFO - Setting next_dagrun for example_branch_dop_operator_v3 to 2024-11-04 20:21:00+00:00, run_after=2024-11-04 20:22:00+00:00
[2024-11-04T20:22:25.791+0000] {processor.py:208} INFO - Processing /home/airflow/.local/lib/python3.12/site-packages/airflow/example_dags/example_branch_python_dop_operator_3.py took 0.096 seconds
[2024-11-04T20:22:56.144+0000] {processor.py:186} INFO - Started process (PID=1233) to work on /home/airflow/.local/lib/python3.12/site-packages/airflow/example_dags/example_branch_python_dop_operator_3.py
[2024-11-04T20:22:56.145+0000] {processor.py:914} INFO - Processing file /home/airflow/.local/lib/python3.12/site-packages/airflow/example_dags/example_branch_python_dop_operator_3.py for tasks to queue
[2024-11-04T20:22:56.148+0000] {logging_mixin.py:190} INFO - [2024-11-04T20:22:56.148+0000] {dagbag.py:588} INFO - Filling up the DagBag from /home/airflow/.local/lib/python3.12/site-packages/airflow/example_dags/example_branch_python_dop_operator_3.py
[2024-11-04T20:22:56.160+0000] {processor.py:925} INFO - DAG(s) 'example_branch_dop_operator_v3' retrieved from /home/airflow/.local/lib/python3.12/site-packages/airflow/example_dags/example_branch_python_dop_operator_3.py
[2024-11-04T20:22:56.183+0000] {logging_mixin.py:190} INFO - [2024-11-04T20:22:56.182+0000] {dag.py:3239} INFO - Sync 1 DAGs
[2024-11-04T20:22:56.214+0000] {logging_mixin.py:190} INFO - [2024-11-04T20:22:56.214+0000] {dag.py:4180} INFO - Setting next_dagrun for example_branch_dop_operator_v3 to 2024-11-04 20:21:00+00:00, run_after=2024-11-04 20:22:00+00:00
[2024-11-04T20:22:56.236+0000] {processor.py:208} INFO - Processing /home/airflow/.local/lib/python3.12/site-packages/airflow/example_dags/example_branch_python_dop_operator_3.py took 0.100 seconds
