[2024-11-04T20:13:16.161+0000] {processor.py:186} INFO - Started process (PID=75) to work on /home/airflow/.local/lib/python3.12/site-packages/airflow/example_dags/example_skip_dag.py
[2024-11-04T20:13:16.166+0000] {processor.py:914} INFO - Processing file /home/airflow/.local/lib/python3.12/site-packages/airflow/example_dags/example_skip_dag.py for tasks to queue
[2024-11-04T20:13:16.183+0000] {logging_mixin.py:190} INFO - [2024-11-04T20:13:16.181+0000] {dagbag.py:588} INFO - Filling up the DagBag from /home/airflow/.local/lib/python3.12/site-packages/airflow/example_dags/example_skip_dag.py
[2024-11-04T20:13:16.269+0000] {processor.py:925} INFO - DAG(s) 'example_skip_dag' retrieved from /home/airflow/.local/lib/python3.12/site-packages/airflow/example_dags/example_skip_dag.py
[2024-11-04T20:13:16.945+0000] {logging_mixin.py:190} INFO - [2024-11-04T20:13:16.942+0000] {override.py:1900} INFO - Created Permission View: can edit on DAG:example_skip_dag
[2024-11-04T20:13:16.986+0000] {logging_mixin.py:190} INFO - [2024-11-04T20:13:16.985+0000] {override.py:1900} INFO - Created Permission View: can read on DAG:example_skip_dag
[2024-11-04T20:13:17.010+0000] {logging_mixin.py:190} INFO - [2024-11-04T20:13:17.010+0000] {override.py:1900} INFO - Created Permission View: can delete on DAG:example_skip_dag
[2024-11-04T20:13:17.033+0000] {logging_mixin.py:190} INFO - [2024-11-04T20:13:17.032+0000] {override.py:1900} INFO - Created Permission View: menu access on DAG Run:example_skip_dag
[2024-11-04T20:13:17.055+0000] {logging_mixin.py:190} INFO - [2024-11-04T20:13:17.055+0000] {override.py:1900} INFO - Created Permission View: can read on DAG Run:example_skip_dag
[2024-11-04T20:13:17.077+0000] {logging_mixin.py:190} INFO - [2024-11-04T20:13:17.077+0000] {override.py:1900} INFO - Created Permission View: can create on DAG Run:example_skip_dag
[2024-11-04T20:13:17.095+0000] {logging_mixin.py:190} INFO - [2024-11-04T20:13:17.092+0000] {override.py:1900} INFO - Created Permission View: can delete on DAG Run:example_skip_dag
[2024-11-04T20:13:17.097+0000] {logging_mixin.py:190} INFO - [2024-11-04T20:13:17.097+0000] {dag.py:3239} INFO - Sync 1 DAGs
[2024-11-04T20:13:17.430+0000] {logging_mixin.py:190} INFO - [2024-11-04T20:13:17.429+0000] {dag.py:3262} INFO - Creating ORM DAG for example_skip_dag
[2024-11-04T20:13:17.493+0000] {logging_mixin.py:190} INFO - [2024-11-04T20:13:17.493+0000] {dag.py:4180} INFO - Setting next_dagrun for example_skip_dag to 2024-11-03 00:00:00+00:00, run_after=2024-11-04 00:00:00+00:00
[2024-11-04T20:13:17.606+0000] {processor.py:208} INFO - Processing /home/airflow/.local/lib/python3.12/site-packages/airflow/example_dags/example_skip_dag.py took 1.479 seconds
[2024-11-04T20:13:47.716+0000] {processor.py:186} INFO - Started process (PID=137) to work on /home/airflow/.local/lib/python3.12/site-packages/airflow/example_dags/example_skip_dag.py
[2024-11-04T20:13:47.720+0000] {processor.py:914} INFO - Processing file /home/airflow/.local/lib/python3.12/site-packages/airflow/example_dags/example_skip_dag.py for tasks to queue
[2024-11-04T20:13:47.726+0000] {logging_mixin.py:190} INFO - [2024-11-04T20:13:47.725+0000] {dagbag.py:588} INFO - Filling up the DagBag from /home/airflow/.local/lib/python3.12/site-packages/airflow/example_dags/example_skip_dag.py
[2024-11-04T20:13:47.740+0000] {processor.py:925} INFO - DAG(s) 'example_skip_dag' retrieved from /home/airflow/.local/lib/python3.12/site-packages/airflow/example_dags/example_skip_dag.py
[2024-11-04T20:13:47.788+0000] {logging_mixin.py:190} INFO - [2024-11-04T20:13:47.787+0000] {dag.py:3239} INFO - Sync 1 DAGs
[2024-11-04T20:13:47.835+0000] {logging_mixin.py:190} INFO - [2024-11-04T20:13:47.835+0000] {dag.py:4180} INFO - Setting next_dagrun for example_skip_dag to 2024-11-03 00:00:00+00:00, run_after=2024-11-04 00:00:00+00:00
[2024-11-04T20:13:47.868+0000] {processor.py:208} INFO - Processing /home/airflow/.local/lib/python3.12/site-packages/airflow/example_dags/example_skip_dag.py took 0.164 seconds
[2024-11-04T20:14:19.113+0000] {processor.py:186} INFO - Started process (PID=199) to work on /home/airflow/.local/lib/python3.12/site-packages/airflow/example_dags/example_skip_dag.py
[2024-11-04T20:14:19.116+0000] {processor.py:914} INFO - Processing file /home/airflow/.local/lib/python3.12/site-packages/airflow/example_dags/example_skip_dag.py for tasks to queue
[2024-11-04T20:14:19.124+0000] {logging_mixin.py:190} INFO - [2024-11-04T20:14:19.123+0000] {dagbag.py:588} INFO - Filling up the DagBag from /home/airflow/.local/lib/python3.12/site-packages/airflow/example_dags/example_skip_dag.py
[2024-11-04T20:14:19.159+0000] {processor.py:925} INFO - DAG(s) 'example_skip_dag' retrieved from /home/airflow/.local/lib/python3.12/site-packages/airflow/example_dags/example_skip_dag.py
[2024-11-04T20:14:19.281+0000] {logging_mixin.py:190} INFO - [2024-11-04T20:14:19.280+0000] {dag.py:3239} INFO - Sync 1 DAGs
[2024-11-04T20:14:19.384+0000] {logging_mixin.py:190} INFO - [2024-11-04T20:14:19.383+0000] {dag.py:4180} INFO - Setting next_dagrun for example_skip_dag to 2024-11-03 00:00:00+00:00, run_after=2024-11-04 00:00:00+00:00
[2024-11-04T20:14:19.435+0000] {processor.py:208} INFO - Processing /home/airflow/.local/lib/python3.12/site-packages/airflow/example_dags/example_skip_dag.py took 0.338 seconds
[2024-11-04T20:14:51.369+0000] {processor.py:186} INFO - Started process (PID=268) to work on /home/airflow/.local/lib/python3.12/site-packages/airflow/example_dags/example_skip_dag.py
[2024-11-04T20:14:51.370+0000] {processor.py:914} INFO - Processing file /home/airflow/.local/lib/python3.12/site-packages/airflow/example_dags/example_skip_dag.py for tasks to queue
[2024-11-04T20:14:51.373+0000] {logging_mixin.py:190} INFO - [2024-11-04T20:14:51.373+0000] {dagbag.py:588} INFO - Filling up the DagBag from /home/airflow/.local/lib/python3.12/site-packages/airflow/example_dags/example_skip_dag.py
[2024-11-04T20:14:51.383+0000] {processor.py:925} INFO - DAG(s) 'example_skip_dag' retrieved from /home/airflow/.local/lib/python3.12/site-packages/airflow/example_dags/example_skip_dag.py
[2024-11-04T20:14:51.411+0000] {logging_mixin.py:190} INFO - [2024-11-04T20:14:51.410+0000] {dag.py:3239} INFO - Sync 1 DAGs
[2024-11-04T20:14:51.440+0000] {logging_mixin.py:190} INFO - [2024-11-04T20:14:51.440+0000] {dag.py:4180} INFO - Setting next_dagrun for example_skip_dag to 2024-11-03 00:00:00+00:00, run_after=2024-11-04 00:00:00+00:00
[2024-11-04T20:14:51.461+0000] {processor.py:208} INFO - Processing /home/airflow/.local/lib/python3.12/site-packages/airflow/example_dags/example_skip_dag.py took 0.101 seconds
[2024-11-04T20:15:21.558+0000] {processor.py:186} INFO - Started process (PID=330) to work on /home/airflow/.local/lib/python3.12/site-packages/airflow/example_dags/example_skip_dag.py
[2024-11-04T20:15:21.560+0000] {processor.py:914} INFO - Processing file /home/airflow/.local/lib/python3.12/site-packages/airflow/example_dags/example_skip_dag.py for tasks to queue
[2024-11-04T20:15:21.563+0000] {logging_mixin.py:190} INFO - [2024-11-04T20:15:21.563+0000] {dagbag.py:588} INFO - Filling up the DagBag from /home/airflow/.local/lib/python3.12/site-packages/airflow/example_dags/example_skip_dag.py
[2024-11-04T20:15:21.572+0000] {processor.py:925} INFO - DAG(s) 'example_skip_dag' retrieved from /home/airflow/.local/lib/python3.12/site-packages/airflow/example_dags/example_skip_dag.py
[2024-11-04T20:15:21.597+0000] {logging_mixin.py:190} INFO - [2024-11-04T20:15:21.597+0000] {dag.py:3239} INFO - Sync 1 DAGs
[2024-11-04T20:15:21.631+0000] {logging_mixin.py:190} INFO - [2024-11-04T20:15:21.630+0000] {dag.py:4180} INFO - Setting next_dagrun for example_skip_dag to 2024-11-03 00:00:00+00:00, run_after=2024-11-04 00:00:00+00:00
[2024-11-04T20:15:21.653+0000] {processor.py:208} INFO - Processing /home/airflow/.local/lib/python3.12/site-packages/airflow/example_dags/example_skip_dag.py took 0.101 seconds
[2024-11-04T20:15:51.834+0000] {processor.py:186} INFO - Started process (PID=392) to work on /home/airflow/.local/lib/python3.12/site-packages/airflow/example_dags/example_skip_dag.py
[2024-11-04T20:15:51.836+0000] {processor.py:914} INFO - Processing file /home/airflow/.local/lib/python3.12/site-packages/airflow/example_dags/example_skip_dag.py for tasks to queue
[2024-11-04T20:15:51.839+0000] {logging_mixin.py:190} INFO - [2024-11-04T20:15:51.838+0000] {dagbag.py:588} INFO - Filling up the DagBag from /home/airflow/.local/lib/python3.12/site-packages/airflow/example_dags/example_skip_dag.py
[2024-11-04T20:15:51.855+0000] {processor.py:925} INFO - DAG(s) 'example_skip_dag' retrieved from /home/airflow/.local/lib/python3.12/site-packages/airflow/example_dags/example_skip_dag.py
[2024-11-04T20:15:51.898+0000] {logging_mixin.py:190} INFO - [2024-11-04T20:15:51.897+0000] {dag.py:3239} INFO - Sync 1 DAGs
[2024-11-04T20:15:51.941+0000] {logging_mixin.py:190} INFO - [2024-11-04T20:15:51.940+0000] {dag.py:4180} INFO - Setting next_dagrun for example_skip_dag to 2024-11-03 00:00:00+00:00, run_after=2024-11-04 00:00:00+00:00
[2024-11-04T20:15:51.967+0000] {processor.py:208} INFO - Processing /home/airflow/.local/lib/python3.12/site-packages/airflow/example_dags/example_skip_dag.py took 0.140 seconds
[2024-11-04T20:16:22.458+0000] {processor.py:186} INFO - Started process (PID=453) to work on /home/airflow/.local/lib/python3.12/site-packages/airflow/example_dags/example_skip_dag.py
[2024-11-04T20:16:22.463+0000] {processor.py:914} INFO - Processing file /home/airflow/.local/lib/python3.12/site-packages/airflow/example_dags/example_skip_dag.py for tasks to queue
[2024-11-04T20:16:22.470+0000] {logging_mixin.py:190} INFO - [2024-11-04T20:16:22.470+0000] {dagbag.py:588} INFO - Filling up the DagBag from /home/airflow/.local/lib/python3.12/site-packages/airflow/example_dags/example_skip_dag.py
[2024-11-04T20:16:22.500+0000] {processor.py:925} INFO - DAG(s) 'example_skip_dag' retrieved from /home/airflow/.local/lib/python3.12/site-packages/airflow/example_dags/example_skip_dag.py
[2024-11-04T20:16:22.587+0000] {logging_mixin.py:190} INFO - [2024-11-04T20:16:22.587+0000] {dag.py:3239} INFO - Sync 1 DAGs
[2024-11-04T20:16:22.761+0000] {logging_mixin.py:190} INFO - [2024-11-04T20:16:22.759+0000] {dag.py:4180} INFO - Setting next_dagrun for example_skip_dag to 2024-11-03 00:00:00+00:00, run_after=2024-11-04 00:00:00+00:00
[2024-11-04T20:16:22.871+0000] {processor.py:208} INFO - Processing /home/airflow/.local/lib/python3.12/site-packages/airflow/example_dags/example_skip_dag.py took 0.431 seconds
[2024-11-04T20:16:53.382+0000] {processor.py:186} INFO - Started process (PID=515) to work on /home/airflow/.local/lib/python3.12/site-packages/airflow/example_dags/example_skip_dag.py
[2024-11-04T20:16:53.386+0000] {processor.py:914} INFO - Processing file /home/airflow/.local/lib/python3.12/site-packages/airflow/example_dags/example_skip_dag.py for tasks to queue
[2024-11-04T20:16:53.392+0000] {logging_mixin.py:190} INFO - [2024-11-04T20:16:53.391+0000] {dagbag.py:588} INFO - Filling up the DagBag from /home/airflow/.local/lib/python3.12/site-packages/airflow/example_dags/example_skip_dag.py
[2024-11-04T20:16:53.422+0000] {processor.py:925} INFO - DAG(s) 'example_skip_dag' retrieved from /home/airflow/.local/lib/python3.12/site-packages/airflow/example_dags/example_skip_dag.py
[2024-11-04T20:16:53.497+0000] {logging_mixin.py:190} INFO - [2024-11-04T20:16:53.492+0000] {dag.py:3239} INFO - Sync 1 DAGs
[2024-11-04T20:16:53.569+0000] {logging_mixin.py:190} INFO - [2024-11-04T20:16:53.569+0000] {dag.py:4180} INFO - Setting next_dagrun for example_skip_dag to 2024-11-03 00:00:00+00:00, run_after=2024-11-04 00:00:00+00:00
[2024-11-04T20:16:53.637+0000] {processor.py:208} INFO - Processing /home/airflow/.local/lib/python3.12/site-packages/airflow/example_dags/example_skip_dag.py took 0.271 seconds
[2024-11-04T20:17:28.925+0000] {processor.py:186} INFO - Started process (PID=569) to work on /home/airflow/.local/lib/python3.12/site-packages/airflow/example_dags/example_skip_dag.py
[2024-11-04T20:17:28.938+0000] {processor.py:914} INFO - Processing file /home/airflow/.local/lib/python3.12/site-packages/airflow/example_dags/example_skip_dag.py for tasks to queue
[2024-11-04T20:17:28.959+0000] {logging_mixin.py:190} INFO - [2024-11-04T20:17:28.959+0000] {dagbag.py:588} INFO - Filling up the DagBag from /home/airflow/.local/lib/python3.12/site-packages/airflow/example_dags/example_skip_dag.py
[2024-11-04T20:17:28.995+0000] {processor.py:925} INFO - DAG(s) 'example_skip_dag' retrieved from /home/airflow/.local/lib/python3.12/site-packages/airflow/example_dags/example_skip_dag.py
[2024-11-04T20:17:29.070+0000] {logging_mixin.py:190} INFO - [2024-11-04T20:17:29.070+0000] {dag.py:3239} INFO - Sync 1 DAGs
[2024-11-04T20:17:29.164+0000] {logging_mixin.py:190} INFO - [2024-11-04T20:17:29.164+0000] {dag.py:4180} INFO - Setting next_dagrun for example_skip_dag to 2024-11-03 00:00:00+00:00, run_after=2024-11-04 00:00:00+00:00
[2024-11-04T20:17:29.214+0000] {processor.py:208} INFO - Processing /home/airflow/.local/lib/python3.12/site-packages/airflow/example_dags/example_skip_dag.py took 0.310 seconds
[2024-11-04T20:18:00.158+0000] {processor.py:186} INFO - Started process (PID=631) to work on /home/airflow/.local/lib/python3.12/site-packages/airflow/example_dags/example_skip_dag.py
[2024-11-04T20:18:00.159+0000] {processor.py:914} INFO - Processing file /home/airflow/.local/lib/python3.12/site-packages/airflow/example_dags/example_skip_dag.py for tasks to queue
[2024-11-04T20:18:00.162+0000] {logging_mixin.py:190} INFO - [2024-11-04T20:18:00.162+0000] {dagbag.py:588} INFO - Filling up the DagBag from /home/airflow/.local/lib/python3.12/site-packages/airflow/example_dags/example_skip_dag.py
[2024-11-04T20:18:00.171+0000] {processor.py:925} INFO - DAG(s) 'example_skip_dag' retrieved from /home/airflow/.local/lib/python3.12/site-packages/airflow/example_dags/example_skip_dag.py
[2024-11-04T20:18:00.198+0000] {logging_mixin.py:190} INFO - [2024-11-04T20:18:00.197+0000] {dag.py:3239} INFO - Sync 1 DAGs
[2024-11-04T20:18:00.228+0000] {logging_mixin.py:190} INFO - [2024-11-04T20:18:00.228+0000] {dag.py:4180} INFO - Setting next_dagrun for example_skip_dag to 2024-11-03 00:00:00+00:00, run_after=2024-11-04 00:00:00+00:00
[2024-11-04T20:18:00.251+0000] {processor.py:208} INFO - Processing /home/airflow/.local/lib/python3.12/site-packages/airflow/example_dags/example_skip_dag.py took 0.100 seconds
[2024-11-04T20:18:30.462+0000] {processor.py:186} INFO - Started process (PID=694) to work on /home/airflow/.local/lib/python3.12/site-packages/airflow/example_dags/example_skip_dag.py
[2024-11-04T20:18:30.464+0000] {processor.py:914} INFO - Processing file /home/airflow/.local/lib/python3.12/site-packages/airflow/example_dags/example_skip_dag.py for tasks to queue
[2024-11-04T20:18:30.467+0000] {logging_mixin.py:190} INFO - [2024-11-04T20:18:30.467+0000] {dagbag.py:588} INFO - Filling up the DagBag from /home/airflow/.local/lib/python3.12/site-packages/airflow/example_dags/example_skip_dag.py
[2024-11-04T20:18:30.477+0000] {processor.py:925} INFO - DAG(s) 'example_skip_dag' retrieved from /home/airflow/.local/lib/python3.12/site-packages/airflow/example_dags/example_skip_dag.py
[2024-11-04T20:18:30.530+0000] {logging_mixin.py:190} INFO - [2024-11-04T20:18:30.526+0000] {dag.py:3239} INFO - Sync 1 DAGs
[2024-11-04T20:18:30.573+0000] {logging_mixin.py:190} INFO - [2024-11-04T20:18:30.573+0000] {dag.py:4180} INFO - Setting next_dagrun for example_skip_dag to 2024-11-03 00:00:00+00:00, run_after=2024-11-04 00:00:00+00:00
[2024-11-04T20:18:30.608+0000] {processor.py:208} INFO - Processing /home/airflow/.local/lib/python3.12/site-packages/airflow/example_dags/example_skip_dag.py took 0.157 seconds
[2024-11-04T20:19:01.054+0000] {processor.py:186} INFO - Started process (PID=757) to work on /home/airflow/.local/lib/python3.12/site-packages/airflow/example_dags/example_skip_dag.py
[2024-11-04T20:19:01.056+0000] {processor.py:914} INFO - Processing file /home/airflow/.local/lib/python3.12/site-packages/airflow/example_dags/example_skip_dag.py for tasks to queue
[2024-11-04T20:19:01.062+0000] {logging_mixin.py:190} INFO - [2024-11-04T20:19:01.061+0000] {dagbag.py:588} INFO - Filling up the DagBag from /home/airflow/.local/lib/python3.12/site-packages/airflow/example_dags/example_skip_dag.py
[2024-11-04T20:19:01.075+0000] {processor.py:925} INFO - DAG(s) 'example_skip_dag' retrieved from /home/airflow/.local/lib/python3.12/site-packages/airflow/example_dags/example_skip_dag.py
[2024-11-04T20:19:01.121+0000] {logging_mixin.py:190} INFO - [2024-11-04T20:19:01.121+0000] {dag.py:3239} INFO - Sync 1 DAGs
[2024-11-04T20:19:01.181+0000] {logging_mixin.py:190} INFO - [2024-11-04T20:19:01.181+0000] {dag.py:4180} INFO - Setting next_dagrun for example_skip_dag to 2024-11-03 00:00:00+00:00, run_after=2024-11-04 00:00:00+00:00
[2024-11-04T20:19:01.239+0000] {processor.py:208} INFO - Processing /home/airflow/.local/lib/python3.12/site-packages/airflow/example_dags/example_skip_dag.py took 0.195 seconds
[2024-11-04T20:19:31.809+0000] {processor.py:186} INFO - Started process (PID=820) to work on /home/airflow/.local/lib/python3.12/site-packages/airflow/example_dags/example_skip_dag.py
[2024-11-04T20:19:31.811+0000] {processor.py:914} INFO - Processing file /home/airflow/.local/lib/python3.12/site-packages/airflow/example_dags/example_skip_dag.py for tasks to queue
[2024-11-04T20:19:31.814+0000] {logging_mixin.py:190} INFO - [2024-11-04T20:19:31.813+0000] {dagbag.py:588} INFO - Filling up the DagBag from /home/airflow/.local/lib/python3.12/site-packages/airflow/example_dags/example_skip_dag.py
[2024-11-04T20:19:31.823+0000] {processor.py:925} INFO - DAG(s) 'example_skip_dag' retrieved from /home/airflow/.local/lib/python3.12/site-packages/airflow/example_dags/example_skip_dag.py
[2024-11-04T20:19:31.848+0000] {logging_mixin.py:190} INFO - [2024-11-04T20:19:31.848+0000] {dag.py:3239} INFO - Sync 1 DAGs
[2024-11-04T20:19:31.877+0000] {logging_mixin.py:190} INFO - [2024-11-04T20:19:31.877+0000] {dag.py:4180} INFO - Setting next_dagrun for example_skip_dag to 2024-11-03 00:00:00+00:00, run_after=2024-11-04 00:00:00+00:00
[2024-11-04T20:19:31.899+0000] {processor.py:208} INFO - Processing /home/airflow/.local/lib/python3.12/site-packages/airflow/example_dags/example_skip_dag.py took 0.097 seconds
[2024-11-04T20:20:02.299+0000] {processor.py:186} INFO - Started process (PID=883) to work on /home/airflow/.local/lib/python3.12/site-packages/airflow/example_dags/example_skip_dag.py
[2024-11-04T20:20:02.301+0000] {processor.py:914} INFO - Processing file /home/airflow/.local/lib/python3.12/site-packages/airflow/example_dags/example_skip_dag.py for tasks to queue
[2024-11-04T20:20:02.304+0000] {logging_mixin.py:190} INFO - [2024-11-04T20:20:02.304+0000] {dagbag.py:588} INFO - Filling up the DagBag from /home/airflow/.local/lib/python3.12/site-packages/airflow/example_dags/example_skip_dag.py
[2024-11-04T20:20:02.317+0000] {processor.py:925} INFO - DAG(s) 'example_skip_dag' retrieved from /home/airflow/.local/lib/python3.12/site-packages/airflow/example_dags/example_skip_dag.py
[2024-11-04T20:20:02.358+0000] {logging_mixin.py:190} INFO - [2024-11-04T20:20:02.357+0000] {dag.py:3239} INFO - Sync 1 DAGs
[2024-11-04T20:20:02.414+0000] {logging_mixin.py:190} INFO - [2024-11-04T20:20:02.413+0000] {dag.py:4180} INFO - Setting next_dagrun for example_skip_dag to 2024-11-03 00:00:00+00:00, run_after=2024-11-04 00:00:00+00:00
[2024-11-04T20:20:02.480+0000] {processor.py:208} INFO - Processing /home/airflow/.local/lib/python3.12/site-packages/airflow/example_dags/example_skip_dag.py took 0.189 seconds
[2024-11-04T20:20:33.119+0000] {processor.py:186} INFO - Started process (PID=946) to work on /home/airflow/.local/lib/python3.12/site-packages/airflow/example_dags/example_skip_dag.py
[2024-11-04T20:20:33.127+0000] {processor.py:914} INFO - Processing file /home/airflow/.local/lib/python3.12/site-packages/airflow/example_dags/example_skip_dag.py for tasks to queue
[2024-11-04T20:20:33.133+0000] {logging_mixin.py:190} INFO - [2024-11-04T20:20:33.132+0000] {dagbag.py:588} INFO - Filling up the DagBag from /home/airflow/.local/lib/python3.12/site-packages/airflow/example_dags/example_skip_dag.py
[2024-11-04T20:20:33.153+0000] {processor.py:925} INFO - DAG(s) 'example_skip_dag' retrieved from /home/airflow/.local/lib/python3.12/site-packages/airflow/example_dags/example_skip_dag.py
[2024-11-04T20:20:33.206+0000] {logging_mixin.py:190} INFO - [2024-11-04T20:20:33.205+0000] {dag.py:3239} INFO - Sync 1 DAGs
[2024-11-04T20:20:33.327+0000] {logging_mixin.py:190} INFO - [2024-11-04T20:20:33.326+0000] {dag.py:4180} INFO - Setting next_dagrun for example_skip_dag to 2024-11-03 00:00:00+00:00, run_after=2024-11-04 00:00:00+00:00
[2024-11-04T20:20:33.389+0000] {processor.py:208} INFO - Processing /home/airflow/.local/lib/python3.12/site-packages/airflow/example_dags/example_skip_dag.py took 0.278 seconds
[2024-11-04T20:21:04.240+0000] {processor.py:186} INFO - Started process (PID=1009) to work on /home/airflow/.local/lib/python3.12/site-packages/airflow/example_dags/example_skip_dag.py
[2024-11-04T20:21:04.242+0000] {processor.py:914} INFO - Processing file /home/airflow/.local/lib/python3.12/site-packages/airflow/example_dags/example_skip_dag.py for tasks to queue
[2024-11-04T20:21:04.244+0000] {logging_mixin.py:190} INFO - [2024-11-04T20:21:04.244+0000] {dagbag.py:588} INFO - Filling up the DagBag from /home/airflow/.local/lib/python3.12/site-packages/airflow/example_dags/example_skip_dag.py
[2024-11-04T20:21:04.253+0000] {processor.py:925} INFO - DAG(s) 'example_skip_dag' retrieved from /home/airflow/.local/lib/python3.12/site-packages/airflow/example_dags/example_skip_dag.py
[2024-11-04T20:21:04.278+0000] {logging_mixin.py:190} INFO - [2024-11-04T20:21:04.278+0000] {dag.py:3239} INFO - Sync 1 DAGs
[2024-11-04T20:21:04.302+0000] {logging_mixin.py:190} INFO - [2024-11-04T20:21:04.302+0000] {dag.py:4180} INFO - Setting next_dagrun for example_skip_dag to 2024-11-03 00:00:00+00:00, run_after=2024-11-04 00:00:00+00:00
[2024-11-04T20:21:04.324+0000] {processor.py:208} INFO - Processing /home/airflow/.local/lib/python3.12/site-packages/airflow/example_dags/example_skip_dag.py took 0.090 seconds
[2024-11-04T20:21:34.643+0000] {processor.py:186} INFO - Started process (PID=1072) to work on /home/airflow/.local/lib/python3.12/site-packages/airflow/example_dags/example_skip_dag.py
[2024-11-04T20:21:34.645+0000] {processor.py:914} INFO - Processing file /home/airflow/.local/lib/python3.12/site-packages/airflow/example_dags/example_skip_dag.py for tasks to queue
[2024-11-04T20:21:34.647+0000] {logging_mixin.py:190} INFO - [2024-11-04T20:21:34.647+0000] {dagbag.py:588} INFO - Filling up the DagBag from /home/airflow/.local/lib/python3.12/site-packages/airflow/example_dags/example_skip_dag.py
[2024-11-04T20:21:34.656+0000] {processor.py:925} INFO - DAG(s) 'example_skip_dag' retrieved from /home/airflow/.local/lib/python3.12/site-packages/airflow/example_dags/example_skip_dag.py
[2024-11-04T20:21:34.680+0000] {logging_mixin.py:190} INFO - [2024-11-04T20:21:34.679+0000] {dag.py:3239} INFO - Sync 1 DAGs
[2024-11-04T20:21:34.710+0000] {logging_mixin.py:190} INFO - [2024-11-04T20:21:34.710+0000] {dag.py:4180} INFO - Setting next_dagrun for example_skip_dag to 2024-11-03 00:00:00+00:00, run_after=2024-11-04 00:00:00+00:00
[2024-11-04T20:21:34.742+0000] {processor.py:208} INFO - Processing /home/airflow/.local/lib/python3.12/site-packages/airflow/example_dags/example_skip_dag.py took 0.104 seconds
[2024-11-04T20:22:04.926+0000] {processor.py:186} INFO - Started process (PID=1134) to work on /home/airflow/.local/lib/python3.12/site-packages/airflow/example_dags/example_skip_dag.py
[2024-11-04T20:22:04.932+0000] {processor.py:914} INFO - Processing file /home/airflow/.local/lib/python3.12/site-packages/airflow/example_dags/example_skip_dag.py for tasks to queue
[2024-11-04T20:22:04.936+0000] {logging_mixin.py:190} INFO - [2024-11-04T20:22:04.936+0000] {dagbag.py:588} INFO - Filling up the DagBag from /home/airflow/.local/lib/python3.12/site-packages/airflow/example_dags/example_skip_dag.py
[2024-11-04T20:22:04.956+0000] {processor.py:925} INFO - DAG(s) 'example_skip_dag' retrieved from /home/airflow/.local/lib/python3.12/site-packages/airflow/example_dags/example_skip_dag.py
[2024-11-04T20:22:04.986+0000] {logging_mixin.py:190} INFO - [2024-11-04T20:22:04.986+0000] {dag.py:3239} INFO - Sync 1 DAGs
[2024-11-04T20:22:05.016+0000] {logging_mixin.py:190} INFO - [2024-11-04T20:22:05.016+0000] {dag.py:4180} INFO - Setting next_dagrun for example_skip_dag to 2024-11-03 00:00:00+00:00, run_after=2024-11-04 00:00:00+00:00
[2024-11-04T20:22:05.043+0000] {processor.py:208} INFO - Processing /home/airflow/.local/lib/python3.12/site-packages/airflow/example_dags/example_skip_dag.py took 0.126 seconds
[2024-11-04T20:22:35.239+0000] {processor.py:186} INFO - Started process (PID=1197) to work on /home/airflow/.local/lib/python3.12/site-packages/airflow/example_dags/example_skip_dag.py
[2024-11-04T20:22:35.240+0000] {processor.py:914} INFO - Processing file /home/airflow/.local/lib/python3.12/site-packages/airflow/example_dags/example_skip_dag.py for tasks to queue
[2024-11-04T20:22:35.243+0000] {logging_mixin.py:190} INFO - [2024-11-04T20:22:35.243+0000] {dagbag.py:588} INFO - Filling up the DagBag from /home/airflow/.local/lib/python3.12/site-packages/airflow/example_dags/example_skip_dag.py
[2024-11-04T20:22:35.252+0000] {processor.py:925} INFO - DAG(s) 'example_skip_dag' retrieved from /home/airflow/.local/lib/python3.12/site-packages/airflow/example_dags/example_skip_dag.py
[2024-11-04T20:22:35.279+0000] {logging_mixin.py:190} INFO - [2024-11-04T20:22:35.279+0000] {dag.py:3239} INFO - Sync 1 DAGs
[2024-11-04T20:22:35.307+0000] {logging_mixin.py:190} INFO - [2024-11-04T20:22:35.307+0000] {dag.py:4180} INFO - Setting next_dagrun for example_skip_dag to 2024-11-03 00:00:00+00:00, run_after=2024-11-04 00:00:00+00:00
[2024-11-04T20:22:35.333+0000] {processor.py:208} INFO - Processing /home/airflow/.local/lib/python3.12/site-packages/airflow/example_dags/example_skip_dag.py took 0.101 seconds
