[2024-11-04T20:13:28.132+0000] {processor.py:186} INFO - Started process (PID=91) to work on /home/airflow/.local/lib/python3.12/site-packages/airflow/example_dags/example_latest_only_with_trigger.py
[2024-11-04T20:13:28.134+0000] {processor.py:914} INFO - Processing file /home/airflow/.local/lib/python3.12/site-packages/airflow/example_dags/example_latest_only_with_trigger.py for tasks to queue
[2024-11-04T20:13:28.141+0000] {logging_mixin.py:190} INFO - [2024-11-04T20:13:28.139+0000] {dagbag.py:588} INFO - Filling up the DagBag from /home/airflow/.local/lib/python3.12/site-packages/airflow/example_dags/example_latest_only_with_trigger.py
[2024-11-04T20:13:28.156+0000] {processor.py:925} INFO - DAG(s) 'latest_only_with_trigger' retrieved from /home/airflow/.local/lib/python3.12/site-packages/airflow/example_dags/example_latest_only_with_trigger.py
[2024-11-04T20:13:28.354+0000] {logging_mixin.py:190} INFO - [2024-11-04T20:13:28.352+0000] {override.py:1900} INFO - Created Permission View: can edit on DAG:latest_only_with_trigger
[2024-11-04T20:13:28.382+0000] {logging_mixin.py:190} INFO - [2024-11-04T20:13:28.381+0000] {override.py:1900} INFO - Created Permission View: can read on DAG:latest_only_with_trigger
[2024-11-04T20:13:28.454+0000] {logging_mixin.py:190} INFO - [2024-11-04T20:13:28.453+0000] {override.py:1900} INFO - Created Permission View: can delete on DAG:latest_only_with_trigger
[2024-11-04T20:13:28.499+0000] {logging_mixin.py:190} INFO - [2024-11-04T20:13:28.499+0000] {override.py:1900} INFO - Created Permission View: menu access on DAG Run:latest_only_with_trigger
[2024-11-04T20:13:28.516+0000] {logging_mixin.py:190} INFO - [2024-11-04T20:13:28.515+0000] {override.py:1900} INFO - Created Permission View: can read on DAG Run:latest_only_with_trigger
[2024-11-04T20:13:28.530+0000] {logging_mixin.py:190} INFO - [2024-11-04T20:13:28.530+0000] {override.py:1900} INFO - Created Permission View: can create on DAG Run:latest_only_with_trigger
[2024-11-04T20:13:28.545+0000] {logging_mixin.py:190} INFO - [2024-11-04T20:13:28.545+0000] {override.py:1900} INFO - Created Permission View: can delete on DAG Run:latest_only_with_trigger
[2024-11-04T20:13:28.546+0000] {logging_mixin.py:190} INFO - [2024-11-04T20:13:28.546+0000] {dag.py:3239} INFO - Sync 1 DAGs
[2024-11-04T20:13:28.576+0000] {logging_mixin.py:190} INFO - [2024-11-04T20:13:28.575+0000] {dag.py:3262} INFO - Creating ORM DAG for latest_only_with_trigger
[2024-11-04T20:13:28.606+0000] {logging_mixin.py:190} INFO - [2024-11-04T20:13:28.606+0000] {dag.py:4180} INFO - Setting next_dagrun for latest_only_with_trigger to 2024-11-04 16:00:00+00:00, run_after=2024-11-04 20:00:00+00:00
[2024-11-04T20:13:28.679+0000] {processor.py:208} INFO - Processing /home/airflow/.local/lib/python3.12/site-packages/airflow/example_dags/example_latest_only_with_trigger.py took 0.556 seconds
[2024-11-04T20:13:59.627+0000] {processor.py:186} INFO - Started process (PID=153) to work on /home/airflow/.local/lib/python3.12/site-packages/airflow/example_dags/example_latest_only_with_trigger.py
[2024-11-04T20:13:59.628+0000] {processor.py:914} INFO - Processing file /home/airflow/.local/lib/python3.12/site-packages/airflow/example_dags/example_latest_only_with_trigger.py for tasks to queue
[2024-11-04T20:13:59.631+0000] {logging_mixin.py:190} INFO - [2024-11-04T20:13:59.631+0000] {dagbag.py:588} INFO - Filling up the DagBag from /home/airflow/.local/lib/python3.12/site-packages/airflow/example_dags/example_latest_only_with_trigger.py
[2024-11-04T20:13:59.639+0000] {processor.py:925} INFO - DAG(s) 'latest_only_with_trigger' retrieved from /home/airflow/.local/lib/python3.12/site-packages/airflow/example_dags/example_latest_only_with_trigger.py
[2024-11-04T20:13:59.681+0000] {logging_mixin.py:190} INFO - [2024-11-04T20:13:59.681+0000] {dag.py:3239} INFO - Sync 1 DAGs
[2024-11-04T20:13:59.737+0000] {logging_mixin.py:190} INFO - [2024-11-04T20:13:59.736+0000] {dag.py:4180} INFO - Setting next_dagrun for latest_only_with_trigger to 2024-11-04 16:00:00+00:00, run_after=2024-11-04 20:00:00+00:00
[2024-11-04T20:13:59.784+0000] {processor.py:208} INFO - Processing /home/airflow/.local/lib/python3.12/site-packages/airflow/example_dags/example_latest_only_with_trigger.py took 0.163 seconds
[2024-11-04T20:14:30.108+0000] {processor.py:186} INFO - Started process (PID=216) to work on /home/airflow/.local/lib/python3.12/site-packages/airflow/example_dags/example_latest_only_with_trigger.py
[2024-11-04T20:14:30.109+0000] {processor.py:914} INFO - Processing file /home/airflow/.local/lib/python3.12/site-packages/airflow/example_dags/example_latest_only_with_trigger.py for tasks to queue
[2024-11-04T20:14:30.113+0000] {logging_mixin.py:190} INFO - [2024-11-04T20:14:30.112+0000] {dagbag.py:588} INFO - Filling up the DagBag from /home/airflow/.local/lib/python3.12/site-packages/airflow/example_dags/example_latest_only_with_trigger.py
[2024-11-04T20:14:30.123+0000] {processor.py:925} INFO - DAG(s) 'latest_only_with_trigger' retrieved from /home/airflow/.local/lib/python3.12/site-packages/airflow/example_dags/example_latest_only_with_trigger.py
[2024-11-04T20:14:30.153+0000] {logging_mixin.py:190} INFO - [2024-11-04T20:14:30.153+0000] {dag.py:3239} INFO - Sync 1 DAGs
[2024-11-04T20:14:30.187+0000] {logging_mixin.py:190} INFO - [2024-11-04T20:14:30.187+0000] {dag.py:4180} INFO - Setting next_dagrun for latest_only_with_trigger to 2024-11-04 16:00:00+00:00, run_after=2024-11-04 20:00:00+00:00
[2024-11-04T20:14:30.214+0000] {processor.py:208} INFO - Processing /home/airflow/.local/lib/python3.12/site-packages/airflow/example_dags/example_latest_only_with_trigger.py took 0.114 seconds
[2024-11-04T20:15:01.121+0000] {processor.py:186} INFO - Started process (PID=278) to work on /home/airflow/.local/lib/python3.12/site-packages/airflow/example_dags/example_latest_only_with_trigger.py
[2024-11-04T20:15:01.123+0000] {processor.py:914} INFO - Processing file /home/airflow/.local/lib/python3.12/site-packages/airflow/example_dags/example_latest_only_with_trigger.py for tasks to queue
[2024-11-04T20:15:01.127+0000] {logging_mixin.py:190} INFO - [2024-11-04T20:15:01.126+0000] {dagbag.py:588} INFO - Filling up the DagBag from /home/airflow/.local/lib/python3.12/site-packages/airflow/example_dags/example_latest_only_with_trigger.py
[2024-11-04T20:15:01.135+0000] {processor.py:925} INFO - DAG(s) 'latest_only_with_trigger' retrieved from /home/airflow/.local/lib/python3.12/site-packages/airflow/example_dags/example_latest_only_with_trigger.py
[2024-11-04T20:15:01.161+0000] {logging_mixin.py:190} INFO - [2024-11-04T20:15:01.160+0000] {dag.py:3239} INFO - Sync 1 DAGs
[2024-11-04T20:15:01.189+0000] {logging_mixin.py:190} INFO - [2024-11-04T20:15:01.188+0000] {dag.py:4180} INFO - Setting next_dagrun for latest_only_with_trigger to 2024-11-04 16:00:00+00:00, run_after=2024-11-04 20:00:00+00:00
[2024-11-04T20:15:01.214+0000] {processor.py:208} INFO - Processing /home/airflow/.local/lib/python3.12/site-packages/airflow/example_dags/example_latest_only_with_trigger.py took 0.101 seconds
[2024-11-04T20:15:31.267+0000] {processor.py:186} INFO - Started process (PID=340) to work on /home/airflow/.local/lib/python3.12/site-packages/airflow/example_dags/example_latest_only_with_trigger.py
[2024-11-04T20:15:31.268+0000] {processor.py:914} INFO - Processing file /home/airflow/.local/lib/python3.12/site-packages/airflow/example_dags/example_latest_only_with_trigger.py for tasks to queue
[2024-11-04T20:15:31.271+0000] {logging_mixin.py:190} INFO - [2024-11-04T20:15:31.271+0000] {dagbag.py:588} INFO - Filling up the DagBag from /home/airflow/.local/lib/python3.12/site-packages/airflow/example_dags/example_latest_only_with_trigger.py
[2024-11-04T20:15:31.279+0000] {processor.py:925} INFO - DAG(s) 'latest_only_with_trigger' retrieved from /home/airflow/.local/lib/python3.12/site-packages/airflow/example_dags/example_latest_only_with_trigger.py
[2024-11-04T20:15:31.303+0000] {logging_mixin.py:190} INFO - [2024-11-04T20:15:31.303+0000] {dag.py:3239} INFO - Sync 1 DAGs
[2024-11-04T20:15:31.330+0000] {logging_mixin.py:190} INFO - [2024-11-04T20:15:31.330+0000] {dag.py:4180} INFO - Setting next_dagrun for latest_only_with_trigger to 2024-11-04 16:00:00+00:00, run_after=2024-11-04 20:00:00+00:00
[2024-11-04T20:15:31.356+0000] {processor.py:208} INFO - Processing /home/airflow/.local/lib/python3.12/site-packages/airflow/example_dags/example_latest_only_with_trigger.py took 0.096 seconds
[2024-11-04T20:16:01.762+0000] {processor.py:186} INFO - Started process (PID=402) to work on /home/airflow/.local/lib/python3.12/site-packages/airflow/example_dags/example_latest_only_with_trigger.py
[2024-11-04T20:16:01.764+0000] {processor.py:914} INFO - Processing file /home/airflow/.local/lib/python3.12/site-packages/airflow/example_dags/example_latest_only_with_trigger.py for tasks to queue
[2024-11-04T20:16:01.767+0000] {logging_mixin.py:190} INFO - [2024-11-04T20:16:01.766+0000] {dagbag.py:588} INFO - Filling up the DagBag from /home/airflow/.local/lib/python3.12/site-packages/airflow/example_dags/example_latest_only_with_trigger.py
[2024-11-04T20:16:01.776+0000] {processor.py:925} INFO - DAG(s) 'latest_only_with_trigger' retrieved from /home/airflow/.local/lib/python3.12/site-packages/airflow/example_dags/example_latest_only_with_trigger.py
[2024-11-04T20:16:01.843+0000] {logging_mixin.py:190} INFO - [2024-11-04T20:16:01.843+0000] {dag.py:3239} INFO - Sync 1 DAGs
[2024-11-04T20:16:01.893+0000] {logging_mixin.py:190} INFO - [2024-11-04T20:16:01.892+0000] {dag.py:4180} INFO - Setting next_dagrun for latest_only_with_trigger to 2024-11-04 16:00:00+00:00, run_after=2024-11-04 20:00:00+00:00
[2024-11-04T20:16:01.957+0000] {processor.py:208} INFO - Processing /home/airflow/.local/lib/python3.12/site-packages/airflow/example_dags/example_latest_only_with_trigger.py took 0.202 seconds
[2024-11-04T20:16:32.652+0000] {processor.py:186} INFO - Started process (PID=464) to work on /home/airflow/.local/lib/python3.12/site-packages/airflow/example_dags/example_latest_only_with_trigger.py
[2024-11-04T20:16:32.654+0000] {processor.py:914} INFO - Processing file /home/airflow/.local/lib/python3.12/site-packages/airflow/example_dags/example_latest_only_with_trigger.py for tasks to queue
[2024-11-04T20:16:32.657+0000] {logging_mixin.py:190} INFO - [2024-11-04T20:16:32.656+0000] {dagbag.py:588} INFO - Filling up the DagBag from /home/airflow/.local/lib/python3.12/site-packages/airflow/example_dags/example_latest_only_with_trigger.py
[2024-11-04T20:16:32.665+0000] {processor.py:925} INFO - DAG(s) 'latest_only_with_trigger' retrieved from /home/airflow/.local/lib/python3.12/site-packages/airflow/example_dags/example_latest_only_with_trigger.py
[2024-11-04T20:16:32.704+0000] {logging_mixin.py:190} INFO - [2024-11-04T20:16:32.703+0000] {dag.py:3239} INFO - Sync 1 DAGs
[2024-11-04T20:16:32.760+0000] {logging_mixin.py:190} INFO - [2024-11-04T20:16:32.759+0000] {dag.py:4180} INFO - Setting next_dagrun for latest_only_with_trigger to 2024-11-04 16:00:00+00:00, run_after=2024-11-04 20:00:00+00:00
[2024-11-04T20:16:32.787+0000] {processor.py:208} INFO - Processing /home/airflow/.local/lib/python3.12/site-packages/airflow/example_dags/example_latest_only_with_trigger.py took 0.142 seconds
[2024-11-04T20:17:03.255+0000] {processor.py:186} INFO - Started process (PID=526) to work on /home/airflow/.local/lib/python3.12/site-packages/airflow/example_dags/example_latest_only_with_trigger.py
[2024-11-04T20:17:03.258+0000] {processor.py:914} INFO - Processing file /home/airflow/.local/lib/python3.12/site-packages/airflow/example_dags/example_latest_only_with_trigger.py for tasks to queue
[2024-11-04T20:17:03.266+0000] {logging_mixin.py:190} INFO - [2024-11-04T20:17:03.266+0000] {dagbag.py:588} INFO - Filling up the DagBag from /home/airflow/.local/lib/python3.12/site-packages/airflow/example_dags/example_latest_only_with_trigger.py
[2024-11-04T20:17:03.290+0000] {processor.py:925} INFO - DAG(s) 'latest_only_with_trigger' retrieved from /home/airflow/.local/lib/python3.12/site-packages/airflow/example_dags/example_latest_only_with_trigger.py
[2024-11-04T20:17:03.347+0000] {logging_mixin.py:190} INFO - [2024-11-04T20:17:03.346+0000] {dag.py:3239} INFO - Sync 1 DAGs
[2024-11-04T20:17:03.402+0000] {logging_mixin.py:190} INFO - [2024-11-04T20:17:03.402+0000] {dag.py:4180} INFO - Setting next_dagrun for latest_only_with_trigger to 2024-11-04 16:00:00+00:00, run_after=2024-11-04 20:00:00+00:00
[2024-11-04T20:17:03.462+0000] {processor.py:208} INFO - Processing /home/airflow/.local/lib/python3.12/site-packages/airflow/example_dags/example_latest_only_with_trigger.py took 0.216 seconds
[2024-11-04T20:17:35.120+0000] {processor.py:186} INFO - Started process (PID=587) to work on /home/airflow/.local/lib/python3.12/site-packages/airflow/example_dags/example_latest_only_with_trigger.py
[2024-11-04T20:17:35.121+0000] {processor.py:914} INFO - Processing file /home/airflow/.local/lib/python3.12/site-packages/airflow/example_dags/example_latest_only_with_trigger.py for tasks to queue
[2024-11-04T20:17:35.126+0000] {logging_mixin.py:190} INFO - [2024-11-04T20:17:35.125+0000] {dagbag.py:588} INFO - Filling up the DagBag from /home/airflow/.local/lib/python3.12/site-packages/airflow/example_dags/example_latest_only_with_trigger.py
[2024-11-04T20:17:35.147+0000] {processor.py:925} INFO - DAG(s) 'latest_only_with_trigger' retrieved from /home/airflow/.local/lib/python3.12/site-packages/airflow/example_dags/example_latest_only_with_trigger.py
[2024-11-04T20:17:35.204+0000] {logging_mixin.py:190} INFO - [2024-11-04T20:17:35.203+0000] {dag.py:3239} INFO - Sync 1 DAGs
[2024-11-04T20:17:35.390+0000] {logging_mixin.py:190} INFO - [2024-11-04T20:17:35.390+0000] {dag.py:4180} INFO - Setting next_dagrun for latest_only_with_trigger to 2024-11-04 16:00:00+00:00, run_after=2024-11-04 20:00:00+00:00
[2024-11-04T20:17:35.432+0000] {processor.py:208} INFO - Processing /home/airflow/.local/lib/python3.12/site-packages/airflow/example_dags/example_latest_only_with_trigger.py took 0.325 seconds
[2024-11-04T20:18:05.568+0000] {processor.py:186} INFO - Started process (PID=649) to work on /home/airflow/.local/lib/python3.12/site-packages/airflow/example_dags/example_latest_only_with_trigger.py
[2024-11-04T20:18:05.570+0000] {processor.py:914} INFO - Processing file /home/airflow/.local/lib/python3.12/site-packages/airflow/example_dags/example_latest_only_with_trigger.py for tasks to queue
[2024-11-04T20:18:05.573+0000] {logging_mixin.py:190} INFO - [2024-11-04T20:18:05.572+0000] {dagbag.py:588} INFO - Filling up the DagBag from /home/airflow/.local/lib/python3.12/site-packages/airflow/example_dags/example_latest_only_with_trigger.py
[2024-11-04T20:18:05.582+0000] {processor.py:925} INFO - DAG(s) 'latest_only_with_trigger' retrieved from /home/airflow/.local/lib/python3.12/site-packages/airflow/example_dags/example_latest_only_with_trigger.py
[2024-11-04T20:18:05.605+0000] {logging_mixin.py:190} INFO - [2024-11-04T20:18:05.605+0000] {dag.py:3239} INFO - Sync 1 DAGs
[2024-11-04T20:18:05.641+0000] {logging_mixin.py:190} INFO - [2024-11-04T20:18:05.641+0000] {dag.py:4180} INFO - Setting next_dagrun for latest_only_with_trigger to 2024-11-04 16:00:00+00:00, run_after=2024-11-04 20:00:00+00:00
[2024-11-04T20:18:05.664+0000] {processor.py:208} INFO - Processing /home/airflow/.local/lib/python3.12/site-packages/airflow/example_dags/example_latest_only_with_trigger.py took 0.102 seconds
[2024-11-04T20:18:35.967+0000] {processor.py:186} INFO - Started process (PID=712) to work on /home/airflow/.local/lib/python3.12/site-packages/airflow/example_dags/example_latest_only_with_trigger.py
[2024-11-04T20:18:35.968+0000] {processor.py:914} INFO - Processing file /home/airflow/.local/lib/python3.12/site-packages/airflow/example_dags/example_latest_only_with_trigger.py for tasks to queue
[2024-11-04T20:18:35.971+0000] {logging_mixin.py:190} INFO - [2024-11-04T20:18:35.971+0000] {dagbag.py:588} INFO - Filling up the DagBag from /home/airflow/.local/lib/python3.12/site-packages/airflow/example_dags/example_latest_only_with_trigger.py
[2024-11-04T20:18:35.979+0000] {processor.py:925} INFO - DAG(s) 'latest_only_with_trigger' retrieved from /home/airflow/.local/lib/python3.12/site-packages/airflow/example_dags/example_latest_only_with_trigger.py
[2024-11-04T20:18:36.001+0000] {logging_mixin.py:190} INFO - [2024-11-04T20:18:36.001+0000] {dag.py:3239} INFO - Sync 1 DAGs
[2024-11-04T20:18:36.024+0000] {logging_mixin.py:190} INFO - [2024-11-04T20:18:36.024+0000] {dag.py:4180} INFO - Setting next_dagrun for latest_only_with_trigger to 2024-11-04 16:00:00+00:00, run_after=2024-11-04 20:00:00+00:00
[2024-11-04T20:18:36.045+0000] {processor.py:208} INFO - Processing /home/airflow/.local/lib/python3.12/site-packages/airflow/example_dags/example_latest_only_with_trigger.py took 0.084 seconds
[2024-11-04T20:19:06.567+0000] {processor.py:186} INFO - Started process (PID=775) to work on /home/airflow/.local/lib/python3.12/site-packages/airflow/example_dags/example_latest_only_with_trigger.py
[2024-11-04T20:19:06.568+0000] {processor.py:914} INFO - Processing file /home/airflow/.local/lib/python3.12/site-packages/airflow/example_dags/example_latest_only_with_trigger.py for tasks to queue
[2024-11-04T20:19:06.570+0000] {logging_mixin.py:190} INFO - [2024-11-04T20:19:06.570+0000] {dagbag.py:588} INFO - Filling up the DagBag from /home/airflow/.local/lib/python3.12/site-packages/airflow/example_dags/example_latest_only_with_trigger.py
[2024-11-04T20:19:06.578+0000] {processor.py:925} INFO - DAG(s) 'latest_only_with_trigger' retrieved from /home/airflow/.local/lib/python3.12/site-packages/airflow/example_dags/example_latest_only_with_trigger.py
[2024-11-04T20:19:06.601+0000] {logging_mixin.py:190} INFO - [2024-11-04T20:19:06.600+0000] {dag.py:3239} INFO - Sync 1 DAGs
[2024-11-04T20:19:06.625+0000] {logging_mixin.py:190} INFO - [2024-11-04T20:19:06.624+0000] {dag.py:4180} INFO - Setting next_dagrun for latest_only_with_trigger to 2024-11-04 16:00:00+00:00, run_after=2024-11-04 20:00:00+00:00
[2024-11-04T20:19:06.644+0000] {processor.py:208} INFO - Processing /home/airflow/.local/lib/python3.12/site-packages/airflow/example_dags/example_latest_only_with_trigger.py took 0.084 seconds
[2024-11-04T20:19:37.186+0000] {processor.py:186} INFO - Started process (PID=838) to work on /home/airflow/.local/lib/python3.12/site-packages/airflow/example_dags/example_latest_only_with_trigger.py
[2024-11-04T20:19:37.187+0000] {processor.py:914} INFO - Processing file /home/airflow/.local/lib/python3.12/site-packages/airflow/example_dags/example_latest_only_with_trigger.py for tasks to queue
[2024-11-04T20:19:37.190+0000] {logging_mixin.py:190} INFO - [2024-11-04T20:19:37.190+0000] {dagbag.py:588} INFO - Filling up the DagBag from /home/airflow/.local/lib/python3.12/site-packages/airflow/example_dags/example_latest_only_with_trigger.py
[2024-11-04T20:19:37.200+0000] {processor.py:925} INFO - DAG(s) 'latest_only_with_trigger' retrieved from /home/airflow/.local/lib/python3.12/site-packages/airflow/example_dags/example_latest_only_with_trigger.py
[2024-11-04T20:19:37.223+0000] {logging_mixin.py:190} INFO - [2024-11-04T20:19:37.223+0000] {dag.py:3239} INFO - Sync 1 DAGs
[2024-11-04T20:19:37.248+0000] {logging_mixin.py:190} INFO - [2024-11-04T20:19:37.248+0000] {dag.py:4180} INFO - Setting next_dagrun for latest_only_with_trigger to 2024-11-04 16:00:00+00:00, run_after=2024-11-04 20:00:00+00:00
[2024-11-04T20:19:37.268+0000] {processor.py:208} INFO - Processing /home/airflow/.local/lib/python3.12/site-packages/airflow/example_dags/example_latest_only_with_trigger.py took 0.089 seconds
[2024-11-04T20:20:07.414+0000] {processor.py:186} INFO - Started process (PID=901) to work on /home/airflow/.local/lib/python3.12/site-packages/airflow/example_dags/example_latest_only_with_trigger.py
[2024-11-04T20:20:07.415+0000] {processor.py:914} INFO - Processing file /home/airflow/.local/lib/python3.12/site-packages/airflow/example_dags/example_latest_only_with_trigger.py for tasks to queue
[2024-11-04T20:20:07.418+0000] {logging_mixin.py:190} INFO - [2024-11-04T20:20:07.417+0000] {dagbag.py:588} INFO - Filling up the DagBag from /home/airflow/.local/lib/python3.12/site-packages/airflow/example_dags/example_latest_only_with_trigger.py
[2024-11-04T20:20:07.426+0000] {processor.py:925} INFO - DAG(s) 'latest_only_with_trigger' retrieved from /home/airflow/.local/lib/python3.12/site-packages/airflow/example_dags/example_latest_only_with_trigger.py
[2024-11-04T20:20:07.451+0000] {logging_mixin.py:190} INFO - [2024-11-04T20:20:07.450+0000] {dag.py:3239} INFO - Sync 1 DAGs
[2024-11-04T20:20:07.485+0000] {logging_mixin.py:190} INFO - [2024-11-04T20:20:07.485+0000] {dag.py:4180} INFO - Setting next_dagrun for latest_only_with_trigger to 2024-11-04 16:00:00+00:00, run_after=2024-11-04 20:00:00+00:00
[2024-11-04T20:20:07.571+0000] {processor.py:208} INFO - Processing /home/airflow/.local/lib/python3.12/site-packages/airflow/example_dags/example_latest_only_with_trigger.py took 0.164 seconds
[2024-11-04T20:20:38.100+0000] {processor.py:186} INFO - Started process (PID=964) to work on /home/airflow/.local/lib/python3.12/site-packages/airflow/example_dags/example_latest_only_with_trigger.py
[2024-11-04T20:20:38.102+0000] {processor.py:914} INFO - Processing file /home/airflow/.local/lib/python3.12/site-packages/airflow/example_dags/example_latest_only_with_trigger.py for tasks to queue
[2024-11-04T20:20:38.105+0000] {logging_mixin.py:190} INFO - [2024-11-04T20:20:38.105+0000] {dagbag.py:588} INFO - Filling up the DagBag from /home/airflow/.local/lib/python3.12/site-packages/airflow/example_dags/example_latest_only_with_trigger.py
[2024-11-04T20:20:38.115+0000] {processor.py:925} INFO - DAG(s) 'latest_only_with_trigger' retrieved from /home/airflow/.local/lib/python3.12/site-packages/airflow/example_dags/example_latest_only_with_trigger.py
[2024-11-04T20:20:38.141+0000] {logging_mixin.py:190} INFO - [2024-11-04T20:20:38.140+0000] {dag.py:3239} INFO - Sync 1 DAGs
[2024-11-04T20:20:38.170+0000] {logging_mixin.py:190} INFO - [2024-11-04T20:20:38.169+0000] {dag.py:4180} INFO - Setting next_dagrun for latest_only_with_trigger to 2024-11-04 16:00:00+00:00, run_after=2024-11-04 20:00:00+00:00
[2024-11-04T20:20:38.195+0000] {processor.py:208} INFO - Processing /home/airflow/.local/lib/python3.12/site-packages/airflow/example_dags/example_latest_only_with_trigger.py took 0.103 seconds
[2024-11-04T20:21:08.335+0000] {processor.py:186} INFO - Started process (PID=1027) to work on /home/airflow/.local/lib/python3.12/site-packages/airflow/example_dags/example_latest_only_with_trigger.py
[2024-11-04T20:21:08.337+0000] {processor.py:914} INFO - Processing file /home/airflow/.local/lib/python3.12/site-packages/airflow/example_dags/example_latest_only_with_trigger.py for tasks to queue
[2024-11-04T20:21:08.340+0000] {logging_mixin.py:190} INFO - [2024-11-04T20:21:08.339+0000] {dagbag.py:588} INFO - Filling up the DagBag from /home/airflow/.local/lib/python3.12/site-packages/airflow/example_dags/example_latest_only_with_trigger.py
[2024-11-04T20:21:08.348+0000] {processor.py:925} INFO - DAG(s) 'latest_only_with_trigger' retrieved from /home/airflow/.local/lib/python3.12/site-packages/airflow/example_dags/example_latest_only_with_trigger.py
[2024-11-04T20:21:08.371+0000] {logging_mixin.py:190} INFO - [2024-11-04T20:21:08.371+0000] {dag.py:3239} INFO - Sync 1 DAGs
[2024-11-04T20:21:08.402+0000] {logging_mixin.py:190} INFO - [2024-11-04T20:21:08.401+0000] {dag.py:4180} INFO - Setting next_dagrun for latest_only_with_trigger to 2024-11-04 16:00:00+00:00, run_after=2024-11-04 20:00:00+00:00
[2024-11-04T20:21:08.429+0000] {processor.py:208} INFO - Processing /home/airflow/.local/lib/python3.12/site-packages/airflow/example_dags/example_latest_only_with_trigger.py took 0.100 seconds
[2024-11-04T20:21:39.180+0000] {processor.py:186} INFO - Started process (PID=1090) to work on /home/airflow/.local/lib/python3.12/site-packages/airflow/example_dags/example_latest_only_with_trigger.py
[2024-11-04T20:21:39.181+0000] {processor.py:914} INFO - Processing file /home/airflow/.local/lib/python3.12/site-packages/airflow/example_dags/example_latest_only_with_trigger.py for tasks to queue
[2024-11-04T20:21:39.185+0000] {logging_mixin.py:190} INFO - [2024-11-04T20:21:39.184+0000] {dagbag.py:588} INFO - Filling up the DagBag from /home/airflow/.local/lib/python3.12/site-packages/airflow/example_dags/example_latest_only_with_trigger.py
[2024-11-04T20:21:39.196+0000] {processor.py:925} INFO - DAG(s) 'latest_only_with_trigger' retrieved from /home/airflow/.local/lib/python3.12/site-packages/airflow/example_dags/example_latest_only_with_trigger.py
[2024-11-04T20:21:39.221+0000] {logging_mixin.py:190} INFO - [2024-11-04T20:21:39.220+0000] {dag.py:3239} INFO - Sync 1 DAGs
[2024-11-04T20:21:39.250+0000] {logging_mixin.py:190} INFO - [2024-11-04T20:21:39.250+0000] {dag.py:4180} INFO - Setting next_dagrun for latest_only_with_trigger to 2024-11-04 16:00:00+00:00, run_after=2024-11-04 20:00:00+00:00
[2024-11-04T20:21:39.271+0000] {processor.py:208} INFO - Processing /home/airflow/.local/lib/python3.12/site-packages/airflow/example_dags/example_latest_only_with_trigger.py took 0.098 seconds
[2024-11-04T20:22:10.543+0000] {processor.py:186} INFO - Started process (PID=1152) to work on /home/airflow/.local/lib/python3.12/site-packages/airflow/example_dags/example_latest_only_with_trigger.py
[2024-11-04T20:22:10.545+0000] {processor.py:914} INFO - Processing file /home/airflow/.local/lib/python3.12/site-packages/airflow/example_dags/example_latest_only_with_trigger.py for tasks to queue
[2024-11-04T20:22:10.547+0000] {logging_mixin.py:190} INFO - [2024-11-04T20:22:10.547+0000] {dagbag.py:588} INFO - Filling up the DagBag from /home/airflow/.local/lib/python3.12/site-packages/airflow/example_dags/example_latest_only_with_trigger.py
[2024-11-04T20:22:10.556+0000] {processor.py:925} INFO - DAG(s) 'latest_only_with_trigger' retrieved from /home/airflow/.local/lib/python3.12/site-packages/airflow/example_dags/example_latest_only_with_trigger.py
[2024-11-04T20:22:10.582+0000] {logging_mixin.py:190} INFO - [2024-11-04T20:22:10.582+0000] {dag.py:3239} INFO - Sync 1 DAGs
[2024-11-04T20:22:10.611+0000] {logging_mixin.py:190} INFO - [2024-11-04T20:22:10.611+0000] {dag.py:4180} INFO - Setting next_dagrun for latest_only_with_trigger to 2024-11-04 16:00:00+00:00, run_after=2024-11-04 20:00:00+00:00
[2024-11-04T20:22:10.634+0000] {processor.py:208} INFO - Processing /home/airflow/.local/lib/python3.12/site-packages/airflow/example_dags/example_latest_only_with_trigger.py took 0.098 seconds
[2024-11-04T20:22:41.627+0000] {processor.py:186} INFO - Started process (PID=1215) to work on /home/airflow/.local/lib/python3.12/site-packages/airflow/example_dags/example_latest_only_with_trigger.py
[2024-11-04T20:22:41.629+0000] {processor.py:914} INFO - Processing file /home/airflow/.local/lib/python3.12/site-packages/airflow/example_dags/example_latest_only_with_trigger.py for tasks to queue
[2024-11-04T20:22:41.632+0000] {logging_mixin.py:190} INFO - [2024-11-04T20:22:41.632+0000] {dagbag.py:588} INFO - Filling up the DagBag from /home/airflow/.local/lib/python3.12/site-packages/airflow/example_dags/example_latest_only_with_trigger.py
[2024-11-04T20:22:41.640+0000] {processor.py:925} INFO - DAG(s) 'latest_only_with_trigger' retrieved from /home/airflow/.local/lib/python3.12/site-packages/airflow/example_dags/example_latest_only_with_trigger.py
[2024-11-04T20:22:41.662+0000] {logging_mixin.py:190} INFO - [2024-11-04T20:22:41.662+0000] {dag.py:3239} INFO - Sync 1 DAGs
[2024-11-04T20:22:41.686+0000] {logging_mixin.py:190} INFO - [2024-11-04T20:22:41.686+0000] {dag.py:4180} INFO - Setting next_dagrun for latest_only_with_trigger to 2024-11-04 16:00:00+00:00, run_after=2024-11-04 20:00:00+00:00
[2024-11-04T20:22:41.705+0000] {processor.py:208} INFO - Processing /home/airflow/.local/lib/python3.12/site-packages/airflow/example_dags/example_latest_only_with_trigger.py took 0.084 seconds
