[2024-11-04T20:13:26.141+0000] {processor.py:186} INFO - Started process (PID=88) to work on /home/airflow/.local/lib/python3.12/site-packages/airflow/example_dags/example_bash_decorator.py
[2024-11-04T20:13:26.142+0000] {processor.py:914} INFO - Processing file /home/airflow/.local/lib/python3.12/site-packages/airflow/example_dags/example_bash_decorator.py for tasks to queue
[2024-11-04T20:13:26.169+0000] {logging_mixin.py:190} INFO - [2024-11-04T20:13:26.164+0000] {dagbag.py:588} INFO - Filling up the DagBag from /home/airflow/.local/lib/python3.12/site-packages/airflow/example_dags/example_bash_decorator.py
[2024-11-04T20:13:26.263+0000] {processor.py:925} INFO - DAG(s) 'example_bash_decorator' retrieved from /home/airflow/.local/lib/python3.12/site-packages/airflow/example_dags/example_bash_decorator.py
[2024-11-04T20:13:26.649+0000] {logging_mixin.py:190} INFO - [2024-11-04T20:13:26.648+0000] {override.py:1900} INFO - Created Permission View: can edit on DAG:example_bash_decorator
[2024-11-04T20:13:26.666+0000] {logging_mixin.py:190} INFO - [2024-11-04T20:13:26.666+0000] {override.py:1900} INFO - Created Permission View: can read on DAG:example_bash_decorator
[2024-11-04T20:13:26.678+0000] {logging_mixin.py:190} INFO - [2024-11-04T20:13:26.678+0000] {override.py:1900} INFO - Created Permission View: can delete on DAG:example_bash_decorator
[2024-11-04T20:13:26.691+0000] {logging_mixin.py:190} INFO - [2024-11-04T20:13:26.690+0000] {override.py:1900} INFO - Created Permission View: menu access on DAG Run:example_bash_decorator
[2024-11-04T20:13:26.702+0000] {logging_mixin.py:190} INFO - [2024-11-04T20:13:26.701+0000] {override.py:1900} INFO - Created Permission View: can read on DAG Run:example_bash_decorator
[2024-11-04T20:13:26.714+0000] {logging_mixin.py:190} INFO - [2024-11-04T20:13:26.714+0000] {override.py:1900} INFO - Created Permission View: can create on DAG Run:example_bash_decorator
[2024-11-04T20:13:26.729+0000] {logging_mixin.py:190} INFO - [2024-11-04T20:13:26.729+0000] {override.py:1900} INFO - Created Permission View: can delete on DAG Run:example_bash_decorator
[2024-11-04T20:13:26.730+0000] {logging_mixin.py:190} INFO - [2024-11-04T20:13:26.730+0000] {dag.py:3239} INFO - Sync 1 DAGs
[2024-11-04T20:13:26.757+0000] {logging_mixin.py:190} INFO - [2024-11-04T20:13:26.756+0000] {dag.py:3262} INFO - Creating ORM DAG for example_bash_decorator
[2024-11-04T20:13:26.761+0000] {logging_mixin.py:190} INFO - [2024-11-04T20:13:26.760+0000] {dag.py:4180} INFO - Setting next_dagrun for example_bash_decorator to None, run_after=None
[2024-11-04T20:13:26.796+0000] {processor.py:208} INFO - Processing /home/airflow/.local/lib/python3.12/site-packages/airflow/example_dags/example_bash_decorator.py took 0.675 seconds
[2024-11-04T20:13:57.788+0000] {processor.py:186} INFO - Started process (PID=150) to work on /home/airflow/.local/lib/python3.12/site-packages/airflow/example_dags/example_bash_decorator.py
[2024-11-04T20:13:57.791+0000] {processor.py:914} INFO - Processing file /home/airflow/.local/lib/python3.12/site-packages/airflow/example_dags/example_bash_decorator.py for tasks to queue
[2024-11-04T20:13:57.798+0000] {logging_mixin.py:190} INFO - [2024-11-04T20:13:57.797+0000] {dagbag.py:588} INFO - Filling up the DagBag from /home/airflow/.local/lib/python3.12/site-packages/airflow/example_dags/example_bash_decorator.py
[2024-11-04T20:13:57.888+0000] {processor.py:925} INFO - DAG(s) 'example_bash_decorator' retrieved from /home/airflow/.local/lib/python3.12/site-packages/airflow/example_dags/example_bash_decorator.py
[2024-11-04T20:13:57.962+0000] {logging_mixin.py:190} INFO - [2024-11-04T20:13:57.962+0000] {dag.py:3239} INFO - Sync 1 DAGs
[2024-11-04T20:13:58.029+0000] {logging_mixin.py:190} INFO - [2024-11-04T20:13:58.028+0000] {dag.py:4180} INFO - Setting next_dagrun for example_bash_decorator to None, run_after=None
[2024-11-04T20:13:58.128+0000] {processor.py:208} INFO - Processing /home/airflow/.local/lib/python3.12/site-packages/airflow/example_dags/example_bash_decorator.py took 0.356 seconds
[2024-11-04T20:14:28.924+0000] {processor.py:186} INFO - Started process (PID=213) to work on /home/airflow/.local/lib/python3.12/site-packages/airflow/example_dags/example_bash_decorator.py
[2024-11-04T20:14:28.926+0000] {processor.py:914} INFO - Processing file /home/airflow/.local/lib/python3.12/site-packages/airflow/example_dags/example_bash_decorator.py for tasks to queue
[2024-11-04T20:14:28.931+0000] {logging_mixin.py:190} INFO - [2024-11-04T20:14:28.931+0000] {dagbag.py:588} INFO - Filling up the DagBag from /home/airflow/.local/lib/python3.12/site-packages/airflow/example_dags/example_bash_decorator.py
[2024-11-04T20:14:28.952+0000] {processor.py:925} INFO - DAG(s) 'example_bash_decorator' retrieved from /home/airflow/.local/lib/python3.12/site-packages/airflow/example_dags/example_bash_decorator.py
[2024-11-04T20:14:28.985+0000] {logging_mixin.py:190} INFO - [2024-11-04T20:14:28.984+0000] {dag.py:3239} INFO - Sync 1 DAGs
[2024-11-04T20:14:29.003+0000] {logging_mixin.py:190} INFO - [2024-11-04T20:14:29.002+0000] {dag.py:4180} INFO - Setting next_dagrun for example_bash_decorator to None, run_after=None
[2024-11-04T20:14:29.029+0000] {processor.py:208} INFO - Processing /home/airflow/.local/lib/python3.12/site-packages/airflow/example_dags/example_bash_decorator.py took 0.113 seconds
[2024-11-04T20:14:59.905+0000] {processor.py:186} INFO - Started process (PID=275) to work on /home/airflow/.local/lib/python3.12/site-packages/airflow/example_dags/example_bash_decorator.py
[2024-11-04T20:14:59.908+0000] {processor.py:914} INFO - Processing file /home/airflow/.local/lib/python3.12/site-packages/airflow/example_dags/example_bash_decorator.py for tasks to queue
[2024-11-04T20:14:59.913+0000] {logging_mixin.py:190} INFO - [2024-11-04T20:14:59.911+0000] {dagbag.py:588} INFO - Filling up the DagBag from /home/airflow/.local/lib/python3.12/site-packages/airflow/example_dags/example_bash_decorator.py
[2024-11-04T20:14:59.947+0000] {processor.py:925} INFO - DAG(s) 'example_bash_decorator' retrieved from /home/airflow/.local/lib/python3.12/site-packages/airflow/example_dags/example_bash_decorator.py
[2024-11-04T20:14:59.988+0000] {logging_mixin.py:190} INFO - [2024-11-04T20:14:59.987+0000] {dag.py:3239} INFO - Sync 1 DAGs
[2024-11-04T20:15:00.012+0000] {logging_mixin.py:190} INFO - [2024-11-04T20:15:00.011+0000] {dag.py:4180} INFO - Setting next_dagrun for example_bash_decorator to None, run_after=None
[2024-11-04T20:15:00.039+0000] {processor.py:208} INFO - Processing /home/airflow/.local/lib/python3.12/site-packages/airflow/example_dags/example_bash_decorator.py took 0.145 seconds
[2024-11-04T20:15:30.124+0000] {processor.py:186} INFO - Started process (PID=337) to work on /home/airflow/.local/lib/python3.12/site-packages/airflow/example_dags/example_bash_decorator.py
[2024-11-04T20:15:30.126+0000] {processor.py:914} INFO - Processing file /home/airflow/.local/lib/python3.12/site-packages/airflow/example_dags/example_bash_decorator.py for tasks to queue
[2024-11-04T20:15:30.128+0000] {logging_mixin.py:190} INFO - [2024-11-04T20:15:30.128+0000] {dagbag.py:588} INFO - Filling up the DagBag from /home/airflow/.local/lib/python3.12/site-packages/airflow/example_dags/example_bash_decorator.py
[2024-11-04T20:15:30.145+0000] {processor.py:925} INFO - DAG(s) 'example_bash_decorator' retrieved from /home/airflow/.local/lib/python3.12/site-packages/airflow/example_dags/example_bash_decorator.py
[2024-11-04T20:15:30.170+0000] {logging_mixin.py:190} INFO - [2024-11-04T20:15:30.169+0000] {dag.py:3239} INFO - Sync 1 DAGs
[2024-11-04T20:15:30.186+0000] {logging_mixin.py:190} INFO - [2024-11-04T20:15:30.185+0000] {dag.py:4180} INFO - Setting next_dagrun for example_bash_decorator to None, run_after=None
[2024-11-04T20:15:30.206+0000] {processor.py:208} INFO - Processing /home/airflow/.local/lib/python3.12/site-packages/airflow/example_dags/example_bash_decorator.py took 0.088 seconds
[2024-11-04T20:16:00.605+0000] {processor.py:186} INFO - Started process (PID=399) to work on /home/airflow/.local/lib/python3.12/site-packages/airflow/example_dags/example_bash_decorator.py
[2024-11-04T20:16:00.607+0000] {processor.py:914} INFO - Processing file /home/airflow/.local/lib/python3.12/site-packages/airflow/example_dags/example_bash_decorator.py for tasks to queue
[2024-11-04T20:16:00.610+0000] {logging_mixin.py:190} INFO - [2024-11-04T20:16:00.609+0000] {dagbag.py:588} INFO - Filling up the DagBag from /home/airflow/.local/lib/python3.12/site-packages/airflow/example_dags/example_bash_decorator.py
[2024-11-04T20:16:00.627+0000] {processor.py:925} INFO - DAG(s) 'example_bash_decorator' retrieved from /home/airflow/.local/lib/python3.12/site-packages/airflow/example_dags/example_bash_decorator.py
[2024-11-04T20:16:00.653+0000] {logging_mixin.py:190} INFO - [2024-11-04T20:16:00.653+0000] {dag.py:3239} INFO - Sync 1 DAGs
[2024-11-04T20:16:00.669+0000] {logging_mixin.py:190} INFO - [2024-11-04T20:16:00.669+0000] {dag.py:4180} INFO - Setting next_dagrun for example_bash_decorator to None, run_after=None
[2024-11-04T20:16:00.690+0000] {processor.py:208} INFO - Processing /home/airflow/.local/lib/python3.12/site-packages/airflow/example_dags/example_bash_decorator.py took 0.091 seconds
[2024-11-04T20:16:31.477+0000] {processor.py:186} INFO - Started process (PID=461) to work on /home/airflow/.local/lib/python3.12/site-packages/airflow/example_dags/example_bash_decorator.py
[2024-11-04T20:16:31.478+0000] {processor.py:914} INFO - Processing file /home/airflow/.local/lib/python3.12/site-packages/airflow/example_dags/example_bash_decorator.py for tasks to queue
[2024-11-04T20:16:31.481+0000] {logging_mixin.py:190} INFO - [2024-11-04T20:16:31.481+0000] {dagbag.py:588} INFO - Filling up the DagBag from /home/airflow/.local/lib/python3.12/site-packages/airflow/example_dags/example_bash_decorator.py
[2024-11-04T20:16:31.507+0000] {processor.py:925} INFO - DAG(s) 'example_bash_decorator' retrieved from /home/airflow/.local/lib/python3.12/site-packages/airflow/example_dags/example_bash_decorator.py
[2024-11-04T20:16:31.536+0000] {logging_mixin.py:190} INFO - [2024-11-04T20:16:31.536+0000] {dag.py:3239} INFO - Sync 1 DAGs
[2024-11-04T20:16:31.557+0000] {logging_mixin.py:190} INFO - [2024-11-04T20:16:31.556+0000] {dag.py:4180} INFO - Setting next_dagrun for example_bash_decorator to None, run_after=None
[2024-11-04T20:16:31.581+0000] {processor.py:208} INFO - Processing /home/airflow/.local/lib/python3.12/site-packages/airflow/example_dags/example_bash_decorator.py took 0.111 seconds
[2024-11-04T20:17:02.105+0000] {processor.py:186} INFO - Started process (PID=523) to work on /home/airflow/.local/lib/python3.12/site-packages/airflow/example_dags/example_bash_decorator.py
[2024-11-04T20:17:02.120+0000] {processor.py:914} INFO - Processing file /home/airflow/.local/lib/python3.12/site-packages/airflow/example_dags/example_bash_decorator.py for tasks to queue
[2024-11-04T20:17:02.126+0000] {logging_mixin.py:190} INFO - [2024-11-04T20:17:02.125+0000] {dagbag.py:588} INFO - Filling up the DagBag from /home/airflow/.local/lib/python3.12/site-packages/airflow/example_dags/example_bash_decorator.py
[2024-11-04T20:17:02.187+0000] {processor.py:925} INFO - DAG(s) 'example_bash_decorator' retrieved from /home/airflow/.local/lib/python3.12/site-packages/airflow/example_dags/example_bash_decorator.py
[2024-11-04T20:17:02.277+0000] {logging_mixin.py:190} INFO - [2024-11-04T20:17:02.277+0000] {dag.py:3239} INFO - Sync 1 DAGs
[2024-11-04T20:17:02.319+0000] {logging_mixin.py:190} INFO - [2024-11-04T20:17:02.319+0000] {dag.py:4180} INFO - Setting next_dagrun for example_bash_decorator to None, run_after=None
[2024-11-04T20:17:02.433+0000] {processor.py:208} INFO - Processing /home/airflow/.local/lib/python3.12/site-packages/airflow/example_dags/example_bash_decorator.py took 0.339 seconds
[2024-11-04T20:17:33.950+0000] {processor.py:186} INFO - Started process (PID=584) to work on /home/airflow/.local/lib/python3.12/site-packages/airflow/example_dags/example_bash_decorator.py
[2024-11-04T20:17:33.952+0000] {processor.py:914} INFO - Processing file /home/airflow/.local/lib/python3.12/site-packages/airflow/example_dags/example_bash_decorator.py for tasks to queue
[2024-11-04T20:17:33.963+0000] {logging_mixin.py:190} INFO - [2024-11-04T20:17:33.959+0000] {dagbag.py:588} INFO - Filling up the DagBag from /home/airflow/.local/lib/python3.12/site-packages/airflow/example_dags/example_bash_decorator.py
[2024-11-04T20:17:34.000+0000] {processor.py:925} INFO - DAG(s) 'example_bash_decorator' retrieved from /home/airflow/.local/lib/python3.12/site-packages/airflow/example_dags/example_bash_decorator.py
[2024-11-04T20:17:34.056+0000] {logging_mixin.py:190} INFO - [2024-11-04T20:17:34.056+0000] {dag.py:3239} INFO - Sync 1 DAGs
[2024-11-04T20:17:34.158+0000] {logging_mixin.py:190} INFO - [2024-11-04T20:17:34.157+0000] {dag.py:4180} INFO - Setting next_dagrun for example_bash_decorator to None, run_after=None
[2024-11-04T20:17:34.350+0000] {processor.py:208} INFO - Processing /home/airflow/.local/lib/python3.12/site-packages/airflow/example_dags/example_bash_decorator.py took 0.412 seconds
[2024-11-04T20:18:05.124+0000] {processor.py:186} INFO - Started process (PID=646) to work on /home/airflow/.local/lib/python3.12/site-packages/airflow/example_dags/example_bash_decorator.py
[2024-11-04T20:18:05.126+0000] {processor.py:914} INFO - Processing file /home/airflow/.local/lib/python3.12/site-packages/airflow/example_dags/example_bash_decorator.py for tasks to queue
[2024-11-04T20:18:05.130+0000] {logging_mixin.py:190} INFO - [2024-11-04T20:18:05.129+0000] {dagbag.py:588} INFO - Filling up the DagBag from /home/airflow/.local/lib/python3.12/site-packages/airflow/example_dags/example_bash_decorator.py
[2024-11-04T20:18:05.155+0000] {processor.py:925} INFO - DAG(s) 'example_bash_decorator' retrieved from /home/airflow/.local/lib/python3.12/site-packages/airflow/example_dags/example_bash_decorator.py
[2024-11-04T20:18:05.197+0000] {logging_mixin.py:190} INFO - [2024-11-04T20:18:05.196+0000] {dag.py:3239} INFO - Sync 1 DAGs
[2024-11-04T20:18:05.218+0000] {logging_mixin.py:190} INFO - [2024-11-04T20:18:05.218+0000] {dag.py:4180} INFO - Setting next_dagrun for example_bash_decorator to None, run_after=None
[2024-11-04T20:18:05.263+0000] {processor.py:208} INFO - Processing /home/airflow/.local/lib/python3.12/site-packages/airflow/example_dags/example_bash_decorator.py took 0.148 seconds
[2024-11-04T20:18:35.595+0000] {processor.py:186} INFO - Started process (PID=709) to work on /home/airflow/.local/lib/python3.12/site-packages/airflow/example_dags/example_bash_decorator.py
[2024-11-04T20:18:35.596+0000] {processor.py:914} INFO - Processing file /home/airflow/.local/lib/python3.12/site-packages/airflow/example_dags/example_bash_decorator.py for tasks to queue
[2024-11-04T20:18:35.599+0000] {logging_mixin.py:190} INFO - [2024-11-04T20:18:35.599+0000] {dagbag.py:588} INFO - Filling up the DagBag from /home/airflow/.local/lib/python3.12/site-packages/airflow/example_dags/example_bash_decorator.py
[2024-11-04T20:18:35.614+0000] {processor.py:925} INFO - DAG(s) 'example_bash_decorator' retrieved from /home/airflow/.local/lib/python3.12/site-packages/airflow/example_dags/example_bash_decorator.py
[2024-11-04T20:18:35.642+0000] {logging_mixin.py:190} INFO - [2024-11-04T20:18:35.642+0000] {dag.py:3239} INFO - Sync 1 DAGs
[2024-11-04T20:18:35.659+0000] {logging_mixin.py:190} INFO - [2024-11-04T20:18:35.659+0000] {dag.py:4180} INFO - Setting next_dagrun for example_bash_decorator to None, run_after=None
[2024-11-04T20:18:35.680+0000] {processor.py:208} INFO - Processing /home/airflow/.local/lib/python3.12/site-packages/airflow/example_dags/example_bash_decorator.py took 0.091 seconds
[2024-11-04T20:19:06.270+0000] {processor.py:186} INFO - Started process (PID=772) to work on /home/airflow/.local/lib/python3.12/site-packages/airflow/example_dags/example_bash_decorator.py
[2024-11-04T20:19:06.271+0000] {processor.py:914} INFO - Processing file /home/airflow/.local/lib/python3.12/site-packages/airflow/example_dags/example_bash_decorator.py for tasks to queue
[2024-11-04T20:19:06.274+0000] {logging_mixin.py:190} INFO - [2024-11-04T20:19:06.274+0000] {dagbag.py:588} INFO - Filling up the DagBag from /home/airflow/.local/lib/python3.12/site-packages/airflow/example_dags/example_bash_decorator.py
[2024-11-04T20:19:06.298+0000] {processor.py:925} INFO - DAG(s) 'example_bash_decorator' retrieved from /home/airflow/.local/lib/python3.12/site-packages/airflow/example_dags/example_bash_decorator.py
[2024-11-04T20:19:06.337+0000] {logging_mixin.py:190} INFO - [2024-11-04T20:19:06.336+0000] {dag.py:3239} INFO - Sync 1 DAGs
[2024-11-04T20:19:06.361+0000] {logging_mixin.py:190} INFO - [2024-11-04T20:19:06.361+0000] {dag.py:4180} INFO - Setting next_dagrun for example_bash_decorator to None, run_after=None
[2024-11-04T20:19:06.387+0000] {processor.py:208} INFO - Processing /home/airflow/.local/lib/python3.12/site-packages/airflow/example_dags/example_bash_decorator.py took 0.125 seconds
[2024-11-04T20:19:36.916+0000] {processor.py:186} INFO - Started process (PID=835) to work on /home/airflow/.local/lib/python3.12/site-packages/airflow/example_dags/example_bash_decorator.py
[2024-11-04T20:19:36.917+0000] {processor.py:914} INFO - Processing file /home/airflow/.local/lib/python3.12/site-packages/airflow/example_dags/example_bash_decorator.py for tasks to queue
[2024-11-04T20:19:36.920+0000] {logging_mixin.py:190} INFO - [2024-11-04T20:19:36.920+0000] {dagbag.py:588} INFO - Filling up the DagBag from /home/airflow/.local/lib/python3.12/site-packages/airflow/example_dags/example_bash_decorator.py
[2024-11-04T20:19:36.939+0000] {processor.py:925} INFO - DAG(s) 'example_bash_decorator' retrieved from /home/airflow/.local/lib/python3.12/site-packages/airflow/example_dags/example_bash_decorator.py
[2024-11-04T20:19:36.966+0000] {logging_mixin.py:190} INFO - [2024-11-04T20:19:36.966+0000] {dag.py:3239} INFO - Sync 1 DAGs
[2024-11-04T20:19:36.985+0000] {logging_mixin.py:190} INFO - [2024-11-04T20:19:36.985+0000] {dag.py:4180} INFO - Setting next_dagrun for example_bash_decorator to None, run_after=None
[2024-11-04T20:19:37.009+0000] {processor.py:208} INFO - Processing /home/airflow/.local/lib/python3.12/site-packages/airflow/example_dags/example_bash_decorator.py took 0.101 seconds
[2024-11-04T20:20:07.098+0000] {processor.py:186} INFO - Started process (PID=898) to work on /home/airflow/.local/lib/python3.12/site-packages/airflow/example_dags/example_bash_decorator.py
[2024-11-04T20:20:07.099+0000] {processor.py:914} INFO - Processing file /home/airflow/.local/lib/python3.12/site-packages/airflow/example_dags/example_bash_decorator.py for tasks to queue
[2024-11-04T20:20:07.102+0000] {logging_mixin.py:190} INFO - [2024-11-04T20:20:07.101+0000] {dagbag.py:588} INFO - Filling up the DagBag from /home/airflow/.local/lib/python3.12/site-packages/airflow/example_dags/example_bash_decorator.py
[2024-11-04T20:20:07.120+0000] {processor.py:925} INFO - DAG(s) 'example_bash_decorator' retrieved from /home/airflow/.local/lib/python3.12/site-packages/airflow/example_dags/example_bash_decorator.py
[2024-11-04T20:20:07.149+0000] {logging_mixin.py:190} INFO - [2024-11-04T20:20:07.149+0000] {dag.py:3239} INFO - Sync 1 DAGs
[2024-11-04T20:20:07.170+0000] {logging_mixin.py:190} INFO - [2024-11-04T20:20:07.169+0000] {dag.py:4180} INFO - Setting next_dagrun for example_bash_decorator to None, run_after=None
[2024-11-04T20:20:07.199+0000] {processor.py:208} INFO - Processing /home/airflow/.local/lib/python3.12/site-packages/airflow/example_dags/example_bash_decorator.py took 0.108 seconds
[2024-11-04T20:20:37.642+0000] {processor.py:186} INFO - Started process (PID=961) to work on /home/airflow/.local/lib/python3.12/site-packages/airflow/example_dags/example_bash_decorator.py
[2024-11-04T20:20:37.644+0000] {processor.py:914} INFO - Processing file /home/airflow/.local/lib/python3.12/site-packages/airflow/example_dags/example_bash_decorator.py for tasks to queue
[2024-11-04T20:20:37.648+0000] {logging_mixin.py:190} INFO - [2024-11-04T20:20:37.647+0000] {dagbag.py:588} INFO - Filling up the DagBag from /home/airflow/.local/lib/python3.12/site-packages/airflow/example_dags/example_bash_decorator.py
[2024-11-04T20:20:37.668+0000] {processor.py:925} INFO - DAG(s) 'example_bash_decorator' retrieved from /home/airflow/.local/lib/python3.12/site-packages/airflow/example_dags/example_bash_decorator.py
[2024-11-04T20:20:37.702+0000] {logging_mixin.py:190} INFO - [2024-11-04T20:20:37.702+0000] {dag.py:3239} INFO - Sync 1 DAGs
[2024-11-04T20:20:37.723+0000] {logging_mixin.py:190} INFO - [2024-11-04T20:20:37.723+0000] {dag.py:4180} INFO - Setting next_dagrun for example_bash_decorator to None, run_after=None
[2024-11-04T20:20:37.750+0000] {processor.py:208} INFO - Processing /home/airflow/.local/lib/python3.12/site-packages/airflow/example_dags/example_bash_decorator.py took 0.114 seconds
[2024-11-04T20:21:07.944+0000] {processor.py:186} INFO - Started process (PID=1024) to work on /home/airflow/.local/lib/python3.12/site-packages/airflow/example_dags/example_bash_decorator.py
[2024-11-04T20:21:07.946+0000] {processor.py:914} INFO - Processing file /home/airflow/.local/lib/python3.12/site-packages/airflow/example_dags/example_bash_decorator.py for tasks to queue
[2024-11-04T20:21:07.948+0000] {logging_mixin.py:190} INFO - [2024-11-04T20:21:07.948+0000] {dagbag.py:588} INFO - Filling up the DagBag from /home/airflow/.local/lib/python3.12/site-packages/airflow/example_dags/example_bash_decorator.py
[2024-11-04T20:21:07.970+0000] {processor.py:925} INFO - DAG(s) 'example_bash_decorator' retrieved from /home/airflow/.local/lib/python3.12/site-packages/airflow/example_dags/example_bash_decorator.py
[2024-11-04T20:21:08.000+0000] {logging_mixin.py:190} INFO - [2024-11-04T20:21:08.000+0000] {dag.py:3239} INFO - Sync 1 DAGs
[2024-11-04T20:21:08.018+0000] {logging_mixin.py:190} INFO - [2024-11-04T20:21:08.017+0000] {dag.py:4180} INFO - Setting next_dagrun for example_bash_decorator to None, run_after=None
[2024-11-04T20:21:08.043+0000] {processor.py:208} INFO - Processing /home/airflow/.local/lib/python3.12/site-packages/airflow/example_dags/example_bash_decorator.py took 0.106 seconds
[2024-11-04T20:21:38.892+0000] {processor.py:186} INFO - Started process (PID=1087) to work on /home/airflow/.local/lib/python3.12/site-packages/airflow/example_dags/example_bash_decorator.py
[2024-11-04T20:21:38.895+0000] {processor.py:914} INFO - Processing file /home/airflow/.local/lib/python3.12/site-packages/airflow/example_dags/example_bash_decorator.py for tasks to queue
[2024-11-04T20:21:38.898+0000] {logging_mixin.py:190} INFO - [2024-11-04T20:21:38.898+0000] {dagbag.py:588} INFO - Filling up the DagBag from /home/airflow/.local/lib/python3.12/site-packages/airflow/example_dags/example_bash_decorator.py
[2024-11-04T20:21:38.919+0000] {processor.py:925} INFO - DAG(s) 'example_bash_decorator' retrieved from /home/airflow/.local/lib/python3.12/site-packages/airflow/example_dags/example_bash_decorator.py
[2024-11-04T20:21:38.947+0000] {logging_mixin.py:190} INFO - [2024-11-04T20:21:38.946+0000] {dag.py:3239} INFO - Sync 1 DAGs
[2024-11-04T20:21:38.962+0000] {logging_mixin.py:190} INFO - [2024-11-04T20:21:38.962+0000] {dag.py:4180} INFO - Setting next_dagrun for example_bash_decorator to None, run_after=None
[2024-11-04T20:21:38.983+0000] {processor.py:208} INFO - Processing /home/airflow/.local/lib/python3.12/site-packages/airflow/example_dags/example_bash_decorator.py took 0.099 seconds
[2024-11-04T20:22:10.151+0000] {processor.py:186} INFO - Started process (PID=1149) to work on /home/airflow/.local/lib/python3.12/site-packages/airflow/example_dags/example_bash_decorator.py
[2024-11-04T20:22:10.153+0000] {processor.py:914} INFO - Processing file /home/airflow/.local/lib/python3.12/site-packages/airflow/example_dags/example_bash_decorator.py for tasks to queue
[2024-11-04T20:22:10.156+0000] {logging_mixin.py:190} INFO - [2024-11-04T20:22:10.155+0000] {dagbag.py:588} INFO - Filling up the DagBag from /home/airflow/.local/lib/python3.12/site-packages/airflow/example_dags/example_bash_decorator.py
[2024-11-04T20:22:10.176+0000] {processor.py:925} INFO - DAG(s) 'example_bash_decorator' retrieved from /home/airflow/.local/lib/python3.12/site-packages/airflow/example_dags/example_bash_decorator.py
[2024-11-04T20:22:10.221+0000] {logging_mixin.py:190} INFO - [2024-11-04T20:22:10.220+0000] {dag.py:3239} INFO - Sync 1 DAGs
[2024-11-04T20:22:10.244+0000] {logging_mixin.py:190} INFO - [2024-11-04T20:22:10.244+0000] {dag.py:4180} INFO - Setting next_dagrun for example_bash_decorator to None, run_after=None
[2024-11-04T20:22:10.271+0000] {processor.py:208} INFO - Processing /home/airflow/.local/lib/python3.12/site-packages/airflow/example_dags/example_bash_decorator.py took 0.125 seconds
[2024-11-04T20:22:41.373+0000] {processor.py:186} INFO - Started process (PID=1212) to work on /home/airflow/.local/lib/python3.12/site-packages/airflow/example_dags/example_bash_decorator.py
[2024-11-04T20:22:41.374+0000] {processor.py:914} INFO - Processing file /home/airflow/.local/lib/python3.12/site-packages/airflow/example_dags/example_bash_decorator.py for tasks to queue
[2024-11-04T20:22:41.377+0000] {logging_mixin.py:190} INFO - [2024-11-04T20:22:41.377+0000] {dagbag.py:588} INFO - Filling up the DagBag from /home/airflow/.local/lib/python3.12/site-packages/airflow/example_dags/example_bash_decorator.py
[2024-11-04T20:22:41.394+0000] {processor.py:925} INFO - DAG(s) 'example_bash_decorator' retrieved from /home/airflow/.local/lib/python3.12/site-packages/airflow/example_dags/example_bash_decorator.py
[2024-11-04T20:22:41.418+0000] {logging_mixin.py:190} INFO - [2024-11-04T20:22:41.418+0000] {dag.py:3239} INFO - Sync 1 DAGs
[2024-11-04T20:22:41.433+0000] {logging_mixin.py:190} INFO - [2024-11-04T20:22:41.433+0000] {dag.py:4180} INFO - Setting next_dagrun for example_bash_decorator to None, run_after=None
[2024-11-04T20:22:41.451+0000] {processor.py:208} INFO - Processing /home/airflow/.local/lib/python3.12/site-packages/airflow/example_dags/example_bash_decorator.py took 0.085 seconds
