[2024-11-04T20:13:33.073+0000] {processor.py:186} INFO - Started process (PID=98) to work on /home/airflow/.local/lib/python3.12/site-packages/airflow/example_dags/example_setup_teardown.py
[2024-11-04T20:13:33.079+0000] {processor.py:914} INFO - Processing file /home/airflow/.local/lib/python3.12/site-packages/airflow/example_dags/example_setup_teardown.py for tasks to queue
[2024-11-04T20:13:33.086+0000] {logging_mixin.py:190} INFO - [2024-11-04T20:13:33.084+0000] {dagbag.py:588} INFO - Filling up the DagBag from /home/airflow/.local/lib/python3.12/site-packages/airflow/example_dags/example_setup_teardown.py
[2024-11-04T20:13:33.121+0000] {processor.py:925} INFO - DAG(s) 'example_setup_teardown' retrieved from /home/airflow/.local/lib/python3.12/site-packages/airflow/example_dags/example_setup_teardown.py
[2024-11-04T20:13:33.690+0000] {logging_mixin.py:190} INFO - [2024-11-04T20:13:33.681+0000] {override.py:1900} INFO - Created Permission View: can edit on DAG:example_setup_teardown
[2024-11-04T20:13:33.730+0000] {logging_mixin.py:190} INFO - [2024-11-04T20:13:33.729+0000] {override.py:1900} INFO - Created Permission View: can read on DAG:example_setup_teardown
[2024-11-04T20:13:33.768+0000] {logging_mixin.py:190} INFO - [2024-11-04T20:13:33.768+0000] {override.py:1900} INFO - Created Permission View: can delete on DAG:example_setup_teardown
[2024-11-04T20:13:33.787+0000] {logging_mixin.py:190} INFO - [2024-11-04T20:13:33.786+0000] {override.py:1900} INFO - Created Permission View: menu access on DAG Run:example_setup_teardown
[2024-11-04T20:13:33.818+0000] {logging_mixin.py:190} INFO - [2024-11-04T20:13:33.818+0000] {override.py:1900} INFO - Created Permission View: can read on DAG Run:example_setup_teardown
[2024-11-04T20:13:33.857+0000] {logging_mixin.py:190} INFO - [2024-11-04T20:13:33.857+0000] {override.py:1900} INFO - Created Permission View: can create on DAG Run:example_setup_teardown
[2024-11-04T20:13:33.908+0000] {logging_mixin.py:190} INFO - [2024-11-04T20:13:33.908+0000] {override.py:1900} INFO - Created Permission View: can delete on DAG Run:example_setup_teardown
[2024-11-04T20:13:33.914+0000] {logging_mixin.py:190} INFO - [2024-11-04T20:13:33.914+0000] {dag.py:3239} INFO - Sync 1 DAGs
[2024-11-04T20:13:34.190+0000] {logging_mixin.py:190} INFO - [2024-11-04T20:13:34.188+0000] {dag.py:3262} INFO - Creating ORM DAG for example_setup_teardown
[2024-11-04T20:13:34.207+0000] {logging_mixin.py:190} INFO - [2024-11-04T20:13:34.206+0000] {dag.py:4180} INFO - Setting next_dagrun for example_setup_teardown to None, run_after=None
[2024-11-04T20:13:34.464+0000] {processor.py:208} INFO - Processing /home/airflow/.local/lib/python3.12/site-packages/airflow/example_dags/example_setup_teardown.py took 1.410 seconds
[2024-11-04T20:14:05.345+0000] {processor.py:186} INFO - Started process (PID=160) to work on /home/airflow/.local/lib/python3.12/site-packages/airflow/example_dags/example_setup_teardown.py
[2024-11-04T20:14:05.352+0000] {processor.py:914} INFO - Processing file /home/airflow/.local/lib/python3.12/site-packages/airflow/example_dags/example_setup_teardown.py for tasks to queue
[2024-11-04T20:14:05.357+0000] {logging_mixin.py:190} INFO - [2024-11-04T20:14:05.356+0000] {dagbag.py:588} INFO - Filling up the DagBag from /home/airflow/.local/lib/python3.12/site-packages/airflow/example_dags/example_setup_teardown.py
[2024-11-04T20:14:05.374+0000] {processor.py:925} INFO - DAG(s) 'example_setup_teardown' retrieved from /home/airflow/.local/lib/python3.12/site-packages/airflow/example_dags/example_setup_teardown.py
[2024-11-04T20:14:05.415+0000] {logging_mixin.py:190} INFO - [2024-11-04T20:14:05.415+0000] {dag.py:3239} INFO - Sync 1 DAGs
[2024-11-04T20:14:05.442+0000] {logging_mixin.py:190} INFO - [2024-11-04T20:14:05.442+0000] {dag.py:4180} INFO - Setting next_dagrun for example_setup_teardown to None, run_after=None
[2024-11-04T20:14:05.479+0000] {processor.py:208} INFO - Processing /home/airflow/.local/lib/python3.12/site-packages/airflow/example_dags/example_setup_teardown.py took 0.142 seconds
[2024-11-04T20:14:35.720+0000] {processor.py:186} INFO - Started process (PID=223) to work on /home/airflow/.local/lib/python3.12/site-packages/airflow/example_dags/example_setup_teardown.py
[2024-11-04T20:14:35.725+0000] {processor.py:914} INFO - Processing file /home/airflow/.local/lib/python3.12/site-packages/airflow/example_dags/example_setup_teardown.py for tasks to queue
[2024-11-04T20:14:35.731+0000] {logging_mixin.py:190} INFO - [2024-11-04T20:14:35.731+0000] {dagbag.py:588} INFO - Filling up the DagBag from /home/airflow/.local/lib/python3.12/site-packages/airflow/example_dags/example_setup_teardown.py
[2024-11-04T20:14:35.744+0000] {processor.py:925} INFO - DAG(s) 'example_setup_teardown' retrieved from /home/airflow/.local/lib/python3.12/site-packages/airflow/example_dags/example_setup_teardown.py
[2024-11-04T20:14:35.843+0000] {logging_mixin.py:190} INFO - [2024-11-04T20:14:35.842+0000] {dag.py:3239} INFO - Sync 1 DAGs
[2024-11-04T20:14:35.901+0000] {logging_mixin.py:190} INFO - [2024-11-04T20:14:35.900+0000] {dag.py:4180} INFO - Setting next_dagrun for example_setup_teardown to None, run_after=None
[2024-11-04T20:14:35.951+0000] {processor.py:208} INFO - Processing /home/airflow/.local/lib/python3.12/site-packages/airflow/example_dags/example_setup_teardown.py took 0.258 seconds
[2024-11-04T20:15:06.508+0000] {processor.py:186} INFO - Started process (PID=285) to work on /home/airflow/.local/lib/python3.12/site-packages/airflow/example_dags/example_setup_teardown.py
[2024-11-04T20:15:06.510+0000] {processor.py:914} INFO - Processing file /home/airflow/.local/lib/python3.12/site-packages/airflow/example_dags/example_setup_teardown.py for tasks to queue
[2024-11-04T20:15:06.513+0000] {logging_mixin.py:190} INFO - [2024-11-04T20:15:06.513+0000] {dagbag.py:588} INFO - Filling up the DagBag from /home/airflow/.local/lib/python3.12/site-packages/airflow/example_dags/example_setup_teardown.py
[2024-11-04T20:15:06.525+0000] {processor.py:925} INFO - DAG(s) 'example_setup_teardown' retrieved from /home/airflow/.local/lib/python3.12/site-packages/airflow/example_dags/example_setup_teardown.py
[2024-11-04T20:15:06.554+0000] {logging_mixin.py:190} INFO - [2024-11-04T20:15:06.554+0000] {dag.py:3239} INFO - Sync 1 DAGs
[2024-11-04T20:15:06.578+0000] {logging_mixin.py:190} INFO - [2024-11-04T20:15:06.577+0000] {dag.py:4180} INFO - Setting next_dagrun for example_setup_teardown to None, run_after=None
[2024-11-04T20:15:06.605+0000] {processor.py:208} INFO - Processing /home/airflow/.local/lib/python3.12/site-packages/airflow/example_dags/example_setup_teardown.py took 0.105 seconds
[2024-11-04T20:15:36.805+0000] {processor.py:186} INFO - Started process (PID=347) to work on /home/airflow/.local/lib/python3.12/site-packages/airflow/example_dags/example_setup_teardown.py
[2024-11-04T20:15:36.807+0000] {processor.py:914} INFO - Processing file /home/airflow/.local/lib/python3.12/site-packages/airflow/example_dags/example_setup_teardown.py for tasks to queue
[2024-11-04T20:15:36.811+0000] {logging_mixin.py:190} INFO - [2024-11-04T20:15:36.810+0000] {dagbag.py:588} INFO - Filling up the DagBag from /home/airflow/.local/lib/python3.12/site-packages/airflow/example_dags/example_setup_teardown.py
[2024-11-04T20:15:36.832+0000] {processor.py:925} INFO - DAG(s) 'example_setup_teardown' retrieved from /home/airflow/.local/lib/python3.12/site-packages/airflow/example_dags/example_setup_teardown.py
[2024-11-04T20:15:36.881+0000] {logging_mixin.py:190} INFO - [2024-11-04T20:15:36.880+0000] {dag.py:3239} INFO - Sync 1 DAGs
[2024-11-04T20:15:36.915+0000] {logging_mixin.py:190} INFO - [2024-11-04T20:15:36.914+0000] {dag.py:4180} INFO - Setting next_dagrun for example_setup_teardown to None, run_after=None
[2024-11-04T20:15:36.978+0000] {processor.py:208} INFO - Processing /home/airflow/.local/lib/python3.12/site-packages/airflow/example_dags/example_setup_teardown.py took 0.185 seconds
[2024-11-04T20:16:07.500+0000] {processor.py:186} INFO - Started process (PID=409) to work on /home/airflow/.local/lib/python3.12/site-packages/airflow/example_dags/example_setup_teardown.py
[2024-11-04T20:16:07.501+0000] {processor.py:914} INFO - Processing file /home/airflow/.local/lib/python3.12/site-packages/airflow/example_dags/example_setup_teardown.py for tasks to queue
[2024-11-04T20:16:07.505+0000] {logging_mixin.py:190} INFO - [2024-11-04T20:16:07.505+0000] {dagbag.py:588} INFO - Filling up the DagBag from /home/airflow/.local/lib/python3.12/site-packages/airflow/example_dags/example_setup_teardown.py
[2024-11-04T20:16:07.514+0000] {processor.py:925} INFO - DAG(s) 'example_setup_teardown' retrieved from /home/airflow/.local/lib/python3.12/site-packages/airflow/example_dags/example_setup_teardown.py
[2024-11-04T20:16:07.546+0000] {logging_mixin.py:190} INFO - [2024-11-04T20:16:07.545+0000] {dag.py:3239} INFO - Sync 1 DAGs
[2024-11-04T20:16:07.563+0000] {logging_mixin.py:190} INFO - [2024-11-04T20:16:07.563+0000] {dag.py:4180} INFO - Setting next_dagrun for example_setup_teardown to None, run_after=None
[2024-11-04T20:16:07.586+0000] {processor.py:208} INFO - Processing /home/airflow/.local/lib/python3.12/site-packages/airflow/example_dags/example_setup_teardown.py took 0.093 seconds
[2024-11-04T20:16:38.375+0000] {processor.py:186} INFO - Started process (PID=471) to work on /home/airflow/.local/lib/python3.12/site-packages/airflow/example_dags/example_setup_teardown.py
[2024-11-04T20:16:38.377+0000] {processor.py:914} INFO - Processing file /home/airflow/.local/lib/python3.12/site-packages/airflow/example_dags/example_setup_teardown.py for tasks to queue
[2024-11-04T20:16:38.379+0000] {logging_mixin.py:190} INFO - [2024-11-04T20:16:38.379+0000] {dagbag.py:588} INFO - Filling up the DagBag from /home/airflow/.local/lib/python3.12/site-packages/airflow/example_dags/example_setup_teardown.py
[2024-11-04T20:16:38.390+0000] {processor.py:925} INFO - DAG(s) 'example_setup_teardown' retrieved from /home/airflow/.local/lib/python3.12/site-packages/airflow/example_dags/example_setup_teardown.py
[2024-11-04T20:16:38.417+0000] {logging_mixin.py:190} INFO - [2024-11-04T20:16:38.417+0000] {dag.py:3239} INFO - Sync 1 DAGs
[2024-11-04T20:16:38.447+0000] {logging_mixin.py:190} INFO - [2024-11-04T20:16:38.447+0000] {dag.py:4180} INFO - Setting next_dagrun for example_setup_teardown to None, run_after=None
[2024-11-04T20:16:38.470+0000] {processor.py:208} INFO - Processing /home/airflow/.local/lib/python3.12/site-packages/airflow/example_dags/example_setup_teardown.py took 0.102 seconds
[2024-11-04T20:17:09.604+0000] {processor.py:186} INFO - Started process (PID=533) to work on /home/airflow/.local/lib/python3.12/site-packages/airflow/example_dags/example_setup_teardown.py
[2024-11-04T20:17:09.607+0000] {processor.py:914} INFO - Processing file /home/airflow/.local/lib/python3.12/site-packages/airflow/example_dags/example_setup_teardown.py for tasks to queue
[2024-11-04T20:17:09.635+0000] {logging_mixin.py:190} INFO - [2024-11-04T20:17:09.634+0000] {dagbag.py:588} INFO - Filling up the DagBag from /home/airflow/.local/lib/python3.12/site-packages/airflow/example_dags/example_setup_teardown.py
[2024-11-04T20:17:09.757+0000] {processor.py:925} INFO - DAG(s) 'example_setup_teardown' retrieved from /home/airflow/.local/lib/python3.12/site-packages/airflow/example_dags/example_setup_teardown.py
[2024-11-04T20:17:09.902+0000] {logging_mixin.py:190} INFO - [2024-11-04T20:17:09.901+0000] {dag.py:3239} INFO - Sync 1 DAGs
[2024-11-04T20:17:09.970+0000] {logging_mixin.py:190} INFO - [2024-11-04T20:17:09.970+0000] {dag.py:4180} INFO - Setting next_dagrun for example_setup_teardown to None, run_after=None
[2024-11-04T20:17:10.045+0000] {processor.py:208} INFO - Processing /home/airflow/.local/lib/python3.12/site-packages/airflow/example_dags/example_setup_teardown.py took 0.492 seconds
[2024-11-04T20:17:41.090+0000] {processor.py:186} INFO - Started process (PID=594) to work on /home/airflow/.local/lib/python3.12/site-packages/airflow/example_dags/example_setup_teardown.py
[2024-11-04T20:17:41.092+0000] {processor.py:914} INFO - Processing file /home/airflow/.local/lib/python3.12/site-packages/airflow/example_dags/example_setup_teardown.py for tasks to queue
[2024-11-04T20:17:41.097+0000] {logging_mixin.py:190} INFO - [2024-11-04T20:17:41.097+0000] {dagbag.py:588} INFO - Filling up the DagBag from /home/airflow/.local/lib/python3.12/site-packages/airflow/example_dags/example_setup_teardown.py
[2024-11-04T20:17:41.117+0000] {processor.py:925} INFO - DAG(s) 'example_setup_teardown' retrieved from /home/airflow/.local/lib/python3.12/site-packages/airflow/example_dags/example_setup_teardown.py
[2024-11-04T20:17:41.289+0000] {logging_mixin.py:190} INFO - [2024-11-04T20:17:41.288+0000] {dag.py:3239} INFO - Sync 1 DAGs
[2024-11-04T20:17:41.398+0000] {logging_mixin.py:190} INFO - [2024-11-04T20:17:41.397+0000] {dag.py:4180} INFO - Setting next_dagrun for example_setup_teardown to None, run_after=None
[2024-11-04T20:17:41.513+0000] {processor.py:208} INFO - Processing /home/airflow/.local/lib/python3.12/site-packages/airflow/example_dags/example_setup_teardown.py took 0.436 seconds
[2024-11-04T20:18:12.422+0000] {processor.py:186} INFO - Started process (PID=656) to work on /home/airflow/.local/lib/python3.12/site-packages/airflow/example_dags/example_setup_teardown.py
[2024-11-04T20:18:12.423+0000] {processor.py:914} INFO - Processing file /home/airflow/.local/lib/python3.12/site-packages/airflow/example_dags/example_setup_teardown.py for tasks to queue
[2024-11-04T20:18:12.426+0000] {logging_mixin.py:190} INFO - [2024-11-04T20:18:12.426+0000] {dagbag.py:588} INFO - Filling up the DagBag from /home/airflow/.local/lib/python3.12/site-packages/airflow/example_dags/example_setup_teardown.py
[2024-11-04T20:18:12.435+0000] {processor.py:925} INFO - DAG(s) 'example_setup_teardown' retrieved from /home/airflow/.local/lib/python3.12/site-packages/airflow/example_dags/example_setup_teardown.py
[2024-11-04T20:18:12.459+0000] {logging_mixin.py:190} INFO - [2024-11-04T20:18:12.458+0000] {dag.py:3239} INFO - Sync 1 DAGs
[2024-11-04T20:18:12.476+0000] {logging_mixin.py:190} INFO - [2024-11-04T20:18:12.476+0000] {dag.py:4180} INFO - Setting next_dagrun for example_setup_teardown to None, run_after=None
[2024-11-04T20:18:12.499+0000] {processor.py:208} INFO - Processing /home/airflow/.local/lib/python3.12/site-packages/airflow/example_dags/example_setup_teardown.py took 0.084 seconds
[2024-11-04T20:18:42.689+0000] {processor.py:186} INFO - Started process (PID=719) to work on /home/airflow/.local/lib/python3.12/site-packages/airflow/example_dags/example_setup_teardown.py
[2024-11-04T20:18:42.690+0000] {processor.py:914} INFO - Processing file /home/airflow/.local/lib/python3.12/site-packages/airflow/example_dags/example_setup_teardown.py for tasks to queue
[2024-11-04T20:18:42.693+0000] {logging_mixin.py:190} INFO - [2024-11-04T20:18:42.692+0000] {dagbag.py:588} INFO - Filling up the DagBag from /home/airflow/.local/lib/python3.12/site-packages/airflow/example_dags/example_setup_teardown.py
[2024-11-04T20:18:42.702+0000] {processor.py:925} INFO - DAG(s) 'example_setup_teardown' retrieved from /home/airflow/.local/lib/python3.12/site-packages/airflow/example_dags/example_setup_teardown.py
[2024-11-04T20:18:42.724+0000] {logging_mixin.py:190} INFO - [2024-11-04T20:18:42.723+0000] {dag.py:3239} INFO - Sync 1 DAGs
[2024-11-04T20:18:42.739+0000] {logging_mixin.py:190} INFO - [2024-11-04T20:18:42.739+0000] {dag.py:4180} INFO - Setting next_dagrun for example_setup_teardown to None, run_after=None
[2024-11-04T20:18:42.759+0000] {processor.py:208} INFO - Processing /home/airflow/.local/lib/python3.12/site-packages/airflow/example_dags/example_setup_teardown.py took 0.077 seconds
[2024-11-04T20:19:13.128+0000] {processor.py:186} INFO - Started process (PID=782) to work on /home/airflow/.local/lib/python3.12/site-packages/airflow/example_dags/example_setup_teardown.py
[2024-11-04T20:19:13.130+0000] {processor.py:914} INFO - Processing file /home/airflow/.local/lib/python3.12/site-packages/airflow/example_dags/example_setup_teardown.py for tasks to queue
[2024-11-04T20:19:13.140+0000] {logging_mixin.py:190} INFO - [2024-11-04T20:19:13.139+0000] {dagbag.py:588} INFO - Filling up the DagBag from /home/airflow/.local/lib/python3.12/site-packages/airflow/example_dags/example_setup_teardown.py
[2024-11-04T20:19:13.158+0000] {processor.py:925} INFO - DAG(s) 'example_setup_teardown' retrieved from /home/airflow/.local/lib/python3.12/site-packages/airflow/example_dags/example_setup_teardown.py
[2024-11-04T20:19:13.197+0000] {logging_mixin.py:190} INFO - [2024-11-04T20:19:13.197+0000] {dag.py:3239} INFO - Sync 1 DAGs
[2024-11-04T20:19:13.225+0000] {logging_mixin.py:190} INFO - [2024-11-04T20:19:13.224+0000] {dag.py:4180} INFO - Setting next_dagrun for example_setup_teardown to None, run_after=None
[2024-11-04T20:19:13.249+0000] {processor.py:208} INFO - Processing /home/airflow/.local/lib/python3.12/site-packages/airflow/example_dags/example_setup_teardown.py took 0.131 seconds
[2024-11-04T20:19:43.668+0000] {processor.py:186} INFO - Started process (PID=845) to work on /home/airflow/.local/lib/python3.12/site-packages/airflow/example_dags/example_setup_teardown.py
[2024-11-04T20:19:43.670+0000] {processor.py:914} INFO - Processing file /home/airflow/.local/lib/python3.12/site-packages/airflow/example_dags/example_setup_teardown.py for tasks to queue
[2024-11-04T20:19:43.673+0000] {logging_mixin.py:190} INFO - [2024-11-04T20:19:43.672+0000] {dagbag.py:588} INFO - Filling up the DagBag from /home/airflow/.local/lib/python3.12/site-packages/airflow/example_dags/example_setup_teardown.py
[2024-11-04T20:19:43.682+0000] {processor.py:925} INFO - DAG(s) 'example_setup_teardown' retrieved from /home/airflow/.local/lib/python3.12/site-packages/airflow/example_dags/example_setup_teardown.py
[2024-11-04T20:19:43.706+0000] {logging_mixin.py:190} INFO - [2024-11-04T20:19:43.706+0000] {dag.py:3239} INFO - Sync 1 DAGs
[2024-11-04T20:19:43.723+0000] {logging_mixin.py:190} INFO - [2024-11-04T20:19:43.723+0000] {dag.py:4180} INFO - Setting next_dagrun for example_setup_teardown to None, run_after=None
[2024-11-04T20:19:43.743+0000] {processor.py:208} INFO - Processing /home/airflow/.local/lib/python3.12/site-packages/airflow/example_dags/example_setup_teardown.py took 0.083 seconds
[2024-11-04T20:20:14.076+0000] {processor.py:186} INFO - Started process (PID=908) to work on /home/airflow/.local/lib/python3.12/site-packages/airflow/example_dags/example_setup_teardown.py
[2024-11-04T20:20:14.077+0000] {processor.py:914} INFO - Processing file /home/airflow/.local/lib/python3.12/site-packages/airflow/example_dags/example_setup_teardown.py for tasks to queue
[2024-11-04T20:20:14.081+0000] {logging_mixin.py:190} INFO - [2024-11-04T20:20:14.080+0000] {dagbag.py:588} INFO - Filling up the DagBag from /home/airflow/.local/lib/python3.12/site-packages/airflow/example_dags/example_setup_teardown.py
[2024-11-04T20:20:14.092+0000] {processor.py:925} INFO - DAG(s) 'example_setup_teardown' retrieved from /home/airflow/.local/lib/python3.12/site-packages/airflow/example_dags/example_setup_teardown.py
[2024-11-04T20:20:14.116+0000] {logging_mixin.py:190} INFO - [2024-11-04T20:20:14.116+0000] {dag.py:3239} INFO - Sync 1 DAGs
[2024-11-04T20:20:14.132+0000] {logging_mixin.py:190} INFO - [2024-11-04T20:20:14.132+0000] {dag.py:4180} INFO - Setting next_dagrun for example_setup_teardown to None, run_after=None
[2024-11-04T20:20:14.154+0000] {processor.py:208} INFO - Processing /home/airflow/.local/lib/python3.12/site-packages/airflow/example_dags/example_setup_teardown.py took 0.086 seconds
[2024-11-04T20:20:44.684+0000] {processor.py:186} INFO - Started process (PID=971) to work on /home/airflow/.local/lib/python3.12/site-packages/airflow/example_dags/example_setup_teardown.py
[2024-11-04T20:20:44.687+0000] {processor.py:914} INFO - Processing file /home/airflow/.local/lib/python3.12/site-packages/airflow/example_dags/example_setup_teardown.py for tasks to queue
[2024-11-04T20:20:44.703+0000] {logging_mixin.py:190} INFO - [2024-11-04T20:20:44.702+0000] {dagbag.py:588} INFO - Filling up the DagBag from /home/airflow/.local/lib/python3.12/site-packages/airflow/example_dags/example_setup_teardown.py
[2024-11-04T20:20:44.719+0000] {processor.py:925} INFO - DAG(s) 'example_setup_teardown' retrieved from /home/airflow/.local/lib/python3.12/site-packages/airflow/example_dags/example_setup_teardown.py
[2024-11-04T20:20:44.756+0000] {logging_mixin.py:190} INFO - [2024-11-04T20:20:44.756+0000] {dag.py:3239} INFO - Sync 1 DAGs
[2024-11-04T20:20:44.782+0000] {logging_mixin.py:190} INFO - [2024-11-04T20:20:44.781+0000] {dag.py:4180} INFO - Setting next_dagrun for example_setup_teardown to None, run_after=None
[2024-11-04T20:20:44.816+0000] {processor.py:208} INFO - Processing /home/airflow/.local/lib/python3.12/site-packages/airflow/example_dags/example_setup_teardown.py took 0.140 seconds
[2024-11-04T20:21:15.003+0000] {processor.py:186} INFO - Started process (PID=1034) to work on /home/airflow/.local/lib/python3.12/site-packages/airflow/example_dags/example_setup_teardown.py
[2024-11-04T20:21:15.005+0000] {processor.py:914} INFO - Processing file /home/airflow/.local/lib/python3.12/site-packages/airflow/example_dags/example_setup_teardown.py for tasks to queue
[2024-11-04T20:21:15.008+0000] {logging_mixin.py:190} INFO - [2024-11-04T20:21:15.007+0000] {dagbag.py:588} INFO - Filling up the DagBag from /home/airflow/.local/lib/python3.12/site-packages/airflow/example_dags/example_setup_teardown.py
[2024-11-04T20:21:15.017+0000] {processor.py:925} INFO - DAG(s) 'example_setup_teardown' retrieved from /home/airflow/.local/lib/python3.12/site-packages/airflow/example_dags/example_setup_teardown.py
[2024-11-04T20:21:15.046+0000] {logging_mixin.py:190} INFO - [2024-11-04T20:21:15.046+0000] {dag.py:3239} INFO - Sync 1 DAGs
[2024-11-04T20:21:15.066+0000] {logging_mixin.py:190} INFO - [2024-11-04T20:21:15.066+0000] {dag.py:4180} INFO - Setting next_dagrun for example_setup_teardown to None, run_after=None
[2024-11-04T20:21:15.086+0000] {processor.py:208} INFO - Processing /home/airflow/.local/lib/python3.12/site-packages/airflow/example_dags/example_setup_teardown.py took 0.090 seconds
[2024-11-04T20:21:45.711+0000] {processor.py:186} INFO - Started process (PID=1097) to work on /home/airflow/.local/lib/python3.12/site-packages/airflow/example_dags/example_setup_teardown.py
[2024-11-04T20:21:45.713+0000] {processor.py:914} INFO - Processing file /home/airflow/.local/lib/python3.12/site-packages/airflow/example_dags/example_setup_teardown.py for tasks to queue
[2024-11-04T20:21:45.717+0000] {logging_mixin.py:190} INFO - [2024-11-04T20:21:45.717+0000] {dagbag.py:588} INFO - Filling up the DagBag from /home/airflow/.local/lib/python3.12/site-packages/airflow/example_dags/example_setup_teardown.py
[2024-11-04T20:21:45.726+0000] {processor.py:925} INFO - DAG(s) 'example_setup_teardown' retrieved from /home/airflow/.local/lib/python3.12/site-packages/airflow/example_dags/example_setup_teardown.py
[2024-11-04T20:21:45.750+0000] {logging_mixin.py:190} INFO - [2024-11-04T20:21:45.750+0000] {dag.py:3239} INFO - Sync 1 DAGs
[2024-11-04T20:21:45.766+0000] {logging_mixin.py:190} INFO - [2024-11-04T20:21:45.766+0000] {dag.py:4180} INFO - Setting next_dagrun for example_setup_teardown to None, run_after=None
[2024-11-04T20:21:45.791+0000] {processor.py:208} INFO - Processing /home/airflow/.local/lib/python3.12/site-packages/airflow/example_dags/example_setup_teardown.py took 0.089 seconds
[2024-11-04T20:22:16.012+0000] {processor.py:186} INFO - Started process (PID=1159) to work on /home/airflow/.local/lib/python3.12/site-packages/airflow/example_dags/example_setup_teardown.py
[2024-11-04T20:22:16.017+0000] {processor.py:914} INFO - Processing file /home/airflow/.local/lib/python3.12/site-packages/airflow/example_dags/example_setup_teardown.py for tasks to queue
[2024-11-04T20:22:16.026+0000] {logging_mixin.py:190} INFO - [2024-11-04T20:22:16.025+0000] {dagbag.py:588} INFO - Filling up the DagBag from /home/airflow/.local/lib/python3.12/site-packages/airflow/example_dags/example_setup_teardown.py
[2024-11-04T20:22:16.040+0000] {processor.py:925} INFO - DAG(s) 'example_setup_teardown' retrieved from /home/airflow/.local/lib/python3.12/site-packages/airflow/example_dags/example_setup_teardown.py
[2024-11-04T20:22:16.073+0000] {logging_mixin.py:190} INFO - [2024-11-04T20:22:16.073+0000] {dag.py:3239} INFO - Sync 1 DAGs
[2024-11-04T20:22:16.122+0000] {logging_mixin.py:190} INFO - [2024-11-04T20:22:16.121+0000] {dag.py:4180} INFO - Setting next_dagrun for example_setup_teardown to None, run_after=None
[2024-11-04T20:22:16.187+0000] {processor.py:208} INFO - Processing /home/airflow/.local/lib/python3.12/site-packages/airflow/example_dags/example_setup_teardown.py took 0.199 seconds
[2024-11-04T20:22:46.348+0000] {processor.py:186} INFO - Started process (PID=1222) to work on /home/airflow/.local/lib/python3.12/site-packages/airflow/example_dags/example_setup_teardown.py
[2024-11-04T20:22:46.349+0000] {processor.py:914} INFO - Processing file /home/airflow/.local/lib/python3.12/site-packages/airflow/example_dags/example_setup_teardown.py for tasks to queue
[2024-11-04T20:22:46.352+0000] {logging_mixin.py:190} INFO - [2024-11-04T20:22:46.351+0000] {dagbag.py:588} INFO - Filling up the DagBag from /home/airflow/.local/lib/python3.12/site-packages/airflow/example_dags/example_setup_teardown.py
[2024-11-04T20:22:46.361+0000] {processor.py:925} INFO - DAG(s) 'example_setup_teardown' retrieved from /home/airflow/.local/lib/python3.12/site-packages/airflow/example_dags/example_setup_teardown.py
[2024-11-04T20:22:46.384+0000] {logging_mixin.py:190} INFO - [2024-11-04T20:22:46.383+0000] {dag.py:3239} INFO - Sync 1 DAGs
[2024-11-04T20:22:46.399+0000] {logging_mixin.py:190} INFO - [2024-11-04T20:22:46.399+0000] {dag.py:4180} INFO - Setting next_dagrun for example_setup_teardown to None, run_after=None
[2024-11-04T20:22:46.419+0000] {processor.py:208} INFO - Processing /home/airflow/.local/lib/python3.12/site-packages/airflow/example_dags/example_setup_teardown.py took 0.078 seconds
