[2024-11-04T20:13:40.286+0000] {processor.py:186} INFO - Started process (PID=110) to work on /home/airflow/.local/lib/python3.12/site-packages/airflow/example_dags/example_python_operator.py
[2024-11-04T20:13:40.287+0000] {processor.py:914} INFO - Processing file /home/airflow/.local/lib/python3.12/site-packages/airflow/example_dags/example_python_operator.py for tasks to queue
[2024-11-04T20:13:40.304+0000] {logging_mixin.py:190} INFO - [2024-11-04T20:13:40.303+0000] {dagbag.py:588} INFO - Filling up the DagBag from /home/airflow/.local/lib/python3.12/site-packages/airflow/example_dags/example_python_operator.py
[2024-11-04T20:13:40.337+0000] {processor.py:925} INFO - DAG(s) 'example_python_operator' retrieved from /home/airflow/.local/lib/python3.12/site-packages/airflow/example_dags/example_python_operator.py
[2024-11-04T20:13:40.556+0000] {logging_mixin.py:190} INFO - [2024-11-04T20:13:40.554+0000] {override.py:1900} INFO - Created Permission View: can edit on DAG:example_python_operator
[2024-11-04T20:13:40.629+0000] {logging_mixin.py:190} INFO - [2024-11-04T20:13:40.629+0000] {override.py:1900} INFO - Created Permission View: can read on DAG:example_python_operator
[2024-11-04T20:13:40.656+0000] {logging_mixin.py:190} INFO - [2024-11-04T20:13:40.655+0000] {override.py:1900} INFO - Created Permission View: can delete on DAG:example_python_operator
[2024-11-04T20:13:40.674+0000] {logging_mixin.py:190} INFO - [2024-11-04T20:13:40.673+0000] {override.py:1900} INFO - Created Permission View: menu access on DAG Run:example_python_operator
[2024-11-04T20:13:40.690+0000] {logging_mixin.py:190} INFO - [2024-11-04T20:13:40.690+0000] {override.py:1900} INFO - Created Permission View: can read on DAG Run:example_python_operator
[2024-11-04T20:13:40.700+0000] {logging_mixin.py:190} INFO - [2024-11-04T20:13:40.700+0000] {override.py:1900} INFO - Created Permission View: can create on DAG Run:example_python_operator
[2024-11-04T20:13:40.722+0000] {logging_mixin.py:190} INFO - [2024-11-04T20:13:40.722+0000] {override.py:1900} INFO - Created Permission View: can delete on DAG Run:example_python_operator
[2024-11-04T20:13:40.729+0000] {logging_mixin.py:190} INFO - [2024-11-04T20:13:40.727+0000] {dag.py:3239} INFO - Sync 1 DAGs
[2024-11-04T20:13:40.754+0000] {logging_mixin.py:190} INFO - [2024-11-04T20:13:40.754+0000] {dag.py:3262} INFO - Creating ORM DAG for example_python_operator
[2024-11-04T20:13:40.759+0000] {logging_mixin.py:190} INFO - [2024-11-04T20:13:40.758+0000] {dag.py:4180} INFO - Setting next_dagrun for example_python_operator to None, run_after=None
[2024-11-04T20:13:40.802+0000] {processor.py:208} INFO - Processing /home/airflow/.local/lib/python3.12/site-packages/airflow/example_dags/example_python_operator.py took 0.533 seconds
[2024-11-04T20:14:11.905+0000] {processor.py:186} INFO - Started process (PID=172) to work on /home/airflow/.local/lib/python3.12/site-packages/airflow/example_dags/example_python_operator.py
[2024-11-04T20:14:11.907+0000] {processor.py:914} INFO - Processing file /home/airflow/.local/lib/python3.12/site-packages/airflow/example_dags/example_python_operator.py for tasks to queue
[2024-11-04T20:14:11.910+0000] {logging_mixin.py:190} INFO - [2024-11-04T20:14:11.909+0000] {dagbag.py:588} INFO - Filling up the DagBag from /home/airflow/.local/lib/python3.12/site-packages/airflow/example_dags/example_python_operator.py
[2024-11-04T20:14:11.929+0000] {processor.py:925} INFO - DAG(s) 'example_python_operator' retrieved from /home/airflow/.local/lib/python3.12/site-packages/airflow/example_dags/example_python_operator.py
[2024-11-04T20:14:11.986+0000] {logging_mixin.py:190} INFO - [2024-11-04T20:14:11.986+0000] {dag.py:3239} INFO - Sync 1 DAGs
[2024-11-04T20:14:12.029+0000] {logging_mixin.py:190} INFO - [2024-11-04T20:14:12.028+0000] {dag.py:4180} INFO - Setting next_dagrun for example_python_operator to None, run_after=None
[2024-11-04T20:14:12.084+0000] {processor.py:208} INFO - Processing /home/airflow/.local/lib/python3.12/site-packages/airflow/example_dags/example_python_operator.py took 0.186 seconds
[2024-11-04T20:14:42.158+0000] {processor.py:186} INFO - Started process (PID=234) to work on /home/airflow/.local/lib/python3.12/site-packages/airflow/example_dags/example_python_operator.py
[2024-11-04T20:14:42.160+0000] {processor.py:914} INFO - Processing file /home/airflow/.local/lib/python3.12/site-packages/airflow/example_dags/example_python_operator.py for tasks to queue
[2024-11-04T20:14:42.164+0000] {logging_mixin.py:190} INFO - [2024-11-04T20:14:42.164+0000] {dagbag.py:588} INFO - Filling up the DagBag from /home/airflow/.local/lib/python3.12/site-packages/airflow/example_dags/example_python_operator.py
[2024-11-04T20:14:42.181+0000] {processor.py:925} INFO - DAG(s) 'example_python_operator' retrieved from /home/airflow/.local/lib/python3.12/site-packages/airflow/example_dags/example_python_operator.py
[2024-11-04T20:14:42.211+0000] {logging_mixin.py:190} INFO - [2024-11-04T20:14:42.211+0000] {dag.py:3239} INFO - Sync 1 DAGs
[2024-11-04T20:14:42.230+0000] {logging_mixin.py:190} INFO - [2024-11-04T20:14:42.230+0000] {dag.py:4180} INFO - Setting next_dagrun for example_python_operator to None, run_after=None
[2024-11-04T20:14:42.253+0000] {processor.py:208} INFO - Processing /home/airflow/.local/lib/python3.12/site-packages/airflow/example_dags/example_python_operator.py took 0.102 seconds
[2024-11-04T20:15:12.373+0000] {processor.py:186} INFO - Started process (PID=296) to work on /home/airflow/.local/lib/python3.12/site-packages/airflow/example_dags/example_python_operator.py
[2024-11-04T20:15:12.374+0000] {processor.py:914} INFO - Processing file /home/airflow/.local/lib/python3.12/site-packages/airflow/example_dags/example_python_operator.py for tasks to queue
[2024-11-04T20:15:12.380+0000] {logging_mixin.py:190} INFO - [2024-11-04T20:15:12.379+0000] {dagbag.py:588} INFO - Filling up the DagBag from /home/airflow/.local/lib/python3.12/site-packages/airflow/example_dags/example_python_operator.py
[2024-11-04T20:15:12.400+0000] {processor.py:925} INFO - DAG(s) 'example_python_operator' retrieved from /home/airflow/.local/lib/python3.12/site-packages/airflow/example_dags/example_python_operator.py
[2024-11-04T20:15:12.432+0000] {logging_mixin.py:190} INFO - [2024-11-04T20:15:12.432+0000] {dag.py:3239} INFO - Sync 1 DAGs
[2024-11-04T20:15:12.469+0000] {logging_mixin.py:190} INFO - [2024-11-04T20:15:12.469+0000] {dag.py:4180} INFO - Setting next_dagrun for example_python_operator to None, run_after=None
[2024-11-04T20:15:12.530+0000] {processor.py:208} INFO - Processing /home/airflow/.local/lib/python3.12/site-packages/airflow/example_dags/example_python_operator.py took 0.164 seconds
[2024-11-04T20:15:42.844+0000] {processor.py:186} INFO - Started process (PID=358) to work on /home/airflow/.local/lib/python3.12/site-packages/airflow/example_dags/example_python_operator.py
[2024-11-04T20:15:42.845+0000] {processor.py:914} INFO - Processing file /home/airflow/.local/lib/python3.12/site-packages/airflow/example_dags/example_python_operator.py for tasks to queue
[2024-11-04T20:15:42.848+0000] {logging_mixin.py:190} INFO - [2024-11-04T20:15:42.847+0000] {dagbag.py:588} INFO - Filling up the DagBag from /home/airflow/.local/lib/python3.12/site-packages/airflow/example_dags/example_python_operator.py
[2024-11-04T20:15:42.863+0000] {processor.py:925} INFO - DAG(s) 'example_python_operator' retrieved from /home/airflow/.local/lib/python3.12/site-packages/airflow/example_dags/example_python_operator.py
[2024-11-04T20:15:42.889+0000] {logging_mixin.py:190} INFO - [2024-11-04T20:15:42.889+0000] {dag.py:3239} INFO - Sync 1 DAGs
[2024-11-04T20:15:42.906+0000] {logging_mixin.py:190} INFO - [2024-11-04T20:15:42.906+0000] {dag.py:4180} INFO - Setting next_dagrun for example_python_operator to None, run_after=None
[2024-11-04T20:15:42.931+0000] {processor.py:208} INFO - Processing /home/airflow/.local/lib/python3.12/site-packages/airflow/example_dags/example_python_operator.py took 0.095 seconds
[2024-11-04T20:16:13.383+0000] {processor.py:186} INFO - Started process (PID=420) to work on /home/airflow/.local/lib/python3.12/site-packages/airflow/example_dags/example_python_operator.py
[2024-11-04T20:16:13.385+0000] {processor.py:914} INFO - Processing file /home/airflow/.local/lib/python3.12/site-packages/airflow/example_dags/example_python_operator.py for tasks to queue
[2024-11-04T20:16:13.393+0000] {logging_mixin.py:190} INFO - [2024-11-04T20:16:13.387+0000] {dagbag.py:588} INFO - Filling up the DagBag from /home/airflow/.local/lib/python3.12/site-packages/airflow/example_dags/example_python_operator.py
[2024-11-04T20:16:13.415+0000] {processor.py:925} INFO - DAG(s) 'example_python_operator' retrieved from /home/airflow/.local/lib/python3.12/site-packages/airflow/example_dags/example_python_operator.py
[2024-11-04T20:16:13.449+0000] {logging_mixin.py:190} INFO - [2024-11-04T20:16:13.449+0000] {dag.py:3239} INFO - Sync 1 DAGs
[2024-11-04T20:16:13.477+0000] {logging_mixin.py:190} INFO - [2024-11-04T20:16:13.477+0000] {dag.py:4180} INFO - Setting next_dagrun for example_python_operator to None, run_after=None
[2024-11-04T20:16:13.533+0000] {processor.py:208} INFO - Processing /home/airflow/.local/lib/python3.12/site-packages/airflow/example_dags/example_python_operator.py took 0.160 seconds
[2024-11-04T20:16:44.008+0000] {processor.py:186} INFO - Started process (PID=482) to work on /home/airflow/.local/lib/python3.12/site-packages/airflow/example_dags/example_python_operator.py
[2024-11-04T20:16:44.012+0000] {processor.py:914} INFO - Processing file /home/airflow/.local/lib/python3.12/site-packages/airflow/example_dags/example_python_operator.py for tasks to queue
[2024-11-04T20:16:44.024+0000] {logging_mixin.py:190} INFO - [2024-11-04T20:16:44.016+0000] {dagbag.py:588} INFO - Filling up the DagBag from /home/airflow/.local/lib/python3.12/site-packages/airflow/example_dags/example_python_operator.py
[2024-11-04T20:16:44.066+0000] {processor.py:925} INFO - DAG(s) 'example_python_operator' retrieved from /home/airflow/.local/lib/python3.12/site-packages/airflow/example_dags/example_python_operator.py
[2024-11-04T20:16:44.159+0000] {logging_mixin.py:190} INFO - [2024-11-04T20:16:44.158+0000] {dag.py:3239} INFO - Sync 1 DAGs
[2024-11-04T20:16:44.237+0000] {logging_mixin.py:190} INFO - [2024-11-04T20:16:44.237+0000] {dag.py:4180} INFO - Setting next_dagrun for example_python_operator to None, run_after=None
[2024-11-04T20:16:44.350+0000] {processor.py:208} INFO - Processing /home/airflow/.local/lib/python3.12/site-packages/airflow/example_dags/example_python_operator.py took 0.357 seconds
[2024-11-04T20:17:16.608+0000] {processor.py:186} INFO - Started process (PID=544) to work on /home/airflow/.local/lib/python3.12/site-packages/airflow/example_dags/example_python_operator.py
[2024-11-04T20:17:16.616+0000] {processor.py:914} INFO - Processing file /home/airflow/.local/lib/python3.12/site-packages/airflow/example_dags/example_python_operator.py for tasks to queue
[2024-11-04T20:17:16.623+0000] {logging_mixin.py:190} INFO - [2024-11-04T20:17:16.623+0000] {dagbag.py:588} INFO - Filling up the DagBag from /home/airflow/.local/lib/python3.12/site-packages/airflow/example_dags/example_python_operator.py
[2024-11-04T20:17:16.695+0000] {processor.py:925} INFO - DAG(s) 'example_python_operator' retrieved from /home/airflow/.local/lib/python3.12/site-packages/airflow/example_dags/example_python_operator.py
[2024-11-04T20:17:16.792+0000] {logging_mixin.py:190} INFO - [2024-11-04T20:17:16.792+0000] {dag.py:3239} INFO - Sync 1 DAGs
[2024-11-04T20:17:16.842+0000] {logging_mixin.py:190} INFO - [2024-11-04T20:17:16.842+0000] {dag.py:4180} INFO - Setting next_dagrun for example_python_operator to None, run_after=None
[2024-11-04T20:17:16.904+0000] {processor.py:208} INFO - Processing /home/airflow/.local/lib/python3.12/site-packages/airflow/example_dags/example_python_operator.py took 0.323 seconds
[2024-11-04T20:17:48.210+0000] {processor.py:186} INFO - Started process (PID=605) to work on /home/airflow/.local/lib/python3.12/site-packages/airflow/example_dags/example_python_operator.py
[2024-11-04T20:17:48.214+0000] {processor.py:914} INFO - Processing file /home/airflow/.local/lib/python3.12/site-packages/airflow/example_dags/example_python_operator.py for tasks to queue
[2024-11-04T20:17:48.218+0000] {logging_mixin.py:190} INFO - [2024-11-04T20:17:48.217+0000] {dagbag.py:588} INFO - Filling up the DagBag from /home/airflow/.local/lib/python3.12/site-packages/airflow/example_dags/example_python_operator.py
[2024-11-04T20:17:48.251+0000] {processor.py:925} INFO - DAG(s) 'example_python_operator' retrieved from /home/airflow/.local/lib/python3.12/site-packages/airflow/example_dags/example_python_operator.py
[2024-11-04T20:17:48.292+0000] {logging_mixin.py:190} INFO - [2024-11-04T20:17:48.292+0000] {dag.py:3239} INFO - Sync 1 DAGs
[2024-11-04T20:17:48.328+0000] {logging_mixin.py:190} INFO - [2024-11-04T20:17:48.327+0000] {dag.py:4180} INFO - Setting next_dagrun for example_python_operator to None, run_after=None
[2024-11-04T20:17:48.372+0000] {processor.py:208} INFO - Processing /home/airflow/.local/lib/python3.12/site-packages/airflow/example_dags/example_python_operator.py took 0.179 seconds
[2024-11-04T20:18:18.629+0000] {processor.py:186} INFO - Started process (PID=668) to work on /home/airflow/.local/lib/python3.12/site-packages/airflow/example_dags/example_python_operator.py
[2024-11-04T20:18:18.630+0000] {processor.py:914} INFO - Processing file /home/airflow/.local/lib/python3.12/site-packages/airflow/example_dags/example_python_operator.py for tasks to queue
[2024-11-04T20:18:18.633+0000] {logging_mixin.py:190} INFO - [2024-11-04T20:18:18.632+0000] {dagbag.py:588} INFO - Filling up the DagBag from /home/airflow/.local/lib/python3.12/site-packages/airflow/example_dags/example_python_operator.py
[2024-11-04T20:18:18.646+0000] {processor.py:925} INFO - DAG(s) 'example_python_operator' retrieved from /home/airflow/.local/lib/python3.12/site-packages/airflow/example_dags/example_python_operator.py
[2024-11-04T20:18:18.670+0000] {logging_mixin.py:190} INFO - [2024-11-04T20:18:18.669+0000] {dag.py:3239} INFO - Sync 1 DAGs
[2024-11-04T20:18:18.685+0000] {logging_mixin.py:190} INFO - [2024-11-04T20:18:18.685+0000] {dag.py:4180} INFO - Setting next_dagrun for example_python_operator to None, run_after=None
[2024-11-04T20:18:18.706+0000] {processor.py:208} INFO - Processing /home/airflow/.local/lib/python3.12/site-packages/airflow/example_dags/example_python_operator.py took 0.084 seconds
[2024-11-04T20:18:49.333+0000] {processor.py:186} INFO - Started process (PID=731) to work on /home/airflow/.local/lib/python3.12/site-packages/airflow/example_dags/example_python_operator.py
[2024-11-04T20:18:49.335+0000] {processor.py:914} INFO - Processing file /home/airflow/.local/lib/python3.12/site-packages/airflow/example_dags/example_python_operator.py for tasks to queue
[2024-11-04T20:18:49.339+0000] {logging_mixin.py:190} INFO - [2024-11-04T20:18:49.339+0000] {dagbag.py:588} INFO - Filling up the DagBag from /home/airflow/.local/lib/python3.12/site-packages/airflow/example_dags/example_python_operator.py
[2024-11-04T20:18:49.355+0000] {processor.py:925} INFO - DAG(s) 'example_python_operator' retrieved from /home/airflow/.local/lib/python3.12/site-packages/airflow/example_dags/example_python_operator.py
[2024-11-04T20:18:49.383+0000] {logging_mixin.py:190} INFO - [2024-11-04T20:18:49.383+0000] {dag.py:3239} INFO - Sync 1 DAGs
[2024-11-04T20:18:49.401+0000] {logging_mixin.py:190} INFO - [2024-11-04T20:18:49.401+0000] {dag.py:4180} INFO - Setting next_dagrun for example_python_operator to None, run_after=None
[2024-11-04T20:18:49.425+0000] {processor.py:208} INFO - Processing /home/airflow/.local/lib/python3.12/site-packages/airflow/example_dags/example_python_operator.py took 0.098 seconds
[2024-11-04T20:19:19.968+0000] {processor.py:186} INFO - Started process (PID=794) to work on /home/airflow/.local/lib/python3.12/site-packages/airflow/example_dags/example_python_operator.py
[2024-11-04T20:19:19.970+0000] {processor.py:914} INFO - Processing file /home/airflow/.local/lib/python3.12/site-packages/airflow/example_dags/example_python_operator.py for tasks to queue
[2024-11-04T20:19:19.974+0000] {logging_mixin.py:190} INFO - [2024-11-04T20:19:19.973+0000] {dagbag.py:588} INFO - Filling up the DagBag from /home/airflow/.local/lib/python3.12/site-packages/airflow/example_dags/example_python_operator.py
[2024-11-04T20:19:20.002+0000] {processor.py:925} INFO - DAG(s) 'example_python_operator' retrieved from /home/airflow/.local/lib/python3.12/site-packages/airflow/example_dags/example_python_operator.py
[2024-11-04T20:19:20.054+0000] {logging_mixin.py:190} INFO - [2024-11-04T20:19:20.054+0000] {dag.py:3239} INFO - Sync 1 DAGs
[2024-11-04T20:19:20.095+0000] {logging_mixin.py:190} INFO - [2024-11-04T20:19:20.094+0000] {dag.py:4180} INFO - Setting next_dagrun for example_python_operator to None, run_after=None
[2024-11-04T20:19:20.123+0000] {processor.py:208} INFO - Processing /home/airflow/.local/lib/python3.12/site-packages/airflow/example_dags/example_python_operator.py took 0.168 seconds
[2024-11-04T20:19:52.195+0000] {processor.py:186} INFO - Started process (PID=857) to work on /home/airflow/.local/lib/python3.12/site-packages/airflow/example_dags/example_python_operator.py
[2024-11-04T20:19:52.201+0000] {processor.py:914} INFO - Processing file /home/airflow/.local/lib/python3.12/site-packages/airflow/example_dags/example_python_operator.py for tasks to queue
[2024-11-04T20:19:52.211+0000] {logging_mixin.py:190} INFO - [2024-11-04T20:19:52.211+0000] {dagbag.py:588} INFO - Filling up the DagBag from /home/airflow/.local/lib/python3.12/site-packages/airflow/example_dags/example_python_operator.py
[2024-11-04T20:19:52.263+0000] {processor.py:925} INFO - DAG(s) 'example_python_operator' retrieved from /home/airflow/.local/lib/python3.12/site-packages/airflow/example_dags/example_python_operator.py
[2024-11-04T20:19:52.392+0000] {logging_mixin.py:190} INFO - [2024-11-04T20:19:52.391+0000] {dag.py:3239} INFO - Sync 1 DAGs
[2024-11-04T20:19:52.475+0000] {logging_mixin.py:190} INFO - [2024-11-04T20:19:52.474+0000] {dag.py:4180} INFO - Setting next_dagrun for example_python_operator to None, run_after=None
[2024-11-04T20:19:52.609+0000] {processor.py:208} INFO - Processing /home/airflow/.local/lib/python3.12/site-packages/airflow/example_dags/example_python_operator.py took 0.432 seconds
[2024-11-04T20:20:23.808+0000] {processor.py:186} INFO - Started process (PID=920) to work on /home/airflow/.local/lib/python3.12/site-packages/airflow/example_dags/example_python_operator.py
[2024-11-04T20:20:23.809+0000] {processor.py:914} INFO - Processing file /home/airflow/.local/lib/python3.12/site-packages/airflow/example_dags/example_python_operator.py for tasks to queue
[2024-11-04T20:20:23.814+0000] {logging_mixin.py:190} INFO - [2024-11-04T20:20:23.813+0000] {dagbag.py:588} INFO - Filling up the DagBag from /home/airflow/.local/lib/python3.12/site-packages/airflow/example_dags/example_python_operator.py
[2024-11-04T20:20:23.837+0000] {processor.py:925} INFO - DAG(s) 'example_python_operator' retrieved from /home/airflow/.local/lib/python3.12/site-packages/airflow/example_dags/example_python_operator.py
[2024-11-04T20:20:23.924+0000] {logging_mixin.py:190} INFO - [2024-11-04T20:20:23.924+0000] {dag.py:3239} INFO - Sync 1 DAGs
[2024-11-04T20:20:23.961+0000] {logging_mixin.py:190} INFO - [2024-11-04T20:20:23.961+0000] {dag.py:4180} INFO - Setting next_dagrun for example_python_operator to None, run_after=None
[2024-11-04T20:20:24.010+0000] {processor.py:208} INFO - Processing /home/airflow/.local/lib/python3.12/site-packages/airflow/example_dags/example_python_operator.py took 0.212 seconds
[2024-11-04T20:20:54.623+0000] {processor.py:186} INFO - Started process (PID=983) to work on /home/airflow/.local/lib/python3.12/site-packages/airflow/example_dags/example_python_operator.py
[2024-11-04T20:20:54.625+0000] {processor.py:914} INFO - Processing file /home/airflow/.local/lib/python3.12/site-packages/airflow/example_dags/example_python_operator.py for tasks to queue
[2024-11-04T20:20:54.628+0000] {logging_mixin.py:190} INFO - [2024-11-04T20:20:54.628+0000] {dagbag.py:588} INFO - Filling up the DagBag from /home/airflow/.local/lib/python3.12/site-packages/airflow/example_dags/example_python_operator.py
[2024-11-04T20:20:54.644+0000] {processor.py:925} INFO - DAG(s) 'example_python_operator' retrieved from /home/airflow/.local/lib/python3.12/site-packages/airflow/example_dags/example_python_operator.py
[2024-11-04T20:20:54.675+0000] {logging_mixin.py:190} INFO - [2024-11-04T20:20:54.675+0000] {dag.py:3239} INFO - Sync 1 DAGs
[2024-11-04T20:20:54.691+0000] {logging_mixin.py:190} INFO - [2024-11-04T20:20:54.691+0000] {dag.py:4180} INFO - Setting next_dagrun for example_python_operator to None, run_after=None
[2024-11-04T20:20:54.714+0000] {processor.py:208} INFO - Processing /home/airflow/.local/lib/python3.12/site-packages/airflow/example_dags/example_python_operator.py took 0.098 seconds
[2024-11-04T20:21:24.810+0000] {processor.py:186} INFO - Started process (PID=1046) to work on /home/airflow/.local/lib/python3.12/site-packages/airflow/example_dags/example_python_operator.py
[2024-11-04T20:21:24.811+0000] {processor.py:914} INFO - Processing file /home/airflow/.local/lib/python3.12/site-packages/airflow/example_dags/example_python_operator.py for tasks to queue
[2024-11-04T20:21:24.814+0000] {logging_mixin.py:190} INFO - [2024-11-04T20:21:24.814+0000] {dagbag.py:588} INFO - Filling up the DagBag from /home/airflow/.local/lib/python3.12/site-packages/airflow/example_dags/example_python_operator.py
[2024-11-04T20:21:24.827+0000] {processor.py:925} INFO - DAG(s) 'example_python_operator' retrieved from /home/airflow/.local/lib/python3.12/site-packages/airflow/example_dags/example_python_operator.py
[2024-11-04T20:21:24.852+0000] {logging_mixin.py:190} INFO - [2024-11-04T20:21:24.851+0000] {dag.py:3239} INFO - Sync 1 DAGs
[2024-11-04T20:21:24.871+0000] {logging_mixin.py:190} INFO - [2024-11-04T20:21:24.871+0000] {dag.py:4180} INFO - Setting next_dagrun for example_python_operator to None, run_after=None
[2024-11-04T20:21:24.896+0000] {processor.py:208} INFO - Processing /home/airflow/.local/lib/python3.12/site-packages/airflow/example_dags/example_python_operator.py took 0.093 seconds
[2024-11-04T20:21:55.380+0000] {processor.py:186} INFO - Started process (PID=1109) to work on /home/airflow/.local/lib/python3.12/site-packages/airflow/example_dags/example_python_operator.py
[2024-11-04T20:21:55.381+0000] {processor.py:914} INFO - Processing file /home/airflow/.local/lib/python3.12/site-packages/airflow/example_dags/example_python_operator.py for tasks to queue
[2024-11-04T20:21:55.384+0000] {logging_mixin.py:190} INFO - [2024-11-04T20:21:55.384+0000] {dagbag.py:588} INFO - Filling up the DagBag from /home/airflow/.local/lib/python3.12/site-packages/airflow/example_dags/example_python_operator.py
[2024-11-04T20:21:55.397+0000] {processor.py:925} INFO - DAG(s) 'example_python_operator' retrieved from /home/airflow/.local/lib/python3.12/site-packages/airflow/example_dags/example_python_operator.py
[2024-11-04T20:21:55.419+0000] {logging_mixin.py:190} INFO - [2024-11-04T20:21:55.419+0000] {dag.py:3239} INFO - Sync 1 DAGs
[2024-11-04T20:21:55.435+0000] {logging_mixin.py:190} INFO - [2024-11-04T20:21:55.434+0000] {dag.py:4180} INFO - Setting next_dagrun for example_python_operator to None, run_after=None
[2024-11-04T20:21:55.453+0000] {processor.py:208} INFO - Processing /home/airflow/.local/lib/python3.12/site-packages/airflow/example_dags/example_python_operator.py took 0.080 seconds
[2024-11-04T20:22:25.798+0000] {processor.py:186} INFO - Started process (PID=1171) to work on /home/airflow/.local/lib/python3.12/site-packages/airflow/example_dags/example_python_operator.py
[2024-11-04T20:22:25.799+0000] {processor.py:914} INFO - Processing file /home/airflow/.local/lib/python3.12/site-packages/airflow/example_dags/example_python_operator.py for tasks to queue
[2024-11-04T20:22:25.802+0000] {logging_mixin.py:190} INFO - [2024-11-04T20:22:25.802+0000] {dagbag.py:588} INFO - Filling up the DagBag from /home/airflow/.local/lib/python3.12/site-packages/airflow/example_dags/example_python_operator.py
[2024-11-04T20:22:25.815+0000] {processor.py:925} INFO - DAG(s) 'example_python_operator' retrieved from /home/airflow/.local/lib/python3.12/site-packages/airflow/example_dags/example_python_operator.py
[2024-11-04T20:22:25.838+0000] {logging_mixin.py:190} INFO - [2024-11-04T20:22:25.837+0000] {dag.py:3239} INFO - Sync 1 DAGs
[2024-11-04T20:22:25.854+0000] {logging_mixin.py:190} INFO - [2024-11-04T20:22:25.853+0000] {dag.py:4180} INFO - Setting next_dagrun for example_python_operator to None, run_after=None
[2024-11-04T20:22:25.873+0000] {processor.py:208} INFO - Processing /home/airflow/.local/lib/python3.12/site-packages/airflow/example_dags/example_python_operator.py took 0.081 seconds
[2024-11-04T20:22:56.248+0000] {processor.py:186} INFO - Started process (PID=1234) to work on /home/airflow/.local/lib/python3.12/site-packages/airflow/example_dags/example_python_operator.py
[2024-11-04T20:22:56.249+0000] {processor.py:914} INFO - Processing file /home/airflow/.local/lib/python3.12/site-packages/airflow/example_dags/example_python_operator.py for tasks to queue
[2024-11-04T20:22:56.252+0000] {logging_mixin.py:190} INFO - [2024-11-04T20:22:56.252+0000] {dagbag.py:588} INFO - Filling up the DagBag from /home/airflow/.local/lib/python3.12/site-packages/airflow/example_dags/example_python_operator.py
[2024-11-04T20:22:56.266+0000] {processor.py:925} INFO - DAG(s) 'example_python_operator' retrieved from /home/airflow/.local/lib/python3.12/site-packages/airflow/example_dags/example_python_operator.py
[2024-11-04T20:22:56.289+0000] {logging_mixin.py:190} INFO - [2024-11-04T20:22:56.289+0000] {dag.py:3239} INFO - Sync 1 DAGs
[2024-11-04T20:22:56.307+0000] {logging_mixin.py:190} INFO - [2024-11-04T20:22:56.307+0000] {dag.py:4180} INFO - Setting next_dagrun for example_python_operator to None, run_after=None
[2024-11-04T20:22:56.327+0000] {processor.py:208} INFO - Processing /home/airflow/.local/lib/python3.12/site-packages/airflow/example_dags/example_python_operator.py took 0.086 seconds
