[2024-11-04T20:13:43.833+0000] {processor.py:186} INFO - Started process (PID=122) to work on /home/airflow/.local/lib/python3.12/site-packages/airflow/example_dags/example_sla_dag.py
[2024-11-04T20:13:43.834+0000] {processor.py:914} INFO - Processing file /home/airflow/.local/lib/python3.12/site-packages/airflow/example_dags/example_sla_dag.py for tasks to queue
[2024-11-04T20:13:43.839+0000] {logging_mixin.py:190} INFO - [2024-11-04T20:13:43.838+0000] {dagbag.py:588} INFO - Filling up the DagBag from /home/airflow/.local/lib/python3.12/site-packages/airflow/example_dags/example_sla_dag.py
[2024-11-04T20:13:43.866+0000] {processor.py:925} INFO - DAG(s) 'example_sla_dag' retrieved from /home/airflow/.local/lib/python3.12/site-packages/airflow/example_dags/example_sla_dag.py
[2024-11-04T20:13:44.502+0000] {logging_mixin.py:190} INFO - [2024-11-04T20:13:44.501+0000] {override.py:1900} INFO - Created Permission View: can edit on DAG:example_sla_dag
[2024-11-04T20:13:44.533+0000] {logging_mixin.py:190} INFO - [2024-11-04T20:13:44.532+0000] {override.py:1900} INFO - Created Permission View: can read on DAG:example_sla_dag
[2024-11-04T20:13:44.547+0000] {logging_mixin.py:190} INFO - [2024-11-04T20:13:44.546+0000] {override.py:1900} INFO - Created Permission View: can delete on DAG:example_sla_dag
[2024-11-04T20:13:44.566+0000] {logging_mixin.py:190} INFO - [2024-11-04T20:13:44.566+0000] {override.py:1900} INFO - Created Permission View: menu access on DAG Run:example_sla_dag
[2024-11-04T20:13:44.579+0000] {logging_mixin.py:190} INFO - [2024-11-04T20:13:44.579+0000] {override.py:1900} INFO - Created Permission View: can read on DAG Run:example_sla_dag
[2024-11-04T20:13:44.600+0000] {logging_mixin.py:190} INFO - [2024-11-04T20:13:44.599+0000] {override.py:1900} INFO - Created Permission View: can create on DAG Run:example_sla_dag
[2024-11-04T20:13:44.612+0000] {logging_mixin.py:190} INFO - [2024-11-04T20:13:44.611+0000] {override.py:1900} INFO - Created Permission View: can delete on DAG Run:example_sla_dag
[2024-11-04T20:13:44.614+0000] {logging_mixin.py:190} INFO - [2024-11-04T20:13:44.613+0000] {dag.py:3239} INFO - Sync 1 DAGs
[2024-11-04T20:13:44.641+0000] {logging_mixin.py:190} INFO - [2024-11-04T20:13:44.641+0000] {dag.py:3262} INFO - Creating ORM DAG for example_sla_dag
[2024-11-04T20:13:44.668+0000] {logging_mixin.py:190} INFO - [2024-11-04T20:13:44.666+0000] {dag.py:4180} INFO - Setting next_dagrun for example_sla_dag to 2024-11-04 20:10:00+00:00, run_after=2024-11-04 20:12:00+00:00
[2024-11-04T20:13:44.719+0000] {processor.py:208} INFO - Processing /home/airflow/.local/lib/python3.12/site-packages/airflow/example_dags/example_sla_dag.py took 0.911 seconds
[2024-11-04T20:14:15.292+0000] {processor.py:186} INFO - Started process (PID=184) to work on /home/airflow/.local/lib/python3.12/site-packages/airflow/example_dags/example_sla_dag.py
[2024-11-04T20:14:15.295+0000] {processor.py:914} INFO - Processing file /home/airflow/.local/lib/python3.12/site-packages/airflow/example_dags/example_sla_dag.py for tasks to queue
[2024-11-04T20:14:15.304+0000] {logging_mixin.py:190} INFO - [2024-11-04T20:14:15.303+0000] {dagbag.py:588} INFO - Filling up the DagBag from /home/airflow/.local/lib/python3.12/site-packages/airflow/example_dags/example_sla_dag.py
[2024-11-04T20:14:15.331+0000] {processor.py:925} INFO - DAG(s) 'example_sla_dag' retrieved from /home/airflow/.local/lib/python3.12/site-packages/airflow/example_dags/example_sla_dag.py
[2024-11-04T20:14:15.365+0000] {logging_mixin.py:190} INFO - [2024-11-04T20:14:15.364+0000] {dag.py:3239} INFO - Sync 1 DAGs
[2024-11-04T20:14:15.409+0000] {logging_mixin.py:190} INFO - [2024-11-04T20:14:15.409+0000] {dag.py:4180} INFO - Setting next_dagrun for example_sla_dag to 2024-11-04 20:12:00+00:00, run_after=2024-11-04 20:14:00+00:00
[2024-11-04T20:14:15.450+0000] {processor.py:208} INFO - Processing /home/airflow/.local/lib/python3.12/site-packages/airflow/example_dags/example_sla_dag.py took 0.167 seconds
[2024-11-04T20:14:46.237+0000] {processor.py:186} INFO - Started process (PID=247) to work on /home/airflow/.local/lib/python3.12/site-packages/airflow/example_dags/example_sla_dag.py
[2024-11-04T20:14:46.238+0000] {processor.py:914} INFO - Processing file /home/airflow/.local/lib/python3.12/site-packages/airflow/example_dags/example_sla_dag.py for tasks to queue
[2024-11-04T20:14:46.241+0000] {logging_mixin.py:190} INFO - [2024-11-04T20:14:46.241+0000] {dagbag.py:588} INFO - Filling up the DagBag from /home/airflow/.local/lib/python3.12/site-packages/airflow/example_dags/example_sla_dag.py
[2024-11-04T20:14:46.253+0000] {processor.py:925} INFO - DAG(s) 'example_sla_dag' retrieved from /home/airflow/.local/lib/python3.12/site-packages/airflow/example_dags/example_sla_dag.py
[2024-11-04T20:14:46.276+0000] {logging_mixin.py:190} INFO - [2024-11-04T20:14:46.276+0000] {dag.py:3239} INFO - Sync 1 DAGs
[2024-11-04T20:14:46.308+0000] {logging_mixin.py:190} INFO - [2024-11-04T20:14:46.308+0000] {dag.py:4180} INFO - Setting next_dagrun for example_sla_dag to 2024-11-04 20:12:00+00:00, run_after=2024-11-04 20:14:00+00:00
[2024-11-04T20:14:46.328+0000] {processor.py:208} INFO - Processing /home/airflow/.local/lib/python3.12/site-packages/airflow/example_dags/example_sla_dag.py took 0.098 seconds
[2024-11-04T20:15:16.475+0000] {processor.py:186} INFO - Started process (PID=309) to work on /home/airflow/.local/lib/python3.12/site-packages/airflow/example_dags/example_sla_dag.py
[2024-11-04T20:15:16.476+0000] {processor.py:914} INFO - Processing file /home/airflow/.local/lib/python3.12/site-packages/airflow/example_dags/example_sla_dag.py for tasks to queue
[2024-11-04T20:15:16.479+0000] {logging_mixin.py:190} INFO - [2024-11-04T20:15:16.479+0000] {dagbag.py:588} INFO - Filling up the DagBag from /home/airflow/.local/lib/python3.12/site-packages/airflow/example_dags/example_sla_dag.py
[2024-11-04T20:15:16.491+0000] {processor.py:925} INFO - DAG(s) 'example_sla_dag' retrieved from /home/airflow/.local/lib/python3.12/site-packages/airflow/example_dags/example_sla_dag.py
[2024-11-04T20:15:16.520+0000] {logging_mixin.py:190} INFO - [2024-11-04T20:15:16.519+0000] {dag.py:3239} INFO - Sync 1 DAGs
[2024-11-04T20:15:16.556+0000] {logging_mixin.py:190} INFO - [2024-11-04T20:15:16.555+0000] {dag.py:4180} INFO - Setting next_dagrun for example_sla_dag to 2024-11-04 20:12:00+00:00, run_after=2024-11-04 20:14:00+00:00
[2024-11-04T20:15:16.583+0000] {processor.py:208} INFO - Processing /home/airflow/.local/lib/python3.12/site-packages/airflow/example_dags/example_sla_dag.py took 0.115 seconds
[2024-11-04T20:15:47.215+0000] {processor.py:186} INFO - Started process (PID=372) to work on /home/airflow/.local/lib/python3.12/site-packages/airflow/example_dags/example_sla_dag.py
[2024-11-04T20:15:47.220+0000] {processor.py:914} INFO - Processing file /home/airflow/.local/lib/python3.12/site-packages/airflow/example_dags/example_sla_dag.py for tasks to queue
[2024-11-04T20:15:47.223+0000] {logging_mixin.py:190} INFO - [2024-11-04T20:15:47.223+0000] {dagbag.py:588} INFO - Filling up the DagBag from /home/airflow/.local/lib/python3.12/site-packages/airflow/example_dags/example_sla_dag.py
[2024-11-04T20:15:47.240+0000] {processor.py:925} INFO - DAG(s) 'example_sla_dag' retrieved from /home/airflow/.local/lib/python3.12/site-packages/airflow/example_dags/example_sla_dag.py
[2024-11-04T20:15:47.283+0000] {logging_mixin.py:190} INFO - [2024-11-04T20:15:47.282+0000] {dag.py:3239} INFO - Sync 1 DAGs
[2024-11-04T20:15:47.349+0000] {logging_mixin.py:190} INFO - [2024-11-04T20:15:47.349+0000] {dag.py:4180} INFO - Setting next_dagrun for example_sla_dag to 2024-11-04 20:12:00+00:00, run_after=2024-11-04 20:14:00+00:00
[2024-11-04T20:15:47.387+0000] {processor.py:208} INFO - Processing /home/airflow/.local/lib/python3.12/site-packages/airflow/example_dags/example_sla_dag.py took 0.182 seconds
[2024-11-04T20:16:17.995+0000] {processor.py:186} INFO - Started process (PID=434) to work on /home/airflow/.local/lib/python3.12/site-packages/airflow/example_dags/example_sla_dag.py
[2024-11-04T20:16:17.996+0000] {processor.py:914} INFO - Processing file /home/airflow/.local/lib/python3.12/site-packages/airflow/example_dags/example_sla_dag.py for tasks to queue
[2024-11-04T20:16:18.003+0000] {logging_mixin.py:190} INFO - [2024-11-04T20:16:18.002+0000] {dagbag.py:588} INFO - Filling up the DagBag from /home/airflow/.local/lib/python3.12/site-packages/airflow/example_dags/example_sla_dag.py
[2024-11-04T20:16:18.015+0000] {processor.py:925} INFO - DAG(s) 'example_sla_dag' retrieved from /home/airflow/.local/lib/python3.12/site-packages/airflow/example_dags/example_sla_dag.py
[2024-11-04T20:16:18.045+0000] {logging_mixin.py:190} INFO - [2024-11-04T20:16:18.044+0000] {dag.py:3239} INFO - Sync 1 DAGs
[2024-11-04T20:16:18.085+0000] {logging_mixin.py:190} INFO - [2024-11-04T20:16:18.085+0000] {dag.py:4180} INFO - Setting next_dagrun for example_sla_dag to 2024-11-04 20:14:00+00:00, run_after=2024-11-04 20:16:00+00:00
[2024-11-04T20:16:18.115+0000] {processor.py:208} INFO - Processing /home/airflow/.local/lib/python3.12/site-packages/airflow/example_dags/example_sla_dag.py took 0.127 seconds
[2024-11-04T20:16:49.190+0000] {processor.py:186} INFO - Started process (PID=497) to work on /home/airflow/.local/lib/python3.12/site-packages/airflow/example_dags/example_sla_dag.py
[2024-11-04T20:16:49.192+0000] {processor.py:914} INFO - Processing file /home/airflow/.local/lib/python3.12/site-packages/airflow/example_dags/example_sla_dag.py for tasks to queue
[2024-11-04T20:16:49.197+0000] {logging_mixin.py:190} INFO - [2024-11-04T20:16:49.197+0000] {dagbag.py:588} INFO - Filling up the DagBag from /home/airflow/.local/lib/python3.12/site-packages/airflow/example_dags/example_sla_dag.py
[2024-11-04T20:16:49.231+0000] {processor.py:925} INFO - DAG(s) 'example_sla_dag' retrieved from /home/airflow/.local/lib/python3.12/site-packages/airflow/example_dags/example_sla_dag.py
[2024-11-04T20:16:49.274+0000] {logging_mixin.py:190} INFO - [2024-11-04T20:16:49.274+0000] {dag.py:3239} INFO - Sync 1 DAGs
[2024-11-04T20:16:49.342+0000] {logging_mixin.py:190} INFO - [2024-11-04T20:16:49.342+0000] {dag.py:4180} INFO - Setting next_dagrun for example_sla_dag to 2024-11-04 20:14:00+00:00, run_after=2024-11-04 20:16:00+00:00
[2024-11-04T20:16:49.415+0000] {processor.py:208} INFO - Processing /home/airflow/.local/lib/python3.12/site-packages/airflow/example_dags/example_sla_dag.py took 0.244 seconds
[2024-11-04T20:17:29.340+0000] {processor.py:186} INFO - Started process (PID=571) to work on /home/airflow/.local/lib/python3.12/site-packages/airflow/example_dags/example_sla_dag.py
[2024-11-04T20:17:29.342+0000] {processor.py:914} INFO - Processing file /home/airflow/.local/lib/python3.12/site-packages/airflow/example_dags/example_sla_dag.py for tasks to queue
[2024-11-04T20:17:29.348+0000] {logging_mixin.py:190} INFO - [2024-11-04T20:17:29.347+0000] {dagbag.py:588} INFO - Filling up the DagBag from /home/airflow/.local/lib/python3.12/site-packages/airflow/example_dags/example_sla_dag.py
[2024-11-04T20:17:29.389+0000] {processor.py:925} INFO - DAG(s) 'example_sla_dag' retrieved from /home/airflow/.local/lib/python3.12/site-packages/airflow/example_dags/example_sla_dag.py
[2024-11-04T20:17:29.480+0000] {logging_mixin.py:190} INFO - [2024-11-04T20:17:29.474+0000] {dag.py:3239} INFO - Sync 1 DAGs
[2024-11-04T20:17:29.571+0000] {logging_mixin.py:190} INFO - [2024-11-04T20:17:29.570+0000] {dag.py:4180} INFO - Setting next_dagrun for example_sla_dag to 2024-11-04 20:14:00+00:00, run_after=2024-11-04 20:16:00+00:00
[2024-11-04T20:17:29.629+0000] {processor.py:208} INFO - Processing /home/airflow/.local/lib/python3.12/site-packages/airflow/example_dags/example_sla_dag.py took 0.308 seconds
[2024-11-04T20:18:00.297+0000] {processor.py:186} INFO - Started process (PID=633) to work on /home/airflow/.local/lib/python3.12/site-packages/airflow/example_dags/example_sla_dag.py
[2024-11-04T20:18:00.298+0000] {processor.py:914} INFO - Processing file /home/airflow/.local/lib/python3.12/site-packages/airflow/example_dags/example_sla_dag.py for tasks to queue
[2024-11-04T20:18:00.301+0000] {logging_mixin.py:190} INFO - [2024-11-04T20:18:00.301+0000] {dagbag.py:588} INFO - Filling up the DagBag from /home/airflow/.local/lib/python3.12/site-packages/airflow/example_dags/example_sla_dag.py
[2024-11-04T20:18:00.313+0000] {processor.py:925} INFO - DAG(s) 'example_sla_dag' retrieved from /home/airflow/.local/lib/python3.12/site-packages/airflow/example_dags/example_sla_dag.py
[2024-11-04T20:18:00.338+0000] {logging_mixin.py:190} INFO - [2024-11-04T20:18:00.337+0000] {dag.py:3239} INFO - Sync 1 DAGs
[2024-11-04T20:18:00.380+0000] {logging_mixin.py:190} INFO - [2024-11-04T20:18:00.380+0000] {dag.py:4180} INFO - Setting next_dagrun for example_sla_dag to 2024-11-04 20:16:00+00:00, run_after=2024-11-04 20:18:00+00:00
[2024-11-04T20:18:00.403+0000] {processor.py:208} INFO - Processing /home/airflow/.local/lib/python3.12/site-packages/airflow/example_dags/example_sla_dag.py took 0.113 seconds
[2024-11-04T20:18:30.698+0000] {processor.py:186} INFO - Started process (PID=697) to work on /home/airflow/.local/lib/python3.12/site-packages/airflow/example_dags/example_sla_dag.py
[2024-11-04T20:18:30.700+0000] {processor.py:914} INFO - Processing file /home/airflow/.local/lib/python3.12/site-packages/airflow/example_dags/example_sla_dag.py for tasks to queue
[2024-11-04T20:18:30.706+0000] {logging_mixin.py:190} INFO - [2024-11-04T20:18:30.705+0000] {dagbag.py:588} INFO - Filling up the DagBag from /home/airflow/.local/lib/python3.12/site-packages/airflow/example_dags/example_sla_dag.py
[2024-11-04T20:18:30.726+0000] {processor.py:925} INFO - DAG(s) 'example_sla_dag' retrieved from /home/airflow/.local/lib/python3.12/site-packages/airflow/example_dags/example_sla_dag.py
[2024-11-04T20:18:30.759+0000] {logging_mixin.py:190} INFO - [2024-11-04T20:18:30.759+0000] {dag.py:3239} INFO - Sync 1 DAGs
[2024-11-04T20:18:30.790+0000] {logging_mixin.py:190} INFO - [2024-11-04T20:18:30.790+0000] {dag.py:4180} INFO - Setting next_dagrun for example_sla_dag to 2024-11-04 20:16:00+00:00, run_after=2024-11-04 20:18:00+00:00
[2024-11-04T20:18:30.810+0000] {processor.py:208} INFO - Processing /home/airflow/.local/lib/python3.12/site-packages/airflow/example_dags/example_sla_dag.py took 0.122 seconds
[2024-11-04T20:19:01.290+0000] {processor.py:186} INFO - Started process (PID=759) to work on /home/airflow/.local/lib/python3.12/site-packages/airflow/example_dags/example_sla_dag.py
[2024-11-04T20:19:01.291+0000] {processor.py:914} INFO - Processing file /home/airflow/.local/lib/python3.12/site-packages/airflow/example_dags/example_sla_dag.py for tasks to queue
[2024-11-04T20:19:01.294+0000] {logging_mixin.py:190} INFO - [2024-11-04T20:19:01.293+0000] {dagbag.py:588} INFO - Filling up the DagBag from /home/airflow/.local/lib/python3.12/site-packages/airflow/example_dags/example_sla_dag.py
[2024-11-04T20:19:01.305+0000] {processor.py:925} INFO - DAG(s) 'example_sla_dag' retrieved from /home/airflow/.local/lib/python3.12/site-packages/airflow/example_dags/example_sla_dag.py
[2024-11-04T20:19:01.325+0000] {logging_mixin.py:190} INFO - [2024-11-04T20:19:01.325+0000] {dag.py:3239} INFO - Sync 1 DAGs
[2024-11-04T20:19:01.356+0000] {logging_mixin.py:190} INFO - [2024-11-04T20:19:01.356+0000] {dag.py:4180} INFO - Setting next_dagrun for example_sla_dag to 2024-11-04 20:16:00+00:00, run_after=2024-11-04 20:18:00+00:00
[2024-11-04T20:19:01.378+0000] {processor.py:208} INFO - Processing /home/airflow/.local/lib/python3.12/site-packages/airflow/example_dags/example_sla_dag.py took 0.095 seconds
[2024-11-04T20:19:31.946+0000] {processor.py:186} INFO - Started process (PID=822) to work on /home/airflow/.local/lib/python3.12/site-packages/airflow/example_dags/example_sla_dag.py
[2024-11-04T20:19:31.947+0000] {processor.py:914} INFO - Processing file /home/airflow/.local/lib/python3.12/site-packages/airflow/example_dags/example_sla_dag.py for tasks to queue
[2024-11-04T20:19:31.950+0000] {logging_mixin.py:190} INFO - [2024-11-04T20:19:31.949+0000] {dagbag.py:588} INFO - Filling up the DagBag from /home/airflow/.local/lib/python3.12/site-packages/airflow/example_dags/example_sla_dag.py
[2024-11-04T20:19:31.964+0000] {processor.py:925} INFO - DAG(s) 'example_sla_dag' retrieved from /home/airflow/.local/lib/python3.12/site-packages/airflow/example_dags/example_sla_dag.py
[2024-11-04T20:19:31.990+0000] {logging_mixin.py:190} INFO - [2024-11-04T20:19:31.990+0000] {dag.py:3239} INFO - Sync 1 DAGs
[2024-11-04T20:19:32.025+0000] {logging_mixin.py:190} INFO - [2024-11-04T20:19:32.025+0000] {dag.py:4180} INFO - Setting next_dagrun for example_sla_dag to 2024-11-04 20:16:00+00:00, run_after=2024-11-04 20:18:00+00:00
[2024-11-04T20:19:32.048+0000] {processor.py:208} INFO - Processing /home/airflow/.local/lib/python3.12/site-packages/airflow/example_dags/example_sla_dag.py took 0.110 seconds
[2024-11-04T20:20:02.775+0000] {processor.py:186} INFO - Started process (PID=885) to work on /home/airflow/.local/lib/python3.12/site-packages/airflow/example_dags/example_sla_dag.py
[2024-11-04T20:20:02.777+0000] {processor.py:914} INFO - Processing file /home/airflow/.local/lib/python3.12/site-packages/airflow/example_dags/example_sla_dag.py for tasks to queue
[2024-11-04T20:20:02.784+0000] {logging_mixin.py:190} INFO - [2024-11-04T20:20:02.782+0000] {dagbag.py:588} INFO - Filling up the DagBag from /home/airflow/.local/lib/python3.12/site-packages/airflow/example_dags/example_sla_dag.py
[2024-11-04T20:20:02.829+0000] {processor.py:925} INFO - DAG(s) 'example_sla_dag' retrieved from /home/airflow/.local/lib/python3.12/site-packages/airflow/example_dags/example_sla_dag.py
[2024-11-04T20:20:02.876+0000] {logging_mixin.py:190} INFO - [2024-11-04T20:20:02.876+0000] {dag.py:3239} INFO - Sync 1 DAGs
[2024-11-04T20:20:02.952+0000] {logging_mixin.py:190} INFO - [2024-11-04T20:20:02.952+0000] {dag.py:4180} INFO - Setting next_dagrun for example_sla_dag to 2024-11-04 20:18:00+00:00, run_after=2024-11-04 20:20:00+00:00
[2024-11-04T20:20:03.007+0000] {processor.py:208} INFO - Processing /home/airflow/.local/lib/python3.12/site-packages/airflow/example_dags/example_sla_dag.py took 0.252 seconds
[2024-11-04T20:20:33.455+0000] {processor.py:186} INFO - Started process (PID=948) to work on /home/airflow/.local/lib/python3.12/site-packages/airflow/example_dags/example_sla_dag.py
[2024-11-04T20:20:33.457+0000] {processor.py:914} INFO - Processing file /home/airflow/.local/lib/python3.12/site-packages/airflow/example_dags/example_sla_dag.py for tasks to queue
[2024-11-04T20:20:33.461+0000] {logging_mixin.py:190} INFO - [2024-11-04T20:20:33.461+0000] {dagbag.py:588} INFO - Filling up the DagBag from /home/airflow/.local/lib/python3.12/site-packages/airflow/example_dags/example_sla_dag.py
[2024-11-04T20:20:33.486+0000] {processor.py:925} INFO - DAG(s) 'example_sla_dag' retrieved from /home/airflow/.local/lib/python3.12/site-packages/airflow/example_dags/example_sla_dag.py
[2024-11-04T20:20:33.541+0000] {logging_mixin.py:190} INFO - [2024-11-04T20:20:33.541+0000] {dag.py:3239} INFO - Sync 1 DAGs
[2024-11-04T20:20:33.645+0000] {logging_mixin.py:190} INFO - [2024-11-04T20:20:33.644+0000] {dag.py:4180} INFO - Setting next_dagrun for example_sla_dag to 2024-11-04 20:18:00+00:00, run_after=2024-11-04 20:20:00+00:00
[2024-11-04T20:20:33.714+0000] {processor.py:208} INFO - Processing /home/airflow/.local/lib/python3.12/site-packages/airflow/example_dags/example_sla_dag.py took 0.268 seconds
[2024-11-04T20:21:04.365+0000] {processor.py:186} INFO - Started process (PID=1011) to work on /home/airflow/.local/lib/python3.12/site-packages/airflow/example_dags/example_sla_dag.py
[2024-11-04T20:21:04.366+0000] {processor.py:914} INFO - Processing file /home/airflow/.local/lib/python3.12/site-packages/airflow/example_dags/example_sla_dag.py for tasks to queue
[2024-11-04T20:21:04.369+0000] {logging_mixin.py:190} INFO - [2024-11-04T20:21:04.369+0000] {dagbag.py:588} INFO - Filling up the DagBag from /home/airflow/.local/lib/python3.12/site-packages/airflow/example_dags/example_sla_dag.py
[2024-11-04T20:21:04.380+0000] {processor.py:925} INFO - DAG(s) 'example_sla_dag' retrieved from /home/airflow/.local/lib/python3.12/site-packages/airflow/example_dags/example_sla_dag.py
[2024-11-04T20:21:04.401+0000] {logging_mixin.py:190} INFO - [2024-11-04T20:21:04.401+0000] {dag.py:3239} INFO - Sync 1 DAGs
[2024-11-04T20:21:04.434+0000] {logging_mixin.py:190} INFO - [2024-11-04T20:21:04.434+0000] {dag.py:4180} INFO - Setting next_dagrun for example_sla_dag to 2024-11-04 20:18:00+00:00, run_after=2024-11-04 20:20:00+00:00
[2024-11-04T20:21:04.458+0000] {processor.py:208} INFO - Processing /home/airflow/.local/lib/python3.12/site-packages/airflow/example_dags/example_sla_dag.py took 0.099 seconds
[2024-11-04T20:21:34.792+0000] {processor.py:186} INFO - Started process (PID=1074) to work on /home/airflow/.local/lib/python3.12/site-packages/airflow/example_dags/example_sla_dag.py
[2024-11-04T20:21:34.793+0000] {processor.py:914} INFO - Processing file /home/airflow/.local/lib/python3.12/site-packages/airflow/example_dags/example_sla_dag.py for tasks to queue
[2024-11-04T20:21:34.796+0000] {logging_mixin.py:190} INFO - [2024-11-04T20:21:34.796+0000] {dagbag.py:588} INFO - Filling up the DagBag from /home/airflow/.local/lib/python3.12/site-packages/airflow/example_dags/example_sla_dag.py
[2024-11-04T20:21:34.808+0000] {processor.py:925} INFO - DAG(s) 'example_sla_dag' retrieved from /home/airflow/.local/lib/python3.12/site-packages/airflow/example_dags/example_sla_dag.py
[2024-11-04T20:21:34.830+0000] {logging_mixin.py:190} INFO - [2024-11-04T20:21:34.830+0000] {dag.py:3239} INFO - Sync 1 DAGs
[2024-11-04T20:21:34.859+0000] {logging_mixin.py:190} INFO - [2024-11-04T20:21:34.859+0000] {dag.py:4180} INFO - Setting next_dagrun for example_sla_dag to 2024-11-04 20:18:00+00:00, run_after=2024-11-04 20:20:00+00:00
[2024-11-04T20:21:34.882+0000] {processor.py:208} INFO - Processing /home/airflow/.local/lib/python3.12/site-packages/airflow/example_dags/example_sla_dag.py took 0.097 seconds
[2024-11-04T20:22:05.125+0000] {processor.py:186} INFO - Started process (PID=1137) to work on /home/airflow/.local/lib/python3.12/site-packages/airflow/example_dags/example_sla_dag.py
[2024-11-04T20:22:05.126+0000] {processor.py:914} INFO - Processing file /home/airflow/.local/lib/python3.12/site-packages/airflow/example_dags/example_sla_dag.py for tasks to queue
[2024-11-04T20:22:05.132+0000] {logging_mixin.py:190} INFO - [2024-11-04T20:22:05.131+0000] {dagbag.py:588} INFO - Filling up the DagBag from /home/airflow/.local/lib/python3.12/site-packages/airflow/example_dags/example_sla_dag.py
[2024-11-04T20:22:05.148+0000] {processor.py:925} INFO - DAG(s) 'example_sla_dag' retrieved from /home/airflow/.local/lib/python3.12/site-packages/airflow/example_dags/example_sla_dag.py
[2024-11-04T20:22:05.171+0000] {logging_mixin.py:190} INFO - [2024-11-04T20:22:05.171+0000] {dag.py:3239} INFO - Sync 1 DAGs
[2024-11-04T20:22:05.210+0000] {logging_mixin.py:190} INFO - [2024-11-04T20:22:05.209+0000] {dag.py:4180} INFO - Setting next_dagrun for example_sla_dag to 2024-11-04 20:20:00+00:00, run_after=2024-11-04 20:22:00+00:00
[2024-11-04T20:22:05.244+0000] {processor.py:208} INFO - Processing /home/airflow/.local/lib/python3.12/site-packages/airflow/example_dags/example_sla_dag.py took 0.128 seconds
[2024-11-04T20:22:35.397+0000] {processor.py:186} INFO - Started process (PID=1200) to work on /home/airflow/.local/lib/python3.12/site-packages/airflow/example_dags/example_sla_dag.py
[2024-11-04T20:22:35.398+0000] {processor.py:914} INFO - Processing file /home/airflow/.local/lib/python3.12/site-packages/airflow/example_dags/example_sla_dag.py for tasks to queue
[2024-11-04T20:22:35.401+0000] {logging_mixin.py:190} INFO - [2024-11-04T20:22:35.401+0000] {dagbag.py:588} INFO - Filling up the DagBag from /home/airflow/.local/lib/python3.12/site-packages/airflow/example_dags/example_sla_dag.py
[2024-11-04T20:22:35.414+0000] {processor.py:925} INFO - DAG(s) 'example_sla_dag' retrieved from /home/airflow/.local/lib/python3.12/site-packages/airflow/example_dags/example_sla_dag.py
[2024-11-04T20:22:35.437+0000] {logging_mixin.py:190} INFO - [2024-11-04T20:22:35.436+0000] {dag.py:3239} INFO - Sync 1 DAGs
[2024-11-04T20:22:35.465+0000] {logging_mixin.py:190} INFO - [2024-11-04T20:22:35.465+0000] {dag.py:4180} INFO - Setting next_dagrun for example_sla_dag to 2024-11-04 20:20:00+00:00, run_after=2024-11-04 20:22:00+00:00
[2024-11-04T20:22:35.488+0000] {processor.py:208} INFO - Processing /home/airflow/.local/lib/python3.12/site-packages/airflow/example_dags/example_sla_dag.py took 0.098 seconds
