[2024-11-04T20:13:29.717+0000] {processor.py:186} INFO - Started process (PID=94) to work on /home/airflow/.local/lib/python3.12/site-packages/airflow/example_dags/example_latest_only.py
[2024-11-04T20:13:29.726+0000] {processor.py:914} INFO - Processing file /home/airflow/.local/lib/python3.12/site-packages/airflow/example_dags/example_latest_only.py for tasks to queue
[2024-11-04T20:13:29.748+0000] {logging_mixin.py:190} INFO - [2024-11-04T20:13:29.746+0000] {dagbag.py:588} INFO - Filling up the DagBag from /home/airflow/.local/lib/python3.12/site-packages/airflow/example_dags/example_latest_only.py
[2024-11-04T20:13:29.808+0000] {processor.py:925} INFO - DAG(s) 'latest_only' retrieved from /home/airflow/.local/lib/python3.12/site-packages/airflow/example_dags/example_latest_only.py
[2024-11-04T20:13:30.263+0000] {logging_mixin.py:190} INFO - [2024-11-04T20:13:30.261+0000] {override.py:1900} INFO - Created Permission View: can edit on DAG:latest_only
[2024-11-04T20:13:30.502+0000] {logging_mixin.py:190} INFO - [2024-11-04T20:13:30.501+0000] {override.py:1900} INFO - Created Permission View: can read on DAG:latest_only
[2024-11-04T20:13:30.516+0000] {logging_mixin.py:190} INFO - [2024-11-04T20:13:30.516+0000] {override.py:1900} INFO - Created Permission View: can delete on DAG:latest_only
[2024-11-04T20:13:30.534+0000] {logging_mixin.py:190} INFO - [2024-11-04T20:13:30.534+0000] {override.py:1900} INFO - Created Permission View: menu access on DAG Run:latest_only
[2024-11-04T20:13:30.557+0000] {logging_mixin.py:190} INFO - [2024-11-04T20:13:30.556+0000] {override.py:1900} INFO - Created Permission View: can read on DAG Run:latest_only
[2024-11-04T20:13:30.578+0000] {logging_mixin.py:190} INFO - [2024-11-04T20:13:30.577+0000] {override.py:1900} INFO - Created Permission View: can create on DAG Run:latest_only
[2024-11-04T20:13:30.599+0000] {logging_mixin.py:190} INFO - [2024-11-04T20:13:30.598+0000] {override.py:1900} INFO - Created Permission View: can delete on DAG Run:latest_only
[2024-11-04T20:13:30.600+0000] {logging_mixin.py:190} INFO - [2024-11-04T20:13:30.600+0000] {dag.py:3239} INFO - Sync 1 DAGs
[2024-11-04T20:13:30.664+0000] {logging_mixin.py:190} INFO - [2024-11-04T20:13:30.664+0000] {dag.py:3262} INFO - Creating ORM DAG for latest_only
[2024-11-04T20:13:30.721+0000] {logging_mixin.py:190} INFO - [2024-11-04T20:13:30.721+0000] {dag.py:4180} INFO - Setting next_dagrun for latest_only to 2024-11-04 16:00:00+00:00, run_after=2024-11-04 20:00:00+00:00
[2024-11-04T20:13:30.780+0000] {processor.py:208} INFO - Processing /home/airflow/.local/lib/python3.12/site-packages/airflow/example_dags/example_latest_only.py took 1.084 seconds
[2024-11-04T20:14:00.887+0000] {processor.py:186} INFO - Started process (PID=155) to work on /home/airflow/.local/lib/python3.12/site-packages/airflow/example_dags/example_latest_only.py
[2024-11-04T20:14:00.890+0000] {processor.py:914} INFO - Processing file /home/airflow/.local/lib/python3.12/site-packages/airflow/example_dags/example_latest_only.py for tasks to queue
[2024-11-04T20:14:00.895+0000] {logging_mixin.py:190} INFO - [2024-11-04T20:14:00.894+0000] {dagbag.py:588} INFO - Filling up the DagBag from /home/airflow/.local/lib/python3.12/site-packages/airflow/example_dags/example_latest_only.py
[2024-11-04T20:14:00.932+0000] {processor.py:925} INFO - DAG(s) 'latest_only' retrieved from /home/airflow/.local/lib/python3.12/site-packages/airflow/example_dags/example_latest_only.py
[2024-11-04T20:14:00.974+0000] {logging_mixin.py:190} INFO - [2024-11-04T20:14:00.974+0000] {dag.py:3239} INFO - Sync 1 DAGs
[2024-11-04T20:14:01.013+0000] {logging_mixin.py:190} INFO - [2024-11-04T20:14:01.013+0000] {dag.py:4180} INFO - Setting next_dagrun for latest_only to 2024-11-04 16:00:00+00:00, run_after=2024-11-04 20:00:00+00:00
[2024-11-04T20:14:01.045+0000] {processor.py:208} INFO - Processing /home/airflow/.local/lib/python3.12/site-packages/airflow/example_dags/example_latest_only.py took 0.178 seconds
[2024-11-04T20:14:31.290+0000] {processor.py:186} INFO - Started process (PID=218) to work on /home/airflow/.local/lib/python3.12/site-packages/airflow/example_dags/example_latest_only.py
[2024-11-04T20:14:31.291+0000] {processor.py:914} INFO - Processing file /home/airflow/.local/lib/python3.12/site-packages/airflow/example_dags/example_latest_only.py for tasks to queue
[2024-11-04T20:14:31.295+0000] {logging_mixin.py:190} INFO - [2024-11-04T20:14:31.295+0000] {dagbag.py:588} INFO - Filling up the DagBag from /home/airflow/.local/lib/python3.12/site-packages/airflow/example_dags/example_latest_only.py
[2024-11-04T20:14:31.306+0000] {processor.py:925} INFO - DAG(s) 'latest_only' retrieved from /home/airflow/.local/lib/python3.12/site-packages/airflow/example_dags/example_latest_only.py
[2024-11-04T20:14:31.342+0000] {logging_mixin.py:190} INFO - [2024-11-04T20:14:31.341+0000] {dag.py:3239} INFO - Sync 1 DAGs
[2024-11-04T20:14:31.374+0000] {logging_mixin.py:190} INFO - [2024-11-04T20:14:31.374+0000] {dag.py:4180} INFO - Setting next_dagrun for latest_only to 2024-11-04 16:00:00+00:00, run_after=2024-11-04 20:00:00+00:00
[2024-11-04T20:14:31.398+0000] {processor.py:208} INFO - Processing /home/airflow/.local/lib/python3.12/site-packages/airflow/example_dags/example_latest_only.py took 0.115 seconds
[2024-11-04T20:15:02.268+0000] {processor.py:186} INFO - Started process (PID=280) to work on /home/airflow/.local/lib/python3.12/site-packages/airflow/example_dags/example_latest_only.py
[2024-11-04T20:15:02.270+0000] {processor.py:914} INFO - Processing file /home/airflow/.local/lib/python3.12/site-packages/airflow/example_dags/example_latest_only.py for tasks to queue
[2024-11-04T20:15:02.273+0000] {logging_mixin.py:190} INFO - [2024-11-04T20:15:02.272+0000] {dagbag.py:588} INFO - Filling up the DagBag from /home/airflow/.local/lib/python3.12/site-packages/airflow/example_dags/example_latest_only.py
[2024-11-04T20:15:02.281+0000] {processor.py:925} INFO - DAG(s) 'latest_only' retrieved from /home/airflow/.local/lib/python3.12/site-packages/airflow/example_dags/example_latest_only.py
[2024-11-04T20:15:02.313+0000] {logging_mixin.py:190} INFO - [2024-11-04T20:15:02.313+0000] {dag.py:3239} INFO - Sync 1 DAGs
[2024-11-04T20:15:02.345+0000] {logging_mixin.py:190} INFO - [2024-11-04T20:15:02.344+0000] {dag.py:4180} INFO - Setting next_dagrun for latest_only to 2024-11-04 16:00:00+00:00, run_after=2024-11-04 20:00:00+00:00
[2024-11-04T20:15:02.376+0000] {processor.py:208} INFO - Processing /home/airflow/.local/lib/python3.12/site-packages/airflow/example_dags/example_latest_only.py took 0.114 seconds
[2024-11-04T20:15:33.414+0000] {processor.py:186} INFO - Started process (PID=342) to work on /home/airflow/.local/lib/python3.12/site-packages/airflow/example_dags/example_latest_only.py
[2024-11-04T20:15:33.416+0000] {processor.py:914} INFO - Processing file /home/airflow/.local/lib/python3.12/site-packages/airflow/example_dags/example_latest_only.py for tasks to queue
[2024-11-04T20:15:33.419+0000] {logging_mixin.py:190} INFO - [2024-11-04T20:15:33.418+0000] {dagbag.py:588} INFO - Filling up the DagBag from /home/airflow/.local/lib/python3.12/site-packages/airflow/example_dags/example_latest_only.py
[2024-11-04T20:15:33.427+0000] {processor.py:925} INFO - DAG(s) 'latest_only' retrieved from /home/airflow/.local/lib/python3.12/site-packages/airflow/example_dags/example_latest_only.py
[2024-11-04T20:15:33.449+0000] {logging_mixin.py:190} INFO - [2024-11-04T20:15:33.449+0000] {dag.py:3239} INFO - Sync 1 DAGs
[2024-11-04T20:15:33.475+0000] {logging_mixin.py:190} INFO - [2024-11-04T20:15:33.475+0000] {dag.py:4180} INFO - Setting next_dagrun for latest_only to 2024-11-04 16:00:00+00:00, run_after=2024-11-04 20:00:00+00:00
[2024-11-04T20:15:33.496+0000] {processor.py:208} INFO - Processing /home/airflow/.local/lib/python3.12/site-packages/airflow/example_dags/example_latest_only.py took 0.088 seconds
[2024-11-04T20:16:04.012+0000] {processor.py:186} INFO - Started process (PID=404) to work on /home/airflow/.local/lib/python3.12/site-packages/airflow/example_dags/example_latest_only.py
[2024-11-04T20:16:04.014+0000] {processor.py:914} INFO - Processing file /home/airflow/.local/lib/python3.12/site-packages/airflow/example_dags/example_latest_only.py for tasks to queue
[2024-11-04T20:16:04.019+0000] {logging_mixin.py:190} INFO - [2024-11-04T20:16:04.017+0000] {dagbag.py:588} INFO - Filling up the DagBag from /home/airflow/.local/lib/python3.12/site-packages/airflow/example_dags/example_latest_only.py
[2024-11-04T20:16:04.032+0000] {processor.py:925} INFO - DAG(s) 'latest_only' retrieved from /home/airflow/.local/lib/python3.12/site-packages/airflow/example_dags/example_latest_only.py
[2024-11-04T20:16:04.056+0000] {logging_mixin.py:190} INFO - [2024-11-04T20:16:04.056+0000] {dag.py:3239} INFO - Sync 1 DAGs
[2024-11-04T20:16:04.089+0000] {logging_mixin.py:190} INFO - [2024-11-04T20:16:04.087+0000] {dag.py:4180} INFO - Setting next_dagrun for latest_only to 2024-11-04 16:00:00+00:00, run_after=2024-11-04 20:00:00+00:00
[2024-11-04T20:16:04.152+0000] {processor.py:208} INFO - Processing /home/airflow/.local/lib/python3.12/site-packages/airflow/example_dags/example_latest_only.py took 0.147 seconds
[2024-11-04T20:16:34.854+0000] {processor.py:186} INFO - Started process (PID=466) to work on /home/airflow/.local/lib/python3.12/site-packages/airflow/example_dags/example_latest_only.py
[2024-11-04T20:16:34.856+0000] {processor.py:914} INFO - Processing file /home/airflow/.local/lib/python3.12/site-packages/airflow/example_dags/example_latest_only.py for tasks to queue
[2024-11-04T20:16:34.862+0000] {logging_mixin.py:190} INFO - [2024-11-04T20:16:34.861+0000] {dagbag.py:588} INFO - Filling up the DagBag from /home/airflow/.local/lib/python3.12/site-packages/airflow/example_dags/example_latest_only.py
[2024-11-04T20:16:34.871+0000] {processor.py:925} INFO - DAG(s) 'latest_only' retrieved from /home/airflow/.local/lib/python3.12/site-packages/airflow/example_dags/example_latest_only.py
[2024-11-04T20:16:34.900+0000] {logging_mixin.py:190} INFO - [2024-11-04T20:16:34.900+0000] {dag.py:3239} INFO - Sync 1 DAGs
[2024-11-04T20:16:34.932+0000] {logging_mixin.py:190} INFO - [2024-11-04T20:16:34.932+0000] {dag.py:4180} INFO - Setting next_dagrun for latest_only to 2024-11-04 16:00:00+00:00, run_after=2024-11-04 20:00:00+00:00
[2024-11-04T20:16:34.960+0000] {processor.py:208} INFO - Processing /home/airflow/.local/lib/python3.12/site-packages/airflow/example_dags/example_latest_only.py took 0.114 seconds
[2024-11-04T20:17:05.654+0000] {processor.py:186} INFO - Started process (PID=528) to work on /home/airflow/.local/lib/python3.12/site-packages/airflow/example_dags/example_latest_only.py
[2024-11-04T20:17:05.661+0000] {processor.py:914} INFO - Processing file /home/airflow/.local/lib/python3.12/site-packages/airflow/example_dags/example_latest_only.py for tasks to queue
[2024-11-04T20:17:05.671+0000] {logging_mixin.py:190} INFO - [2024-11-04T20:17:05.670+0000] {dagbag.py:588} INFO - Filling up the DagBag from /home/airflow/.local/lib/python3.12/site-packages/airflow/example_dags/example_latest_only.py
[2024-11-04T20:17:05.700+0000] {processor.py:925} INFO - DAG(s) 'latest_only' retrieved from /home/airflow/.local/lib/python3.12/site-packages/airflow/example_dags/example_latest_only.py
[2024-11-04T20:17:05.843+0000] {logging_mixin.py:190} INFO - [2024-11-04T20:17:05.843+0000] {dag.py:3239} INFO - Sync 1 DAGs
[2024-11-04T20:17:05.925+0000] {logging_mixin.py:190} INFO - [2024-11-04T20:17:05.924+0000] {dag.py:4180} INFO - Setting next_dagrun for latest_only to 2024-11-04 16:00:00+00:00, run_after=2024-11-04 20:00:00+00:00
[2024-11-04T20:17:05.987+0000] {processor.py:208} INFO - Processing /home/airflow/.local/lib/python3.12/site-packages/airflow/example_dags/example_latest_only.py took 0.344 seconds
[2024-11-04T20:17:36.738+0000] {processor.py:186} INFO - Started process (PID=589) to work on /home/airflow/.local/lib/python3.12/site-packages/airflow/example_dags/example_latest_only.py
[2024-11-04T20:17:36.741+0000] {processor.py:914} INFO - Processing file /home/airflow/.local/lib/python3.12/site-packages/airflow/example_dags/example_latest_only.py for tasks to queue
[2024-11-04T20:17:36.759+0000] {logging_mixin.py:190} INFO - [2024-11-04T20:17:36.757+0000] {dagbag.py:588} INFO - Filling up the DagBag from /home/airflow/.local/lib/python3.12/site-packages/airflow/example_dags/example_latest_only.py
[2024-11-04T20:17:36.797+0000] {processor.py:925} INFO - DAG(s) 'latest_only' retrieved from /home/airflow/.local/lib/python3.12/site-packages/airflow/example_dags/example_latest_only.py
[2024-11-04T20:17:36.958+0000] {logging_mixin.py:190} INFO - [2024-11-04T20:17:36.958+0000] {dag.py:3239} INFO - Sync 1 DAGs
[2024-11-04T20:17:37.176+0000] {logging_mixin.py:190} INFO - [2024-11-04T20:17:37.176+0000] {dag.py:4180} INFO - Setting next_dagrun for latest_only to 2024-11-04 16:00:00+00:00, run_after=2024-11-04 20:00:00+00:00
[2024-11-04T20:17:37.241+0000] {processor.py:208} INFO - Processing /home/airflow/.local/lib/python3.12/site-packages/airflow/example_dags/example_latest_only.py took 0.533 seconds
[2024-11-04T20:18:07.857+0000] {processor.py:186} INFO - Started process (PID=652) to work on /home/airflow/.local/lib/python3.12/site-packages/airflow/example_dags/example_latest_only.py
[2024-11-04T20:18:07.858+0000] {processor.py:914} INFO - Processing file /home/airflow/.local/lib/python3.12/site-packages/airflow/example_dags/example_latest_only.py for tasks to queue
[2024-11-04T20:18:07.861+0000] {logging_mixin.py:190} INFO - [2024-11-04T20:18:07.861+0000] {dagbag.py:588} INFO - Filling up the DagBag from /home/airflow/.local/lib/python3.12/site-packages/airflow/example_dags/example_latest_only.py
[2024-11-04T20:18:07.871+0000] {processor.py:925} INFO - DAG(s) 'latest_only' retrieved from /home/airflow/.local/lib/python3.12/site-packages/airflow/example_dags/example_latest_only.py
[2024-11-04T20:18:07.895+0000] {logging_mixin.py:190} INFO - [2024-11-04T20:18:07.895+0000] {dag.py:3239} INFO - Sync 1 DAGs
[2024-11-04T20:18:07.925+0000] {logging_mixin.py:190} INFO - [2024-11-04T20:18:07.925+0000] {dag.py:4180} INFO - Setting next_dagrun for latest_only to 2024-11-04 16:00:00+00:00, run_after=2024-11-04 20:00:00+00:00
[2024-11-04T20:18:07.948+0000] {processor.py:208} INFO - Processing /home/airflow/.local/lib/python3.12/site-packages/airflow/example_dags/example_latest_only.py took 0.100 seconds
[2024-11-04T20:18:38.130+0000] {processor.py:186} INFO - Started process (PID=714) to work on /home/airflow/.local/lib/python3.12/site-packages/airflow/example_dags/example_latest_only.py
[2024-11-04T20:18:38.132+0000] {processor.py:914} INFO - Processing file /home/airflow/.local/lib/python3.12/site-packages/airflow/example_dags/example_latest_only.py for tasks to queue
[2024-11-04T20:18:38.140+0000] {logging_mixin.py:190} INFO - [2024-11-04T20:18:38.139+0000] {dagbag.py:588} INFO - Filling up the DagBag from /home/airflow/.local/lib/python3.12/site-packages/airflow/example_dags/example_latest_only.py
[2024-11-04T20:18:38.162+0000] {processor.py:925} INFO - DAG(s) 'latest_only' retrieved from /home/airflow/.local/lib/python3.12/site-packages/airflow/example_dags/example_latest_only.py
[2024-11-04T20:18:38.211+0000] {logging_mixin.py:190} INFO - [2024-11-04T20:18:38.211+0000] {dag.py:3239} INFO - Sync 1 DAGs
[2024-11-04T20:18:38.250+0000] {logging_mixin.py:190} INFO - [2024-11-04T20:18:38.250+0000] {dag.py:4180} INFO - Setting next_dagrun for latest_only to 2024-11-04 16:00:00+00:00, run_after=2024-11-04 20:00:00+00:00
[2024-11-04T20:18:38.284+0000] {processor.py:208} INFO - Processing /home/airflow/.local/lib/python3.12/site-packages/airflow/example_dags/example_latest_only.py took 0.162 seconds
[2024-11-04T20:19:08.736+0000] {processor.py:186} INFO - Started process (PID=778) to work on /home/airflow/.local/lib/python3.12/site-packages/airflow/example_dags/example_latest_only.py
[2024-11-04T20:19:08.737+0000] {processor.py:914} INFO - Processing file /home/airflow/.local/lib/python3.12/site-packages/airflow/example_dags/example_latest_only.py for tasks to queue
[2024-11-04T20:19:08.742+0000] {logging_mixin.py:190} INFO - [2024-11-04T20:19:08.741+0000] {dagbag.py:588} INFO - Filling up the DagBag from /home/airflow/.local/lib/python3.12/site-packages/airflow/example_dags/example_latest_only.py
[2024-11-04T20:19:08.750+0000] {processor.py:925} INFO - DAG(s) 'latest_only' retrieved from /home/airflow/.local/lib/python3.12/site-packages/airflow/example_dags/example_latest_only.py
[2024-11-04T20:19:08.772+0000] {logging_mixin.py:190} INFO - [2024-11-04T20:19:08.772+0000] {dag.py:3239} INFO - Sync 1 DAGs
[2024-11-04T20:19:08.797+0000] {logging_mixin.py:190} INFO - [2024-11-04T20:19:08.796+0000] {dag.py:4180} INFO - Setting next_dagrun for latest_only to 2024-11-04 16:00:00+00:00, run_after=2024-11-04 20:00:00+00:00
[2024-11-04T20:19:08.818+0000] {processor.py:208} INFO - Processing /home/airflow/.local/lib/python3.12/site-packages/airflow/example_dags/example_latest_only.py took 0.090 seconds
[2024-11-04T20:19:39.354+0000] {processor.py:186} INFO - Started process (PID=841) to work on /home/airflow/.local/lib/python3.12/site-packages/airflow/example_dags/example_latest_only.py
[2024-11-04T20:19:39.355+0000] {processor.py:914} INFO - Processing file /home/airflow/.local/lib/python3.12/site-packages/airflow/example_dags/example_latest_only.py for tasks to queue
[2024-11-04T20:19:39.358+0000] {logging_mixin.py:190} INFO - [2024-11-04T20:19:39.358+0000] {dagbag.py:588} INFO - Filling up the DagBag from /home/airflow/.local/lib/python3.12/site-packages/airflow/example_dags/example_latest_only.py
[2024-11-04T20:19:39.369+0000] {processor.py:925} INFO - DAG(s) 'latest_only' retrieved from /home/airflow/.local/lib/python3.12/site-packages/airflow/example_dags/example_latest_only.py
[2024-11-04T20:19:39.394+0000] {logging_mixin.py:190} INFO - [2024-11-04T20:19:39.393+0000] {dag.py:3239} INFO - Sync 1 DAGs
[2024-11-04T20:19:39.422+0000] {logging_mixin.py:190} INFO - [2024-11-04T20:19:39.422+0000] {dag.py:4180} INFO - Setting next_dagrun for latest_only to 2024-11-04 16:00:00+00:00, run_after=2024-11-04 20:00:00+00:00
[2024-11-04T20:19:39.443+0000] {processor.py:208} INFO - Processing /home/airflow/.local/lib/python3.12/site-packages/airflow/example_dags/example_latest_only.py took 0.098 seconds
[2024-11-04T20:20:09.692+0000] {processor.py:186} INFO - Started process (PID=904) to work on /home/airflow/.local/lib/python3.12/site-packages/airflow/example_dags/example_latest_only.py
[2024-11-04T20:20:09.693+0000] {processor.py:914} INFO - Processing file /home/airflow/.local/lib/python3.12/site-packages/airflow/example_dags/example_latest_only.py for tasks to queue
[2024-11-04T20:20:09.696+0000] {logging_mixin.py:190} INFO - [2024-11-04T20:20:09.696+0000] {dagbag.py:588} INFO - Filling up the DagBag from /home/airflow/.local/lib/python3.12/site-packages/airflow/example_dags/example_latest_only.py
[2024-11-04T20:20:09.706+0000] {processor.py:925} INFO - DAG(s) 'latest_only' retrieved from /home/airflow/.local/lib/python3.12/site-packages/airflow/example_dags/example_latest_only.py
[2024-11-04T20:20:09.729+0000] {logging_mixin.py:190} INFO - [2024-11-04T20:20:09.729+0000] {dag.py:3239} INFO - Sync 1 DAGs
[2024-11-04T20:20:09.757+0000] {logging_mixin.py:190} INFO - [2024-11-04T20:20:09.757+0000] {dag.py:4180} INFO - Setting next_dagrun for latest_only to 2024-11-04 16:00:00+00:00, run_after=2024-11-04 20:00:00+00:00
[2024-11-04T20:20:09.779+0000] {processor.py:208} INFO - Processing /home/airflow/.local/lib/python3.12/site-packages/airflow/example_dags/example_latest_only.py took 0.093 seconds
[2024-11-04T20:20:40.282+0000] {processor.py:186} INFO - Started process (PID=967) to work on /home/airflow/.local/lib/python3.12/site-packages/airflow/example_dags/example_latest_only.py
[2024-11-04T20:20:40.283+0000] {processor.py:914} INFO - Processing file /home/airflow/.local/lib/python3.12/site-packages/airflow/example_dags/example_latest_only.py for tasks to queue
[2024-11-04T20:20:40.288+0000] {logging_mixin.py:190} INFO - [2024-11-04T20:20:40.287+0000] {dagbag.py:588} INFO - Filling up the DagBag from /home/airflow/.local/lib/python3.12/site-packages/airflow/example_dags/example_latest_only.py
[2024-11-04T20:20:40.298+0000] {processor.py:925} INFO - DAG(s) 'latest_only' retrieved from /home/airflow/.local/lib/python3.12/site-packages/airflow/example_dags/example_latest_only.py
[2024-11-04T20:20:40.324+0000] {logging_mixin.py:190} INFO - [2024-11-04T20:20:40.324+0000] {dag.py:3239} INFO - Sync 1 DAGs
[2024-11-04T20:20:40.352+0000] {logging_mixin.py:190} INFO - [2024-11-04T20:20:40.351+0000] {dag.py:4180} INFO - Setting next_dagrun for latest_only to 2024-11-04 16:00:00+00:00, run_after=2024-11-04 20:00:00+00:00
[2024-11-04T20:20:40.374+0000] {processor.py:208} INFO - Processing /home/airflow/.local/lib/python3.12/site-packages/airflow/example_dags/example_latest_only.py took 0.099 seconds
[2024-11-04T20:21:10.501+0000] {processor.py:186} INFO - Started process (PID=1030) to work on /home/airflow/.local/lib/python3.12/site-packages/airflow/example_dags/example_latest_only.py
[2024-11-04T20:21:10.502+0000] {processor.py:914} INFO - Processing file /home/airflow/.local/lib/python3.12/site-packages/airflow/example_dags/example_latest_only.py for tasks to queue
[2024-11-04T20:21:10.505+0000] {logging_mixin.py:190} INFO - [2024-11-04T20:21:10.504+0000] {dagbag.py:588} INFO - Filling up the DagBag from /home/airflow/.local/lib/python3.12/site-packages/airflow/example_dags/example_latest_only.py
[2024-11-04T20:21:10.513+0000] {processor.py:925} INFO - DAG(s) 'latest_only' retrieved from /home/airflow/.local/lib/python3.12/site-packages/airflow/example_dags/example_latest_only.py
[2024-11-04T20:21:10.534+0000] {logging_mixin.py:190} INFO - [2024-11-04T20:21:10.533+0000] {dag.py:3239} INFO - Sync 1 DAGs
[2024-11-04T20:21:10.560+0000] {logging_mixin.py:190} INFO - [2024-11-04T20:21:10.560+0000] {dag.py:4180} INFO - Setting next_dagrun for latest_only to 2024-11-04 16:00:00+00:00, run_after=2024-11-04 20:00:00+00:00
[2024-11-04T20:21:10.587+0000] {processor.py:208} INFO - Processing /home/airflow/.local/lib/python3.12/site-packages/airflow/example_dags/example_latest_only.py took 0.095 seconds
[2024-11-04T20:21:41.246+0000] {processor.py:186} INFO - Started process (PID=1093) to work on /home/airflow/.local/lib/python3.12/site-packages/airflow/example_dags/example_latest_only.py
[2024-11-04T20:21:41.249+0000] {processor.py:914} INFO - Processing file /home/airflow/.local/lib/python3.12/site-packages/airflow/example_dags/example_latest_only.py for tasks to queue
[2024-11-04T20:21:41.252+0000] {logging_mixin.py:190} INFO - [2024-11-04T20:21:41.252+0000] {dagbag.py:588} INFO - Filling up the DagBag from /home/airflow/.local/lib/python3.12/site-packages/airflow/example_dags/example_latest_only.py
[2024-11-04T20:21:41.263+0000] {processor.py:925} INFO - DAG(s) 'latest_only' retrieved from /home/airflow/.local/lib/python3.12/site-packages/airflow/example_dags/example_latest_only.py
[2024-11-04T20:21:41.286+0000] {logging_mixin.py:190} INFO - [2024-11-04T20:21:41.285+0000] {dag.py:3239} INFO - Sync 1 DAGs
[2024-11-04T20:21:41.312+0000] {logging_mixin.py:190} INFO - [2024-11-04T20:21:41.311+0000] {dag.py:4180} INFO - Setting next_dagrun for latest_only to 2024-11-04 16:00:00+00:00, run_after=2024-11-04 20:00:00+00:00
[2024-11-04T20:21:41.333+0000] {processor.py:208} INFO - Processing /home/airflow/.local/lib/python3.12/site-packages/airflow/example_dags/example_latest_only.py took 0.097 seconds
[2024-11-04T20:22:11.585+0000] {processor.py:186} INFO - Started process (PID=1155) to work on /home/airflow/.local/lib/python3.12/site-packages/airflow/example_dags/example_latest_only.py
[2024-11-04T20:22:11.586+0000] {processor.py:914} INFO - Processing file /home/airflow/.local/lib/python3.12/site-packages/airflow/example_dags/example_latest_only.py for tasks to queue
[2024-11-04T20:22:11.589+0000] {logging_mixin.py:190} INFO - [2024-11-04T20:22:11.588+0000] {dagbag.py:588} INFO - Filling up the DagBag from /home/airflow/.local/lib/python3.12/site-packages/airflow/example_dags/example_latest_only.py
[2024-11-04T20:22:11.597+0000] {processor.py:925} INFO - DAG(s) 'latest_only' retrieved from /home/airflow/.local/lib/python3.12/site-packages/airflow/example_dags/example_latest_only.py
[2024-11-04T20:22:11.620+0000] {logging_mixin.py:190} INFO - [2024-11-04T20:22:11.620+0000] {dag.py:3239} INFO - Sync 1 DAGs
[2024-11-04T20:22:11.646+0000] {logging_mixin.py:190} INFO - [2024-11-04T20:22:11.646+0000] {dag.py:4180} INFO - Setting next_dagrun for latest_only to 2024-11-04 16:00:00+00:00, run_after=2024-11-04 20:00:00+00:00
[2024-11-04T20:22:11.668+0000] {processor.py:208} INFO - Processing /home/airflow/.local/lib/python3.12/site-packages/airflow/example_dags/example_latest_only.py took 0.090 seconds
[2024-11-04T20:22:41.899+0000] {processor.py:186} INFO - Started process (PID=1218) to work on /home/airflow/.local/lib/python3.12/site-packages/airflow/example_dags/example_latest_only.py
[2024-11-04T20:22:41.900+0000] {processor.py:914} INFO - Processing file /home/airflow/.local/lib/python3.12/site-packages/airflow/example_dags/example_latest_only.py for tasks to queue
[2024-11-04T20:22:41.903+0000] {logging_mixin.py:190} INFO - [2024-11-04T20:22:41.903+0000] {dagbag.py:588} INFO - Filling up the DagBag from /home/airflow/.local/lib/python3.12/site-packages/airflow/example_dags/example_latest_only.py
[2024-11-04T20:22:41.912+0000] {processor.py:925} INFO - DAG(s) 'latest_only' retrieved from /home/airflow/.local/lib/python3.12/site-packages/airflow/example_dags/example_latest_only.py
[2024-11-04T20:22:41.934+0000] {logging_mixin.py:190} INFO - [2024-11-04T20:22:41.934+0000] {dag.py:3239} INFO - Sync 1 DAGs
[2024-11-04T20:22:41.960+0000] {logging_mixin.py:190} INFO - [2024-11-04T20:22:41.960+0000] {dag.py:4180} INFO - Setting next_dagrun for latest_only to 2024-11-04 16:00:00+00:00, run_after=2024-11-04 20:00:00+00:00
[2024-11-04T20:22:41.979+0000] {processor.py:208} INFO - Processing /home/airflow/.local/lib/python3.12/site-packages/airflow/example_dags/example_latest_only.py took 0.087 seconds
