[2024-11-04T20:13:43.609+0000] {processor.py:186} INFO - Started process (PID=121) to work on /home/airflow/.local/lib/python3.12/site-packages/airflow/example_dags/example_params_trigger_ui.py
[2024-11-04T20:13:43.610+0000] {processor.py:914} INFO - Processing file /home/airflow/.local/lib/python3.12/site-packages/airflow/example_dags/example_params_trigger_ui.py for tasks to queue
[2024-11-04T20:13:43.614+0000] {logging_mixin.py:190} INFO - [2024-11-04T20:13:43.614+0000] {dagbag.py:588} INFO - Filling up the DagBag from /home/airflow/.local/lib/python3.12/site-packages/airflow/example_dags/example_params_trigger_ui.py
[2024-11-04T20:13:43.633+0000] {processor.py:925} INFO - DAG(s) 'example_params_trigger_ui' retrieved from /home/airflow/.local/lib/python3.12/site-packages/airflow/example_dags/example_params_trigger_ui.py
[2024-11-04T20:13:44.152+0000] {logging_mixin.py:190} INFO - [2024-11-04T20:13:44.151+0000] {override.py:1900} INFO - Created Permission View: can edit on DAG:example_params_trigger_ui
[2024-11-04T20:13:44.224+0000] {logging_mixin.py:190} INFO - [2024-11-04T20:13:44.222+0000] {override.py:1900} INFO - Created Permission View: can read on DAG:example_params_trigger_ui
[2024-11-04T20:13:44.270+0000] {logging_mixin.py:190} INFO - [2024-11-04T20:13:44.270+0000] {override.py:1900} INFO - Created Permission View: can delete on DAG:example_params_trigger_ui
[2024-11-04T20:13:44.327+0000] {logging_mixin.py:190} INFO - [2024-11-04T20:13:44.318+0000] {override.py:1900} INFO - Created Permission View: menu access on DAG Run:example_params_trigger_ui
[2024-11-04T20:13:44.356+0000] {logging_mixin.py:190} INFO - [2024-11-04T20:13:44.355+0000] {override.py:1900} INFO - Created Permission View: can read on DAG Run:example_params_trigger_ui
[2024-11-04T20:13:44.380+0000] {logging_mixin.py:190} INFO - [2024-11-04T20:13:44.379+0000] {override.py:1900} INFO - Created Permission View: can create on DAG Run:example_params_trigger_ui
[2024-11-04T20:13:44.412+0000] {logging_mixin.py:190} INFO - [2024-11-04T20:13:44.412+0000] {override.py:1900} INFO - Created Permission View: can delete on DAG Run:example_params_trigger_ui
[2024-11-04T20:13:44.413+0000] {logging_mixin.py:190} INFO - [2024-11-04T20:13:44.413+0000] {dag.py:3239} INFO - Sync 1 DAGs
[2024-11-04T20:13:44.449+0000] {logging_mixin.py:190} INFO - [2024-11-04T20:13:44.440+0000] {dag.py:3262} INFO - Creating ORM DAG for example_params_trigger_ui
[2024-11-04T20:13:44.453+0000] {logging_mixin.py:190} INFO - [2024-11-04T20:13:44.452+0000] {dag.py:4180} INFO - Setting next_dagrun for example_params_trigger_ui to None, run_after=None
[2024-11-04T20:13:44.508+0000] {processor.py:208} INFO - Processing /home/airflow/.local/lib/python3.12/site-packages/airflow/example_dags/example_params_trigger_ui.py took 0.908 seconds
[2024-11-04T20:14:15.257+0000] {processor.py:186} INFO - Started process (PID=183) to work on /home/airflow/.local/lib/python3.12/site-packages/airflow/example_dags/example_params_trigger_ui.py
[2024-11-04T20:14:15.259+0000] {processor.py:914} INFO - Processing file /home/airflow/.local/lib/python3.12/site-packages/airflow/example_dags/example_params_trigger_ui.py for tasks to queue
[2024-11-04T20:14:15.263+0000] {logging_mixin.py:190} INFO - [2024-11-04T20:14:15.262+0000] {dagbag.py:588} INFO - Filling up the DagBag from /home/airflow/.local/lib/python3.12/site-packages/airflow/example_dags/example_params_trigger_ui.py
[2024-11-04T20:14:15.286+0000] {processor.py:925} INFO - DAG(s) 'example_params_trigger_ui' retrieved from /home/airflow/.local/lib/python3.12/site-packages/airflow/example_dags/example_params_trigger_ui.py
[2024-11-04T20:14:15.370+0000] {logging_mixin.py:190} INFO - [2024-11-04T20:14:15.370+0000] {dag.py:3239} INFO - Sync 1 DAGs
[2024-11-04T20:14:15.391+0000] {logging_mixin.py:190} INFO - [2024-11-04T20:14:15.391+0000] {dag.py:4180} INFO - Setting next_dagrun for example_params_trigger_ui to None, run_after=None
[2024-11-04T20:14:15.424+0000] {processor.py:208} INFO - Processing /home/airflow/.local/lib/python3.12/site-packages/airflow/example_dags/example_params_trigger_ui.py took 0.182 seconds
[2024-11-04T20:14:46.168+0000] {processor.py:186} INFO - Started process (PID=246) to work on /home/airflow/.local/lib/python3.12/site-packages/airflow/example_dags/example_params_trigger_ui.py
[2024-11-04T20:14:46.170+0000] {processor.py:914} INFO - Processing file /home/airflow/.local/lib/python3.12/site-packages/airflow/example_dags/example_params_trigger_ui.py for tasks to queue
[2024-11-04T20:14:46.172+0000] {logging_mixin.py:190} INFO - [2024-11-04T20:14:46.172+0000] {dagbag.py:588} INFO - Filling up the DagBag from /home/airflow/.local/lib/python3.12/site-packages/airflow/example_dags/example_params_trigger_ui.py
[2024-11-04T20:14:46.186+0000] {processor.py:925} INFO - DAG(s) 'example_params_trigger_ui' retrieved from /home/airflow/.local/lib/python3.12/site-packages/airflow/example_dags/example_params_trigger_ui.py
[2024-11-04T20:14:46.241+0000] {logging_mixin.py:190} INFO - [2024-11-04T20:14:46.241+0000] {dag.py:3239} INFO - Sync 1 DAGs
[2024-11-04T20:14:46.259+0000] {logging_mixin.py:190} INFO - [2024-11-04T20:14:46.259+0000] {dag.py:4180} INFO - Setting next_dagrun for example_params_trigger_ui to None, run_after=None
[2024-11-04T20:14:46.282+0000] {processor.py:208} INFO - Processing /home/airflow/.local/lib/python3.12/site-packages/airflow/example_dags/example_params_trigger_ui.py took 0.122 seconds
[2024-11-04T20:15:16.441+0000] {processor.py:186} INFO - Started process (PID=308) to work on /home/airflow/.local/lib/python3.12/site-packages/airflow/example_dags/example_params_trigger_ui.py
[2024-11-04T20:15:16.443+0000] {processor.py:914} INFO - Processing file /home/airflow/.local/lib/python3.12/site-packages/airflow/example_dags/example_params_trigger_ui.py for tasks to queue
[2024-11-04T20:15:16.446+0000] {logging_mixin.py:190} INFO - [2024-11-04T20:15:16.446+0000] {dagbag.py:588} INFO - Filling up the DagBag from /home/airflow/.local/lib/python3.12/site-packages/airflow/example_dags/example_params_trigger_ui.py
[2024-11-04T20:15:16.459+0000] {processor.py:925} INFO - DAG(s) 'example_params_trigger_ui' retrieved from /home/airflow/.local/lib/python3.12/site-packages/airflow/example_dags/example_params_trigger_ui.py
[2024-11-04T20:15:16.518+0000] {logging_mixin.py:190} INFO - [2024-11-04T20:15:16.517+0000] {dag.py:3239} INFO - Sync 1 DAGs
[2024-11-04T20:15:16.542+0000] {logging_mixin.py:190} INFO - [2024-11-04T20:15:16.542+0000] {dag.py:4180} INFO - Setting next_dagrun for example_params_trigger_ui to None, run_after=None
[2024-11-04T20:15:16.571+0000] {processor.py:208} INFO - Processing /home/airflow/.local/lib/python3.12/site-packages/airflow/example_dags/example_params_trigger_ui.py took 0.136 seconds
[2024-11-04T20:15:47.008+0000] {processor.py:186} INFO - Started process (PID=371) to work on /home/airflow/.local/lib/python3.12/site-packages/airflow/example_dags/example_params_trigger_ui.py
[2024-11-04T20:15:47.009+0000] {processor.py:914} INFO - Processing file /home/airflow/.local/lib/python3.12/site-packages/airflow/example_dags/example_params_trigger_ui.py for tasks to queue
[2024-11-04T20:15:47.015+0000] {logging_mixin.py:190} INFO - [2024-11-04T20:15:47.014+0000] {dagbag.py:588} INFO - Filling up the DagBag from /home/airflow/.local/lib/python3.12/site-packages/airflow/example_dags/example_params_trigger_ui.py
[2024-11-04T20:15:47.033+0000] {processor.py:925} INFO - DAG(s) 'example_params_trigger_ui' retrieved from /home/airflow/.local/lib/python3.12/site-packages/airflow/example_dags/example_params_trigger_ui.py
[2024-11-04T20:15:47.143+0000] {logging_mixin.py:190} INFO - [2024-11-04T20:15:47.143+0000] {dag.py:3239} INFO - Sync 1 DAGs
[2024-11-04T20:15:47.191+0000] {logging_mixin.py:190} INFO - [2024-11-04T20:15:47.190+0000] {dag.py:4180} INFO - Setting next_dagrun for example_params_trigger_ui to None, run_after=None
[2024-11-04T20:15:47.231+0000] {processor.py:208} INFO - Processing /home/airflow/.local/lib/python3.12/site-packages/airflow/example_dags/example_params_trigger_ui.py took 0.235 seconds
[2024-11-04T20:16:17.931+0000] {processor.py:186} INFO - Started process (PID=433) to work on /home/airflow/.local/lib/python3.12/site-packages/airflow/example_dags/example_params_trigger_ui.py
[2024-11-04T20:16:17.932+0000] {processor.py:914} INFO - Processing file /home/airflow/.local/lib/python3.12/site-packages/airflow/example_dags/example_params_trigger_ui.py for tasks to queue
[2024-11-04T20:16:17.935+0000] {logging_mixin.py:190} INFO - [2024-11-04T20:16:17.934+0000] {dagbag.py:588} INFO - Filling up the DagBag from /home/airflow/.local/lib/python3.12/site-packages/airflow/example_dags/example_params_trigger_ui.py
[2024-11-04T20:16:17.952+0000] {processor.py:925} INFO - DAG(s) 'example_params_trigger_ui' retrieved from /home/airflow/.local/lib/python3.12/site-packages/airflow/example_dags/example_params_trigger_ui.py
[2024-11-04T20:16:18.012+0000] {logging_mixin.py:190} INFO - [2024-11-04T20:16:18.012+0000] {dag.py:3239} INFO - Sync 1 DAGs
[2024-11-04T20:16:18.037+0000] {logging_mixin.py:190} INFO - [2024-11-04T20:16:18.036+0000] {dag.py:4180} INFO - Setting next_dagrun for example_params_trigger_ui to None, run_after=None
[2024-11-04T20:16:18.060+0000] {processor.py:208} INFO - Processing /home/airflow/.local/lib/python3.12/site-packages/airflow/example_dags/example_params_trigger_ui.py took 0.137 seconds
[2024-11-04T20:16:48.998+0000] {processor.py:186} INFO - Started process (PID=496) to work on /home/airflow/.local/lib/python3.12/site-packages/airflow/example_dags/example_params_trigger_ui.py
[2024-11-04T20:16:49.009+0000] {processor.py:914} INFO - Processing file /home/airflow/.local/lib/python3.12/site-packages/airflow/example_dags/example_params_trigger_ui.py for tasks to queue
[2024-11-04T20:16:49.014+0000] {logging_mixin.py:190} INFO - [2024-11-04T20:16:49.013+0000] {dagbag.py:588} INFO - Filling up the DagBag from /home/airflow/.local/lib/python3.12/site-packages/airflow/example_dags/example_params_trigger_ui.py
[2024-11-04T20:16:49.050+0000] {processor.py:925} INFO - DAG(s) 'example_params_trigger_ui' retrieved from /home/airflow/.local/lib/python3.12/site-packages/airflow/example_dags/example_params_trigger_ui.py
[2024-11-04T20:16:49.246+0000] {logging_mixin.py:190} INFO - [2024-11-04T20:16:49.246+0000] {dag.py:3239} INFO - Sync 1 DAGs
[2024-11-04T20:16:49.308+0000] {logging_mixin.py:190} INFO - [2024-11-04T20:16:49.307+0000] {dag.py:4180} INFO - Setting next_dagrun for example_params_trigger_ui to None, run_after=None
[2024-11-04T20:16:49.400+0000] {processor.py:208} INFO - Processing /home/airflow/.local/lib/python3.12/site-packages/airflow/example_dags/example_params_trigger_ui.py took 0.412 seconds
[2024-11-04T20:17:29.164+0000] {processor.py:186} INFO - Started process (PID=570) to work on /home/airflow/.local/lib/python3.12/site-packages/airflow/example_dags/example_params_trigger_ui.py
[2024-11-04T20:17:29.166+0000] {processor.py:914} INFO - Processing file /home/airflow/.local/lib/python3.12/site-packages/airflow/example_dags/example_params_trigger_ui.py for tasks to queue
[2024-11-04T20:17:29.182+0000] {logging_mixin.py:190} INFO - [2024-11-04T20:17:29.181+0000] {dagbag.py:588} INFO - Filling up the DagBag from /home/airflow/.local/lib/python3.12/site-packages/airflow/example_dags/example_params_trigger_ui.py
[2024-11-04T20:17:29.230+0000] {processor.py:925} INFO - DAG(s) 'example_params_trigger_ui' retrieved from /home/airflow/.local/lib/python3.12/site-packages/airflow/example_dags/example_params_trigger_ui.py
[2024-11-04T20:17:29.377+0000] {logging_mixin.py:190} INFO - [2024-11-04T20:17:29.376+0000] {dag.py:3239} INFO - Sync 1 DAGs
[2024-11-04T20:17:29.444+0000] {logging_mixin.py:190} INFO - [2024-11-04T20:17:29.444+0000] {dag.py:4180} INFO - Setting next_dagrun for example_params_trigger_ui to None, run_after=None
[2024-11-04T20:17:29.510+0000] {processor.py:208} INFO - Processing /home/airflow/.local/lib/python3.12/site-packages/airflow/example_dags/example_params_trigger_ui.py took 0.369 seconds
[2024-11-04T20:18:00.158+0000] {processor.py:186} INFO - Started process (PID=632) to work on /home/airflow/.local/lib/python3.12/site-packages/airflow/example_dags/example_params_trigger_ui.py
[2024-11-04T20:18:00.160+0000] {processor.py:914} INFO - Processing file /home/airflow/.local/lib/python3.12/site-packages/airflow/example_dags/example_params_trigger_ui.py for tasks to queue
[2024-11-04T20:18:00.163+0000] {logging_mixin.py:190} INFO - [2024-11-04T20:18:00.162+0000] {dagbag.py:588} INFO - Filling up the DagBag from /home/airflow/.local/lib/python3.12/site-packages/airflow/example_dags/example_params_trigger_ui.py
[2024-11-04T20:18:00.176+0000] {processor.py:925} INFO - DAG(s) 'example_params_trigger_ui' retrieved from /home/airflow/.local/lib/python3.12/site-packages/airflow/example_dags/example_params_trigger_ui.py
[2024-11-04T20:18:00.232+0000] {logging_mixin.py:190} INFO - [2024-11-04T20:18:00.232+0000] {dag.py:3239} INFO - Sync 1 DAGs
[2024-11-04T20:18:00.250+0000] {logging_mixin.py:190} INFO - [2024-11-04T20:18:00.250+0000] {dag.py:4180} INFO - Setting next_dagrun for example_params_trigger_ui to None, run_after=None
[2024-11-04T20:18:00.276+0000] {processor.py:208} INFO - Processing /home/airflow/.local/lib/python3.12/site-packages/airflow/example_dags/example_params_trigger_ui.py took 0.124 seconds
[2024-11-04T20:18:30.465+0000] {processor.py:186} INFO - Started process (PID=695) to work on /home/airflow/.local/lib/python3.12/site-packages/airflow/example_dags/example_params_trigger_ui.py
[2024-11-04T20:18:30.466+0000] {processor.py:914} INFO - Processing file /home/airflow/.local/lib/python3.12/site-packages/airflow/example_dags/example_params_trigger_ui.py for tasks to queue
[2024-11-04T20:18:30.469+0000] {logging_mixin.py:190} INFO - [2024-11-04T20:18:30.469+0000] {dagbag.py:588} INFO - Filling up the DagBag from /home/airflow/.local/lib/python3.12/site-packages/airflow/example_dags/example_params_trigger_ui.py
[2024-11-04T20:18:30.489+0000] {processor.py:925} INFO - DAG(s) 'example_params_trigger_ui' retrieved from /home/airflow/.local/lib/python3.12/site-packages/airflow/example_dags/example_params_trigger_ui.py
[2024-11-04T20:18:30.573+0000] {logging_mixin.py:190} INFO - [2024-11-04T20:18:30.572+0000] {dag.py:3239} INFO - Sync 1 DAGs
[2024-11-04T20:18:30.595+0000] {logging_mixin.py:190} INFO - [2024-11-04T20:18:30.595+0000] {dag.py:4180} INFO - Setting next_dagrun for example_params_trigger_ui to None, run_after=None
[2024-11-04T20:18:30.631+0000] {processor.py:208} INFO - Processing /home/airflow/.local/lib/python3.12/site-packages/airflow/example_dags/example_params_trigger_ui.py took 0.176 seconds
[2024-11-04T20:19:01.055+0000] {processor.py:186} INFO - Started process (PID=758) to work on /home/airflow/.local/lib/python3.12/site-packages/airflow/example_dags/example_params_trigger_ui.py
[2024-11-04T20:19:01.057+0000] {processor.py:914} INFO - Processing file /home/airflow/.local/lib/python3.12/site-packages/airflow/example_dags/example_params_trigger_ui.py for tasks to queue
[2024-11-04T20:19:01.062+0000] {logging_mixin.py:190} INFO - [2024-11-04T20:19:01.061+0000] {dagbag.py:588} INFO - Filling up the DagBag from /home/airflow/.local/lib/python3.12/site-packages/airflow/example_dags/example_params_trigger_ui.py
[2024-11-04T20:19:01.085+0000] {processor.py:925} INFO - DAG(s) 'example_params_trigger_ui' retrieved from /home/airflow/.local/lib/python3.12/site-packages/airflow/example_dags/example_params_trigger_ui.py
[2024-11-04T20:19:01.183+0000] {logging_mixin.py:190} INFO - [2024-11-04T20:19:01.183+0000] {dag.py:3239} INFO - Sync 1 DAGs
[2024-11-04T20:19:01.220+0000] {logging_mixin.py:190} INFO - [2024-11-04T20:19:01.220+0000] {dag.py:4180} INFO - Setting next_dagrun for example_params_trigger_ui to None, run_after=None
[2024-11-04T20:19:01.245+0000] {processor.py:208} INFO - Processing /home/airflow/.local/lib/python3.12/site-packages/airflow/example_dags/example_params_trigger_ui.py took 0.198 seconds
[2024-11-04T20:19:31.810+0000] {processor.py:186} INFO - Started process (PID=821) to work on /home/airflow/.local/lib/python3.12/site-packages/airflow/example_dags/example_params_trigger_ui.py
[2024-11-04T20:19:31.812+0000] {processor.py:914} INFO - Processing file /home/airflow/.local/lib/python3.12/site-packages/airflow/example_dags/example_params_trigger_ui.py for tasks to queue
[2024-11-04T20:19:31.815+0000] {logging_mixin.py:190} INFO - [2024-11-04T20:19:31.814+0000] {dagbag.py:588} INFO - Filling up the DagBag from /home/airflow/.local/lib/python3.12/site-packages/airflow/example_dags/example_params_trigger_ui.py
[2024-11-04T20:19:31.830+0000] {processor.py:925} INFO - DAG(s) 'example_params_trigger_ui' retrieved from /home/airflow/.local/lib/python3.12/site-packages/airflow/example_dags/example_params_trigger_ui.py
[2024-11-04T20:19:31.882+0000] {logging_mixin.py:190} INFO - [2024-11-04T20:19:31.881+0000] {dag.py:3239} INFO - Sync 1 DAGs
[2024-11-04T20:19:31.899+0000] {logging_mixin.py:190} INFO - [2024-11-04T20:19:31.899+0000] {dag.py:4180} INFO - Setting next_dagrun for example_params_trigger_ui to None, run_after=None
[2024-11-04T20:19:31.925+0000] {processor.py:208} INFO - Processing /home/airflow/.local/lib/python3.12/site-packages/airflow/example_dags/example_params_trigger_ui.py took 0.122 seconds
[2024-11-04T20:20:02.299+0000] {processor.py:186} INFO - Started process (PID=884) to work on /home/airflow/.local/lib/python3.12/site-packages/airflow/example_dags/example_params_trigger_ui.py
[2024-11-04T20:20:02.301+0000] {processor.py:914} INFO - Processing file /home/airflow/.local/lib/python3.12/site-packages/airflow/example_dags/example_params_trigger_ui.py for tasks to queue
[2024-11-04T20:20:02.304+0000] {logging_mixin.py:190} INFO - [2024-11-04T20:20:02.304+0000] {dagbag.py:588} INFO - Filling up the DagBag from /home/airflow/.local/lib/python3.12/site-packages/airflow/example_dags/example_params_trigger_ui.py
[2024-11-04T20:20:02.323+0000] {processor.py:925} INFO - DAG(s) 'example_params_trigger_ui' retrieved from /home/airflow/.local/lib/python3.12/site-packages/airflow/example_dags/example_params_trigger_ui.py
[2024-11-04T20:20:02.454+0000] {logging_mixin.py:190} INFO - [2024-11-04T20:20:02.451+0000] {dag.py:3239} INFO - Sync 1 DAGs
[2024-11-04T20:20:02.511+0000] {logging_mixin.py:190} INFO - [2024-11-04T20:20:02.509+0000] {dag.py:4180} INFO - Setting next_dagrun for example_params_trigger_ui to None, run_after=None
[2024-11-04T20:20:02.584+0000] {processor.py:208} INFO - Processing /home/airflow/.local/lib/python3.12/site-packages/airflow/example_dags/example_params_trigger_ui.py took 0.292 seconds
[2024-11-04T20:20:33.122+0000] {processor.py:186} INFO - Started process (PID=947) to work on /home/airflow/.local/lib/python3.12/site-packages/airflow/example_dags/example_params_trigger_ui.py
[2024-11-04T20:20:33.131+0000] {processor.py:914} INFO - Processing file /home/airflow/.local/lib/python3.12/site-packages/airflow/example_dags/example_params_trigger_ui.py for tasks to queue
[2024-11-04T20:20:33.135+0000] {logging_mixin.py:190} INFO - [2024-11-04T20:20:33.134+0000] {dagbag.py:588} INFO - Filling up the DagBag from /home/airflow/.local/lib/python3.12/site-packages/airflow/example_dags/example_params_trigger_ui.py
[2024-11-04T20:20:33.160+0000] {processor.py:925} INFO - DAG(s) 'example_params_trigger_ui' retrieved from /home/airflow/.local/lib/python3.12/site-packages/airflow/example_dags/example_params_trigger_ui.py
[2024-11-04T20:20:33.295+0000] {logging_mixin.py:190} INFO - [2024-11-04T20:20:33.293+0000] {dag.py:3239} INFO - Sync 1 DAGs
[2024-11-04T20:20:33.365+0000] {logging_mixin.py:190} INFO - [2024-11-04T20:20:33.365+0000] {dag.py:4180} INFO - Setting next_dagrun for example_params_trigger_ui to None, run_after=None
[2024-11-04T20:20:33.430+0000] {processor.py:208} INFO - Processing /home/airflow/.local/lib/python3.12/site-packages/airflow/example_dags/example_params_trigger_ui.py took 0.317 seconds
[2024-11-04T20:21:04.241+0000] {processor.py:186} INFO - Started process (PID=1010) to work on /home/airflow/.local/lib/python3.12/site-packages/airflow/example_dags/example_params_trigger_ui.py
[2024-11-04T20:21:04.243+0000] {processor.py:914} INFO - Processing file /home/airflow/.local/lib/python3.12/site-packages/airflow/example_dags/example_params_trigger_ui.py for tasks to queue
[2024-11-04T20:21:04.245+0000] {logging_mixin.py:190} INFO - [2024-11-04T20:21:04.245+0000] {dagbag.py:588} INFO - Filling up the DagBag from /home/airflow/.local/lib/python3.12/site-packages/airflow/example_dags/example_params_trigger_ui.py
[2024-11-04T20:21:04.257+0000] {processor.py:925} INFO - DAG(s) 'example_params_trigger_ui' retrieved from /home/airflow/.local/lib/python3.12/site-packages/airflow/example_dags/example_params_trigger_ui.py
[2024-11-04T20:21:04.305+0000] {logging_mixin.py:190} INFO - [2024-11-04T20:21:04.305+0000] {dag.py:3239} INFO - Sync 1 DAGs
[2024-11-04T20:21:04.322+0000] {logging_mixin.py:190} INFO - [2024-11-04T20:21:04.322+0000] {dag.py:4180} INFO - Setting next_dagrun for example_params_trigger_ui to None, run_after=None
[2024-11-04T20:21:04.345+0000] {processor.py:208} INFO - Processing /home/airflow/.local/lib/python3.12/site-packages/airflow/example_dags/example_params_trigger_ui.py took 0.110 seconds
[2024-11-04T20:21:34.647+0000] {processor.py:186} INFO - Started process (PID=1073) to work on /home/airflow/.local/lib/python3.12/site-packages/airflow/example_dags/example_params_trigger_ui.py
[2024-11-04T20:21:34.649+0000] {processor.py:914} INFO - Processing file /home/airflow/.local/lib/python3.12/site-packages/airflow/example_dags/example_params_trigger_ui.py for tasks to queue
[2024-11-04T20:21:34.652+0000] {logging_mixin.py:190} INFO - [2024-11-04T20:21:34.651+0000] {dagbag.py:588} INFO - Filling up the DagBag from /home/airflow/.local/lib/python3.12/site-packages/airflow/example_dags/example_params_trigger_ui.py
[2024-11-04T20:21:34.665+0000] {processor.py:925} INFO - DAG(s) 'example_params_trigger_ui' retrieved from /home/airflow/.local/lib/python3.12/site-packages/airflow/example_dags/example_params_trigger_ui.py
[2024-11-04T20:21:34.719+0000] {logging_mixin.py:190} INFO - [2024-11-04T20:21:34.719+0000] {dag.py:3239} INFO - Sync 1 DAGs
[2024-11-04T20:21:34.743+0000] {logging_mixin.py:190} INFO - [2024-11-04T20:21:34.742+0000] {dag.py:4180} INFO - Setting next_dagrun for example_params_trigger_ui to None, run_after=None
[2024-11-04T20:21:34.774+0000] {processor.py:208} INFO - Processing /home/airflow/.local/lib/python3.12/site-packages/airflow/example_dags/example_params_trigger_ui.py took 0.134 seconds
[2024-11-04T20:22:04.928+0000] {processor.py:186} INFO - Started process (PID=1135) to work on /home/airflow/.local/lib/python3.12/site-packages/airflow/example_dags/example_params_trigger_ui.py
[2024-11-04T20:22:04.932+0000] {processor.py:914} INFO - Processing file /home/airflow/.local/lib/python3.12/site-packages/airflow/example_dags/example_params_trigger_ui.py for tasks to queue
[2024-11-04T20:22:04.943+0000] {logging_mixin.py:190} INFO - [2024-11-04T20:22:04.942+0000] {dagbag.py:588} INFO - Filling up the DagBag from /home/airflow/.local/lib/python3.12/site-packages/airflow/example_dags/example_params_trigger_ui.py
[2024-11-04T20:22:04.965+0000] {processor.py:925} INFO - DAG(s) 'example_params_trigger_ui' retrieved from /home/airflow/.local/lib/python3.12/site-packages/airflow/example_dags/example_params_trigger_ui.py
[2024-11-04T20:22:05.022+0000] {logging_mixin.py:190} INFO - [2024-11-04T20:22:05.021+0000] {dag.py:3239} INFO - Sync 1 DAGs
[2024-11-04T20:22:05.045+0000] {logging_mixin.py:190} INFO - [2024-11-04T20:22:05.045+0000] {dag.py:4180} INFO - Setting next_dagrun for example_params_trigger_ui to None, run_after=None
[2024-11-04T20:22:05.073+0000] {processor.py:208} INFO - Processing /home/airflow/.local/lib/python3.12/site-packages/airflow/example_dags/example_params_trigger_ui.py took 0.155 seconds
[2024-11-04T20:22:35.240+0000] {processor.py:186} INFO - Started process (PID=1198) to work on /home/airflow/.local/lib/python3.12/site-packages/airflow/example_dags/example_params_trigger_ui.py
[2024-11-04T20:22:35.241+0000] {processor.py:914} INFO - Processing file /home/airflow/.local/lib/python3.12/site-packages/airflow/example_dags/example_params_trigger_ui.py for tasks to queue
[2024-11-04T20:22:35.243+0000] {logging_mixin.py:190} INFO - [2024-11-04T20:22:35.243+0000] {dagbag.py:588} INFO - Filling up the DagBag from /home/airflow/.local/lib/python3.12/site-packages/airflow/example_dags/example_params_trigger_ui.py
[2024-11-04T20:22:35.256+0000] {processor.py:925} INFO - DAG(s) 'example_params_trigger_ui' retrieved from /home/airflow/.local/lib/python3.12/site-packages/airflow/example_dags/example_params_trigger_ui.py
[2024-11-04T20:22:35.309+0000] {logging_mixin.py:190} INFO - [2024-11-04T20:22:35.309+0000] {dag.py:3239} INFO - Sync 1 DAGs
[2024-11-04T20:22:35.327+0000] {logging_mixin.py:190} INFO - [2024-11-04T20:22:35.326+0000] {dag.py:4180} INFO - Setting next_dagrun for example_params_trigger_ui to None, run_after=None
[2024-11-04T20:22:35.350+0000] {processor.py:208} INFO - Processing /home/airflow/.local/lib/python3.12/site-packages/airflow/example_dags/example_params_trigger_ui.py took 0.118 seconds
