[2024-11-04T20:13:28.797+0000] {processor.py:186} INFO - Started process (PID=93) to work on /home/airflow/.local/lib/python3.12/site-packages/airflow/example_dags/example_sensor_decorator.py
[2024-11-04T20:13:28.798+0000] {processor.py:914} INFO - Processing file /home/airflow/.local/lib/python3.12/site-packages/airflow/example_dags/example_sensor_decorator.py for tasks to queue
[2024-11-04T20:13:28.805+0000] {logging_mixin.py:190} INFO - [2024-11-04T20:13:28.804+0000] {dagbag.py:588} INFO - Filling up the DagBag from /home/airflow/.local/lib/python3.12/site-packages/airflow/example_dags/example_sensor_decorator.py
[2024-11-04T20:13:28.823+0000] {processor.py:925} INFO - DAG(s) 'example_sensor_decorator' retrieved from /home/airflow/.local/lib/python3.12/site-packages/airflow/example_dags/example_sensor_decorator.py
[2024-11-04T20:13:29.424+0000] {logging_mixin.py:190} INFO - [2024-11-04T20:13:29.418+0000] {override.py:1900} INFO - Created Permission View: can edit on DAG:example_sensor_decorator
[2024-11-04T20:13:29.447+0000] {logging_mixin.py:190} INFO - [2024-11-04T20:13:29.447+0000] {override.py:1900} INFO - Created Permission View: can read on DAG:example_sensor_decorator
[2024-11-04T20:13:29.463+0000] {logging_mixin.py:190} INFO - [2024-11-04T20:13:29.463+0000] {override.py:1900} INFO - Created Permission View: can delete on DAG:example_sensor_decorator
[2024-11-04T20:13:29.474+0000] {logging_mixin.py:190} INFO - [2024-11-04T20:13:29.473+0000] {override.py:1900} INFO - Created Permission View: menu access on DAG Run:example_sensor_decorator
[2024-11-04T20:13:29.484+0000] {logging_mixin.py:190} INFO - [2024-11-04T20:13:29.484+0000] {override.py:1900} INFO - Created Permission View: can read on DAG Run:example_sensor_decorator
[2024-11-04T20:13:29.500+0000] {logging_mixin.py:190} INFO - [2024-11-04T20:13:29.500+0000] {override.py:1900} INFO - Created Permission View: can create on DAG Run:example_sensor_decorator
[2024-11-04T20:13:29.514+0000] {logging_mixin.py:190} INFO - [2024-11-04T20:13:29.514+0000] {override.py:1900} INFO - Created Permission View: can delete on DAG Run:example_sensor_decorator
[2024-11-04T20:13:29.515+0000] {logging_mixin.py:190} INFO - [2024-11-04T20:13:29.515+0000] {dag.py:3239} INFO - Sync 1 DAGs
[2024-11-04T20:13:29.563+0000] {logging_mixin.py:190} INFO - [2024-11-04T20:13:29.563+0000] {dag.py:3262} INFO - Creating ORM DAG for example_sensor_decorator
[2024-11-04T20:13:29.565+0000] {logging_mixin.py:190} INFO - [2024-11-04T20:13:29.565+0000] {dag.py:4180} INFO - Setting next_dagrun for example_sensor_decorator to None, run_after=None
[2024-11-04T20:13:29.612+0000] {processor.py:208} INFO - Processing /home/airflow/.local/lib/python3.12/site-packages/airflow/example_dags/example_sensor_decorator.py took 0.832 seconds
[2024-11-04T20:13:59.839+0000] {processor.py:186} INFO - Started process (PID=154) to work on /home/airflow/.local/lib/python3.12/site-packages/airflow/example_dags/example_sensor_decorator.py
[2024-11-04T20:13:59.840+0000] {processor.py:914} INFO - Processing file /home/airflow/.local/lib/python3.12/site-packages/airflow/example_dags/example_sensor_decorator.py for tasks to queue
[2024-11-04T20:13:59.844+0000] {logging_mixin.py:190} INFO - [2024-11-04T20:13:59.843+0000] {dagbag.py:588} INFO - Filling up the DagBag from /home/airflow/.local/lib/python3.12/site-packages/airflow/example_dags/example_sensor_decorator.py
[2024-11-04T20:13:59.857+0000] {processor.py:925} INFO - DAG(s) 'example_sensor_decorator' retrieved from /home/airflow/.local/lib/python3.12/site-packages/airflow/example_dags/example_sensor_decorator.py
[2024-11-04T20:13:59.895+0000] {logging_mixin.py:190} INFO - [2024-11-04T20:13:59.894+0000] {dag.py:3239} INFO - Sync 1 DAGs
[2024-11-04T20:13:59.919+0000] {logging_mixin.py:190} INFO - [2024-11-04T20:13:59.919+0000] {dag.py:4180} INFO - Setting next_dagrun for example_sensor_decorator to None, run_after=None
[2024-11-04T20:13:59.949+0000] {processor.py:208} INFO - Processing /home/airflow/.local/lib/python3.12/site-packages/airflow/example_dags/example_sensor_decorator.py took 0.119 seconds
[2024-11-04T20:14:30.109+0000] {processor.py:186} INFO - Started process (PID=217) to work on /home/airflow/.local/lib/python3.12/site-packages/airflow/example_dags/example_sensor_decorator.py
[2024-11-04T20:14:30.110+0000] {processor.py:914} INFO - Processing file /home/airflow/.local/lib/python3.12/site-packages/airflow/example_dags/example_sensor_decorator.py for tasks to queue
[2024-11-04T20:14:30.114+0000] {logging_mixin.py:190} INFO - [2024-11-04T20:14:30.114+0000] {dagbag.py:588} INFO - Filling up the DagBag from /home/airflow/.local/lib/python3.12/site-packages/airflow/example_dags/example_sensor_decorator.py
[2024-11-04T20:14:30.128+0000] {processor.py:925} INFO - DAG(s) 'example_sensor_decorator' retrieved from /home/airflow/.local/lib/python3.12/site-packages/airflow/example_dags/example_sensor_decorator.py
[2024-11-04T20:14:30.152+0000] {logging_mixin.py:190} INFO - [2024-11-04T20:14:30.152+0000] {dag.py:3239} INFO - Sync 1 DAGs
[2024-11-04T20:14:30.173+0000] {logging_mixin.py:190} INFO - [2024-11-04T20:14:30.173+0000] {dag.py:4180} INFO - Setting next_dagrun for example_sensor_decorator to None, run_after=None
[2024-11-04T20:14:30.198+0000] {processor.py:208} INFO - Processing /home/airflow/.local/lib/python3.12/site-packages/airflow/example_dags/example_sensor_decorator.py took 0.096 seconds
[2024-11-04T20:15:01.121+0000] {processor.py:186} INFO - Started process (PID=279) to work on /home/airflow/.local/lib/python3.12/site-packages/airflow/example_dags/example_sensor_decorator.py
[2024-11-04T20:15:01.123+0000] {processor.py:914} INFO - Processing file /home/airflow/.local/lib/python3.12/site-packages/airflow/example_dags/example_sensor_decorator.py for tasks to queue
[2024-11-04T20:15:01.127+0000] {logging_mixin.py:190} INFO - [2024-11-04T20:15:01.126+0000] {dagbag.py:588} INFO - Filling up the DagBag from /home/airflow/.local/lib/python3.12/site-packages/airflow/example_dags/example_sensor_decorator.py
[2024-11-04T20:15:01.136+0000] {processor.py:925} INFO - DAG(s) 'example_sensor_decorator' retrieved from /home/airflow/.local/lib/python3.12/site-packages/airflow/example_dags/example_sensor_decorator.py
[2024-11-04T20:15:01.161+0000] {logging_mixin.py:190} INFO - [2024-11-04T20:15:01.160+0000] {dag.py:3239} INFO - Sync 1 DAGs
[2024-11-04T20:15:01.178+0000] {logging_mixin.py:190} INFO - [2024-11-04T20:15:01.178+0000] {dag.py:4180} INFO - Setting next_dagrun for example_sensor_decorator to None, run_after=None
[2024-11-04T20:15:01.201+0000] {processor.py:208} INFO - Processing /home/airflow/.local/lib/python3.12/site-packages/airflow/example_dags/example_sensor_decorator.py took 0.087 seconds
[2024-11-04T20:15:31.267+0000] {processor.py:186} INFO - Started process (PID=341) to work on /home/airflow/.local/lib/python3.12/site-packages/airflow/example_dags/example_sensor_decorator.py
[2024-11-04T20:15:31.268+0000] {processor.py:914} INFO - Processing file /home/airflow/.local/lib/python3.12/site-packages/airflow/example_dags/example_sensor_decorator.py for tasks to queue
[2024-11-04T20:15:31.271+0000] {logging_mixin.py:190} INFO - [2024-11-04T20:15:31.271+0000] {dagbag.py:588} INFO - Filling up the DagBag from /home/airflow/.local/lib/python3.12/site-packages/airflow/example_dags/example_sensor_decorator.py
[2024-11-04T20:15:31.280+0000] {processor.py:925} INFO - DAG(s) 'example_sensor_decorator' retrieved from /home/airflow/.local/lib/python3.12/site-packages/airflow/example_dags/example_sensor_decorator.py
[2024-11-04T20:15:31.303+0000] {logging_mixin.py:190} INFO - [2024-11-04T20:15:31.302+0000] {dag.py:3239} INFO - Sync 1 DAGs
[2024-11-04T20:15:31.318+0000] {logging_mixin.py:190} INFO - [2024-11-04T20:15:31.318+0000] {dag.py:4180} INFO - Setting next_dagrun for example_sensor_decorator to None, run_after=None
[2024-11-04T20:15:31.344+0000] {processor.py:208} INFO - Processing /home/airflow/.local/lib/python3.12/site-packages/airflow/example_dags/example_sensor_decorator.py took 0.083 seconds
[2024-11-04T20:16:01.762+0000] {processor.py:186} INFO - Started process (PID=403) to work on /home/airflow/.local/lib/python3.12/site-packages/airflow/example_dags/example_sensor_decorator.py
[2024-11-04T20:16:01.764+0000] {processor.py:914} INFO - Processing file /home/airflow/.local/lib/python3.12/site-packages/airflow/example_dags/example_sensor_decorator.py for tasks to queue
[2024-11-04T20:16:01.767+0000] {logging_mixin.py:190} INFO - [2024-11-04T20:16:01.766+0000] {dagbag.py:588} INFO - Filling up the DagBag from /home/airflow/.local/lib/python3.12/site-packages/airflow/example_dags/example_sensor_decorator.py
[2024-11-04T20:16:01.776+0000] {processor.py:925} INFO - DAG(s) 'example_sensor_decorator' retrieved from /home/airflow/.local/lib/python3.12/site-packages/airflow/example_dags/example_sensor_decorator.py
[2024-11-04T20:16:01.824+0000] {logging_mixin.py:190} INFO - [2024-11-04T20:16:01.815+0000] {dag.py:3239} INFO - Sync 1 DAGs
[2024-11-04T20:16:01.866+0000] {logging_mixin.py:190} INFO - [2024-11-04T20:16:01.865+0000] {dag.py:4180} INFO - Setting next_dagrun for example_sensor_decorator to None, run_after=None
[2024-11-04T20:16:01.915+0000] {processor.py:208} INFO - Processing /home/airflow/.local/lib/python3.12/site-packages/airflow/example_dags/example_sensor_decorator.py took 0.159 seconds
[2024-11-04T20:16:32.652+0000] {processor.py:186} INFO - Started process (PID=465) to work on /home/airflow/.local/lib/python3.12/site-packages/airflow/example_dags/example_sensor_decorator.py
[2024-11-04T20:16:32.654+0000] {processor.py:914} INFO - Processing file /home/airflow/.local/lib/python3.12/site-packages/airflow/example_dags/example_sensor_decorator.py for tasks to queue
[2024-11-04T20:16:32.657+0000] {logging_mixin.py:190} INFO - [2024-11-04T20:16:32.656+0000] {dagbag.py:588} INFO - Filling up the DagBag from /home/airflow/.local/lib/python3.12/site-packages/airflow/example_dags/example_sensor_decorator.py
[2024-11-04T20:16:32.666+0000] {processor.py:925} INFO - DAG(s) 'example_sensor_decorator' retrieved from /home/airflow/.local/lib/python3.12/site-packages/airflow/example_dags/example_sensor_decorator.py
[2024-11-04T20:16:32.706+0000] {logging_mixin.py:190} INFO - [2024-11-04T20:16:32.705+0000] {dag.py:3239} INFO - Sync 1 DAGs
[2024-11-04T20:16:32.725+0000] {logging_mixin.py:190} INFO - [2024-11-04T20:16:32.724+0000] {dag.py:4180} INFO - Setting next_dagrun for example_sensor_decorator to None, run_after=None
[2024-11-04T20:16:32.773+0000] {processor.py:208} INFO - Processing /home/airflow/.local/lib/python3.12/site-packages/airflow/example_dags/example_sensor_decorator.py took 0.128 seconds
[2024-11-04T20:17:03.282+0000] {processor.py:186} INFO - Started process (PID=527) to work on /home/airflow/.local/lib/python3.12/site-packages/airflow/example_dags/example_sensor_decorator.py
[2024-11-04T20:17:03.283+0000] {processor.py:914} INFO - Processing file /home/airflow/.local/lib/python3.12/site-packages/airflow/example_dags/example_sensor_decorator.py for tasks to queue
[2024-11-04T20:17:03.291+0000] {logging_mixin.py:190} INFO - [2024-11-04T20:17:03.290+0000] {dagbag.py:588} INFO - Filling up the DagBag from /home/airflow/.local/lib/python3.12/site-packages/airflow/example_dags/example_sensor_decorator.py
[2024-11-04T20:17:03.319+0000] {processor.py:925} INFO - DAG(s) 'example_sensor_decorator' retrieved from /home/airflow/.local/lib/python3.12/site-packages/airflow/example_dags/example_sensor_decorator.py
[2024-11-04T20:17:03.366+0000] {logging_mixin.py:190} INFO - [2024-11-04T20:17:03.366+0000] {dag.py:3239} INFO - Sync 1 DAGs
[2024-11-04T20:17:03.402+0000] {logging_mixin.py:190} INFO - [2024-11-04T20:17:03.401+0000] {dag.py:4180} INFO - Setting next_dagrun for example_sensor_decorator to None, run_after=None
[2024-11-04T20:17:03.459+0000] {processor.py:208} INFO - Processing /home/airflow/.local/lib/python3.12/site-packages/airflow/example_dags/example_sensor_decorator.py took 0.195 seconds
[2024-11-04T20:17:35.125+0000] {processor.py:186} INFO - Started process (PID=588) to work on /home/airflow/.local/lib/python3.12/site-packages/airflow/example_dags/example_sensor_decorator.py
[2024-11-04T20:17:35.127+0000] {processor.py:914} INFO - Processing file /home/airflow/.local/lib/python3.12/site-packages/airflow/example_dags/example_sensor_decorator.py for tasks to queue
[2024-11-04T20:17:35.131+0000] {logging_mixin.py:190} INFO - [2024-11-04T20:17:35.130+0000] {dagbag.py:588} INFO - Filling up the DagBag from /home/airflow/.local/lib/python3.12/site-packages/airflow/example_dags/example_sensor_decorator.py
[2024-11-04T20:17:35.153+0000] {processor.py:925} INFO - DAG(s) 'example_sensor_decorator' retrieved from /home/airflow/.local/lib/python3.12/site-packages/airflow/example_dags/example_sensor_decorator.py
[2024-11-04T20:17:35.198+0000] {logging_mixin.py:190} INFO - [2024-11-04T20:17:35.197+0000] {dag.py:3239} INFO - Sync 1 DAGs
[2024-11-04T20:17:35.236+0000] {logging_mixin.py:190} INFO - [2024-11-04T20:17:35.236+0000] {dag.py:4180} INFO - Setting next_dagrun for example_sensor_decorator to None, run_after=None
[2024-11-04T20:17:35.381+0000] {processor.py:208} INFO - Processing /home/airflow/.local/lib/python3.12/site-packages/airflow/example_dags/example_sensor_decorator.py took 0.270 seconds
[2024-11-04T20:18:05.569+0000] {processor.py:186} INFO - Started process (PID=650) to work on /home/airflow/.local/lib/python3.12/site-packages/airflow/example_dags/example_sensor_decorator.py
[2024-11-04T20:18:05.570+0000] {processor.py:914} INFO - Processing file /home/airflow/.local/lib/python3.12/site-packages/airflow/example_dags/example_sensor_decorator.py for tasks to queue
[2024-11-04T20:18:05.573+0000] {logging_mixin.py:190} INFO - [2024-11-04T20:18:05.573+0000] {dagbag.py:588} INFO - Filling up the DagBag from /home/airflow/.local/lib/python3.12/site-packages/airflow/example_dags/example_sensor_decorator.py
[2024-11-04T20:18:05.583+0000] {processor.py:925} INFO - DAG(s) 'example_sensor_decorator' retrieved from /home/airflow/.local/lib/python3.12/site-packages/airflow/example_dags/example_sensor_decorator.py
[2024-11-04T20:18:05.605+0000] {logging_mixin.py:190} INFO - [2024-11-04T20:18:05.605+0000] {dag.py:3239} INFO - Sync 1 DAGs
[2024-11-04T20:18:05.629+0000] {logging_mixin.py:190} INFO - [2024-11-04T20:18:05.629+0000] {dag.py:4180} INFO - Setting next_dagrun for example_sensor_decorator to None, run_after=None
[2024-11-04T20:18:05.653+0000] {processor.py:208} INFO - Processing /home/airflow/.local/lib/python3.12/site-packages/airflow/example_dags/example_sensor_decorator.py took 0.090 seconds
[2024-11-04T20:18:35.967+0000] {processor.py:186} INFO - Started process (PID=713) to work on /home/airflow/.local/lib/python3.12/site-packages/airflow/example_dags/example_sensor_decorator.py
[2024-11-04T20:18:35.968+0000] {processor.py:914} INFO - Processing file /home/airflow/.local/lib/python3.12/site-packages/airflow/example_dags/example_sensor_decorator.py for tasks to queue
[2024-11-04T20:18:35.971+0000] {logging_mixin.py:190} INFO - [2024-11-04T20:18:35.971+0000] {dagbag.py:588} INFO - Filling up the DagBag from /home/airflow/.local/lib/python3.12/site-packages/airflow/example_dags/example_sensor_decorator.py
[2024-11-04T20:18:35.980+0000] {processor.py:925} INFO - DAG(s) 'example_sensor_decorator' retrieved from /home/airflow/.local/lib/python3.12/site-packages/airflow/example_dags/example_sensor_decorator.py
[2024-11-04T20:18:36.000+0000] {logging_mixin.py:190} INFO - [2024-11-04T20:18:36.000+0000] {dag.py:3239} INFO - Sync 1 DAGs
[2024-11-04T20:18:36.016+0000] {logging_mixin.py:190} INFO - [2024-11-04T20:18:36.015+0000] {dag.py:4180} INFO - Setting next_dagrun for example_sensor_decorator to None, run_after=None
[2024-11-04T20:18:36.035+0000] {processor.py:208} INFO - Processing /home/airflow/.local/lib/python3.12/site-packages/airflow/example_dags/example_sensor_decorator.py took 0.074 seconds
[2024-11-04T20:19:06.693+0000] {processor.py:186} INFO - Started process (PID=776) to work on /home/airflow/.local/lib/python3.12/site-packages/airflow/example_dags/example_sensor_decorator.py
[2024-11-04T20:19:06.694+0000] {processor.py:914} INFO - Processing file /home/airflow/.local/lib/python3.12/site-packages/airflow/example_dags/example_sensor_decorator.py for tasks to queue
[2024-11-04T20:19:06.698+0000] {logging_mixin.py:190} INFO - [2024-11-04T20:19:06.697+0000] {dagbag.py:588} INFO - Filling up the DagBag from /home/airflow/.local/lib/python3.12/site-packages/airflow/example_dags/example_sensor_decorator.py
[2024-11-04T20:19:06.707+0000] {processor.py:925} INFO - DAG(s) 'example_sensor_decorator' retrieved from /home/airflow/.local/lib/python3.12/site-packages/airflow/example_dags/example_sensor_decorator.py
[2024-11-04T20:19:06.730+0000] {logging_mixin.py:190} INFO - [2024-11-04T20:19:06.729+0000] {dag.py:3239} INFO - Sync 1 DAGs
[2024-11-04T20:19:06.746+0000] {logging_mixin.py:190} INFO - [2024-11-04T20:19:06.746+0000] {dag.py:4180} INFO - Setting next_dagrun for example_sensor_decorator to None, run_after=None
[2024-11-04T20:19:06.766+0000] {processor.py:208} INFO - Processing /home/airflow/.local/lib/python3.12/site-packages/airflow/example_dags/example_sensor_decorator.py took 0.079 seconds
[2024-11-04T20:19:37.309+0000] {processor.py:186} INFO - Started process (PID=839) to work on /home/airflow/.local/lib/python3.12/site-packages/airflow/example_dags/example_sensor_decorator.py
[2024-11-04T20:19:37.310+0000] {processor.py:914} INFO - Processing file /home/airflow/.local/lib/python3.12/site-packages/airflow/example_dags/example_sensor_decorator.py for tasks to queue
[2024-11-04T20:19:37.313+0000] {logging_mixin.py:190} INFO - [2024-11-04T20:19:37.312+0000] {dagbag.py:588} INFO - Filling up the DagBag from /home/airflow/.local/lib/python3.12/site-packages/airflow/example_dags/example_sensor_decorator.py
[2024-11-04T20:19:37.321+0000] {processor.py:925} INFO - DAG(s) 'example_sensor_decorator' retrieved from /home/airflow/.local/lib/python3.12/site-packages/airflow/example_dags/example_sensor_decorator.py
[2024-11-04T20:19:37.343+0000] {logging_mixin.py:190} INFO - [2024-11-04T20:19:37.343+0000] {dag.py:3239} INFO - Sync 1 DAGs
[2024-11-04T20:19:37.359+0000] {logging_mixin.py:190} INFO - [2024-11-04T20:19:37.358+0000] {dag.py:4180} INFO - Setting next_dagrun for example_sensor_decorator to None, run_after=None
[2024-11-04T20:19:37.379+0000] {processor.py:208} INFO - Processing /home/airflow/.local/lib/python3.12/site-packages/airflow/example_dags/example_sensor_decorator.py took 0.077 seconds
[2024-11-04T20:20:07.658+0000] {processor.py:186} INFO - Started process (PID=902) to work on /home/airflow/.local/lib/python3.12/site-packages/airflow/example_dags/example_sensor_decorator.py
[2024-11-04T20:20:07.660+0000] {processor.py:914} INFO - Processing file /home/airflow/.local/lib/python3.12/site-packages/airflow/example_dags/example_sensor_decorator.py for tasks to queue
[2024-11-04T20:20:07.669+0000] {logging_mixin.py:190} INFO - [2024-11-04T20:20:07.668+0000] {dagbag.py:588} INFO - Filling up the DagBag from /home/airflow/.local/lib/python3.12/site-packages/airflow/example_dags/example_sensor_decorator.py
[2024-11-04T20:20:07.691+0000] {processor.py:925} INFO - DAG(s) 'example_sensor_decorator' retrieved from /home/airflow/.local/lib/python3.12/site-packages/airflow/example_dags/example_sensor_decorator.py
[2024-11-04T20:20:07.794+0000] {logging_mixin.py:190} INFO - [2024-11-04T20:20:07.793+0000] {dag.py:3239} INFO - Sync 1 DAGs
[2024-11-04T20:20:07.845+0000] {logging_mixin.py:190} INFO - [2024-11-04T20:20:07.844+0000] {dag.py:4180} INFO - Setting next_dagrun for example_sensor_decorator to None, run_after=None
[2024-11-04T20:20:07.925+0000] {processor.py:208} INFO - Processing /home/airflow/.local/lib/python3.12/site-packages/airflow/example_dags/example_sensor_decorator.py took 0.277 seconds
[2024-11-04T20:20:38.101+0000] {processor.py:186} INFO - Started process (PID=965) to work on /home/airflow/.local/lib/python3.12/site-packages/airflow/example_dags/example_sensor_decorator.py
[2024-11-04T20:20:38.102+0000] {processor.py:914} INFO - Processing file /home/airflow/.local/lib/python3.12/site-packages/airflow/example_dags/example_sensor_decorator.py for tasks to queue
[2024-11-04T20:20:38.105+0000] {logging_mixin.py:190} INFO - [2024-11-04T20:20:38.105+0000] {dagbag.py:588} INFO - Filling up the DagBag from /home/airflow/.local/lib/python3.12/site-packages/airflow/example_dags/example_sensor_decorator.py
[2024-11-04T20:20:38.115+0000] {processor.py:925} INFO - DAG(s) 'example_sensor_decorator' retrieved from /home/airflow/.local/lib/python3.12/site-packages/airflow/example_dags/example_sensor_decorator.py
[2024-11-04T20:20:38.140+0000] {logging_mixin.py:190} INFO - [2024-11-04T20:20:38.140+0000] {dag.py:3239} INFO - Sync 1 DAGs
[2024-11-04T20:20:38.158+0000] {logging_mixin.py:190} INFO - [2024-11-04T20:20:38.158+0000] {dag.py:4180} INFO - Setting next_dagrun for example_sensor_decorator to None, run_after=None
[2024-11-04T20:20:38.184+0000] {processor.py:208} INFO - Processing /home/airflow/.local/lib/python3.12/site-packages/airflow/example_dags/example_sensor_decorator.py took 0.092 seconds
[2024-11-04T20:21:08.335+0000] {processor.py:186} INFO - Started process (PID=1028) to work on /home/airflow/.local/lib/python3.12/site-packages/airflow/example_dags/example_sensor_decorator.py
[2024-11-04T20:21:08.337+0000] {processor.py:914} INFO - Processing file /home/airflow/.local/lib/python3.12/site-packages/airflow/example_dags/example_sensor_decorator.py for tasks to queue
[2024-11-04T20:21:08.340+0000] {logging_mixin.py:190} INFO - [2024-11-04T20:21:08.339+0000] {dagbag.py:588} INFO - Filling up the DagBag from /home/airflow/.local/lib/python3.12/site-packages/airflow/example_dags/example_sensor_decorator.py
[2024-11-04T20:21:08.348+0000] {processor.py:925} INFO - DAG(s) 'example_sensor_decorator' retrieved from /home/airflow/.local/lib/python3.12/site-packages/airflow/example_dags/example_sensor_decorator.py
[2024-11-04T20:21:08.370+0000] {logging_mixin.py:190} INFO - [2024-11-04T20:21:08.370+0000] {dag.py:3239} INFO - Sync 1 DAGs
[2024-11-04T20:21:08.387+0000] {logging_mixin.py:190} INFO - [2024-11-04T20:21:08.387+0000] {dag.py:4180} INFO - Setting next_dagrun for example_sensor_decorator to None, run_after=None
[2024-11-04T20:21:08.418+0000] {processor.py:208} INFO - Processing /home/airflow/.local/lib/python3.12/site-packages/airflow/example_dags/example_sensor_decorator.py took 0.089 seconds
[2024-11-04T20:21:39.193+0000] {processor.py:186} INFO - Started process (PID=1091) to work on /home/airflow/.local/lib/python3.12/site-packages/airflow/example_dags/example_sensor_decorator.py
[2024-11-04T20:21:39.195+0000] {processor.py:914} INFO - Processing file /home/airflow/.local/lib/python3.12/site-packages/airflow/example_dags/example_sensor_decorator.py for tasks to queue
[2024-11-04T20:21:39.198+0000] {logging_mixin.py:190} INFO - [2024-11-04T20:21:39.197+0000] {dagbag.py:588} INFO - Filling up the DagBag from /home/airflow/.local/lib/python3.12/site-packages/airflow/example_dags/example_sensor_decorator.py
[2024-11-04T20:21:39.210+0000] {processor.py:925} INFO - DAG(s) 'example_sensor_decorator' retrieved from /home/airflow/.local/lib/python3.12/site-packages/airflow/example_dags/example_sensor_decorator.py
[2024-11-04T20:21:39.234+0000] {logging_mixin.py:190} INFO - [2024-11-04T20:21:39.233+0000] {dag.py:3239} INFO - Sync 1 DAGs
[2024-11-04T20:21:39.252+0000] {logging_mixin.py:190} INFO - [2024-11-04T20:21:39.252+0000] {dag.py:4180} INFO - Setting next_dagrun for example_sensor_decorator to None, run_after=None
[2024-11-04T20:21:39.271+0000] {processor.py:208} INFO - Processing /home/airflow/.local/lib/python3.12/site-packages/airflow/example_dags/example_sensor_decorator.py took 0.088 seconds
[2024-11-04T20:22:10.546+0000] {processor.py:186} INFO - Started process (PID=1153) to work on /home/airflow/.local/lib/python3.12/site-packages/airflow/example_dags/example_sensor_decorator.py
[2024-11-04T20:22:10.547+0000] {processor.py:914} INFO - Processing file /home/airflow/.local/lib/python3.12/site-packages/airflow/example_dags/example_sensor_decorator.py for tasks to queue
[2024-11-04T20:22:10.551+0000] {logging_mixin.py:190} INFO - [2024-11-04T20:22:10.550+0000] {dagbag.py:588} INFO - Filling up the DagBag from /home/airflow/.local/lib/python3.12/site-packages/airflow/example_dags/example_sensor_decorator.py
[2024-11-04T20:22:10.563+0000] {processor.py:925} INFO - DAG(s) 'example_sensor_decorator' retrieved from /home/airflow/.local/lib/python3.12/site-packages/airflow/example_dags/example_sensor_decorator.py
[2024-11-04T20:22:10.588+0000] {logging_mixin.py:190} INFO - [2024-11-04T20:22:10.587+0000] {dag.py:3239} INFO - Sync 1 DAGs
[2024-11-04T20:22:10.606+0000] {logging_mixin.py:190} INFO - [2024-11-04T20:22:10.605+0000] {dag.py:4180} INFO - Setting next_dagrun for example_sensor_decorator to None, run_after=None
[2024-11-04T20:22:10.629+0000] {processor.py:208} INFO - Processing /home/airflow/.local/lib/python3.12/site-packages/airflow/example_dags/example_sensor_decorator.py took 0.093 seconds
[2024-11-04T20:22:41.627+0000] {processor.py:186} INFO - Started process (PID=1216) to work on /home/airflow/.local/lib/python3.12/site-packages/airflow/example_dags/example_sensor_decorator.py
[2024-11-04T20:22:41.629+0000] {processor.py:914} INFO - Processing file /home/airflow/.local/lib/python3.12/site-packages/airflow/example_dags/example_sensor_decorator.py for tasks to queue
[2024-11-04T20:22:41.632+0000] {logging_mixin.py:190} INFO - [2024-11-04T20:22:41.632+0000] {dagbag.py:588} INFO - Filling up the DagBag from /home/airflow/.local/lib/python3.12/site-packages/airflow/example_dags/example_sensor_decorator.py
[2024-11-04T20:22:41.640+0000] {processor.py:925} INFO - DAG(s) 'example_sensor_decorator' retrieved from /home/airflow/.local/lib/python3.12/site-packages/airflow/example_dags/example_sensor_decorator.py
[2024-11-04T20:22:41.662+0000] {logging_mixin.py:190} INFO - [2024-11-04T20:22:41.662+0000] {dag.py:3239} INFO - Sync 1 DAGs
[2024-11-04T20:22:41.677+0000] {logging_mixin.py:190} INFO - [2024-11-04T20:22:41.677+0000] {dag.py:4180} INFO - Setting next_dagrun for example_sensor_decorator to None, run_after=None
[2024-11-04T20:22:41.697+0000] {processor.py:208} INFO - Processing /home/airflow/.local/lib/python3.12/site-packages/airflow/example_dags/example_sensor_decorator.py took 0.075 seconds
