[2024-11-04T20:13:16.363+0000] {processor.py:186} INFO - Started process (PID=76) to work on /home/airflow/.local/lib/python3.12/site-packages/airflow/example_dags/example_inlet_event_extra.py
[2024-11-04T20:13:16.365+0000] {processor.py:914} INFO - Processing file /home/airflow/.local/lib/python3.12/site-packages/airflow/example_dags/example_inlet_event_extra.py for tasks to queue
[2024-11-04T20:13:16.370+0000] {logging_mixin.py:190} INFO - [2024-11-04T20:13:16.369+0000] {dagbag.py:588} INFO - Filling up the DagBag from /home/airflow/.local/lib/python3.12/site-packages/airflow/example_dags/example_inlet_event_extra.py
[2024-11-04T20:13:17.725+0000] {processor.py:925} INFO - DAG(s) 'read_dataset_event_from_classic', 'read_dataset_event' retrieved from /home/airflow/.local/lib/python3.12/site-packages/airflow/example_dags/example_inlet_event_extra.py
[2024-11-04T20:13:18.685+0000] {logging_mixin.py:190} INFO - [2024-11-04T20:13:18.682+0000] {override.py:1900} INFO - Created Permission View: can edit on DAG:read_dataset_event_from_classic
[2024-11-04T20:13:18.733+0000] {logging_mixin.py:190} INFO - [2024-11-04T20:13:18.733+0000] {override.py:1900} INFO - Created Permission View: can read on DAG:read_dataset_event_from_classic
[2024-11-04T20:13:18.752+0000] {logging_mixin.py:190} INFO - [2024-11-04T20:13:18.751+0000] {override.py:1900} INFO - Created Permission View: can delete on DAG:read_dataset_event_from_classic
[2024-11-04T20:13:18.777+0000] {logging_mixin.py:190} INFO - [2024-11-04T20:13:18.776+0000] {override.py:1900} INFO - Created Permission View: menu access on DAG Run:read_dataset_event_from_classic
[2024-11-04T20:13:18.792+0000] {logging_mixin.py:190} INFO - [2024-11-04T20:13:18.791+0000] {override.py:1900} INFO - Created Permission View: can read on DAG Run:read_dataset_event_from_classic
[2024-11-04T20:13:18.808+0000] {logging_mixin.py:190} INFO - [2024-11-04T20:13:18.808+0000] {override.py:1900} INFO - Created Permission View: can create on DAG Run:read_dataset_event_from_classic
[2024-11-04T20:13:18.828+0000] {logging_mixin.py:190} INFO - [2024-11-04T20:13:18.827+0000] {override.py:1900} INFO - Created Permission View: can delete on DAG Run:read_dataset_event_from_classic
[2024-11-04T20:13:18.849+0000] {logging_mixin.py:190} INFO - [2024-11-04T20:13:18.849+0000] {override.py:1900} INFO - Created Permission View: can edit on DAG:read_dataset_event
[2024-11-04T20:13:18.874+0000] {logging_mixin.py:190} INFO - [2024-11-04T20:13:18.874+0000] {override.py:1900} INFO - Created Permission View: can read on DAG:read_dataset_event
[2024-11-04T20:13:18.893+0000] {logging_mixin.py:190} INFO - [2024-11-04T20:13:18.892+0000] {override.py:1900} INFO - Created Permission View: can delete on DAG:read_dataset_event
[2024-11-04T20:13:18.924+0000] {logging_mixin.py:190} INFO - [2024-11-04T20:13:18.923+0000] {override.py:1900} INFO - Created Permission View: menu access on DAG Run:read_dataset_event
[2024-11-04T20:13:18.970+0000] {logging_mixin.py:190} INFO - [2024-11-04T20:13:18.969+0000] {override.py:1900} INFO - Created Permission View: can read on DAG Run:read_dataset_event
[2024-11-04T20:13:19.007+0000] {logging_mixin.py:190} INFO - [2024-11-04T20:13:19.006+0000] {override.py:1900} INFO - Created Permission View: can create on DAG Run:read_dataset_event
[2024-11-04T20:13:19.042+0000] {logging_mixin.py:190} INFO - [2024-11-04T20:13:19.042+0000] {override.py:1900} INFO - Created Permission View: can delete on DAG Run:read_dataset_event
[2024-11-04T20:13:19.045+0000] {logging_mixin.py:190} INFO - [2024-11-04T20:13:19.043+0000] {dag.py:3239} INFO - Sync 2 DAGs
[2024-11-04T20:13:19.188+0000] {logging_mixin.py:190} INFO - [2024-11-04T20:13:19.188+0000] {dag.py:3262} INFO - Creating ORM DAG for read_dataset_event
[2024-11-04T20:13:19.190+0000] {logging_mixin.py:190} INFO - [2024-11-04T20:13:19.190+0000] {dag.py:3262} INFO - Creating ORM DAG for read_dataset_event_from_classic
[2024-11-04T20:13:19.241+0000] {logging_mixin.py:190} INFO - [2024-11-04T20:13:19.240+0000] {dag.py:4180} INFO - Setting next_dagrun for read_dataset_event to 2024-11-03 00:00:00+00:00, run_after=2024-11-04 00:00:00+00:00
[2024-11-04T20:13:19.247+0000] {logging_mixin.py:190} INFO - [2024-11-04T20:13:19.247+0000] {dag.py:4180} INFO - Setting next_dagrun for read_dataset_event_from_classic to 2024-11-03 00:00:00+00:00, run_after=2024-11-04 00:00:00+00:00
[2024-11-04T20:13:19.326+0000] {processor.py:208} INFO - Processing /home/airflow/.local/lib/python3.12/site-packages/airflow/example_dags/example_inlet_event_extra.py took 2.980 seconds
[2024-11-04T20:13:49.875+0000] {processor.py:186} INFO - Started process (PID=138) to work on /home/airflow/.local/lib/python3.12/site-packages/airflow/example_dags/example_inlet_event_extra.py
[2024-11-04T20:13:49.877+0000] {processor.py:914} INFO - Processing file /home/airflow/.local/lib/python3.12/site-packages/airflow/example_dags/example_inlet_event_extra.py for tasks to queue
[2024-11-04T20:13:49.887+0000] {logging_mixin.py:190} INFO - [2024-11-04T20:13:49.885+0000] {dagbag.py:588} INFO - Filling up the DagBag from /home/airflow/.local/lib/python3.12/site-packages/airflow/example_dags/example_inlet_event_extra.py
[2024-11-04T20:13:50.329+0000] {processor.py:925} INFO - DAG(s) 'read_dataset_event_from_classic', 'read_dataset_event' retrieved from /home/airflow/.local/lib/python3.12/site-packages/airflow/example_dags/example_inlet_event_extra.py
[2024-11-04T20:13:50.589+0000] {logging_mixin.py:190} INFO - [2024-11-04T20:13:50.589+0000] {dag.py:3239} INFO - Sync 2 DAGs
[2024-11-04T20:13:50.646+0000] {logging_mixin.py:190} INFO - [2024-11-04T20:13:50.646+0000] {dag.py:4180} INFO - Setting next_dagrun for read_dataset_event to 2024-11-03 00:00:00+00:00, run_after=2024-11-04 00:00:00+00:00
[2024-11-04T20:13:50.657+0000] {logging_mixin.py:190} INFO - [2024-11-04T20:13:50.656+0000] {dag.py:4180} INFO - Setting next_dagrun for read_dataset_event_from_classic to 2024-11-03 00:00:00+00:00, run_after=2024-11-04 00:00:00+00:00
[2024-11-04T20:13:50.683+0000] {processor.py:208} INFO - Processing /home/airflow/.local/lib/python3.12/site-packages/airflow/example_dags/example_inlet_event_extra.py took 0.814 seconds
[2024-11-04T20:14:21.540+0000] {processor.py:186} INFO - Started process (PID=207) to work on /home/airflow/.local/lib/python3.12/site-packages/airflow/example_dags/example_inlet_event_extra.py
[2024-11-04T20:14:21.543+0000] {processor.py:914} INFO - Processing file /home/airflow/.local/lib/python3.12/site-packages/airflow/example_dags/example_inlet_event_extra.py for tasks to queue
[2024-11-04T20:14:21.548+0000] {logging_mixin.py:190} INFO - [2024-11-04T20:14:21.547+0000] {dagbag.py:588} INFO - Filling up the DagBag from /home/airflow/.local/lib/python3.12/site-packages/airflow/example_dags/example_inlet_event_extra.py
[2024-11-04T20:14:21.859+0000] {processor.py:925} INFO - DAG(s) 'read_dataset_event', 'read_dataset_event_from_classic' retrieved from /home/airflow/.local/lib/python3.12/site-packages/airflow/example_dags/example_inlet_event_extra.py
[2024-11-04T20:14:21.901+0000] {logging_mixin.py:190} INFO - [2024-11-04T20:14:21.901+0000] {dag.py:3239} INFO - Sync 2 DAGs
[2024-11-04T20:14:21.957+0000] {logging_mixin.py:190} INFO - [2024-11-04T20:14:21.957+0000] {dag.py:4180} INFO - Setting next_dagrun for read_dataset_event to 2024-11-03 00:00:00+00:00, run_after=2024-11-04 00:00:00+00:00
[2024-11-04T20:14:21.966+0000] {logging_mixin.py:190} INFO - [2024-11-04T20:14:21.965+0000] {dag.py:4180} INFO - Setting next_dagrun for read_dataset_event_from_classic to 2024-11-03 00:00:00+00:00, run_after=2024-11-04 00:00:00+00:00
[2024-11-04T20:14:21.998+0000] {processor.py:208} INFO - Processing /home/airflow/.local/lib/python3.12/site-packages/airflow/example_dags/example_inlet_event_extra.py took 0.471 seconds
[2024-11-04T20:14:52.375+0000] {processor.py:186} INFO - Started process (PID=269) to work on /home/airflow/.local/lib/python3.12/site-packages/airflow/example_dags/example_inlet_event_extra.py
[2024-11-04T20:14:52.377+0000] {processor.py:914} INFO - Processing file /home/airflow/.local/lib/python3.12/site-packages/airflow/example_dags/example_inlet_event_extra.py for tasks to queue
[2024-11-04T20:14:52.380+0000] {logging_mixin.py:190} INFO - [2024-11-04T20:14:52.380+0000] {dagbag.py:588} INFO - Filling up the DagBag from /home/airflow/.local/lib/python3.12/site-packages/airflow/example_dags/example_inlet_event_extra.py
[2024-11-04T20:14:52.546+0000] {processor.py:925} INFO - DAG(s) 'read_dataset_event_from_classic', 'read_dataset_event' retrieved from /home/airflow/.local/lib/python3.12/site-packages/airflow/example_dags/example_inlet_event_extra.py
[2024-11-04T20:14:52.570+0000] {logging_mixin.py:190} INFO - [2024-11-04T20:14:52.569+0000] {dag.py:3239} INFO - Sync 2 DAGs
[2024-11-04T20:14:52.595+0000] {logging_mixin.py:190} INFO - [2024-11-04T20:14:52.595+0000] {dag.py:4180} INFO - Setting next_dagrun for read_dataset_event to 2024-11-03 00:00:00+00:00, run_after=2024-11-04 00:00:00+00:00
[2024-11-04T20:14:52.600+0000] {logging_mixin.py:190} INFO - [2024-11-04T20:14:52.600+0000] {dag.py:4180} INFO - Setting next_dagrun for read_dataset_event_from_classic to 2024-11-03 00:00:00+00:00, run_after=2024-11-04 00:00:00+00:00
[2024-11-04T20:14:52.618+0000] {processor.py:208} INFO - Processing /home/airflow/.local/lib/python3.12/site-packages/airflow/example_dags/example_inlet_event_extra.py took 0.251 seconds
[2024-11-04T20:15:22.726+0000] {processor.py:186} INFO - Started process (PID=331) to work on /home/airflow/.local/lib/python3.12/site-packages/airflow/example_dags/example_inlet_event_extra.py
[2024-11-04T20:15:22.729+0000] {processor.py:914} INFO - Processing file /home/airflow/.local/lib/python3.12/site-packages/airflow/example_dags/example_inlet_event_extra.py for tasks to queue
[2024-11-04T20:15:22.734+0000] {logging_mixin.py:190} INFO - [2024-11-04T20:15:22.734+0000] {dagbag.py:588} INFO - Filling up the DagBag from /home/airflow/.local/lib/python3.12/site-packages/airflow/example_dags/example_inlet_event_extra.py
[2024-11-04T20:15:22.951+0000] {processor.py:925} INFO - DAG(s) 'read_dataset_event_from_classic', 'read_dataset_event' retrieved from /home/airflow/.local/lib/python3.12/site-packages/airflow/example_dags/example_inlet_event_extra.py
[2024-11-04T20:15:22.978+0000] {logging_mixin.py:190} INFO - [2024-11-04T20:15:22.977+0000] {dag.py:3239} INFO - Sync 2 DAGs
[2024-11-04T20:15:23.016+0000] {logging_mixin.py:190} INFO - [2024-11-04T20:15:23.015+0000] {dag.py:4180} INFO - Setting next_dagrun for read_dataset_event to 2024-11-03 00:00:00+00:00, run_after=2024-11-04 00:00:00+00:00
[2024-11-04T20:15:23.022+0000] {logging_mixin.py:190} INFO - [2024-11-04T20:15:23.022+0000] {dag.py:4180} INFO - Setting next_dagrun for read_dataset_event_from_classic to 2024-11-03 00:00:00+00:00, run_after=2024-11-04 00:00:00+00:00
[2024-11-04T20:15:23.040+0000] {processor.py:208} INFO - Processing /home/airflow/.local/lib/python3.12/site-packages/airflow/example_dags/example_inlet_event_extra.py took 0.322 seconds
[2024-11-04T20:15:53.301+0000] {processor.py:186} INFO - Started process (PID=394) to work on /home/airflow/.local/lib/python3.12/site-packages/airflow/example_dags/example_inlet_event_extra.py
[2024-11-04T20:15:53.303+0000] {processor.py:914} INFO - Processing file /home/airflow/.local/lib/python3.12/site-packages/airflow/example_dags/example_inlet_event_extra.py for tasks to queue
[2024-11-04T20:15:53.307+0000] {logging_mixin.py:190} INFO - [2024-11-04T20:15:53.307+0000] {dagbag.py:588} INFO - Filling up the DagBag from /home/airflow/.local/lib/python3.12/site-packages/airflow/example_dags/example_inlet_event_extra.py
[2024-11-04T20:15:53.615+0000] {processor.py:925} INFO - DAG(s) 'read_dataset_event_from_classic', 'read_dataset_event' retrieved from /home/airflow/.local/lib/python3.12/site-packages/airflow/example_dags/example_inlet_event_extra.py
[2024-11-04T20:15:53.660+0000] {logging_mixin.py:190} INFO - [2024-11-04T20:15:53.660+0000] {dag.py:3239} INFO - Sync 2 DAGs
[2024-11-04T20:15:53.695+0000] {logging_mixin.py:190} INFO - [2024-11-04T20:15:53.694+0000] {dag.py:4180} INFO - Setting next_dagrun for read_dataset_event to 2024-11-03 00:00:00+00:00, run_after=2024-11-04 00:00:00+00:00
[2024-11-04T20:15:53.710+0000] {logging_mixin.py:190} INFO - [2024-11-04T20:15:53.709+0000] {dag.py:4180} INFO - Setting next_dagrun for read_dataset_event_from_classic to 2024-11-03 00:00:00+00:00, run_after=2024-11-04 00:00:00+00:00
[2024-11-04T20:15:53.741+0000] {processor.py:208} INFO - Processing /home/airflow/.local/lib/python3.12/site-packages/airflow/example_dags/example_inlet_event_extra.py took 0.454 seconds
[2024-11-04T20:16:24.088+0000] {processor.py:186} INFO - Started process (PID=456) to work on /home/airflow/.local/lib/python3.12/site-packages/airflow/example_dags/example_inlet_event_extra.py
[2024-11-04T20:16:24.092+0000] {processor.py:914} INFO - Processing file /home/airflow/.local/lib/python3.12/site-packages/airflow/example_dags/example_inlet_event_extra.py for tasks to queue
[2024-11-04T20:16:24.098+0000] {logging_mixin.py:190} INFO - [2024-11-04T20:16:24.097+0000] {dagbag.py:588} INFO - Filling up the DagBag from /home/airflow/.local/lib/python3.12/site-packages/airflow/example_dags/example_inlet_event_extra.py
[2024-11-04T20:16:24.477+0000] {processor.py:925} INFO - DAG(s) 'read_dataset_event', 'read_dataset_event_from_classic' retrieved from /home/airflow/.local/lib/python3.12/site-packages/airflow/example_dags/example_inlet_event_extra.py
[2024-11-04T20:16:24.536+0000] {logging_mixin.py:190} INFO - [2024-11-04T20:16:24.536+0000] {dag.py:3239} INFO - Sync 2 DAGs
[2024-11-04T20:16:24.605+0000] {logging_mixin.py:190} INFO - [2024-11-04T20:16:24.604+0000] {dag.py:4180} INFO - Setting next_dagrun for read_dataset_event to 2024-11-03 00:00:00+00:00, run_after=2024-11-04 00:00:00+00:00
[2024-11-04T20:16:24.620+0000] {logging_mixin.py:190} INFO - [2024-11-04T20:16:24.620+0000] {dag.py:4180} INFO - Setting next_dagrun for read_dataset_event_from_classic to 2024-11-03 00:00:00+00:00, run_after=2024-11-04 00:00:00+00:00
[2024-11-04T20:16:24.676+0000] {processor.py:208} INFO - Processing /home/airflow/.local/lib/python3.12/site-packages/airflow/example_dags/example_inlet_event_extra.py took 0.605 seconds
[2024-11-04T20:16:55.149+0000] {processor.py:186} INFO - Started process (PID=518) to work on /home/airflow/.local/lib/python3.12/site-packages/airflow/example_dags/example_inlet_event_extra.py
[2024-11-04T20:16:55.151+0000] {processor.py:914} INFO - Processing file /home/airflow/.local/lib/python3.12/site-packages/airflow/example_dags/example_inlet_event_extra.py for tasks to queue
[2024-11-04T20:16:55.157+0000] {logging_mixin.py:190} INFO - [2024-11-04T20:16:55.157+0000] {dagbag.py:588} INFO - Filling up the DagBag from /home/airflow/.local/lib/python3.12/site-packages/airflow/example_dags/example_inlet_event_extra.py
[2024-11-04T20:16:55.418+0000] {processor.py:925} INFO - DAG(s) 'read_dataset_event', 'read_dataset_event_from_classic' retrieved from /home/airflow/.local/lib/python3.12/site-packages/airflow/example_dags/example_inlet_event_extra.py
[2024-11-04T20:16:55.453+0000] {logging_mixin.py:190} INFO - [2024-11-04T20:16:55.453+0000] {dag.py:3239} INFO - Sync 2 DAGs
[2024-11-04T20:16:55.492+0000] {logging_mixin.py:190} INFO - [2024-11-04T20:16:55.492+0000] {dag.py:4180} INFO - Setting next_dagrun for read_dataset_event to 2024-11-03 00:00:00+00:00, run_after=2024-11-04 00:00:00+00:00
[2024-11-04T20:16:55.500+0000] {logging_mixin.py:190} INFO - [2024-11-04T20:16:55.500+0000] {dag.py:4180} INFO - Setting next_dagrun for read_dataset_event_from_classic to 2024-11-03 00:00:00+00:00, run_after=2024-11-04 00:00:00+00:00
[2024-11-04T20:16:55.525+0000] {processor.py:208} INFO - Processing /home/airflow/.local/lib/python3.12/site-packages/airflow/example_dags/example_inlet_event_extra.py took 0.385 seconds
[2024-11-04T20:17:31.238+0000] {processor.py:186} INFO - Started process (PID=578) to work on /home/airflow/.local/lib/python3.12/site-packages/airflow/example_dags/example_inlet_event_extra.py
[2024-11-04T20:17:31.256+0000] {processor.py:914} INFO - Processing file /home/airflow/.local/lib/python3.12/site-packages/airflow/example_dags/example_inlet_event_extra.py for tasks to queue
[2024-11-04T20:17:31.262+0000] {logging_mixin.py:190} INFO - [2024-11-04T20:17:31.261+0000] {dagbag.py:588} INFO - Filling up the DagBag from /home/airflow/.local/lib/python3.12/site-packages/airflow/example_dags/example_inlet_event_extra.py
[2024-11-04T20:17:31.953+0000] {processor.py:925} INFO - DAG(s) 'read_dataset_event_from_classic', 'read_dataset_event' retrieved from /home/airflow/.local/lib/python3.12/site-packages/airflow/example_dags/example_inlet_event_extra.py
[2024-11-04T20:17:32.166+0000] {logging_mixin.py:190} INFO - [2024-11-04T20:17:32.166+0000] {dag.py:3239} INFO - Sync 2 DAGs
[2024-11-04T20:17:32.250+0000] {logging_mixin.py:190} INFO - [2024-11-04T20:17:32.249+0000] {dag.py:4180} INFO - Setting next_dagrun for read_dataset_event to 2024-11-03 00:00:00+00:00, run_after=2024-11-04 00:00:00+00:00
[2024-11-04T20:17:32.280+0000] {logging_mixin.py:190} INFO - [2024-11-04T20:17:32.280+0000] {dag.py:4180} INFO - Setting next_dagrun for read_dataset_event_from_classic to 2024-11-03 00:00:00+00:00, run_after=2024-11-04 00:00:00+00:00
[2024-11-04T20:17:32.421+0000] {processor.py:208} INFO - Processing /home/airflow/.local/lib/python3.12/site-packages/airflow/example_dags/example_inlet_event_extra.py took 1.238 seconds
[2024-11-04T20:18:02.622+0000] {processor.py:186} INFO - Started process (PID=640) to work on /home/airflow/.local/lib/python3.12/site-packages/airflow/example_dags/example_inlet_event_extra.py
[2024-11-04T20:18:02.625+0000] {processor.py:914} INFO - Processing file /home/airflow/.local/lib/python3.12/site-packages/airflow/example_dags/example_inlet_event_extra.py for tasks to queue
[2024-11-04T20:18:02.628+0000] {logging_mixin.py:190} INFO - [2024-11-04T20:18:02.627+0000] {dagbag.py:588} INFO - Filling up the DagBag from /home/airflow/.local/lib/python3.12/site-packages/airflow/example_dags/example_inlet_event_extra.py
[2024-11-04T20:18:02.834+0000] {processor.py:925} INFO - DAG(s) 'read_dataset_event_from_classic', 'read_dataset_event' retrieved from /home/airflow/.local/lib/python3.12/site-packages/airflow/example_dags/example_inlet_event_extra.py
[2024-11-04T20:18:02.868+0000] {logging_mixin.py:190} INFO - [2024-11-04T20:18:02.868+0000] {dag.py:3239} INFO - Sync 2 DAGs
[2024-11-04T20:18:02.903+0000] {logging_mixin.py:190} INFO - [2024-11-04T20:18:02.903+0000] {dag.py:4180} INFO - Setting next_dagrun for read_dataset_event to 2024-11-03 00:00:00+00:00, run_after=2024-11-04 00:00:00+00:00
[2024-11-04T20:18:02.908+0000] {logging_mixin.py:190} INFO - [2024-11-04T20:18:02.908+0000] {dag.py:4180} INFO - Setting next_dagrun for read_dataset_event_from_classic to 2024-11-03 00:00:00+00:00, run_after=2024-11-04 00:00:00+00:00
[2024-11-04T20:18:02.924+0000] {processor.py:208} INFO - Processing /home/airflow/.local/lib/python3.12/site-packages/airflow/example_dags/example_inlet_event_extra.py took 0.310 seconds
[2024-11-04T20:18:33.034+0000] {processor.py:186} INFO - Started process (PID=703) to work on /home/airflow/.local/lib/python3.12/site-packages/airflow/example_dags/example_inlet_event_extra.py
[2024-11-04T20:18:33.035+0000] {processor.py:914} INFO - Processing file /home/airflow/.local/lib/python3.12/site-packages/airflow/example_dags/example_inlet_event_extra.py for tasks to queue
[2024-11-04T20:18:33.038+0000] {logging_mixin.py:190} INFO - [2024-11-04T20:18:33.038+0000] {dagbag.py:588} INFO - Filling up the DagBag from /home/airflow/.local/lib/python3.12/site-packages/airflow/example_dags/example_inlet_event_extra.py
[2024-11-04T20:18:33.188+0000] {processor.py:925} INFO - DAG(s) 'read_dataset_event', 'read_dataset_event_from_classic' retrieved from /home/airflow/.local/lib/python3.12/site-packages/airflow/example_dags/example_inlet_event_extra.py
[2024-11-04T20:18:33.212+0000] {logging_mixin.py:190} INFO - [2024-11-04T20:18:33.212+0000] {dag.py:3239} INFO - Sync 2 DAGs
[2024-11-04T20:18:33.247+0000] {logging_mixin.py:190} INFO - [2024-11-04T20:18:33.247+0000] {dag.py:4180} INFO - Setting next_dagrun for read_dataset_event to 2024-11-03 00:00:00+00:00, run_after=2024-11-04 00:00:00+00:00
[2024-11-04T20:18:33.254+0000] {logging_mixin.py:190} INFO - [2024-11-04T20:18:33.254+0000] {dag.py:4180} INFO - Setting next_dagrun for read_dataset_event_from_classic to 2024-11-03 00:00:00+00:00, run_after=2024-11-04 00:00:00+00:00
[2024-11-04T20:18:33.271+0000] {processor.py:208} INFO - Processing /home/airflow/.local/lib/python3.12/site-packages/airflow/example_dags/example_inlet_event_extra.py took 0.243 seconds
[2024-11-04T20:19:03.676+0000] {processor.py:186} INFO - Started process (PID=766) to work on /home/airflow/.local/lib/python3.12/site-packages/airflow/example_dags/example_inlet_event_extra.py
[2024-11-04T20:19:03.678+0000] {processor.py:914} INFO - Processing file /home/airflow/.local/lib/python3.12/site-packages/airflow/example_dags/example_inlet_event_extra.py for tasks to queue
[2024-11-04T20:19:03.681+0000] {logging_mixin.py:190} INFO - [2024-11-04T20:19:03.680+0000] {dagbag.py:588} INFO - Filling up the DagBag from /home/airflow/.local/lib/python3.12/site-packages/airflow/example_dags/example_inlet_event_extra.py
[2024-11-04T20:19:03.844+0000] {processor.py:925} INFO - DAG(s) 'read_dataset_event', 'read_dataset_event_from_classic' retrieved from /home/airflow/.local/lib/python3.12/site-packages/airflow/example_dags/example_inlet_event_extra.py
[2024-11-04T20:19:03.873+0000] {logging_mixin.py:190} INFO - [2024-11-04T20:19:03.873+0000] {dag.py:3239} INFO - Sync 2 DAGs
[2024-11-04T20:19:03.910+0000] {logging_mixin.py:190} INFO - [2024-11-04T20:19:03.910+0000] {dag.py:4180} INFO - Setting next_dagrun for read_dataset_event to 2024-11-03 00:00:00+00:00, run_after=2024-11-04 00:00:00+00:00
[2024-11-04T20:19:03.917+0000] {logging_mixin.py:190} INFO - [2024-11-04T20:19:03.916+0000] {dag.py:4180} INFO - Setting next_dagrun for read_dataset_event_from_classic to 2024-11-03 00:00:00+00:00, run_after=2024-11-04 00:00:00+00:00
[2024-11-04T20:19:03.946+0000] {processor.py:208} INFO - Processing /home/airflow/.local/lib/python3.12/site-packages/airflow/example_dags/example_inlet_event_extra.py took 0.277 seconds
[2024-11-04T20:19:34.248+0000] {processor.py:186} INFO - Started process (PID=829) to work on /home/airflow/.local/lib/python3.12/site-packages/airflow/example_dags/example_inlet_event_extra.py
[2024-11-04T20:19:34.249+0000] {processor.py:914} INFO - Processing file /home/airflow/.local/lib/python3.12/site-packages/airflow/example_dags/example_inlet_event_extra.py for tasks to queue
[2024-11-04T20:19:34.254+0000] {logging_mixin.py:190} INFO - [2024-11-04T20:19:34.254+0000] {dagbag.py:588} INFO - Filling up the DagBag from /home/airflow/.local/lib/python3.12/site-packages/airflow/example_dags/example_inlet_event_extra.py
[2024-11-04T20:19:34.545+0000] {processor.py:925} INFO - DAG(s) 'read_dataset_event_from_classic', 'read_dataset_event' retrieved from /home/airflow/.local/lib/python3.12/site-packages/airflow/example_dags/example_inlet_event_extra.py
[2024-11-04T20:19:34.572+0000] {logging_mixin.py:190} INFO - [2024-11-04T20:19:34.572+0000] {dag.py:3239} INFO - Sync 2 DAGs
[2024-11-04T20:19:34.604+0000] {logging_mixin.py:190} INFO - [2024-11-04T20:19:34.604+0000] {dag.py:4180} INFO - Setting next_dagrun for read_dataset_event to 2024-11-03 00:00:00+00:00, run_after=2024-11-04 00:00:00+00:00
[2024-11-04T20:19:34.609+0000] {logging_mixin.py:190} INFO - [2024-11-04T20:19:34.609+0000] {dag.py:4180} INFO - Setting next_dagrun for read_dataset_event_from_classic to 2024-11-03 00:00:00+00:00, run_after=2024-11-04 00:00:00+00:00
[2024-11-04T20:19:34.628+0000] {processor.py:208} INFO - Processing /home/airflow/.local/lib/python3.12/site-packages/airflow/example_dags/example_inlet_event_extra.py took 0.387 seconds
[2024-11-04T20:20:05.299+0000] {processor.py:186} INFO - Started process (PID=892) to work on /home/airflow/.local/lib/python3.12/site-packages/airflow/example_dags/example_inlet_event_extra.py
[2024-11-04T20:20:05.300+0000] {processor.py:914} INFO - Processing file /home/airflow/.local/lib/python3.12/site-packages/airflow/example_dags/example_inlet_event_extra.py for tasks to queue
[2024-11-04T20:20:05.303+0000] {logging_mixin.py:190} INFO - [2024-11-04T20:20:05.303+0000] {dagbag.py:588} INFO - Filling up the DagBag from /home/airflow/.local/lib/python3.12/site-packages/airflow/example_dags/example_inlet_event_extra.py
[2024-11-04T20:20:05.462+0000] {processor.py:925} INFO - DAG(s) 'read_dataset_event', 'read_dataset_event_from_classic' retrieved from /home/airflow/.local/lib/python3.12/site-packages/airflow/example_dags/example_inlet_event_extra.py
[2024-11-04T20:20:05.486+0000] {logging_mixin.py:190} INFO - [2024-11-04T20:20:05.486+0000] {dag.py:3239} INFO - Sync 2 DAGs
[2024-11-04T20:20:05.511+0000] {logging_mixin.py:190} INFO - [2024-11-04T20:20:05.511+0000] {dag.py:4180} INFO - Setting next_dagrun for read_dataset_event to 2024-11-03 00:00:00+00:00, run_after=2024-11-04 00:00:00+00:00
[2024-11-04T20:20:05.517+0000] {logging_mixin.py:190} INFO - [2024-11-04T20:20:05.517+0000] {dag.py:4180} INFO - Setting next_dagrun for read_dataset_event_from_classic to 2024-11-03 00:00:00+00:00, run_after=2024-11-04 00:00:00+00:00
[2024-11-04T20:20:05.537+0000] {processor.py:208} INFO - Processing /home/airflow/.local/lib/python3.12/site-packages/airflow/example_dags/example_inlet_event_extra.py took 0.245 seconds
[2024-11-04T20:20:36.024+0000] {processor.py:186} INFO - Started process (PID=955) to work on /home/airflow/.local/lib/python3.12/site-packages/airflow/example_dags/example_inlet_event_extra.py
[2024-11-04T20:20:36.026+0000] {processor.py:914} INFO - Processing file /home/airflow/.local/lib/python3.12/site-packages/airflow/example_dags/example_inlet_event_extra.py for tasks to queue
[2024-11-04T20:20:36.029+0000] {logging_mixin.py:190} INFO - [2024-11-04T20:20:36.029+0000] {dagbag.py:588} INFO - Filling up the DagBag from /home/airflow/.local/lib/python3.12/site-packages/airflow/example_dags/example_inlet_event_extra.py
[2024-11-04T20:20:36.264+0000] {processor.py:925} INFO - DAG(s) 'read_dataset_event', 'read_dataset_event_from_classic' retrieved from /home/airflow/.local/lib/python3.12/site-packages/airflow/example_dags/example_inlet_event_extra.py
[2024-11-04T20:20:36.293+0000] {logging_mixin.py:190} INFO - [2024-11-04T20:20:36.292+0000] {dag.py:3239} INFO - Sync 2 DAGs
[2024-11-04T20:20:36.328+0000] {logging_mixin.py:190} INFO - [2024-11-04T20:20:36.328+0000] {dag.py:4180} INFO - Setting next_dagrun for read_dataset_event to 2024-11-03 00:00:00+00:00, run_after=2024-11-04 00:00:00+00:00
[2024-11-04T20:20:36.335+0000] {logging_mixin.py:190} INFO - [2024-11-04T20:20:36.335+0000] {dag.py:4180} INFO - Setting next_dagrun for read_dataset_event_from_classic to 2024-11-03 00:00:00+00:00, run_after=2024-11-04 00:00:00+00:00
[2024-11-04T20:20:36.357+0000] {processor.py:208} INFO - Processing /home/airflow/.local/lib/python3.12/site-packages/airflow/example_dags/example_inlet_event_extra.py took 0.342 seconds
[2024-11-04T20:21:06.717+0000] {processor.py:186} INFO - Started process (PID=1018) to work on /home/airflow/.local/lib/python3.12/site-packages/airflow/example_dags/example_inlet_event_extra.py
[2024-11-04T20:21:06.719+0000] {processor.py:914} INFO - Processing file /home/airflow/.local/lib/python3.12/site-packages/airflow/example_dags/example_inlet_event_extra.py for tasks to queue
[2024-11-04T20:21:06.728+0000] {logging_mixin.py:190} INFO - [2024-11-04T20:21:06.726+0000] {dagbag.py:588} INFO - Filling up the DagBag from /home/airflow/.local/lib/python3.12/site-packages/airflow/example_dags/example_inlet_event_extra.py
[2024-11-04T20:21:07.101+0000] {processor.py:925} INFO - DAG(s) 'read_dataset_event', 'read_dataset_event_from_classic' retrieved from /home/airflow/.local/lib/python3.12/site-packages/airflow/example_dags/example_inlet_event_extra.py
[2024-11-04T20:21:07.164+0000] {logging_mixin.py:190} INFO - [2024-11-04T20:21:07.164+0000] {dag.py:3239} INFO - Sync 2 DAGs
[2024-11-04T20:21:07.212+0000] {logging_mixin.py:190} INFO - [2024-11-04T20:21:07.212+0000] {dag.py:4180} INFO - Setting next_dagrun for read_dataset_event to 2024-11-03 00:00:00+00:00, run_after=2024-11-04 00:00:00+00:00
[2024-11-04T20:21:07.220+0000] {logging_mixin.py:190} INFO - [2024-11-04T20:21:07.219+0000] {dag.py:4180} INFO - Setting next_dagrun for read_dataset_event_from_classic to 2024-11-03 00:00:00+00:00, run_after=2024-11-04 00:00:00+00:00
[2024-11-04T20:21:07.254+0000] {processor.py:208} INFO - Processing /home/airflow/.local/lib/python3.12/site-packages/airflow/example_dags/example_inlet_event_extra.py took 0.549 seconds
[2024-11-04T20:21:38.119+0000] {processor.py:186} INFO - Started process (PID=1081) to work on /home/airflow/.local/lib/python3.12/site-packages/airflow/example_dags/example_inlet_event_extra.py
[2024-11-04T20:21:38.120+0000] {processor.py:914} INFO - Processing file /home/airflow/.local/lib/python3.12/site-packages/airflow/example_dags/example_inlet_event_extra.py for tasks to queue
[2024-11-04T20:21:38.123+0000] {logging_mixin.py:190} INFO - [2024-11-04T20:21:38.122+0000] {dagbag.py:588} INFO - Filling up the DagBag from /home/airflow/.local/lib/python3.12/site-packages/airflow/example_dags/example_inlet_event_extra.py
[2024-11-04T20:21:38.283+0000] {processor.py:925} INFO - DAG(s) 'read_dataset_event', 'read_dataset_event_from_classic' retrieved from /home/airflow/.local/lib/python3.12/site-packages/airflow/example_dags/example_inlet_event_extra.py
[2024-11-04T20:21:38.308+0000] {logging_mixin.py:190} INFO - [2024-11-04T20:21:38.307+0000] {dag.py:3239} INFO - Sync 2 DAGs
[2024-11-04T20:21:38.335+0000] {logging_mixin.py:190} INFO - [2024-11-04T20:21:38.334+0000] {dag.py:4180} INFO - Setting next_dagrun for read_dataset_event to 2024-11-03 00:00:00+00:00, run_after=2024-11-04 00:00:00+00:00
[2024-11-04T20:21:38.341+0000] {logging_mixin.py:190} INFO - [2024-11-04T20:21:38.341+0000] {dag.py:4180} INFO - Setting next_dagrun for read_dataset_event_from_classic to 2024-11-03 00:00:00+00:00, run_after=2024-11-04 00:00:00+00:00
[2024-11-04T20:21:38.367+0000] {processor.py:208} INFO - Processing /home/airflow/.local/lib/python3.12/site-packages/airflow/example_dags/example_inlet_event_extra.py took 0.255 seconds
[2024-11-04T20:22:09.415+0000] {processor.py:186} INFO - Started process (PID=1143) to work on /home/airflow/.local/lib/python3.12/site-packages/airflow/example_dags/example_inlet_event_extra.py
[2024-11-04T20:22:09.416+0000] {processor.py:914} INFO - Processing file /home/airflow/.local/lib/python3.12/site-packages/airflow/example_dags/example_inlet_event_extra.py for tasks to queue
[2024-11-04T20:22:09.420+0000] {logging_mixin.py:190} INFO - [2024-11-04T20:22:09.419+0000] {dagbag.py:588} INFO - Filling up the DagBag from /home/airflow/.local/lib/python3.12/site-packages/airflow/example_dags/example_inlet_event_extra.py
[2024-11-04T20:22:09.617+0000] {processor.py:925} INFO - DAG(s) 'read_dataset_event', 'read_dataset_event_from_classic' retrieved from /home/airflow/.local/lib/python3.12/site-packages/airflow/example_dags/example_inlet_event_extra.py
[2024-11-04T20:22:09.649+0000] {logging_mixin.py:190} INFO - [2024-11-04T20:22:09.649+0000] {dag.py:3239} INFO - Sync 2 DAGs
[2024-11-04T20:22:09.677+0000] {logging_mixin.py:190} INFO - [2024-11-04T20:22:09.677+0000] {dag.py:4180} INFO - Setting next_dagrun for read_dataset_event to 2024-11-03 00:00:00+00:00, run_after=2024-11-04 00:00:00+00:00
[2024-11-04T20:22:09.683+0000] {logging_mixin.py:190} INFO - [2024-11-04T20:22:09.683+0000] {dag.py:4180} INFO - Setting next_dagrun for read_dataset_event_from_classic to 2024-11-03 00:00:00+00:00, run_after=2024-11-04 00:00:00+00:00
[2024-11-04T20:22:09.699+0000] {processor.py:208} INFO - Processing /home/airflow/.local/lib/python3.12/site-packages/airflow/example_dags/example_inlet_event_extra.py took 0.292 seconds
[2024-11-04T20:22:40.659+0000] {processor.py:186} INFO - Started process (PID=1206) to work on /home/airflow/.local/lib/python3.12/site-packages/airflow/example_dags/example_inlet_event_extra.py
[2024-11-04T20:22:40.661+0000] {processor.py:914} INFO - Processing file /home/airflow/.local/lib/python3.12/site-packages/airflow/example_dags/example_inlet_event_extra.py for tasks to queue
[2024-11-04T20:22:40.665+0000] {logging_mixin.py:190} INFO - [2024-11-04T20:22:40.664+0000] {dagbag.py:588} INFO - Filling up the DagBag from /home/airflow/.local/lib/python3.12/site-packages/airflow/example_dags/example_inlet_event_extra.py
[2024-11-04T20:22:40.836+0000] {processor.py:925} INFO - DAG(s) 'read_dataset_event', 'read_dataset_event_from_classic' retrieved from /home/airflow/.local/lib/python3.12/site-packages/airflow/example_dags/example_inlet_event_extra.py
[2024-11-04T20:22:40.864+0000] {logging_mixin.py:190} INFO - [2024-11-04T20:22:40.864+0000] {dag.py:3239} INFO - Sync 2 DAGs
[2024-11-04T20:22:40.893+0000] {logging_mixin.py:190} INFO - [2024-11-04T20:22:40.892+0000] {dag.py:4180} INFO - Setting next_dagrun for read_dataset_event to 2024-11-03 00:00:00+00:00, run_after=2024-11-04 00:00:00+00:00
[2024-11-04T20:22:40.899+0000] {logging_mixin.py:190} INFO - [2024-11-04T20:22:40.898+0000] {dag.py:4180} INFO - Setting next_dagrun for read_dataset_event_from_classic to 2024-11-03 00:00:00+00:00, run_after=2024-11-04 00:00:00+00:00
[2024-11-04T20:22:40.917+0000] {processor.py:208} INFO - Processing /home/airflow/.local/lib/python3.12/site-packages/airflow/example_dags/example_inlet_event_extra.py took 0.265 seconds
