[2024-11-04T20:13:34.738+0000] {processor.py:186} INFO - Started process (PID=100) to work on /home/airflow/.local/lib/python3.12/site-packages/airflow/example_dags/example_nested_branch_dag.py
[2024-11-04T20:13:34.740+0000] {processor.py:914} INFO - Processing file /home/airflow/.local/lib/python3.12/site-packages/airflow/example_dags/example_nested_branch_dag.py for tasks to queue
[2024-11-04T20:13:34.748+0000] {logging_mixin.py:190} INFO - [2024-11-04T20:13:34.747+0000] {dagbag.py:588} INFO - Filling up the DagBag from /home/airflow/.local/lib/python3.12/site-packages/airflow/example_dags/example_nested_branch_dag.py
[2024-11-04T20:13:34.787+0000] {processor.py:925} INFO - DAG(s) 'example_nested_branch_dag' retrieved from /home/airflow/.local/lib/python3.12/site-packages/airflow/example_dags/example_nested_branch_dag.py
[2024-11-04T20:13:35.085+0000] {logging_mixin.py:190} INFO - [2024-11-04T20:13:35.078+0000] {override.py:1900} INFO - Created Permission View: can edit on DAG:example_nested_branch_dag
[2024-11-04T20:13:35.124+0000] {logging_mixin.py:190} INFO - [2024-11-04T20:13:35.123+0000] {override.py:1900} INFO - Created Permission View: can read on DAG:example_nested_branch_dag
[2024-11-04T20:13:35.166+0000] {logging_mixin.py:190} INFO - [2024-11-04T20:13:35.165+0000] {override.py:1900} INFO - Created Permission View: can delete on DAG:example_nested_branch_dag
[2024-11-04T20:13:35.190+0000] {logging_mixin.py:190} INFO - [2024-11-04T20:13:35.189+0000] {override.py:1900} INFO - Created Permission View: menu access on DAG Run:example_nested_branch_dag
[2024-11-04T20:13:35.220+0000] {logging_mixin.py:190} INFO - [2024-11-04T20:13:35.220+0000] {override.py:1900} INFO - Created Permission View: can read on DAG Run:example_nested_branch_dag
[2024-11-04T20:13:35.243+0000] {logging_mixin.py:190} INFO - [2024-11-04T20:13:35.242+0000] {override.py:1900} INFO - Created Permission View: can create on DAG Run:example_nested_branch_dag
[2024-11-04T20:13:35.266+0000] {logging_mixin.py:190} INFO - [2024-11-04T20:13:35.266+0000] {override.py:1900} INFO - Created Permission View: can delete on DAG Run:example_nested_branch_dag
[2024-11-04T20:13:35.268+0000] {logging_mixin.py:190} INFO - [2024-11-04T20:13:35.267+0000] {dag.py:3239} INFO - Sync 1 DAGs
[2024-11-04T20:13:35.311+0000] {logging_mixin.py:190} INFO - [2024-11-04T20:13:35.308+0000] {dag.py:3262} INFO - Creating ORM DAG for example_nested_branch_dag
[2024-11-04T20:13:35.365+0000] {logging_mixin.py:190} INFO - [2024-11-04T20:13:35.365+0000] {dag.py:4180} INFO - Setting next_dagrun for example_nested_branch_dag to 2024-11-03 00:00:00+00:00, run_after=2024-11-04 00:00:00+00:00
[2024-11-04T20:13:35.473+0000] {processor.py:208} INFO - Processing /home/airflow/.local/lib/python3.12/site-packages/airflow/example_dags/example_nested_branch_dag.py took 0.752 seconds
[2024-11-04T20:14:05.677+0000] {processor.py:186} INFO - Started process (PID=162) to work on /home/airflow/.local/lib/python3.12/site-packages/airflow/example_dags/example_nested_branch_dag.py
[2024-11-04T20:14:05.678+0000] {processor.py:914} INFO - Processing file /home/airflow/.local/lib/python3.12/site-packages/airflow/example_dags/example_nested_branch_dag.py for tasks to queue
[2024-11-04T20:14:05.681+0000] {logging_mixin.py:190} INFO - [2024-11-04T20:14:05.681+0000] {dagbag.py:588} INFO - Filling up the DagBag from /home/airflow/.local/lib/python3.12/site-packages/airflow/example_dags/example_nested_branch_dag.py
[2024-11-04T20:14:05.711+0000] {processor.py:925} INFO - DAG(s) 'example_nested_branch_dag' retrieved from /home/airflow/.local/lib/python3.12/site-packages/airflow/example_dags/example_nested_branch_dag.py
[2024-11-04T20:14:05.797+0000] {logging_mixin.py:190} INFO - [2024-11-04T20:14:05.795+0000] {dag.py:3239} INFO - Sync 1 DAGs
[2024-11-04T20:14:05.891+0000] {logging_mixin.py:190} INFO - [2024-11-04T20:14:05.891+0000] {dag.py:4180} INFO - Setting next_dagrun for example_nested_branch_dag to 2024-11-03 00:00:00+00:00, run_after=2024-11-04 00:00:00+00:00
[2024-11-04T20:14:06.005+0000] {processor.py:208} INFO - Processing /home/airflow/.local/lib/python3.12/site-packages/airflow/example_dags/example_nested_branch_dag.py took 0.341 seconds
[2024-11-04T20:14:37.018+0000] {processor.py:186} INFO - Started process (PID=225) to work on /home/airflow/.local/lib/python3.12/site-packages/airflow/example_dags/example_nested_branch_dag.py
[2024-11-04T20:14:37.020+0000] {processor.py:914} INFO - Processing file /home/airflow/.local/lib/python3.12/site-packages/airflow/example_dags/example_nested_branch_dag.py for tasks to queue
[2024-11-04T20:14:37.023+0000] {logging_mixin.py:190} INFO - [2024-11-04T20:14:37.022+0000] {dagbag.py:588} INFO - Filling up the DagBag from /home/airflow/.local/lib/python3.12/site-packages/airflow/example_dags/example_nested_branch_dag.py
[2024-11-04T20:14:37.097+0000] {processor.py:925} INFO - DAG(s) 'example_nested_branch_dag' retrieved from /home/airflow/.local/lib/python3.12/site-packages/airflow/example_dags/example_nested_branch_dag.py
[2024-11-04T20:14:37.189+0000] {logging_mixin.py:190} INFO - [2024-11-04T20:14:37.189+0000] {dag.py:3239} INFO - Sync 1 DAGs
[2024-11-04T20:14:37.251+0000] {logging_mixin.py:190} INFO - [2024-11-04T20:14:37.251+0000] {dag.py:4180} INFO - Setting next_dagrun for example_nested_branch_dag to 2024-11-03 00:00:00+00:00, run_after=2024-11-04 00:00:00+00:00
[2024-11-04T20:14:37.287+0000] {processor.py:208} INFO - Processing /home/airflow/.local/lib/python3.12/site-packages/airflow/example_dags/example_nested_branch_dag.py took 0.276 seconds
[2024-11-04T20:15:07.673+0000] {processor.py:186} INFO - Started process (PID=287) to work on /home/airflow/.local/lib/python3.12/site-packages/airflow/example_dags/example_nested_branch_dag.py
[2024-11-04T20:15:07.675+0000] {processor.py:914} INFO - Processing file /home/airflow/.local/lib/python3.12/site-packages/airflow/example_dags/example_nested_branch_dag.py for tasks to queue
[2024-11-04T20:15:07.679+0000] {logging_mixin.py:190} INFO - [2024-11-04T20:15:07.678+0000] {dagbag.py:588} INFO - Filling up the DagBag from /home/airflow/.local/lib/python3.12/site-packages/airflow/example_dags/example_nested_branch_dag.py
[2024-11-04T20:15:07.695+0000] {processor.py:925} INFO - DAG(s) 'example_nested_branch_dag' retrieved from /home/airflow/.local/lib/python3.12/site-packages/airflow/example_dags/example_nested_branch_dag.py
[2024-11-04T20:15:07.723+0000] {logging_mixin.py:190} INFO - [2024-11-04T20:15:07.723+0000] {dag.py:3239} INFO - Sync 1 DAGs
[2024-11-04T20:15:07.757+0000] {logging_mixin.py:190} INFO - [2024-11-04T20:15:07.756+0000] {dag.py:4180} INFO - Setting next_dagrun for example_nested_branch_dag to 2024-11-03 00:00:00+00:00, run_after=2024-11-04 00:00:00+00:00
[2024-11-04T20:15:07.786+0000] {processor.py:208} INFO - Processing /home/airflow/.local/lib/python3.12/site-packages/airflow/example_dags/example_nested_branch_dag.py took 0.120 seconds
[2024-11-04T20:15:38.127+0000] {processor.py:186} INFO - Started process (PID=349) to work on /home/airflow/.local/lib/python3.12/site-packages/airflow/example_dags/example_nested_branch_dag.py
[2024-11-04T20:15:38.129+0000] {processor.py:914} INFO - Processing file /home/airflow/.local/lib/python3.12/site-packages/airflow/example_dags/example_nested_branch_dag.py for tasks to queue
[2024-11-04T20:15:38.133+0000] {logging_mixin.py:190} INFO - [2024-11-04T20:15:38.132+0000] {dagbag.py:588} INFO - Filling up the DagBag from /home/airflow/.local/lib/python3.12/site-packages/airflow/example_dags/example_nested_branch_dag.py
[2024-11-04T20:15:38.159+0000] {processor.py:925} INFO - DAG(s) 'example_nested_branch_dag' retrieved from /home/airflow/.local/lib/python3.12/site-packages/airflow/example_dags/example_nested_branch_dag.py
[2024-11-04T20:15:38.215+0000] {logging_mixin.py:190} INFO - [2024-11-04T20:15:38.215+0000] {dag.py:3239} INFO - Sync 1 DAGs
[2024-11-04T20:15:38.256+0000] {logging_mixin.py:190} INFO - [2024-11-04T20:15:38.255+0000] {dag.py:4180} INFO - Setting next_dagrun for example_nested_branch_dag to 2024-11-03 00:00:00+00:00, run_after=2024-11-04 00:00:00+00:00
[2024-11-04T20:15:38.284+0000] {processor.py:208} INFO - Processing /home/airflow/.local/lib/python3.12/site-packages/airflow/example_dags/example_nested_branch_dag.py took 0.166 seconds
[2024-11-04T20:16:08.659+0000] {processor.py:186} INFO - Started process (PID=411) to work on /home/airflow/.local/lib/python3.12/site-packages/airflow/example_dags/example_nested_branch_dag.py
[2024-11-04T20:16:08.660+0000] {processor.py:914} INFO - Processing file /home/airflow/.local/lib/python3.12/site-packages/airflow/example_dags/example_nested_branch_dag.py for tasks to queue
[2024-11-04T20:16:08.663+0000] {logging_mixin.py:190} INFO - [2024-11-04T20:16:08.662+0000] {dagbag.py:588} INFO - Filling up the DagBag from /home/airflow/.local/lib/python3.12/site-packages/airflow/example_dags/example_nested_branch_dag.py
[2024-11-04T20:16:08.680+0000] {processor.py:925} INFO - DAG(s) 'example_nested_branch_dag' retrieved from /home/airflow/.local/lib/python3.12/site-packages/airflow/example_dags/example_nested_branch_dag.py
[2024-11-04T20:16:08.716+0000] {logging_mixin.py:190} INFO - [2024-11-04T20:16:08.716+0000] {dag.py:3239} INFO - Sync 1 DAGs
[2024-11-04T20:16:08.750+0000] {logging_mixin.py:190} INFO - [2024-11-04T20:16:08.750+0000] {dag.py:4180} INFO - Setting next_dagrun for example_nested_branch_dag to 2024-11-03 00:00:00+00:00, run_after=2024-11-04 00:00:00+00:00
[2024-11-04T20:16:08.775+0000] {processor.py:208} INFO - Processing /home/airflow/.local/lib/python3.12/site-packages/airflow/example_dags/example_nested_branch_dag.py took 0.125 seconds
[2024-11-04T20:16:39.578+0000] {processor.py:186} INFO - Started process (PID=473) to work on /home/airflow/.local/lib/python3.12/site-packages/airflow/example_dags/example_nested_branch_dag.py
[2024-11-04T20:16:39.579+0000] {processor.py:914} INFO - Processing file /home/airflow/.local/lib/python3.12/site-packages/airflow/example_dags/example_nested_branch_dag.py for tasks to queue
[2024-11-04T20:16:39.583+0000] {logging_mixin.py:190} INFO - [2024-11-04T20:16:39.583+0000] {dagbag.py:588} INFO - Filling up the DagBag from /home/airflow/.local/lib/python3.12/site-packages/airflow/example_dags/example_nested_branch_dag.py
[2024-11-04T20:16:39.615+0000] {processor.py:925} INFO - DAG(s) 'example_nested_branch_dag' retrieved from /home/airflow/.local/lib/python3.12/site-packages/airflow/example_dags/example_nested_branch_dag.py
[2024-11-04T20:16:39.782+0000] {logging_mixin.py:190} INFO - [2024-11-04T20:16:39.782+0000] {dag.py:3239} INFO - Sync 1 DAGs
[2024-11-04T20:16:39.848+0000] {logging_mixin.py:190} INFO - [2024-11-04T20:16:39.847+0000] {dag.py:4180} INFO - Setting next_dagrun for example_nested_branch_dag to 2024-11-03 00:00:00+00:00, run_after=2024-11-04 00:00:00+00:00
[2024-11-04T20:16:39.893+0000] {processor.py:208} INFO - Processing /home/airflow/.local/lib/python3.12/site-packages/airflow/example_dags/example_nested_branch_dag.py took 0.323 seconds
[2024-11-04T20:17:10.228+0000] {processor.py:186} INFO - Started process (PID=535) to work on /home/airflow/.local/lib/python3.12/site-packages/airflow/example_dags/example_nested_branch_dag.py
[2024-11-04T20:17:10.235+0000] {processor.py:914} INFO - Processing file /home/airflow/.local/lib/python3.12/site-packages/airflow/example_dags/example_nested_branch_dag.py for tasks to queue
[2024-11-04T20:17:10.242+0000] {logging_mixin.py:190} INFO - [2024-11-04T20:17:10.241+0000] {dagbag.py:588} INFO - Filling up the DagBag from /home/airflow/.local/lib/python3.12/site-packages/airflow/example_dags/example_nested_branch_dag.py
[2024-11-04T20:17:10.344+0000] {processor.py:925} INFO - DAG(s) 'example_nested_branch_dag' retrieved from /home/airflow/.local/lib/python3.12/site-packages/airflow/example_dags/example_nested_branch_dag.py
[2024-11-04T20:17:10.773+0000] {logging_mixin.py:190} INFO - [2024-11-04T20:17:10.773+0000] {dag.py:3239} INFO - Sync 1 DAGs
[2024-11-04T20:17:10.844+0000] {logging_mixin.py:190} INFO - [2024-11-04T20:17:10.838+0000] {dag.py:4180} INFO - Setting next_dagrun for example_nested_branch_dag to 2024-11-03 00:00:00+00:00, run_after=2024-11-04 00:00:00+00:00
[2024-11-04T20:17:10.914+0000] {processor.py:208} INFO - Processing /home/airflow/.local/lib/python3.12/site-packages/airflow/example_dags/example_nested_branch_dag.py took 0.708 seconds
[2024-11-04T20:17:41.990+0000] {processor.py:186} INFO - Started process (PID=596) to work on /home/airflow/.local/lib/python3.12/site-packages/airflow/example_dags/example_nested_branch_dag.py
[2024-11-04T20:17:41.992+0000] {processor.py:914} INFO - Processing file /home/airflow/.local/lib/python3.12/site-packages/airflow/example_dags/example_nested_branch_dag.py for tasks to queue
[2024-11-04T20:17:42.005+0000] {logging_mixin.py:190} INFO - [2024-11-04T20:17:42.004+0000] {dagbag.py:588} INFO - Filling up the DagBag from /home/airflow/.local/lib/python3.12/site-packages/airflow/example_dags/example_nested_branch_dag.py
[2024-11-04T20:17:42.043+0000] {processor.py:925} INFO - DAG(s) 'example_nested_branch_dag' retrieved from /home/airflow/.local/lib/python3.12/site-packages/airflow/example_dags/example_nested_branch_dag.py
[2024-11-04T20:17:42.157+0000] {logging_mixin.py:190} INFO - [2024-11-04T20:17:42.157+0000] {dag.py:3239} INFO - Sync 1 DAGs
[2024-11-04T20:17:42.365+0000] {logging_mixin.py:190} INFO - [2024-11-04T20:17:42.365+0000] {dag.py:4180} INFO - Setting next_dagrun for example_nested_branch_dag to 2024-11-03 00:00:00+00:00, run_after=2024-11-04 00:00:00+00:00
[2024-11-04T20:17:42.427+0000] {processor.py:208} INFO - Processing /home/airflow/.local/lib/python3.12/site-packages/airflow/example_dags/example_nested_branch_dag.py took 0.453 seconds
[2024-11-04T20:18:12.920+0000] {processor.py:186} INFO - Started process (PID=659) to work on /home/airflow/.local/lib/python3.12/site-packages/airflow/example_dags/example_nested_branch_dag.py
[2024-11-04T20:18:12.921+0000] {processor.py:914} INFO - Processing file /home/airflow/.local/lib/python3.12/site-packages/airflow/example_dags/example_nested_branch_dag.py for tasks to queue
[2024-11-04T20:18:12.923+0000] {logging_mixin.py:190} INFO - [2024-11-04T20:18:12.923+0000] {dagbag.py:588} INFO - Filling up the DagBag from /home/airflow/.local/lib/python3.12/site-packages/airflow/example_dags/example_nested_branch_dag.py
[2024-11-04T20:18:12.936+0000] {processor.py:925} INFO - DAG(s) 'example_nested_branch_dag' retrieved from /home/airflow/.local/lib/python3.12/site-packages/airflow/example_dags/example_nested_branch_dag.py
[2024-11-04T20:18:12.960+0000] {logging_mixin.py:190} INFO - [2024-11-04T20:18:12.960+0000] {dag.py:3239} INFO - Sync 1 DAGs
[2024-11-04T20:18:12.987+0000] {logging_mixin.py:190} INFO - [2024-11-04T20:18:12.987+0000] {dag.py:4180} INFO - Setting next_dagrun for example_nested_branch_dag to 2024-11-03 00:00:00+00:00, run_after=2024-11-04 00:00:00+00:00
[2024-11-04T20:18:13.006+0000] {processor.py:208} INFO - Processing /home/airflow/.local/lib/python3.12/site-packages/airflow/example_dags/example_nested_branch_dag.py took 0.094 seconds
[2024-11-04T20:18:43.730+0000] {processor.py:186} INFO - Started process (PID=722) to work on /home/airflow/.local/lib/python3.12/site-packages/airflow/example_dags/example_nested_branch_dag.py
[2024-11-04T20:18:43.732+0000] {processor.py:914} INFO - Processing file /home/airflow/.local/lib/python3.12/site-packages/airflow/example_dags/example_nested_branch_dag.py for tasks to queue
[2024-11-04T20:18:43.734+0000] {logging_mixin.py:190} INFO - [2024-11-04T20:18:43.734+0000] {dagbag.py:588} INFO - Filling up the DagBag from /home/airflow/.local/lib/python3.12/site-packages/airflow/example_dags/example_nested_branch_dag.py
[2024-11-04T20:18:43.747+0000] {processor.py:925} INFO - DAG(s) 'example_nested_branch_dag' retrieved from /home/airflow/.local/lib/python3.12/site-packages/airflow/example_dags/example_nested_branch_dag.py
[2024-11-04T20:18:43.772+0000] {logging_mixin.py:190} INFO - [2024-11-04T20:18:43.772+0000] {dag.py:3239} INFO - Sync 1 DAGs
[2024-11-04T20:18:43.804+0000] {logging_mixin.py:190} INFO - [2024-11-04T20:18:43.803+0000] {dag.py:4180} INFO - Setting next_dagrun for example_nested_branch_dag to 2024-11-03 00:00:00+00:00, run_after=2024-11-04 00:00:00+00:00
[2024-11-04T20:18:43.827+0000] {processor.py:208} INFO - Processing /home/airflow/.local/lib/python3.12/site-packages/airflow/example_dags/example_nested_branch_dag.py took 0.104 seconds
[2024-11-04T20:19:14.216+0000] {processor.py:186} INFO - Started process (PID=785) to work on /home/airflow/.local/lib/python3.12/site-packages/airflow/example_dags/example_nested_branch_dag.py
[2024-11-04T20:19:14.218+0000] {processor.py:914} INFO - Processing file /home/airflow/.local/lib/python3.12/site-packages/airflow/example_dags/example_nested_branch_dag.py for tasks to queue
[2024-11-04T20:19:14.221+0000] {logging_mixin.py:190} INFO - [2024-11-04T20:19:14.221+0000] {dagbag.py:588} INFO - Filling up the DagBag from /home/airflow/.local/lib/python3.12/site-packages/airflow/example_dags/example_nested_branch_dag.py
[2024-11-04T20:19:14.237+0000] {processor.py:925} INFO - DAG(s) 'example_nested_branch_dag' retrieved from /home/airflow/.local/lib/python3.12/site-packages/airflow/example_dags/example_nested_branch_dag.py
[2024-11-04T20:19:14.263+0000] {logging_mixin.py:190} INFO - [2024-11-04T20:19:14.263+0000] {dag.py:3239} INFO - Sync 1 DAGs
[2024-11-04T20:19:14.295+0000] {logging_mixin.py:190} INFO - [2024-11-04T20:19:14.295+0000] {dag.py:4180} INFO - Setting next_dagrun for example_nested_branch_dag to 2024-11-03 00:00:00+00:00, run_after=2024-11-04 00:00:00+00:00
[2024-11-04T20:19:14.340+0000] {processor.py:208} INFO - Processing /home/airflow/.local/lib/python3.12/site-packages/airflow/example_dags/example_nested_branch_dag.py took 0.130 seconds
[2024-11-04T20:19:44.718+0000] {processor.py:186} INFO - Started process (PID=847) to work on /home/airflow/.local/lib/python3.12/site-packages/airflow/example_dags/example_nested_branch_dag.py
[2024-11-04T20:19:44.719+0000] {processor.py:914} INFO - Processing file /home/airflow/.local/lib/python3.12/site-packages/airflow/example_dags/example_nested_branch_dag.py for tasks to queue
[2024-11-04T20:19:44.722+0000] {logging_mixin.py:190} INFO - [2024-11-04T20:19:44.722+0000] {dagbag.py:588} INFO - Filling up the DagBag from /home/airflow/.local/lib/python3.12/site-packages/airflow/example_dags/example_nested_branch_dag.py
[2024-11-04T20:19:44.735+0000] {processor.py:925} INFO - DAG(s) 'example_nested_branch_dag' retrieved from /home/airflow/.local/lib/python3.12/site-packages/airflow/example_dags/example_nested_branch_dag.py
[2024-11-04T20:19:44.760+0000] {logging_mixin.py:190} INFO - [2024-11-04T20:19:44.760+0000] {dag.py:3239} INFO - Sync 1 DAGs
[2024-11-04T20:19:44.788+0000] {logging_mixin.py:190} INFO - [2024-11-04T20:19:44.787+0000] {dag.py:4180} INFO - Setting next_dagrun for example_nested_branch_dag to 2024-11-03 00:00:00+00:00, run_after=2024-11-04 00:00:00+00:00
[2024-11-04T20:19:44.807+0000] {processor.py:208} INFO - Processing /home/airflow/.local/lib/python3.12/site-packages/airflow/example_dags/example_nested_branch_dag.py took 0.097 seconds
[2024-11-04T20:20:15.224+0000] {processor.py:186} INFO - Started process (PID=911) to work on /home/airflow/.local/lib/python3.12/site-packages/airflow/example_dags/example_nested_branch_dag.py
[2024-11-04T20:20:15.226+0000] {processor.py:914} INFO - Processing file /home/airflow/.local/lib/python3.12/site-packages/airflow/example_dags/example_nested_branch_dag.py for tasks to queue
[2024-11-04T20:20:15.230+0000] {logging_mixin.py:190} INFO - [2024-11-04T20:20:15.230+0000] {dagbag.py:588} INFO - Filling up the DagBag from /home/airflow/.local/lib/python3.12/site-packages/airflow/example_dags/example_nested_branch_dag.py
[2024-11-04T20:20:15.250+0000] {processor.py:925} INFO - DAG(s) 'example_nested_branch_dag' retrieved from /home/airflow/.local/lib/python3.12/site-packages/airflow/example_dags/example_nested_branch_dag.py
[2024-11-04T20:20:15.284+0000] {logging_mixin.py:190} INFO - [2024-11-04T20:20:15.283+0000] {dag.py:3239} INFO - Sync 1 DAGs
[2024-11-04T20:20:15.313+0000] {logging_mixin.py:190} INFO - [2024-11-04T20:20:15.313+0000] {dag.py:4180} INFO - Setting next_dagrun for example_nested_branch_dag to 2024-11-03 00:00:00+00:00, run_after=2024-11-04 00:00:00+00:00
[2024-11-04T20:20:15.334+0000] {processor.py:208} INFO - Processing /home/airflow/.local/lib/python3.12/site-packages/airflow/example_dags/example_nested_branch_dag.py took 0.121 seconds
[2024-11-04T20:20:45.867+0000] {processor.py:186} INFO - Started process (PID=974) to work on /home/airflow/.local/lib/python3.12/site-packages/airflow/example_dags/example_nested_branch_dag.py
[2024-11-04T20:20:45.868+0000] {processor.py:914} INFO - Processing file /home/airflow/.local/lib/python3.12/site-packages/airflow/example_dags/example_nested_branch_dag.py for tasks to queue
[2024-11-04T20:20:45.871+0000] {logging_mixin.py:190} INFO - [2024-11-04T20:20:45.871+0000] {dagbag.py:588} INFO - Filling up the DagBag from /home/airflow/.local/lib/python3.12/site-packages/airflow/example_dags/example_nested_branch_dag.py
[2024-11-04T20:20:45.885+0000] {processor.py:925} INFO - DAG(s) 'example_nested_branch_dag' retrieved from /home/airflow/.local/lib/python3.12/site-packages/airflow/example_dags/example_nested_branch_dag.py
[2024-11-04T20:20:45.921+0000] {logging_mixin.py:190} INFO - [2024-11-04T20:20:45.920+0000] {dag.py:3239} INFO - Sync 1 DAGs
[2024-11-04T20:20:45.950+0000] {logging_mixin.py:190} INFO - [2024-11-04T20:20:45.950+0000] {dag.py:4180} INFO - Setting next_dagrun for example_nested_branch_dag to 2024-11-03 00:00:00+00:00, run_after=2024-11-04 00:00:00+00:00
[2024-11-04T20:20:45.974+0000] {processor.py:208} INFO - Processing /home/airflow/.local/lib/python3.12/site-packages/airflow/example_dags/example_nested_branch_dag.py took 0.115 seconds
[2024-11-04T20:21:16.148+0000] {processor.py:186} INFO - Started process (PID=1036) to work on /home/airflow/.local/lib/python3.12/site-packages/airflow/example_dags/example_nested_branch_dag.py
[2024-11-04T20:21:16.149+0000] {processor.py:914} INFO - Processing file /home/airflow/.local/lib/python3.12/site-packages/airflow/example_dags/example_nested_branch_dag.py for tasks to queue
[2024-11-04T20:21:16.152+0000] {logging_mixin.py:190} INFO - [2024-11-04T20:21:16.152+0000] {dagbag.py:588} INFO - Filling up the DagBag from /home/airflow/.local/lib/python3.12/site-packages/airflow/example_dags/example_nested_branch_dag.py
[2024-11-04T20:21:16.164+0000] {processor.py:925} INFO - DAG(s) 'example_nested_branch_dag' retrieved from /home/airflow/.local/lib/python3.12/site-packages/airflow/example_dags/example_nested_branch_dag.py
[2024-11-04T20:21:16.188+0000] {logging_mixin.py:190} INFO - [2024-11-04T20:21:16.188+0000] {dag.py:3239} INFO - Sync 1 DAGs
[2024-11-04T20:21:16.214+0000] {logging_mixin.py:190} INFO - [2024-11-04T20:21:16.214+0000] {dag.py:4180} INFO - Setting next_dagrun for example_nested_branch_dag to 2024-11-03 00:00:00+00:00, run_after=2024-11-04 00:00:00+00:00
[2024-11-04T20:21:16.235+0000] {processor.py:208} INFO - Processing /home/airflow/.local/lib/python3.12/site-packages/airflow/example_dags/example_nested_branch_dag.py took 0.094 seconds
[2024-11-04T20:21:46.756+0000] {processor.py:186} INFO - Started process (PID=1099) to work on /home/airflow/.local/lib/python3.12/site-packages/airflow/example_dags/example_nested_branch_dag.py
[2024-11-04T20:21:46.758+0000] {processor.py:914} INFO - Processing file /home/airflow/.local/lib/python3.12/site-packages/airflow/example_dags/example_nested_branch_dag.py for tasks to queue
[2024-11-04T20:21:46.760+0000] {logging_mixin.py:190} INFO - [2024-11-04T20:21:46.760+0000] {dagbag.py:588} INFO - Filling up the DagBag from /home/airflow/.local/lib/python3.12/site-packages/airflow/example_dags/example_nested_branch_dag.py
[2024-11-04T20:21:46.772+0000] {processor.py:925} INFO - DAG(s) 'example_nested_branch_dag' retrieved from /home/airflow/.local/lib/python3.12/site-packages/airflow/example_dags/example_nested_branch_dag.py
[2024-11-04T20:21:46.796+0000] {logging_mixin.py:190} INFO - [2024-11-04T20:21:46.795+0000] {dag.py:3239} INFO - Sync 1 DAGs
[2024-11-04T20:21:46.828+0000] {logging_mixin.py:190} INFO - [2024-11-04T20:21:46.828+0000] {dag.py:4180} INFO - Setting next_dagrun for example_nested_branch_dag to 2024-11-03 00:00:00+00:00, run_after=2024-11-04 00:00:00+00:00
[2024-11-04T20:21:46.851+0000] {processor.py:208} INFO - Processing /home/airflow/.local/lib/python3.12/site-packages/airflow/example_dags/example_nested_branch_dag.py took 0.101 seconds
[2024-11-04T20:22:17.113+0000] {processor.py:186} INFO - Started process (PID=1161) to work on /home/airflow/.local/lib/python3.12/site-packages/airflow/example_dags/example_nested_branch_dag.py
[2024-11-04T20:22:17.114+0000] {processor.py:914} INFO - Processing file /home/airflow/.local/lib/python3.12/site-packages/airflow/example_dags/example_nested_branch_dag.py for tasks to queue
[2024-11-04T20:22:17.119+0000] {logging_mixin.py:190} INFO - [2024-11-04T20:22:17.118+0000] {dagbag.py:588} INFO - Filling up the DagBag from /home/airflow/.local/lib/python3.12/site-packages/airflow/example_dags/example_nested_branch_dag.py
[2024-11-04T20:22:17.133+0000] {processor.py:925} INFO - DAG(s) 'example_nested_branch_dag' retrieved from /home/airflow/.local/lib/python3.12/site-packages/airflow/example_dags/example_nested_branch_dag.py
[2024-11-04T20:22:17.158+0000] {logging_mixin.py:190} INFO - [2024-11-04T20:22:17.158+0000] {dag.py:3239} INFO - Sync 1 DAGs
[2024-11-04T20:22:17.185+0000] {logging_mixin.py:190} INFO - [2024-11-04T20:22:17.185+0000] {dag.py:4180} INFO - Setting next_dagrun for example_nested_branch_dag to 2024-11-03 00:00:00+00:00, run_after=2024-11-04 00:00:00+00:00
[2024-11-04T20:22:17.207+0000] {processor.py:208} INFO - Processing /home/airflow/.local/lib/python3.12/site-packages/airflow/example_dags/example_nested_branch_dag.py took 0.104 seconds
[2024-11-04T20:22:47.367+0000] {processor.py:186} INFO - Started process (PID=1224) to work on /home/airflow/.local/lib/python3.12/site-packages/airflow/example_dags/example_nested_branch_dag.py
[2024-11-04T20:22:47.368+0000] {processor.py:914} INFO - Processing file /home/airflow/.local/lib/python3.12/site-packages/airflow/example_dags/example_nested_branch_dag.py for tasks to queue
[2024-11-04T20:22:47.371+0000] {logging_mixin.py:190} INFO - [2024-11-04T20:22:47.371+0000] {dagbag.py:588} INFO - Filling up the DagBag from /home/airflow/.local/lib/python3.12/site-packages/airflow/example_dags/example_nested_branch_dag.py
[2024-11-04T20:22:47.384+0000] {processor.py:925} INFO - DAG(s) 'example_nested_branch_dag' retrieved from /home/airflow/.local/lib/python3.12/site-packages/airflow/example_dags/example_nested_branch_dag.py
[2024-11-04T20:22:47.407+0000] {logging_mixin.py:190} INFO - [2024-11-04T20:22:47.407+0000] {dag.py:3239} INFO - Sync 1 DAGs
[2024-11-04T20:22:47.435+0000] {logging_mixin.py:190} INFO - [2024-11-04T20:22:47.435+0000] {dag.py:4180} INFO - Setting next_dagrun for example_nested_branch_dag to 2024-11-03 00:00:00+00:00, run_after=2024-11-04 00:00:00+00:00
[2024-11-04T20:22:47.456+0000] {processor.py:208} INFO - Processing /home/airflow/.local/lib/python3.12/site-packages/airflow/example_dags/example_nested_branch_dag.py took 0.096 seconds
