[2024-11-04T20:13:37.055+0000] {processor.py:186} INFO - Started process (PID=103) to work on /home/airflow/.local/lib/python3.12/site-packages/airflow/example_dags/example_trigger_target_dag.py
[2024-11-04T20:13:37.057+0000] {processor.py:914} INFO - Processing file /home/airflow/.local/lib/python3.12/site-packages/airflow/example_dags/example_trigger_target_dag.py for tasks to queue
[2024-11-04T20:13:37.086+0000] {logging_mixin.py:190} INFO - [2024-11-04T20:13:37.085+0000] {dagbag.py:588} INFO - Filling up the DagBag from /home/airflow/.local/lib/python3.12/site-packages/airflow/example_dags/example_trigger_target_dag.py
[2024-11-04T20:13:37.134+0000] {processor.py:925} INFO - DAG(s) 'example_trigger_target_dag' retrieved from /home/airflow/.local/lib/python3.12/site-packages/airflow/example_dags/example_trigger_target_dag.py
[2024-11-04T20:13:37.441+0000] {logging_mixin.py:190} INFO - [2024-11-04T20:13:37.440+0000] {override.py:1900} INFO - Created Permission View: can edit on DAG:example_trigger_target_dag
[2024-11-04T20:13:37.471+0000] {logging_mixin.py:190} INFO - [2024-11-04T20:13:37.471+0000] {override.py:1900} INFO - Created Permission View: can read on DAG:example_trigger_target_dag
[2024-11-04T20:13:37.491+0000] {logging_mixin.py:190} INFO - [2024-11-04T20:13:37.491+0000] {override.py:1900} INFO - Created Permission View: can delete on DAG:example_trigger_target_dag
[2024-11-04T20:13:37.523+0000] {logging_mixin.py:190} INFO - [2024-11-04T20:13:37.516+0000] {override.py:1900} INFO - Created Permission View: menu access on DAG Run:example_trigger_target_dag
[2024-11-04T20:13:37.566+0000] {logging_mixin.py:190} INFO - [2024-11-04T20:13:37.565+0000] {override.py:1900} INFO - Created Permission View: can read on DAG Run:example_trigger_target_dag
[2024-11-04T20:13:37.605+0000] {logging_mixin.py:190} INFO - [2024-11-04T20:13:37.605+0000] {override.py:1900} INFO - Created Permission View: can create on DAG Run:example_trigger_target_dag
[2024-11-04T20:13:37.637+0000] {logging_mixin.py:190} INFO - [2024-11-04T20:13:37.637+0000] {override.py:1900} INFO - Created Permission View: can delete on DAG Run:example_trigger_target_dag
[2024-11-04T20:13:37.638+0000] {logging_mixin.py:190} INFO - [2024-11-04T20:13:37.638+0000] {dag.py:3239} INFO - Sync 1 DAGs
[2024-11-04T20:13:37.669+0000] {logging_mixin.py:190} INFO - [2024-11-04T20:13:37.668+0000] {dag.py:3262} INFO - Creating ORM DAG for example_trigger_target_dag
[2024-11-04T20:13:37.670+0000] {logging_mixin.py:190} INFO - [2024-11-04T20:13:37.670+0000] {dag.py:4180} INFO - Setting next_dagrun for example_trigger_target_dag to None, run_after=None
[2024-11-04T20:13:37.726+0000] {processor.py:208} INFO - Processing /home/airflow/.local/lib/python3.12/site-packages/airflow/example_dags/example_trigger_target_dag.py took 0.721 seconds
[2024-11-04T20:14:08.996+0000] {processor.py:186} INFO - Started process (PID=165) to work on /home/airflow/.local/lib/python3.12/site-packages/airflow/example_dags/example_trigger_target_dag.py
[2024-11-04T20:14:09.000+0000] {processor.py:914} INFO - Processing file /home/airflow/.local/lib/python3.12/site-packages/airflow/example_dags/example_trigger_target_dag.py for tasks to queue
[2024-11-04T20:14:09.036+0000] {logging_mixin.py:190} INFO - [2024-11-04T20:14:09.034+0000] {dagbag.py:588} INFO - Filling up the DagBag from /home/airflow/.local/lib/python3.12/site-packages/airflow/example_dags/example_trigger_target_dag.py
[2024-11-04T20:14:09.060+0000] {processor.py:925} INFO - DAG(s) 'example_trigger_target_dag' retrieved from /home/airflow/.local/lib/python3.12/site-packages/airflow/example_dags/example_trigger_target_dag.py
[2024-11-04T20:14:09.132+0000] {logging_mixin.py:190} INFO - [2024-11-04T20:14:09.131+0000] {dag.py:3239} INFO - Sync 1 DAGs
[2024-11-04T20:14:09.227+0000] {logging_mixin.py:190} INFO - [2024-11-04T20:14:09.227+0000] {dag.py:4180} INFO - Setting next_dagrun for example_trigger_target_dag to None, run_after=None
[2024-11-04T20:14:09.289+0000] {processor.py:208} INFO - Processing /home/airflow/.local/lib/python3.12/site-packages/airflow/example_dags/example_trigger_target_dag.py took 0.343 seconds
[2024-11-04T20:14:39.511+0000] {processor.py:186} INFO - Started process (PID=228) to work on /home/airflow/.local/lib/python3.12/site-packages/airflow/example_dags/example_trigger_target_dag.py
[2024-11-04T20:14:39.512+0000] {processor.py:914} INFO - Processing file /home/airflow/.local/lib/python3.12/site-packages/airflow/example_dags/example_trigger_target_dag.py for tasks to queue
[2024-11-04T20:14:39.516+0000] {logging_mixin.py:190} INFO - [2024-11-04T20:14:39.515+0000] {dagbag.py:588} INFO - Filling up the DagBag from /home/airflow/.local/lib/python3.12/site-packages/airflow/example_dags/example_trigger_target_dag.py
[2024-11-04T20:14:39.526+0000] {processor.py:925} INFO - DAG(s) 'example_trigger_target_dag' retrieved from /home/airflow/.local/lib/python3.12/site-packages/airflow/example_dags/example_trigger_target_dag.py
[2024-11-04T20:14:39.549+0000] {logging_mixin.py:190} INFO - [2024-11-04T20:14:39.548+0000] {dag.py:3239} INFO - Sync 1 DAGs
[2024-11-04T20:14:39.566+0000] {logging_mixin.py:190} INFO - [2024-11-04T20:14:39.566+0000] {dag.py:4180} INFO - Setting next_dagrun for example_trigger_target_dag to None, run_after=None
[2024-11-04T20:14:39.589+0000] {processor.py:208} INFO - Processing /home/airflow/.local/lib/python3.12/site-packages/airflow/example_dags/example_trigger_target_dag.py took 0.086 seconds
[2024-11-04T20:15:10.015+0000] {processor.py:186} INFO - Started process (PID=290) to work on /home/airflow/.local/lib/python3.12/site-packages/airflow/example_dags/example_trigger_target_dag.py
[2024-11-04T20:15:10.019+0000] {processor.py:914} INFO - Processing file /home/airflow/.local/lib/python3.12/site-packages/airflow/example_dags/example_trigger_target_dag.py for tasks to queue
[2024-11-04T20:15:10.024+0000] {logging_mixin.py:190} INFO - [2024-11-04T20:15:10.024+0000] {dagbag.py:588} INFO - Filling up the DagBag from /home/airflow/.local/lib/python3.12/site-packages/airflow/example_dags/example_trigger_target_dag.py
[2024-11-04T20:15:10.036+0000] {processor.py:925} INFO - DAG(s) 'example_trigger_target_dag' retrieved from /home/airflow/.local/lib/python3.12/site-packages/airflow/example_dags/example_trigger_target_dag.py
[2024-11-04T20:15:10.070+0000] {logging_mixin.py:190} INFO - [2024-11-04T20:15:10.069+0000] {dag.py:3239} INFO - Sync 1 DAGs
[2024-11-04T20:15:10.112+0000] {logging_mixin.py:190} INFO - [2024-11-04T20:15:10.112+0000] {dag.py:4180} INFO - Setting next_dagrun for example_trigger_target_dag to None, run_after=None
[2024-11-04T20:15:10.155+0000] {processor.py:208} INFO - Processing /home/airflow/.local/lib/python3.12/site-packages/airflow/example_dags/example_trigger_target_dag.py took 0.148 seconds
[2024-11-04T20:15:40.497+0000] {processor.py:186} INFO - Started process (PID=352) to work on /home/airflow/.local/lib/python3.12/site-packages/airflow/example_dags/example_trigger_target_dag.py
[2024-11-04T20:15:40.498+0000] {processor.py:914} INFO - Processing file /home/airflow/.local/lib/python3.12/site-packages/airflow/example_dags/example_trigger_target_dag.py for tasks to queue
[2024-11-04T20:15:40.502+0000] {logging_mixin.py:190} INFO - [2024-11-04T20:15:40.501+0000] {dagbag.py:588} INFO - Filling up the DagBag from /home/airflow/.local/lib/python3.12/site-packages/airflow/example_dags/example_trigger_target_dag.py
[2024-11-04T20:15:40.510+0000] {processor.py:925} INFO - DAG(s) 'example_trigger_target_dag' retrieved from /home/airflow/.local/lib/python3.12/site-packages/airflow/example_dags/example_trigger_target_dag.py
[2024-11-04T20:15:40.535+0000] {logging_mixin.py:190} INFO - [2024-11-04T20:15:40.535+0000] {dag.py:3239} INFO - Sync 1 DAGs
[2024-11-04T20:15:40.556+0000] {logging_mixin.py:190} INFO - [2024-11-04T20:15:40.556+0000] {dag.py:4180} INFO - Setting next_dagrun for example_trigger_target_dag to None, run_after=None
[2024-11-04T20:15:40.581+0000] {processor.py:208} INFO - Processing /home/airflow/.local/lib/python3.12/site-packages/airflow/example_dags/example_trigger_target_dag.py took 0.092 seconds
[2024-11-04T20:16:11.000+0000] {processor.py:186} INFO - Started process (PID=414) to work on /home/airflow/.local/lib/python3.12/site-packages/airflow/example_dags/example_trigger_target_dag.py
[2024-11-04T20:16:11.001+0000] {processor.py:914} INFO - Processing file /home/airflow/.local/lib/python3.12/site-packages/airflow/example_dags/example_trigger_target_dag.py for tasks to queue
[2024-11-04T20:16:11.004+0000] {logging_mixin.py:190} INFO - [2024-11-04T20:16:11.004+0000] {dagbag.py:588} INFO - Filling up the DagBag from /home/airflow/.local/lib/python3.12/site-packages/airflow/example_dags/example_trigger_target_dag.py
[2024-11-04T20:16:11.016+0000] {processor.py:925} INFO - DAG(s) 'example_trigger_target_dag' retrieved from /home/airflow/.local/lib/python3.12/site-packages/airflow/example_dags/example_trigger_target_dag.py
[2024-11-04T20:16:11.042+0000] {logging_mixin.py:190} INFO - [2024-11-04T20:16:11.040+0000] {dag.py:3239} INFO - Sync 1 DAGs
[2024-11-04T20:16:11.059+0000] {logging_mixin.py:190} INFO - [2024-11-04T20:16:11.059+0000] {dag.py:4180} INFO - Setting next_dagrun for example_trigger_target_dag to None, run_after=None
[2024-11-04T20:16:11.084+0000] {processor.py:208} INFO - Processing /home/airflow/.local/lib/python3.12/site-packages/airflow/example_dags/example_trigger_target_dag.py took 0.091 seconds
[2024-11-04T20:16:42.168+0000] {processor.py:186} INFO - Started process (PID=476) to work on /home/airflow/.local/lib/python3.12/site-packages/airflow/example_dags/example_trigger_target_dag.py
[2024-11-04T20:16:42.169+0000] {processor.py:914} INFO - Processing file /home/airflow/.local/lib/python3.12/site-packages/airflow/example_dags/example_trigger_target_dag.py for tasks to queue
[2024-11-04T20:16:42.172+0000] {logging_mixin.py:190} INFO - [2024-11-04T20:16:42.172+0000] {dagbag.py:588} INFO - Filling up the DagBag from /home/airflow/.local/lib/python3.12/site-packages/airflow/example_dags/example_trigger_target_dag.py
[2024-11-04T20:16:42.184+0000] {processor.py:925} INFO - DAG(s) 'example_trigger_target_dag' retrieved from /home/airflow/.local/lib/python3.12/site-packages/airflow/example_dags/example_trigger_target_dag.py
[2024-11-04T20:16:42.217+0000] {logging_mixin.py:190} INFO - [2024-11-04T20:16:42.217+0000] {dag.py:3239} INFO - Sync 1 DAGs
[2024-11-04T20:16:42.241+0000] {logging_mixin.py:190} INFO - [2024-11-04T20:16:42.240+0000] {dag.py:4180} INFO - Setting next_dagrun for example_trigger_target_dag to None, run_after=None
[2024-11-04T20:16:42.269+0000] {processor.py:208} INFO - Processing /home/airflow/.local/lib/python3.12/site-packages/airflow/example_dags/example_trigger_target_dag.py took 0.107 seconds
[2024-11-04T20:17:14.270+0000] {processor.py:186} INFO - Started process (PID=538) to work on /home/airflow/.local/lib/python3.12/site-packages/airflow/example_dags/example_trigger_target_dag.py
[2024-11-04T20:17:14.271+0000] {processor.py:914} INFO - Processing file /home/airflow/.local/lib/python3.12/site-packages/airflow/example_dags/example_trigger_target_dag.py for tasks to queue
[2024-11-04T20:17:14.276+0000] {logging_mixin.py:190} INFO - [2024-11-04T20:17:14.276+0000] {dagbag.py:588} INFO - Filling up the DagBag from /home/airflow/.local/lib/python3.12/site-packages/airflow/example_dags/example_trigger_target_dag.py
[2024-11-04T20:17:14.298+0000] {processor.py:925} INFO - DAG(s) 'example_trigger_target_dag' retrieved from /home/airflow/.local/lib/python3.12/site-packages/airflow/example_dags/example_trigger_target_dag.py
[2024-11-04T20:17:14.341+0000] {logging_mixin.py:190} INFO - [2024-11-04T20:17:14.340+0000] {dag.py:3239} INFO - Sync 1 DAGs
[2024-11-04T20:17:14.376+0000] {logging_mixin.py:190} INFO - [2024-11-04T20:17:14.375+0000] {dag.py:4180} INFO - Setting next_dagrun for example_trigger_target_dag to None, run_after=None
[2024-11-04T20:17:14.492+0000] {processor.py:208} INFO - Processing /home/airflow/.local/lib/python3.12/site-packages/airflow/example_dags/example_trigger_target_dag.py took 0.235 seconds
[2024-11-04T20:17:45.083+0000] {processor.py:186} INFO - Started process (PID=599) to work on /home/airflow/.local/lib/python3.12/site-packages/airflow/example_dags/example_trigger_target_dag.py
[2024-11-04T20:17:45.085+0000] {processor.py:914} INFO - Processing file /home/airflow/.local/lib/python3.12/site-packages/airflow/example_dags/example_trigger_target_dag.py for tasks to queue
[2024-11-04T20:17:45.089+0000] {logging_mixin.py:190} INFO - [2024-11-04T20:17:45.088+0000] {dagbag.py:588} INFO - Filling up the DagBag from /home/airflow/.local/lib/python3.12/site-packages/airflow/example_dags/example_trigger_target_dag.py
[2024-11-04T20:17:45.103+0000] {processor.py:925} INFO - DAG(s) 'example_trigger_target_dag' retrieved from /home/airflow/.local/lib/python3.12/site-packages/airflow/example_dags/example_trigger_target_dag.py
[2024-11-04T20:17:45.145+0000] {logging_mixin.py:190} INFO - [2024-11-04T20:17:45.144+0000] {dag.py:3239} INFO - Sync 1 DAGs
[2024-11-04T20:17:45.169+0000] {logging_mixin.py:190} INFO - [2024-11-04T20:17:45.169+0000] {dag.py:4180} INFO - Setting next_dagrun for example_trigger_target_dag to None, run_after=None
[2024-11-04T20:17:45.293+0000] {processor.py:208} INFO - Processing /home/airflow/.local/lib/python3.12/site-packages/airflow/example_dags/example_trigger_target_dag.py took 0.220 seconds
[2024-11-04T20:18:16.221+0000] {processor.py:186} INFO - Started process (PID=662) to work on /home/airflow/.local/lib/python3.12/site-packages/airflow/example_dags/example_trigger_target_dag.py
[2024-11-04T20:18:16.222+0000] {processor.py:914} INFO - Processing file /home/airflow/.local/lib/python3.12/site-packages/airflow/example_dags/example_trigger_target_dag.py for tasks to queue
[2024-11-04T20:18:16.225+0000] {logging_mixin.py:190} INFO - [2024-11-04T20:18:16.225+0000] {dagbag.py:588} INFO - Filling up the DagBag from /home/airflow/.local/lib/python3.12/site-packages/airflow/example_dags/example_trigger_target_dag.py
[2024-11-04T20:18:16.234+0000] {processor.py:925} INFO - DAG(s) 'example_trigger_target_dag' retrieved from /home/airflow/.local/lib/python3.12/site-packages/airflow/example_dags/example_trigger_target_dag.py
[2024-11-04T20:18:16.262+0000] {logging_mixin.py:190} INFO - [2024-11-04T20:18:16.262+0000] {dag.py:3239} INFO - Sync 1 DAGs
[2024-11-04T20:18:16.280+0000] {logging_mixin.py:190} INFO - [2024-11-04T20:18:16.279+0000] {dag.py:4180} INFO - Setting next_dagrun for example_trigger_target_dag to None, run_after=None
[2024-11-04T20:18:16.303+0000] {processor.py:208} INFO - Processing /home/airflow/.local/lib/python3.12/site-packages/airflow/example_dags/example_trigger_target_dag.py took 0.089 seconds
[2024-11-04T20:18:46.921+0000] {processor.py:186} INFO - Started process (PID=725) to work on /home/airflow/.local/lib/python3.12/site-packages/airflow/example_dags/example_trigger_target_dag.py
[2024-11-04T20:18:46.922+0000] {processor.py:914} INFO - Processing file /home/airflow/.local/lib/python3.12/site-packages/airflow/example_dags/example_trigger_target_dag.py for tasks to queue
[2024-11-04T20:18:46.925+0000] {logging_mixin.py:190} INFO - [2024-11-04T20:18:46.925+0000] {dagbag.py:588} INFO - Filling up the DagBag from /home/airflow/.local/lib/python3.12/site-packages/airflow/example_dags/example_trigger_target_dag.py
[2024-11-04T20:18:46.934+0000] {processor.py:925} INFO - DAG(s) 'example_trigger_target_dag' retrieved from /home/airflow/.local/lib/python3.12/site-packages/airflow/example_dags/example_trigger_target_dag.py
[2024-11-04T20:18:46.957+0000] {logging_mixin.py:190} INFO - [2024-11-04T20:18:46.957+0000] {dag.py:3239} INFO - Sync 1 DAGs
[2024-11-04T20:18:46.974+0000] {logging_mixin.py:190} INFO - [2024-11-04T20:18:46.974+0000] {dag.py:4180} INFO - Setting next_dagrun for example_trigger_target_dag to None, run_after=None
[2024-11-04T20:18:46.996+0000] {processor.py:208} INFO - Processing /home/airflow/.local/lib/python3.12/site-packages/airflow/example_dags/example_trigger_target_dag.py took 0.083 seconds
[2024-11-04T20:19:17.455+0000] {processor.py:186} INFO - Started process (PID=788) to work on /home/airflow/.local/lib/python3.12/site-packages/airflow/example_dags/example_trigger_target_dag.py
[2024-11-04T20:19:17.458+0000] {processor.py:914} INFO - Processing file /home/airflow/.local/lib/python3.12/site-packages/airflow/example_dags/example_trigger_target_dag.py for tasks to queue
[2024-11-04T20:19:17.461+0000] {logging_mixin.py:190} INFO - [2024-11-04T20:19:17.461+0000] {dagbag.py:588} INFO - Filling up the DagBag from /home/airflow/.local/lib/python3.12/site-packages/airflow/example_dags/example_trigger_target_dag.py
[2024-11-04T20:19:17.472+0000] {processor.py:925} INFO - DAG(s) 'example_trigger_target_dag' retrieved from /home/airflow/.local/lib/python3.12/site-packages/airflow/example_dags/example_trigger_target_dag.py
[2024-11-04T20:19:17.500+0000] {logging_mixin.py:190} INFO - [2024-11-04T20:19:17.499+0000] {dag.py:3239} INFO - Sync 1 DAGs
[2024-11-04T20:19:17.523+0000] {logging_mixin.py:190} INFO - [2024-11-04T20:19:17.522+0000] {dag.py:4180} INFO - Setting next_dagrun for example_trigger_target_dag to None, run_after=None
[2024-11-04T20:19:17.553+0000] {processor.py:208} INFO - Processing /home/airflow/.local/lib/python3.12/site-packages/airflow/example_dags/example_trigger_target_dag.py took 0.111 seconds
[2024-11-04T20:19:47.950+0000] {processor.py:186} INFO - Started process (PID=851) to work on /home/airflow/.local/lib/python3.12/site-packages/airflow/example_dags/example_trigger_target_dag.py
[2024-11-04T20:19:47.953+0000] {processor.py:914} INFO - Processing file /home/airflow/.local/lib/python3.12/site-packages/airflow/example_dags/example_trigger_target_dag.py for tasks to queue
[2024-11-04T20:19:47.958+0000] {logging_mixin.py:190} INFO - [2024-11-04T20:19:47.958+0000] {dagbag.py:588} INFO - Filling up the DagBag from /home/airflow/.local/lib/python3.12/site-packages/airflow/example_dags/example_trigger_target_dag.py
[2024-11-04T20:19:47.970+0000] {processor.py:925} INFO - DAG(s) 'example_trigger_target_dag' retrieved from /home/airflow/.local/lib/python3.12/site-packages/airflow/example_dags/example_trigger_target_dag.py
[2024-11-04T20:19:48.002+0000] {logging_mixin.py:190} INFO - [2024-11-04T20:19:48.002+0000] {dag.py:3239} INFO - Sync 1 DAGs
[2024-11-04T20:19:48.039+0000] {logging_mixin.py:190} INFO - [2024-11-04T20:19:48.039+0000] {dag.py:4180} INFO - Setting next_dagrun for example_trigger_target_dag to None, run_after=None
[2024-11-04T20:19:48.074+0000] {processor.py:208} INFO - Processing /home/airflow/.local/lib/python3.12/site-packages/airflow/example_dags/example_trigger_target_dag.py took 0.132 seconds
[2024-11-04T20:20:18.445+0000] {processor.py:186} INFO - Started process (PID=914) to work on /home/airflow/.local/lib/python3.12/site-packages/airflow/example_dags/example_trigger_target_dag.py
[2024-11-04T20:20:18.446+0000] {processor.py:914} INFO - Processing file /home/airflow/.local/lib/python3.12/site-packages/airflow/example_dags/example_trigger_target_dag.py for tasks to queue
[2024-11-04T20:20:18.449+0000] {logging_mixin.py:190} INFO - [2024-11-04T20:20:18.449+0000] {dagbag.py:588} INFO - Filling up the DagBag from /home/airflow/.local/lib/python3.12/site-packages/airflow/example_dags/example_trigger_target_dag.py
[2024-11-04T20:20:18.460+0000] {processor.py:925} INFO - DAG(s) 'example_trigger_target_dag' retrieved from /home/airflow/.local/lib/python3.12/site-packages/airflow/example_dags/example_trigger_target_dag.py
[2024-11-04T20:20:18.487+0000] {logging_mixin.py:190} INFO - [2024-11-04T20:20:18.487+0000] {dag.py:3239} INFO - Sync 1 DAGs
[2024-11-04T20:20:18.503+0000] {logging_mixin.py:190} INFO - [2024-11-04T20:20:18.503+0000] {dag.py:4180} INFO - Setting next_dagrun for example_trigger_target_dag to None, run_after=None
[2024-11-04T20:20:18.620+0000] {processor.py:208} INFO - Processing /home/airflow/.local/lib/python3.12/site-packages/airflow/example_dags/example_trigger_target_dag.py took 0.184 seconds
[2024-11-04T20:20:49.083+0000] {processor.py:186} INFO - Started process (PID=977) to work on /home/airflow/.local/lib/python3.12/site-packages/airflow/example_dags/example_trigger_target_dag.py
[2024-11-04T20:20:49.085+0000] {processor.py:914} INFO - Processing file /home/airflow/.local/lib/python3.12/site-packages/airflow/example_dags/example_trigger_target_dag.py for tasks to queue
[2024-11-04T20:20:49.088+0000] {logging_mixin.py:190} INFO - [2024-11-04T20:20:49.087+0000] {dagbag.py:588} INFO - Filling up the DagBag from /home/airflow/.local/lib/python3.12/site-packages/airflow/example_dags/example_trigger_target_dag.py
[2024-11-04T20:20:49.096+0000] {processor.py:925} INFO - DAG(s) 'example_trigger_target_dag' retrieved from /home/airflow/.local/lib/python3.12/site-packages/airflow/example_dags/example_trigger_target_dag.py
[2024-11-04T20:20:49.120+0000] {logging_mixin.py:190} INFO - [2024-11-04T20:20:49.119+0000] {dag.py:3239} INFO - Sync 1 DAGs
[2024-11-04T20:20:49.137+0000] {logging_mixin.py:190} INFO - [2024-11-04T20:20:49.136+0000] {dag.py:4180} INFO - Setting next_dagrun for example_trigger_target_dag to None, run_after=None
[2024-11-04T20:20:49.159+0000] {processor.py:208} INFO - Processing /home/airflow/.local/lib/python3.12/site-packages/airflow/example_dags/example_trigger_target_dag.py took 0.082 seconds
[2024-11-04T20:21:19.333+0000] {processor.py:186} INFO - Started process (PID=1040) to work on /home/airflow/.local/lib/python3.12/site-packages/airflow/example_dags/example_trigger_target_dag.py
[2024-11-04T20:21:19.335+0000] {processor.py:914} INFO - Processing file /home/airflow/.local/lib/python3.12/site-packages/airflow/example_dags/example_trigger_target_dag.py for tasks to queue
[2024-11-04T20:21:19.338+0000] {logging_mixin.py:190} INFO - [2024-11-04T20:21:19.337+0000] {dagbag.py:588} INFO - Filling up the DagBag from /home/airflow/.local/lib/python3.12/site-packages/airflow/example_dags/example_trigger_target_dag.py
[2024-11-04T20:21:19.347+0000] {processor.py:925} INFO - DAG(s) 'example_trigger_target_dag' retrieved from /home/airflow/.local/lib/python3.12/site-packages/airflow/example_dags/example_trigger_target_dag.py
[2024-11-04T20:21:19.369+0000] {logging_mixin.py:190} INFO - [2024-11-04T20:21:19.369+0000] {dag.py:3239} INFO - Sync 1 DAGs
[2024-11-04T20:21:19.386+0000] {logging_mixin.py:190} INFO - [2024-11-04T20:21:19.385+0000] {dag.py:4180} INFO - Setting next_dagrun for example_trigger_target_dag to None, run_after=None
[2024-11-04T20:21:19.407+0000] {processor.py:208} INFO - Processing /home/airflow/.local/lib/python3.12/site-packages/airflow/example_dags/example_trigger_target_dag.py took 0.081 seconds
[2024-11-04T20:21:49.937+0000] {processor.py:186} INFO - Started process (PID=1103) to work on /home/airflow/.local/lib/python3.12/site-packages/airflow/example_dags/example_trigger_target_dag.py
[2024-11-04T20:21:49.939+0000] {processor.py:914} INFO - Processing file /home/airflow/.local/lib/python3.12/site-packages/airflow/example_dags/example_trigger_target_dag.py for tasks to queue
[2024-11-04T20:21:49.941+0000] {logging_mixin.py:190} INFO - [2024-11-04T20:21:49.941+0000] {dagbag.py:588} INFO - Filling up the DagBag from /home/airflow/.local/lib/python3.12/site-packages/airflow/example_dags/example_trigger_target_dag.py
[2024-11-04T20:21:49.950+0000] {processor.py:925} INFO - DAG(s) 'example_trigger_target_dag' retrieved from /home/airflow/.local/lib/python3.12/site-packages/airflow/example_dags/example_trigger_target_dag.py
[2024-11-04T20:21:49.971+0000] {logging_mixin.py:190} INFO - [2024-11-04T20:21:49.971+0000] {dag.py:3239} INFO - Sync 1 DAGs
[2024-11-04T20:21:49.987+0000] {logging_mixin.py:190} INFO - [2024-11-04T20:21:49.986+0000] {dag.py:4180} INFO - Setting next_dagrun for example_trigger_target_dag to None, run_after=None
[2024-11-04T20:21:50.009+0000] {processor.py:208} INFO - Processing /home/airflow/.local/lib/python3.12/site-packages/airflow/example_dags/example_trigger_target_dag.py took 0.078 seconds
[2024-11-04T20:22:20.325+0000] {processor.py:186} INFO - Started process (PID=1165) to work on /home/airflow/.local/lib/python3.12/site-packages/airflow/example_dags/example_trigger_target_dag.py
[2024-11-04T20:22:20.327+0000] {processor.py:914} INFO - Processing file /home/airflow/.local/lib/python3.12/site-packages/airflow/example_dags/example_trigger_target_dag.py for tasks to queue
[2024-11-04T20:22:20.331+0000] {logging_mixin.py:190} INFO - [2024-11-04T20:22:20.330+0000] {dagbag.py:588} INFO - Filling up the DagBag from /home/airflow/.local/lib/python3.12/site-packages/airflow/example_dags/example_trigger_target_dag.py
[2024-11-04T20:22:20.344+0000] {processor.py:925} INFO - DAG(s) 'example_trigger_target_dag' retrieved from /home/airflow/.local/lib/python3.12/site-packages/airflow/example_dags/example_trigger_target_dag.py
[2024-11-04T20:22:20.415+0000] {logging_mixin.py:190} INFO - [2024-11-04T20:22:20.414+0000] {dag.py:3239} INFO - Sync 1 DAGs
[2024-11-04T20:22:20.446+0000] {logging_mixin.py:190} INFO - [2024-11-04T20:22:20.446+0000] {dag.py:4180} INFO - Setting next_dagrun for example_trigger_target_dag to None, run_after=None
[2024-11-04T20:22:20.470+0000] {processor.py:208} INFO - Processing /home/airflow/.local/lib/python3.12/site-packages/airflow/example_dags/example_trigger_target_dag.py took 0.155 seconds
[2024-11-04T20:22:50.842+0000] {processor.py:186} INFO - Started process (PID=1228) to work on /home/airflow/.local/lib/python3.12/site-packages/airflow/example_dags/example_trigger_target_dag.py
[2024-11-04T20:22:50.843+0000] {processor.py:914} INFO - Processing file /home/airflow/.local/lib/python3.12/site-packages/airflow/example_dags/example_trigger_target_dag.py for tasks to queue
[2024-11-04T20:22:50.846+0000] {logging_mixin.py:190} INFO - [2024-11-04T20:22:50.846+0000] {dagbag.py:588} INFO - Filling up the DagBag from /home/airflow/.local/lib/python3.12/site-packages/airflow/example_dags/example_trigger_target_dag.py
[2024-11-04T20:22:50.855+0000] {processor.py:925} INFO - DAG(s) 'example_trigger_target_dag' retrieved from /home/airflow/.local/lib/python3.12/site-packages/airflow/example_dags/example_trigger_target_dag.py
[2024-11-04T20:22:50.877+0000] {logging_mixin.py:190} INFO - [2024-11-04T20:22:50.877+0000] {dag.py:3239} INFO - Sync 1 DAGs
[2024-11-04T20:22:50.892+0000] {logging_mixin.py:190} INFO - [2024-11-04T20:22:50.892+0000] {dag.py:4180} INFO - Setting next_dagrun for example_trigger_target_dag to None, run_after=None
[2024-11-04T20:22:50.912+0000] {processor.py:208} INFO - Processing /home/airflow/.local/lib/python3.12/site-packages/airflow/example_dags/example_trigger_target_dag.py took 0.077 seconds
