[2024-11-04T20:13:43.047+0000] {processor.py:186} INFO - Started process (PID=120) to work on /home/airflow/.local/lib/python3.12/site-packages/airflow/example_dags/example_xcomargs.py
[2024-11-04T20:13:43.052+0000] {processor.py:914} INFO - Processing file /home/airflow/.local/lib/python3.12/site-packages/airflow/example_dags/example_xcomargs.py for tasks to queue
[2024-11-04T20:13:43.062+0000] {logging_mixin.py:190} INFO - [2024-11-04T20:13:43.056+0000] {dagbag.py:588} INFO - Filling up the DagBag from /home/airflow/.local/lib/python3.12/site-packages/airflow/example_dags/example_xcomargs.py
[2024-11-04T20:13:43.082+0000] {processor.py:925} INFO - DAG(s) 'example_xcom_args', 'example_xcom_args_with_operators' retrieved from /home/airflow/.local/lib/python3.12/site-packages/airflow/example_dags/example_xcomargs.py
[2024-11-04T20:13:43.303+0000] {logging_mixin.py:190} INFO - [2024-11-04T20:13:43.302+0000] {override.py:1900} INFO - Created Permission View: can edit on DAG:example_xcom_args
[2024-11-04T20:13:43.331+0000] {logging_mixin.py:190} INFO - [2024-11-04T20:13:43.330+0000] {override.py:1900} INFO - Created Permission View: can read on DAG:example_xcom_args
[2024-11-04T20:13:43.344+0000] {logging_mixin.py:190} INFO - [2024-11-04T20:13:43.343+0000] {override.py:1900} INFO - Created Permission View: can delete on DAG:example_xcom_args
[2024-11-04T20:13:43.356+0000] {logging_mixin.py:190} INFO - [2024-11-04T20:13:43.355+0000] {override.py:1900} INFO - Created Permission View: menu access on DAG Run:example_xcom_args
[2024-11-04T20:13:43.374+0000] {logging_mixin.py:190} INFO - [2024-11-04T20:13:43.373+0000] {override.py:1900} INFO - Created Permission View: can read on DAG Run:example_xcom_args
[2024-11-04T20:13:43.398+0000] {logging_mixin.py:190} INFO - [2024-11-04T20:13:43.397+0000] {override.py:1900} INFO - Created Permission View: can create on DAG Run:example_xcom_args
[2024-11-04T20:13:43.410+0000] {logging_mixin.py:190} INFO - [2024-11-04T20:13:43.409+0000] {override.py:1900} INFO - Created Permission View: can delete on DAG Run:example_xcom_args
[2024-11-04T20:13:43.442+0000] {logging_mixin.py:190} INFO - [2024-11-04T20:13:43.441+0000] {override.py:1900} INFO - Created Permission View: can edit on DAG:example_xcom_args_with_operators
[2024-11-04T20:13:43.462+0000] {logging_mixin.py:190} INFO - [2024-11-04T20:13:43.460+0000] {override.py:1900} INFO - Created Permission View: can read on DAG:example_xcom_args_with_operators
[2024-11-04T20:13:43.473+0000] {logging_mixin.py:190} INFO - [2024-11-04T20:13:43.473+0000] {override.py:1900} INFO - Created Permission View: can delete on DAG:example_xcom_args_with_operators
[2024-11-04T20:13:43.489+0000] {logging_mixin.py:190} INFO - [2024-11-04T20:13:43.489+0000] {override.py:1900} INFO - Created Permission View: menu access on DAG Run:example_xcom_args_with_operators
[2024-11-04T20:13:43.500+0000] {logging_mixin.py:190} INFO - [2024-11-04T20:13:43.500+0000] {override.py:1900} INFO - Created Permission View: can read on DAG Run:example_xcom_args_with_operators
[2024-11-04T20:13:43.520+0000] {logging_mixin.py:190} INFO - [2024-11-04T20:13:43.519+0000] {override.py:1900} INFO - Created Permission View: can create on DAG Run:example_xcom_args_with_operators
[2024-11-04T20:13:43.553+0000] {logging_mixin.py:190} INFO - [2024-11-04T20:13:43.553+0000] {override.py:1900} INFO - Created Permission View: can delete on DAG Run:example_xcom_args_with_operators
[2024-11-04T20:13:43.554+0000] {logging_mixin.py:190} INFO - [2024-11-04T20:13:43.554+0000] {dag.py:3239} INFO - Sync 2 DAGs
[2024-11-04T20:13:43.598+0000] {logging_mixin.py:190} INFO - [2024-11-04T20:13:43.598+0000] {dag.py:3262} INFO - Creating ORM DAG for example_xcom_args
[2024-11-04T20:13:43.600+0000] {logging_mixin.py:190} INFO - [2024-11-04T20:13:43.599+0000] {dag.py:3262} INFO - Creating ORM DAG for example_xcom_args_with_operators
[2024-11-04T20:13:43.601+0000] {logging_mixin.py:190} INFO - [2024-11-04T20:13:43.600+0000] {dag.py:4180} INFO - Setting next_dagrun for example_xcom_args to None, run_after=None
[2024-11-04T20:13:43.602+0000] {logging_mixin.py:190} INFO - [2024-11-04T20:13:43.602+0000] {dag.py:4180} INFO - Setting next_dagrun for example_xcom_args_with_operators to None, run_after=None
[2024-11-04T20:13:43.634+0000] {processor.py:208} INFO - Processing /home/airflow/.local/lib/python3.12/site-packages/airflow/example_dags/example_xcomargs.py took 0.599 seconds
[2024-11-04T20:14:15.043+0000] {processor.py:186} INFO - Started process (PID=182) to work on /home/airflow/.local/lib/python3.12/site-packages/airflow/example_dags/example_xcomargs.py
[2024-11-04T20:14:15.045+0000] {processor.py:914} INFO - Processing file /home/airflow/.local/lib/python3.12/site-packages/airflow/example_dags/example_xcomargs.py for tasks to queue
[2024-11-04T20:14:15.050+0000] {logging_mixin.py:190} INFO - [2024-11-04T20:14:15.050+0000] {dagbag.py:588} INFO - Filling up the DagBag from /home/airflow/.local/lib/python3.12/site-packages/airflow/example_dags/example_xcomargs.py
[2024-11-04T20:14:15.076+0000] {processor.py:925} INFO - DAG(s) 'example_xcom_args', 'example_xcom_args_with_operators' retrieved from /home/airflow/.local/lib/python3.12/site-packages/airflow/example_dags/example_xcomargs.py
[2024-11-04T20:14:15.132+0000] {logging_mixin.py:190} INFO - [2024-11-04T20:14:15.131+0000] {dag.py:3239} INFO - Sync 2 DAGs
[2024-11-04T20:14:15.168+0000] {logging_mixin.py:190} INFO - [2024-11-04T20:14:15.168+0000] {dag.py:4180} INFO - Setting next_dagrun for example_xcom_args to None, run_after=None
[2024-11-04T20:14:15.175+0000] {logging_mixin.py:190} INFO - [2024-11-04T20:14:15.175+0000] {dag.py:4180} INFO - Setting next_dagrun for example_xcom_args_with_operators to None, run_after=None
[2024-11-04T20:14:15.215+0000] {processor.py:208} INFO - Processing /home/airflow/.local/lib/python3.12/site-packages/airflow/example_dags/example_xcomargs.py took 0.180 seconds
[2024-11-04T20:14:46.104+0000] {processor.py:186} INFO - Started process (PID=245) to work on /home/airflow/.local/lib/python3.12/site-packages/airflow/example_dags/example_xcomargs.py
[2024-11-04T20:14:46.105+0000] {processor.py:914} INFO - Processing file /home/airflow/.local/lib/python3.12/site-packages/airflow/example_dags/example_xcomargs.py for tasks to queue
[2024-11-04T20:14:46.108+0000] {logging_mixin.py:190} INFO - [2024-11-04T20:14:46.107+0000] {dagbag.py:588} INFO - Filling up the DagBag from /home/airflow/.local/lib/python3.12/site-packages/airflow/example_dags/example_xcomargs.py
[2024-11-04T20:14:46.121+0000] {processor.py:925} INFO - DAG(s) 'example_xcom_args_with_operators', 'example_xcom_args' retrieved from /home/airflow/.local/lib/python3.12/site-packages/airflow/example_dags/example_xcomargs.py
[2024-11-04T20:14:46.148+0000] {logging_mixin.py:190} INFO - [2024-11-04T20:14:46.148+0000] {dag.py:3239} INFO - Sync 2 DAGs
[2024-11-04T20:14:46.169+0000] {logging_mixin.py:190} INFO - [2024-11-04T20:14:46.169+0000] {dag.py:4180} INFO - Setting next_dagrun for example_xcom_args to None, run_after=None
[2024-11-04T20:14:46.174+0000] {logging_mixin.py:190} INFO - [2024-11-04T20:14:46.173+0000] {dag.py:4180} INFO - Setting next_dagrun for example_xcom_args_with_operators to None, run_after=None
[2024-11-04T20:14:46.194+0000] {processor.py:208} INFO - Processing /home/airflow/.local/lib/python3.12/site-packages/airflow/example_dags/example_xcomargs.py took 0.096 seconds
[2024-11-04T20:15:16.333+0000] {processor.py:186} INFO - Started process (PID=307) to work on /home/airflow/.local/lib/python3.12/site-packages/airflow/example_dags/example_xcomargs.py
[2024-11-04T20:15:16.334+0000] {processor.py:914} INFO - Processing file /home/airflow/.local/lib/python3.12/site-packages/airflow/example_dags/example_xcomargs.py for tasks to queue
[2024-11-04T20:15:16.337+0000] {logging_mixin.py:190} INFO - [2024-11-04T20:15:16.336+0000] {dagbag.py:588} INFO - Filling up the DagBag from /home/airflow/.local/lib/python3.12/site-packages/airflow/example_dags/example_xcomargs.py
[2024-11-04T20:15:16.348+0000] {processor.py:925} INFO - DAG(s) 'example_xcom_args_with_operators', 'example_xcom_args' retrieved from /home/airflow/.local/lib/python3.12/site-packages/airflow/example_dags/example_xcomargs.py
[2024-11-04T20:15:16.379+0000] {logging_mixin.py:190} INFO - [2024-11-04T20:15:16.379+0000] {dag.py:3239} INFO - Sync 2 DAGs
[2024-11-04T20:15:16.405+0000] {logging_mixin.py:190} INFO - [2024-11-04T20:15:16.405+0000] {dag.py:4180} INFO - Setting next_dagrun for example_xcom_args to None, run_after=None
[2024-11-04T20:15:16.410+0000] {logging_mixin.py:190} INFO - [2024-11-04T20:15:16.410+0000] {dag.py:4180} INFO - Setting next_dagrun for example_xcom_args_with_operators to None, run_after=None
[2024-11-04T20:15:16.434+0000] {processor.py:208} INFO - Processing /home/airflow/.local/lib/python3.12/site-packages/airflow/example_dags/example_xcomargs.py took 0.108 seconds
[2024-11-04T20:15:46.830+0000] {processor.py:186} INFO - Started process (PID=369) to work on /home/airflow/.local/lib/python3.12/site-packages/airflow/example_dags/example_xcomargs.py
[2024-11-04T20:15:46.831+0000] {processor.py:914} INFO - Processing file /home/airflow/.local/lib/python3.12/site-packages/airflow/example_dags/example_xcomargs.py for tasks to queue
[2024-11-04T20:15:46.835+0000] {logging_mixin.py:190} INFO - [2024-11-04T20:15:46.834+0000] {dagbag.py:588} INFO - Filling up the DagBag from /home/airflow/.local/lib/python3.12/site-packages/airflow/example_dags/example_xcomargs.py
[2024-11-04T20:15:46.852+0000] {processor.py:925} INFO - DAG(s) 'example_xcom_args_with_operators', 'example_xcom_args' retrieved from /home/airflow/.local/lib/python3.12/site-packages/airflow/example_dags/example_xcomargs.py
[2024-11-04T20:15:46.888+0000] {logging_mixin.py:190} INFO - [2024-11-04T20:15:46.887+0000] {dag.py:3239} INFO - Sync 2 DAGs
[2024-11-04T20:15:46.908+0000] {logging_mixin.py:190} INFO - [2024-11-04T20:15:46.908+0000] {dag.py:4180} INFO - Setting next_dagrun for example_xcom_args to None, run_after=None
[2024-11-04T20:15:46.919+0000] {logging_mixin.py:190} INFO - [2024-11-04T20:15:46.918+0000] {dag.py:4180} INFO - Setting next_dagrun for example_xcom_args_with_operators to None, run_after=None
[2024-11-04T20:15:46.944+0000] {processor.py:208} INFO - Processing /home/airflow/.local/lib/python3.12/site-packages/airflow/example_dags/example_xcomargs.py took 0.127 seconds
[2024-11-04T20:16:17.850+0000] {processor.py:186} INFO - Started process (PID=432) to work on /home/airflow/.local/lib/python3.12/site-packages/airflow/example_dags/example_xcomargs.py
[2024-11-04T20:16:17.851+0000] {processor.py:914} INFO - Processing file /home/airflow/.local/lib/python3.12/site-packages/airflow/example_dags/example_xcomargs.py for tasks to queue
[2024-11-04T20:16:17.854+0000] {logging_mixin.py:190} INFO - [2024-11-04T20:16:17.853+0000] {dagbag.py:588} INFO - Filling up the DagBag from /home/airflow/.local/lib/python3.12/site-packages/airflow/example_dags/example_xcomargs.py
[2024-11-04T20:16:17.868+0000] {processor.py:925} INFO - DAG(s) 'example_xcom_args_with_operators', 'example_xcom_args' retrieved from /home/airflow/.local/lib/python3.12/site-packages/airflow/example_dags/example_xcomargs.py
[2024-11-04T20:16:17.900+0000] {logging_mixin.py:190} INFO - [2024-11-04T20:16:17.900+0000] {dag.py:3239} INFO - Sync 2 DAGs
[2024-11-04T20:16:17.921+0000] {logging_mixin.py:190} INFO - [2024-11-04T20:16:17.921+0000] {dag.py:4180} INFO - Setting next_dagrun for example_xcom_args to None, run_after=None
[2024-11-04T20:16:17.926+0000] {logging_mixin.py:190} INFO - [2024-11-04T20:16:17.925+0000] {dag.py:4180} INFO - Setting next_dagrun for example_xcom_args_with_operators to None, run_after=None
[2024-11-04T20:16:17.946+0000] {processor.py:208} INFO - Processing /home/airflow/.local/lib/python3.12/site-packages/airflow/example_dags/example_xcomargs.py took 0.103 seconds
[2024-11-04T20:16:48.639+0000] {processor.py:186} INFO - Started process (PID=494) to work on /home/airflow/.local/lib/python3.12/site-packages/airflow/example_dags/example_xcomargs.py
[2024-11-04T20:16:48.644+0000] {processor.py:914} INFO - Processing file /home/airflow/.local/lib/python3.12/site-packages/airflow/example_dags/example_xcomargs.py for tasks to queue
[2024-11-04T20:16:48.654+0000] {logging_mixin.py:190} INFO - [2024-11-04T20:16:48.653+0000] {dagbag.py:588} INFO - Filling up the DagBag from /home/airflow/.local/lib/python3.12/site-packages/airflow/example_dags/example_xcomargs.py
[2024-11-04T20:16:48.671+0000] {processor.py:925} INFO - DAG(s) 'example_xcom_args_with_operators', 'example_xcom_args' retrieved from /home/airflow/.local/lib/python3.12/site-packages/airflow/example_dags/example_xcomargs.py
[2024-11-04T20:16:48.743+0000] {logging_mixin.py:190} INFO - [2024-11-04T20:16:48.743+0000] {dag.py:3239} INFO - Sync 2 DAGs
[2024-11-04T20:16:48.795+0000] {logging_mixin.py:190} INFO - [2024-11-04T20:16:48.794+0000] {dag.py:4180} INFO - Setting next_dagrun for example_xcom_args to None, run_after=None
[2024-11-04T20:16:48.809+0000] {logging_mixin.py:190} INFO - [2024-11-04T20:16:48.807+0000] {dag.py:4180} INFO - Setting next_dagrun for example_xcom_args_with_operators to None, run_after=None
[2024-11-04T20:16:48.867+0000] {processor.py:208} INFO - Processing /home/airflow/.local/lib/python3.12/site-packages/airflow/example_dags/example_xcomargs.py took 0.244 seconds
[2024-11-04T20:17:23.653+0000] {processor.py:186} INFO - Started process (PID=561) to work on /home/airflow/.local/lib/python3.12/site-packages/airflow/example_dags/example_xcomargs.py
[2024-11-04T20:17:23.656+0000] {processor.py:914} INFO - Processing file /home/airflow/.local/lib/python3.12/site-packages/airflow/example_dags/example_xcomargs.py for tasks to queue
[2024-11-04T20:17:23.717+0000] {logging_mixin.py:190} INFO - [2024-11-04T20:17:23.716+0000] {dagbag.py:588} INFO - Filling up the DagBag from /home/airflow/.local/lib/python3.12/site-packages/airflow/example_dags/example_xcomargs.py
[2024-11-04T20:17:23.842+0000] {processor.py:925} INFO - DAG(s) 'example_xcom_args', 'example_xcom_args_with_operators' retrieved from /home/airflow/.local/lib/python3.12/site-packages/airflow/example_dags/example_xcomargs.py
[2024-11-04T20:17:24.248+0000] {logging_mixin.py:190} INFO - [2024-11-04T20:17:24.247+0000] {dag.py:3239} INFO - Sync 2 DAGs
[2024-11-04T20:17:24.395+0000] {logging_mixin.py:190} INFO - [2024-11-04T20:17:24.394+0000] {dag.py:4180} INFO - Setting next_dagrun for example_xcom_args to None, run_after=None
[2024-11-04T20:17:24.480+0000] {logging_mixin.py:190} INFO - [2024-11-04T20:17:24.480+0000] {dag.py:4180} INFO - Setting next_dagrun for example_xcom_args_with_operators to None, run_after=None
[2024-11-04T20:17:24.859+0000] {processor.py:208} INFO - Processing /home/airflow/.local/lib/python3.12/site-packages/airflow/example_dags/example_xcomargs.py took 1.273 seconds
[2024-11-04T20:17:55.214+0000] {processor.py:186} INFO - Started process (PID=617) to work on /home/airflow/.local/lib/python3.12/site-packages/airflow/example_dags/example_xcomargs.py
[2024-11-04T20:17:55.216+0000] {processor.py:914} INFO - Processing file /home/airflow/.local/lib/python3.12/site-packages/airflow/example_dags/example_xcomargs.py for tasks to queue
[2024-11-04T20:17:55.218+0000] {logging_mixin.py:190} INFO - [2024-11-04T20:17:55.218+0000] {dagbag.py:588} INFO - Filling up the DagBag from /home/airflow/.local/lib/python3.12/site-packages/airflow/example_dags/example_xcomargs.py
[2024-11-04T20:17:55.237+0000] {processor.py:925} INFO - DAG(s) 'example_xcom_args', 'example_xcom_args_with_operators' retrieved from /home/airflow/.local/lib/python3.12/site-packages/airflow/example_dags/example_xcomargs.py
[2024-11-04T20:17:55.264+0000] {logging_mixin.py:190} INFO - [2024-11-04T20:17:55.264+0000] {dag.py:3239} INFO - Sync 2 DAGs
[2024-11-04T20:17:55.282+0000] {logging_mixin.py:190} INFO - [2024-11-04T20:17:55.282+0000] {dag.py:4180} INFO - Setting next_dagrun for example_xcom_args to None, run_after=None
[2024-11-04T20:17:55.287+0000] {logging_mixin.py:190} INFO - [2024-11-04T20:17:55.287+0000] {dag.py:4180} INFO - Setting next_dagrun for example_xcom_args_with_operators to None, run_after=None
[2024-11-04T20:17:55.307+0000] {processor.py:208} INFO - Processing /home/airflow/.local/lib/python3.12/site-packages/airflow/example_dags/example_xcomargs.py took 0.100 seconds
[2024-11-04T20:18:25.604+0000] {processor.py:186} INFO - Started process (PID=680) to work on /home/airflow/.local/lib/python3.12/site-packages/airflow/example_dags/example_xcomargs.py
[2024-11-04T20:18:25.606+0000] {processor.py:914} INFO - Processing file /home/airflow/.local/lib/python3.12/site-packages/airflow/example_dags/example_xcomargs.py for tasks to queue
[2024-11-04T20:18:25.609+0000] {logging_mixin.py:190} INFO - [2024-11-04T20:18:25.609+0000] {dagbag.py:588} INFO - Filling up the DagBag from /home/airflow/.local/lib/python3.12/site-packages/airflow/example_dags/example_xcomargs.py
[2024-11-04T20:18:25.622+0000] {processor.py:925} INFO - DAG(s) 'example_xcom_args', 'example_xcom_args_with_operators' retrieved from /home/airflow/.local/lib/python3.12/site-packages/airflow/example_dags/example_xcomargs.py
[2024-11-04T20:18:25.648+0000] {logging_mixin.py:190} INFO - [2024-11-04T20:18:25.648+0000] {dag.py:3239} INFO - Sync 2 DAGs
[2024-11-04T20:18:25.665+0000] {logging_mixin.py:190} INFO - [2024-11-04T20:18:25.665+0000] {dag.py:4180} INFO - Setting next_dagrun for example_xcom_args to None, run_after=None
[2024-11-04T20:18:25.669+0000] {logging_mixin.py:190} INFO - [2024-11-04T20:18:25.669+0000] {dag.py:4180} INFO - Setting next_dagrun for example_xcom_args_with_operators to None, run_after=None
[2024-11-04T20:18:25.687+0000] {processor.py:208} INFO - Processing /home/airflow/.local/lib/python3.12/site-packages/airflow/example_dags/example_xcomargs.py took 0.090 seconds
[2024-11-04T20:18:56.432+0000] {processor.py:186} INFO - Started process (PID=743) to work on /home/airflow/.local/lib/python3.12/site-packages/airflow/example_dags/example_xcomargs.py
[2024-11-04T20:18:56.434+0000] {processor.py:914} INFO - Processing file /home/airflow/.local/lib/python3.12/site-packages/airflow/example_dags/example_xcomargs.py for tasks to queue
[2024-11-04T20:18:56.437+0000] {logging_mixin.py:190} INFO - [2024-11-04T20:18:56.437+0000] {dagbag.py:588} INFO - Filling up the DagBag from /home/airflow/.local/lib/python3.12/site-packages/airflow/example_dags/example_xcomargs.py
[2024-11-04T20:18:56.461+0000] {processor.py:925} INFO - DAG(s) 'example_xcom_args_with_operators', 'example_xcom_args' retrieved from /home/airflow/.local/lib/python3.12/site-packages/airflow/example_dags/example_xcomargs.py
[2024-11-04T20:18:56.523+0000] {logging_mixin.py:190} INFO - [2024-11-04T20:18:56.523+0000] {dag.py:3239} INFO - Sync 2 DAGs
[2024-11-04T20:18:56.548+0000] {logging_mixin.py:190} INFO - [2024-11-04T20:18:56.548+0000] {dag.py:4180} INFO - Setting next_dagrun for example_xcom_args to None, run_after=None
[2024-11-04T20:18:56.553+0000] {logging_mixin.py:190} INFO - [2024-11-04T20:18:56.553+0000] {dag.py:4180} INFO - Setting next_dagrun for example_xcom_args_with_operators to None, run_after=None
[2024-11-04T20:18:56.572+0000] {processor.py:208} INFO - Processing /home/airflow/.local/lib/python3.12/site-packages/airflow/example_dags/example_xcomargs.py took 0.155 seconds
[2024-11-04T20:19:27.107+0000] {processor.py:186} INFO - Started process (PID=812) to work on /home/airflow/.local/lib/python3.12/site-packages/airflow/example_dags/example_xcomargs.py
[2024-11-04T20:19:27.110+0000] {processor.py:914} INFO - Processing file /home/airflow/.local/lib/python3.12/site-packages/airflow/example_dags/example_xcomargs.py for tasks to queue
[2024-11-04T20:19:27.113+0000] {logging_mixin.py:190} INFO - [2024-11-04T20:19:27.112+0000] {dagbag.py:588} INFO - Filling up the DagBag from /home/airflow/.local/lib/python3.12/site-packages/airflow/example_dags/example_xcomargs.py
[2024-11-04T20:19:27.126+0000] {processor.py:925} INFO - DAG(s) 'example_xcom_args', 'example_xcom_args_with_operators' retrieved from /home/airflow/.local/lib/python3.12/site-packages/airflow/example_dags/example_xcomargs.py
[2024-11-04T20:19:27.155+0000] {logging_mixin.py:190} INFO - [2024-11-04T20:19:27.154+0000] {dag.py:3239} INFO - Sync 2 DAGs
[2024-11-04T20:19:27.177+0000] {logging_mixin.py:190} INFO - [2024-11-04T20:19:27.176+0000] {dag.py:4180} INFO - Setting next_dagrun for example_xcom_args to None, run_after=None
[2024-11-04T20:19:27.182+0000] {logging_mixin.py:190} INFO - [2024-11-04T20:19:27.182+0000] {dag.py:4180} INFO - Setting next_dagrun for example_xcom_args_with_operators to None, run_after=None
[2024-11-04T20:19:27.204+0000] {processor.py:208} INFO - Processing /home/airflow/.local/lib/python3.12/site-packages/airflow/example_dags/example_xcomargs.py took 0.104 seconds
[2024-11-04T20:19:57.511+0000] {processor.py:186} INFO - Started process (PID=875) to work on /home/airflow/.local/lib/python3.12/site-packages/airflow/example_dags/example_xcomargs.py
[2024-11-04T20:19:57.513+0000] {processor.py:914} INFO - Processing file /home/airflow/.local/lib/python3.12/site-packages/airflow/example_dags/example_xcomargs.py for tasks to queue
[2024-11-04T20:19:57.516+0000] {logging_mixin.py:190} INFO - [2024-11-04T20:19:57.516+0000] {dagbag.py:588} INFO - Filling up the DagBag from /home/airflow/.local/lib/python3.12/site-packages/airflow/example_dags/example_xcomargs.py
[2024-11-04T20:19:57.530+0000] {processor.py:925} INFO - DAG(s) 'example_xcom_args', 'example_xcom_args_with_operators' retrieved from /home/airflow/.local/lib/python3.12/site-packages/airflow/example_dags/example_xcomargs.py
[2024-11-04T20:19:57.562+0000] {logging_mixin.py:190} INFO - [2024-11-04T20:19:57.562+0000] {dag.py:3239} INFO - Sync 2 DAGs
[2024-11-04T20:19:57.584+0000] {logging_mixin.py:190} INFO - [2024-11-04T20:19:57.584+0000] {dag.py:4180} INFO - Setting next_dagrun for example_xcom_args to None, run_after=None
[2024-11-04T20:19:57.589+0000] {logging_mixin.py:190} INFO - [2024-11-04T20:19:57.589+0000] {dag.py:4180} INFO - Setting next_dagrun for example_xcom_args_with_operators to None, run_after=None
[2024-11-04T20:19:57.616+0000] {processor.py:208} INFO - Processing /home/airflow/.local/lib/python3.12/site-packages/airflow/example_dags/example_xcomargs.py took 0.112 seconds
[2024-11-04T20:20:30.057+0000] {processor.py:186} INFO - Started process (PID=938) to work on /home/airflow/.local/lib/python3.12/site-packages/airflow/example_dags/example_xcomargs.py
[2024-11-04T20:20:30.059+0000] {processor.py:914} INFO - Processing file /home/airflow/.local/lib/python3.12/site-packages/airflow/example_dags/example_xcomargs.py for tasks to queue
[2024-11-04T20:20:30.063+0000] {logging_mixin.py:190} INFO - [2024-11-04T20:20:30.062+0000] {dagbag.py:588} INFO - Filling up the DagBag from /home/airflow/.local/lib/python3.12/site-packages/airflow/example_dags/example_xcomargs.py
[2024-11-04T20:20:30.080+0000] {processor.py:925} INFO - DAG(s) 'example_xcom_args', 'example_xcom_args_with_operators' retrieved from /home/airflow/.local/lib/python3.12/site-packages/airflow/example_dags/example_xcomargs.py
[2024-11-04T20:20:30.112+0000] {logging_mixin.py:190} INFO - [2024-11-04T20:20:30.111+0000] {dag.py:3239} INFO - Sync 2 DAGs
[2024-11-04T20:20:30.133+0000] {logging_mixin.py:190} INFO - [2024-11-04T20:20:30.133+0000] {dag.py:4180} INFO - Setting next_dagrun for example_xcom_args to None, run_after=None
[2024-11-04T20:20:30.140+0000] {logging_mixin.py:190} INFO - [2024-11-04T20:20:30.140+0000] {dag.py:4180} INFO - Setting next_dagrun for example_xcom_args_with_operators to None, run_after=None
[2024-11-04T20:20:30.166+0000] {processor.py:208} INFO - Processing /home/airflow/.local/lib/python3.12/site-packages/airflow/example_dags/example_xcomargs.py took 0.116 seconds
[2024-11-04T20:21:00.682+0000] {processor.py:186} INFO - Started process (PID=1002) to work on /home/airflow/.local/lib/python3.12/site-packages/airflow/example_dags/example_xcomargs.py
[2024-11-04T20:21:00.683+0000] {processor.py:914} INFO - Processing file /home/airflow/.local/lib/python3.12/site-packages/airflow/example_dags/example_xcomargs.py for tasks to queue
[2024-11-04T20:21:00.686+0000] {logging_mixin.py:190} INFO - [2024-11-04T20:21:00.686+0000] {dagbag.py:588} INFO - Filling up the DagBag from /home/airflow/.local/lib/python3.12/site-packages/airflow/example_dags/example_xcomargs.py
[2024-11-04T20:21:00.698+0000] {processor.py:925} INFO - DAG(s) 'example_xcom_args', 'example_xcom_args_with_operators' retrieved from /home/airflow/.local/lib/python3.12/site-packages/airflow/example_dags/example_xcomargs.py
[2024-11-04T20:21:00.722+0000] {logging_mixin.py:190} INFO - [2024-11-04T20:21:00.722+0000] {dag.py:3239} INFO - Sync 2 DAGs
[2024-11-04T20:21:00.739+0000] {logging_mixin.py:190} INFO - [2024-11-04T20:21:00.739+0000] {dag.py:4180} INFO - Setting next_dagrun for example_xcom_args to None, run_after=None
[2024-11-04T20:21:00.744+0000] {logging_mixin.py:190} INFO - [2024-11-04T20:21:00.743+0000] {dag.py:4180} INFO - Setting next_dagrun for example_xcom_args_with_operators to None, run_after=None
[2024-11-04T20:21:00.762+0000] {processor.py:208} INFO - Processing /home/airflow/.local/lib/python3.12/site-packages/airflow/example_dags/example_xcomargs.py took 0.086 seconds
[2024-11-04T20:21:31.116+0000] {processor.py:186} INFO - Started process (PID=1066) to work on /home/airflow/.local/lib/python3.12/site-packages/airflow/example_dags/example_xcomargs.py
[2024-11-04T20:21:31.117+0000] {processor.py:914} INFO - Processing file /home/airflow/.local/lib/python3.12/site-packages/airflow/example_dags/example_xcomargs.py for tasks to queue
[2024-11-04T20:21:31.120+0000] {logging_mixin.py:190} INFO - [2024-11-04T20:21:31.120+0000] {dagbag.py:588} INFO - Filling up the DagBag from /home/airflow/.local/lib/python3.12/site-packages/airflow/example_dags/example_xcomargs.py
[2024-11-04T20:21:31.133+0000] {processor.py:925} INFO - DAG(s) 'example_xcom_args_with_operators', 'example_xcom_args' retrieved from /home/airflow/.local/lib/python3.12/site-packages/airflow/example_dags/example_xcomargs.py
[2024-11-04T20:21:31.166+0000] {logging_mixin.py:190} INFO - [2024-11-04T20:21:31.165+0000] {dag.py:3239} INFO - Sync 2 DAGs
[2024-11-04T20:21:31.187+0000] {logging_mixin.py:190} INFO - [2024-11-04T20:21:31.186+0000] {dag.py:4180} INFO - Setting next_dagrun for example_xcom_args to None, run_after=None
[2024-11-04T20:21:31.192+0000] {logging_mixin.py:190} INFO - [2024-11-04T20:21:31.192+0000] {dag.py:4180} INFO - Setting next_dagrun for example_xcom_args_with_operators to None, run_after=None
[2024-11-04T20:21:31.210+0000] {processor.py:208} INFO - Processing /home/airflow/.local/lib/python3.12/site-packages/airflow/example_dags/example_xcomargs.py took 0.100 seconds
[2024-11-04T20:22:01.371+0000] {processor.py:186} INFO - Started process (PID=1127) to work on /home/airflow/.local/lib/python3.12/site-packages/airflow/example_dags/example_xcomargs.py
[2024-11-04T20:22:01.372+0000] {processor.py:914} INFO - Processing file /home/airflow/.local/lib/python3.12/site-packages/airflow/example_dags/example_xcomargs.py for tasks to queue
[2024-11-04T20:22:01.375+0000] {logging_mixin.py:190} INFO - [2024-11-04T20:22:01.374+0000] {dagbag.py:588} INFO - Filling up the DagBag from /home/airflow/.local/lib/python3.12/site-packages/airflow/example_dags/example_xcomargs.py
[2024-11-04T20:22:01.385+0000] {processor.py:925} INFO - DAG(s) 'example_xcom_args', 'example_xcom_args_with_operators' retrieved from /home/airflow/.local/lib/python3.12/site-packages/airflow/example_dags/example_xcomargs.py
[2024-11-04T20:22:01.410+0000] {logging_mixin.py:190} INFO - [2024-11-04T20:22:01.409+0000] {dag.py:3239} INFO - Sync 2 DAGs
[2024-11-04T20:22:01.425+0000] {logging_mixin.py:190} INFO - [2024-11-04T20:22:01.425+0000] {dag.py:4180} INFO - Setting next_dagrun for example_xcom_args to None, run_after=None
[2024-11-04T20:22:01.430+0000] {logging_mixin.py:190} INFO - [2024-11-04T20:22:01.429+0000] {dag.py:4180} INFO - Setting next_dagrun for example_xcom_args_with_operators to None, run_after=None
[2024-11-04T20:22:01.450+0000] {processor.py:208} INFO - Processing /home/airflow/.local/lib/python3.12/site-packages/airflow/example_dags/example_xcomargs.py took 0.086 seconds
[2024-11-04T20:22:31.742+0000] {processor.py:186} INFO - Started process (PID=1190) to work on /home/airflow/.local/lib/python3.12/site-packages/airflow/example_dags/example_xcomargs.py
[2024-11-04T20:22:31.743+0000] {processor.py:914} INFO - Processing file /home/airflow/.local/lib/python3.12/site-packages/airflow/example_dags/example_xcomargs.py for tasks to queue
[2024-11-04T20:22:31.747+0000] {logging_mixin.py:190} INFO - [2024-11-04T20:22:31.746+0000] {dagbag.py:588} INFO - Filling up the DagBag from /home/airflow/.local/lib/python3.12/site-packages/airflow/example_dags/example_xcomargs.py
[2024-11-04T20:22:31.758+0000] {processor.py:925} INFO - DAG(s) 'example_xcom_args_with_operators', 'example_xcom_args' retrieved from /home/airflow/.local/lib/python3.12/site-packages/airflow/example_dags/example_xcomargs.py
[2024-11-04T20:22:31.784+0000] {logging_mixin.py:190} INFO - [2024-11-04T20:22:31.784+0000] {dag.py:3239} INFO - Sync 2 DAGs
[2024-11-04T20:22:31.800+0000] {logging_mixin.py:190} INFO - [2024-11-04T20:22:31.800+0000] {dag.py:4180} INFO - Setting next_dagrun for example_xcom_args to None, run_after=None
[2024-11-04T20:22:31.804+0000] {logging_mixin.py:190} INFO - [2024-11-04T20:22:31.804+0000] {dag.py:4180} INFO - Setting next_dagrun for example_xcom_args_with_operators to None, run_after=None
[2024-11-04T20:22:31.822+0000] {processor.py:208} INFO - Processing /home/airflow/.local/lib/python3.12/site-packages/airflow/example_dags/example_xcomargs.py took 0.086 seconds
[2024-11-04T20:23:02.193+0000] {processor.py:186} INFO - Started process (PID=1253) to work on /home/airflow/.local/lib/python3.12/site-packages/airflow/example_dags/example_xcomargs.py
[2024-11-04T20:23:02.194+0000] {processor.py:914} INFO - Processing file /home/airflow/.local/lib/python3.12/site-packages/airflow/example_dags/example_xcomargs.py for tasks to queue
[2024-11-04T20:23:02.197+0000] {logging_mixin.py:190} INFO - [2024-11-04T20:23:02.196+0000] {dagbag.py:588} INFO - Filling up the DagBag from /home/airflow/.local/lib/python3.12/site-packages/airflow/example_dags/example_xcomargs.py
[2024-11-04T20:23:02.209+0000] {processor.py:925} INFO - DAG(s) 'example_xcom_args_with_operators', 'example_xcom_args' retrieved from /home/airflow/.local/lib/python3.12/site-packages/airflow/example_dags/example_xcomargs.py
[2024-11-04T20:23:02.236+0000] {logging_mixin.py:190} INFO - [2024-11-04T20:23:02.236+0000] {dag.py:3239} INFO - Sync 2 DAGs
[2024-11-04T20:23:02.253+0000] {logging_mixin.py:190} INFO - [2024-11-04T20:23:02.253+0000] {dag.py:4180} INFO - Setting next_dagrun for example_xcom_args to None, run_after=None
[2024-11-04T20:23:02.258+0000] {logging_mixin.py:190} INFO - [2024-11-04T20:23:02.257+0000] {dag.py:4180} INFO - Setting next_dagrun for example_xcom_args_with_operators to None, run_after=None
[2024-11-04T20:23:02.277+0000] {processor.py:208} INFO - Processing /home/airflow/.local/lib/python3.12/site-packages/airflow/example_dags/example_xcomargs.py took 0.091 seconds
