[2024-11-04T20:13:28.801+0000] {processor.py:186} INFO - Started process (PID=92) to work on /home/airflow/.local/lib/python3.12/site-packages/airflow/example_dags/example_datasets.py
[2024-11-04T20:13:28.804+0000] {processor.py:914} INFO - Processing file /home/airflow/.local/lib/python3.12/site-packages/airflow/example_dags/example_datasets.py for tasks to queue
[2024-11-04T20:13:28.811+0000] {logging_mixin.py:190} INFO - [2024-11-04T20:13:28.810+0000] {dagbag.py:588} INFO - Filling up the DagBag from /home/airflow/.local/lib/python3.12/site-packages/airflow/example_dags/example_datasets.py
[2024-11-04T20:13:30.002+0000] {processor.py:925} INFO - DAG(s) 'dataset_produces_2', 'conditional_dataset_and_time_based_timetable', 'dataset_consumes_1', 'consume_1_and_2_with_dataset_expressions', 'dataset_produces_1', 'consume_1_or_both_2_and_3_with_dataset_expressions', 'dataset_consumes_unknown_never_scheduled', 'dataset_consumes_1_never_scheduled', 'dataset_consumes_1_and_2', 'consume_1_or_2_with_dataset_expressions' retrieved from /home/airflow/.local/lib/python3.12/site-packages/airflow/example_dags/example_datasets.py
[2024-11-04T20:13:30.528+0000] {logging_mixin.py:190} INFO - [2024-11-04T20:13:30.526+0000] {override.py:1900} INFO - Created Permission View: can edit on DAG:dataset_produces_2
[2024-11-04T20:13:30.564+0000] {logging_mixin.py:190} INFO - [2024-11-04T20:13:30.563+0000] {override.py:1900} INFO - Created Permission View: can read on DAG:dataset_produces_2
[2024-11-04T20:13:30.581+0000] {logging_mixin.py:190} INFO - [2024-11-04T20:13:30.581+0000] {override.py:1900} INFO - Created Permission View: can delete on DAG:dataset_produces_2
[2024-11-04T20:13:30.604+0000] {logging_mixin.py:190} INFO - [2024-11-04T20:13:30.603+0000] {override.py:1900} INFO - Created Permission View: menu access on DAG Run:dataset_produces_2
[2024-11-04T20:13:30.620+0000] {logging_mixin.py:190} INFO - [2024-11-04T20:13:30.619+0000] {override.py:1900} INFO - Created Permission View: can read on DAG Run:dataset_produces_2
[2024-11-04T20:13:30.632+0000] {logging_mixin.py:190} INFO - [2024-11-04T20:13:30.632+0000] {override.py:1900} INFO - Created Permission View: can create on DAG Run:dataset_produces_2
[2024-11-04T20:13:30.646+0000] {logging_mixin.py:190} INFO - [2024-11-04T20:13:30.645+0000] {override.py:1900} INFO - Created Permission View: can delete on DAG Run:dataset_produces_2
[2024-11-04T20:13:30.686+0000] {logging_mixin.py:190} INFO - [2024-11-04T20:13:30.685+0000] {override.py:1900} INFO - Created Permission View: can edit on DAG:conditional_dataset_and_time_based_timetable
[2024-11-04T20:13:30.713+0000] {logging_mixin.py:190} INFO - [2024-11-04T20:13:30.712+0000] {override.py:1900} INFO - Created Permission View: can read on DAG:conditional_dataset_and_time_based_timetable
[2024-11-04T20:13:30.737+0000] {logging_mixin.py:190} INFO - [2024-11-04T20:13:30.736+0000] {override.py:1900} INFO - Created Permission View: can delete on DAG:conditional_dataset_and_time_based_timetable
[2024-11-04T20:13:30.754+0000] {logging_mixin.py:190} INFO - [2024-11-04T20:13:30.754+0000] {override.py:1900} INFO - Created Permission View: menu access on DAG Run:conditional_dataset_and_time_based_timetable
[2024-11-04T20:13:30.782+0000] {logging_mixin.py:190} INFO - [2024-11-04T20:13:30.780+0000] {override.py:1900} INFO - Created Permission View: can read on DAG Run:conditional_dataset_and_time_based_timetable
[2024-11-04T20:13:30.819+0000] {logging_mixin.py:190} INFO - [2024-11-04T20:13:30.819+0000] {override.py:1900} INFO - Created Permission View: can create on DAG Run:conditional_dataset_and_time_based_timetable
[2024-11-04T20:13:30.834+0000] {logging_mixin.py:190} INFO - [2024-11-04T20:13:30.833+0000] {override.py:1900} INFO - Created Permission View: can delete on DAG Run:conditional_dataset_and_time_based_timetable
[2024-11-04T20:13:30.873+0000] {logging_mixin.py:190} INFO - [2024-11-04T20:13:30.872+0000] {override.py:1900} INFO - Created Permission View: can edit on DAG:dataset_consumes_1
[2024-11-04T20:13:30.893+0000] {logging_mixin.py:190} INFO - [2024-11-04T20:13:30.892+0000] {override.py:1900} INFO - Created Permission View: can read on DAG:dataset_consumes_1
[2024-11-04T20:13:30.922+0000] {logging_mixin.py:190} INFO - [2024-11-04T20:13:30.920+0000] {override.py:1900} INFO - Created Permission View: can delete on DAG:dataset_consumes_1
[2024-11-04T20:13:30.943+0000] {logging_mixin.py:190} INFO - [2024-11-04T20:13:30.942+0000] {override.py:1900} INFO - Created Permission View: menu access on DAG Run:dataset_consumes_1
[2024-11-04T20:13:30.959+0000] {logging_mixin.py:190} INFO - [2024-11-04T20:13:30.959+0000] {override.py:1900} INFO - Created Permission View: can read on DAG Run:dataset_consumes_1
[2024-11-04T20:13:30.983+0000] {logging_mixin.py:190} INFO - [2024-11-04T20:13:30.980+0000] {override.py:1900} INFO - Created Permission View: can create on DAG Run:dataset_consumes_1
[2024-11-04T20:13:31.006+0000] {logging_mixin.py:190} INFO - [2024-11-04T20:13:31.005+0000] {override.py:1900} INFO - Created Permission View: can delete on DAG Run:dataset_consumes_1
[2024-11-04T20:13:31.028+0000] {logging_mixin.py:190} INFO - [2024-11-04T20:13:31.027+0000] {override.py:1900} INFO - Created Permission View: can edit on DAG:consume_1_and_2_with_dataset_expressions
[2024-11-04T20:13:31.036+0000] {logging_mixin.py:190} INFO - [2024-11-04T20:13:31.035+0000] {override.py:1900} INFO - Created Permission View: can read on DAG:consume_1_and_2_with_dataset_expressions
[2024-11-04T20:13:31.048+0000] {logging_mixin.py:190} INFO - [2024-11-04T20:13:31.048+0000] {override.py:1900} INFO - Created Permission View: can delete on DAG:consume_1_and_2_with_dataset_expressions
[2024-11-04T20:13:31.057+0000] {logging_mixin.py:190} INFO - [2024-11-04T20:13:31.056+0000] {override.py:1900} INFO - Created Permission View: menu access on DAG Run:consume_1_and_2_with_dataset_expressions
[2024-11-04T20:13:31.064+0000] {logging_mixin.py:190} INFO - [2024-11-04T20:13:31.064+0000] {override.py:1900} INFO - Created Permission View: can read on DAG Run:consume_1_and_2_with_dataset_expressions
[2024-11-04T20:13:31.076+0000] {logging_mixin.py:190} INFO - [2024-11-04T20:13:31.075+0000] {override.py:1900} INFO - Created Permission View: can create on DAG Run:consume_1_and_2_with_dataset_expressions
[2024-11-04T20:13:31.085+0000] {logging_mixin.py:190} INFO - [2024-11-04T20:13:31.084+0000] {override.py:1900} INFO - Created Permission View: can delete on DAG Run:consume_1_and_2_with_dataset_expressions
[2024-11-04T20:13:31.098+0000] {logging_mixin.py:190} INFO - [2024-11-04T20:13:31.098+0000] {override.py:1900} INFO - Created Permission View: can edit on DAG:dataset_produces_1
[2024-11-04T20:13:31.108+0000] {logging_mixin.py:190} INFO - [2024-11-04T20:13:31.107+0000] {override.py:1900} INFO - Created Permission View: can read on DAG:dataset_produces_1
[2024-11-04T20:13:31.117+0000] {logging_mixin.py:190} INFO - [2024-11-04T20:13:31.116+0000] {override.py:1900} INFO - Created Permission View: can delete on DAG:dataset_produces_1
[2024-11-04T20:13:31.131+0000] {logging_mixin.py:190} INFO - [2024-11-04T20:13:31.131+0000] {override.py:1900} INFO - Created Permission View: menu access on DAG Run:dataset_produces_1
[2024-11-04T20:13:31.141+0000] {logging_mixin.py:190} INFO - [2024-11-04T20:13:31.140+0000] {override.py:1900} INFO - Created Permission View: can read on DAG Run:dataset_produces_1
[2024-11-04T20:13:31.150+0000] {logging_mixin.py:190} INFO - [2024-11-04T20:13:31.149+0000] {override.py:1900} INFO - Created Permission View: can create on DAG Run:dataset_produces_1
[2024-11-04T20:13:31.160+0000] {logging_mixin.py:190} INFO - [2024-11-04T20:13:31.160+0000] {override.py:1900} INFO - Created Permission View: can delete on DAG Run:dataset_produces_1
[2024-11-04T20:13:31.175+0000] {logging_mixin.py:190} INFO - [2024-11-04T20:13:31.174+0000] {override.py:1900} INFO - Created Permission View: can edit on DAG:consume_1_or_both_2_and_3_with_dataset_expressions
[2024-11-04T20:13:31.183+0000] {logging_mixin.py:190} INFO - [2024-11-04T20:13:31.183+0000] {override.py:1900} INFO - Created Permission View: can read on DAG:consume_1_or_both_2_and_3_with_dataset_expressions
[2024-11-04T20:13:31.192+0000] {logging_mixin.py:190} INFO - [2024-11-04T20:13:31.191+0000] {override.py:1900} INFO - Created Permission View: can delete on DAG:consume_1_or_both_2_and_3_with_dataset_expressions
[2024-11-04T20:13:31.202+0000] {logging_mixin.py:190} INFO - [2024-11-04T20:13:31.202+0000] {override.py:1900} INFO - Created Permission View: menu access on DAG Run:consume_1_or_both_2_and_3_with_dataset_expressions
[2024-11-04T20:13:31.213+0000] {logging_mixin.py:190} INFO - [2024-11-04T20:13:31.212+0000] {override.py:1900} INFO - Created Permission View: can read on DAG Run:consume_1_or_both_2_and_3_with_dataset_expressions
[2024-11-04T20:13:31.224+0000] {logging_mixin.py:190} INFO - [2024-11-04T20:13:31.223+0000] {override.py:1900} INFO - Created Permission View: can create on DAG Run:consume_1_or_both_2_and_3_with_dataset_expressions
[2024-11-04T20:13:31.233+0000] {logging_mixin.py:190} INFO - [2024-11-04T20:13:31.233+0000] {override.py:1900} INFO - Created Permission View: can delete on DAG Run:consume_1_or_both_2_and_3_with_dataset_expressions
[2024-11-04T20:13:31.249+0000] {logging_mixin.py:190} INFO - [2024-11-04T20:13:31.248+0000] {override.py:1900} INFO - Created Permission View: can edit on DAG:dataset_consumes_unknown_never_scheduled
[2024-11-04T20:13:31.257+0000] {logging_mixin.py:190} INFO - [2024-11-04T20:13:31.257+0000] {override.py:1900} INFO - Created Permission View: can read on DAG:dataset_consumes_unknown_never_scheduled
[2024-11-04T20:13:31.267+0000] {logging_mixin.py:190} INFO - [2024-11-04T20:13:31.267+0000] {override.py:1900} INFO - Created Permission View: can delete on DAG:dataset_consumes_unknown_never_scheduled
[2024-11-04T20:13:31.279+0000] {logging_mixin.py:190} INFO - [2024-11-04T20:13:31.279+0000] {override.py:1900} INFO - Created Permission View: menu access on DAG Run:dataset_consumes_unknown_never_scheduled
[2024-11-04T20:13:31.289+0000] {logging_mixin.py:190} INFO - [2024-11-04T20:13:31.288+0000] {override.py:1900} INFO - Created Permission View: can read on DAG Run:dataset_consumes_unknown_never_scheduled
[2024-11-04T20:13:31.297+0000] {logging_mixin.py:190} INFO - [2024-11-04T20:13:31.296+0000] {override.py:1900} INFO - Created Permission View: can create on DAG Run:dataset_consumes_unknown_never_scheduled
[2024-11-04T20:13:31.305+0000] {logging_mixin.py:190} INFO - [2024-11-04T20:13:31.305+0000] {override.py:1900} INFO - Created Permission View: can delete on DAG Run:dataset_consumes_unknown_never_scheduled
[2024-11-04T20:13:31.319+0000] {logging_mixin.py:190} INFO - [2024-11-04T20:13:31.318+0000] {override.py:1900} INFO - Created Permission View: can edit on DAG:dataset_consumes_1_never_scheduled
[2024-11-04T20:13:31.343+0000] {logging_mixin.py:190} INFO - [2024-11-04T20:13:31.341+0000] {override.py:1900} INFO - Created Permission View: can read on DAG:dataset_consumes_1_never_scheduled
[2024-11-04T20:13:31.356+0000] {logging_mixin.py:190} INFO - [2024-11-04T20:13:31.356+0000] {override.py:1900} INFO - Created Permission View: can delete on DAG:dataset_consumes_1_never_scheduled
[2024-11-04T20:13:31.375+0000] {logging_mixin.py:190} INFO - [2024-11-04T20:13:31.374+0000] {override.py:1900} INFO - Created Permission View: menu access on DAG Run:dataset_consumes_1_never_scheduled
[2024-11-04T20:13:31.394+0000] {logging_mixin.py:190} INFO - [2024-11-04T20:13:31.393+0000] {override.py:1900} INFO - Created Permission View: can read on DAG Run:dataset_consumes_1_never_scheduled
[2024-11-04T20:13:31.404+0000] {logging_mixin.py:190} INFO - [2024-11-04T20:13:31.404+0000] {override.py:1900} INFO - Created Permission View: can create on DAG Run:dataset_consumes_1_never_scheduled
[2024-11-04T20:13:31.416+0000] {logging_mixin.py:190} INFO - [2024-11-04T20:13:31.415+0000] {override.py:1900} INFO - Created Permission View: can delete on DAG Run:dataset_consumes_1_never_scheduled
[2024-11-04T20:13:31.441+0000] {logging_mixin.py:190} INFO - [2024-11-04T20:13:31.440+0000] {override.py:1900} INFO - Created Permission View: can edit on DAG:dataset_consumes_1_and_2
[2024-11-04T20:13:31.456+0000] {logging_mixin.py:190} INFO - [2024-11-04T20:13:31.455+0000] {override.py:1900} INFO - Created Permission View: can read on DAG:dataset_consumes_1_and_2
[2024-11-04T20:13:31.480+0000] {logging_mixin.py:190} INFO - [2024-11-04T20:13:31.480+0000] {override.py:1900} INFO - Created Permission View: can delete on DAG:dataset_consumes_1_and_2
[2024-11-04T20:13:31.501+0000] {logging_mixin.py:190} INFO - [2024-11-04T20:13:31.500+0000] {override.py:1900} INFO - Created Permission View: menu access on DAG Run:dataset_consumes_1_and_2
[2024-11-04T20:13:31.516+0000] {logging_mixin.py:190} INFO - [2024-11-04T20:13:31.516+0000] {override.py:1900} INFO - Created Permission View: can read on DAG Run:dataset_consumes_1_and_2
[2024-11-04T20:13:31.528+0000] {logging_mixin.py:190} INFO - [2024-11-04T20:13:31.527+0000] {override.py:1900} INFO - Created Permission View: can create on DAG Run:dataset_consumes_1_and_2
[2024-11-04T20:13:31.536+0000] {logging_mixin.py:190} INFO - [2024-11-04T20:13:31.535+0000] {override.py:1900} INFO - Created Permission View: can delete on DAG Run:dataset_consumes_1_and_2
[2024-11-04T20:13:31.564+0000] {logging_mixin.py:190} INFO - [2024-11-04T20:13:31.563+0000] {override.py:1900} INFO - Created Permission View: can edit on DAG:consume_1_or_2_with_dataset_expressions
[2024-11-04T20:13:31.584+0000] {logging_mixin.py:190} INFO - [2024-11-04T20:13:31.583+0000] {override.py:1900} INFO - Created Permission View: can read on DAG:consume_1_or_2_with_dataset_expressions
[2024-11-04T20:13:31.614+0000] {logging_mixin.py:190} INFO - [2024-11-04T20:13:31.613+0000] {override.py:1900} INFO - Created Permission View: can delete on DAG:consume_1_or_2_with_dataset_expressions
[2024-11-04T20:13:31.631+0000] {logging_mixin.py:190} INFO - [2024-11-04T20:13:31.631+0000] {override.py:1900} INFO - Created Permission View: menu access on DAG Run:consume_1_or_2_with_dataset_expressions
[2024-11-04T20:13:31.649+0000] {logging_mixin.py:190} INFO - [2024-11-04T20:13:31.648+0000] {override.py:1900} INFO - Created Permission View: can read on DAG Run:consume_1_or_2_with_dataset_expressions
[2024-11-04T20:13:31.669+0000] {logging_mixin.py:190} INFO - [2024-11-04T20:13:31.668+0000] {override.py:1900} INFO - Created Permission View: can create on DAG Run:consume_1_or_2_with_dataset_expressions
[2024-11-04T20:13:31.700+0000] {logging_mixin.py:190} INFO - [2024-11-04T20:13:31.699+0000] {override.py:1900} INFO - Created Permission View: can delete on DAG Run:consume_1_or_2_with_dataset_expressions
[2024-11-04T20:13:31.704+0000] {logging_mixin.py:190} INFO - [2024-11-04T20:13:31.703+0000] {dag.py:3239} INFO - Sync 10 DAGs
[2024-11-04T20:13:31.770+0000] {logging_mixin.py:190} INFO - [2024-11-04T20:13:31.769+0000] {dag.py:3262} INFO - Creating ORM DAG for dataset_produces_1
[2024-11-04T20:13:31.786+0000] {logging_mixin.py:190} INFO - [2024-11-04T20:13:31.785+0000] {dag.py:3262} INFO - Creating ORM DAG for conditional_dataset_and_time_based_timetable
[2024-11-04T20:13:31.796+0000] {logging_mixin.py:190} INFO - [2024-11-04T20:13:31.795+0000] {dag.py:3262} INFO - Creating ORM DAG for dataset_consumes_unknown_never_scheduled
[2024-11-04T20:13:31.798+0000] {logging_mixin.py:190} INFO - [2024-11-04T20:13:31.798+0000] {dag.py:3262} INFO - Creating ORM DAG for dataset_consumes_1
[2024-11-04T20:13:31.804+0000] {logging_mixin.py:190} INFO - [2024-11-04T20:13:31.804+0000] {dag.py:3262} INFO - Creating ORM DAG for consume_1_or_both_2_and_3_with_dataset_expressions
[2024-11-04T20:13:31.819+0000] {logging_mixin.py:190} INFO - [2024-11-04T20:13:31.818+0000] {dag.py:3262} INFO - Creating ORM DAG for dataset_consumes_1_never_scheduled
[2024-11-04T20:13:31.824+0000] {logging_mixin.py:190} INFO - [2024-11-04T20:13:31.823+0000] {dag.py:3262} INFO - Creating ORM DAG for consume_1_or_2_with_dataset_expressions
[2024-11-04T20:13:31.831+0000] {logging_mixin.py:190} INFO - [2024-11-04T20:13:31.830+0000] {dag.py:3262} INFO - Creating ORM DAG for dataset_produces_2
[2024-11-04T20:13:31.833+0000] {logging_mixin.py:190} INFO - [2024-11-04T20:13:31.833+0000] {dag.py:3262} INFO - Creating ORM DAG for dataset_consumes_1_and_2
[2024-11-04T20:13:31.834+0000] {logging_mixin.py:190} INFO - [2024-11-04T20:13:31.834+0000] {dag.py:3262} INFO - Creating ORM DAG for consume_1_and_2_with_dataset_expressions
[2024-11-04T20:13:31.917+0000] {logging_mixin.py:190} INFO - [2024-11-04T20:13:31.917+0000] {dag.py:4180} INFO - Setting next_dagrun for conditional_dataset_and_time_based_timetable to 2024-10-30 01:00:00+00:00, run_after=2024-10-30 01:00:00+00:00
[2024-11-04T20:13:31.948+0000] {logging_mixin.py:190} INFO - [2024-11-04T20:13:31.948+0000] {dag.py:4180} INFO - Setting next_dagrun for consume_1_and_2_with_dataset_expressions to None, run_after=None
[2024-11-04T20:13:31.958+0000] {logging_mixin.py:190} INFO - [2024-11-04T20:13:31.957+0000] {dag.py:4180} INFO - Setting next_dagrun for consume_1_or_2_with_dataset_expressions to None, run_after=None
[2024-11-04T20:13:31.969+0000] {logging_mixin.py:190} INFO - [2024-11-04T20:13:31.969+0000] {dag.py:4180} INFO - Setting next_dagrun for consume_1_or_both_2_and_3_with_dataset_expressions to None, run_after=None
[2024-11-04T20:13:31.980+0000] {logging_mixin.py:190} INFO - [2024-11-04T20:13:31.979+0000] {dag.py:4180} INFO - Setting next_dagrun for dataset_consumes_1 to None, run_after=None
[2024-11-04T20:13:31.989+0000] {logging_mixin.py:190} INFO - [2024-11-04T20:13:31.989+0000] {dag.py:4180} INFO - Setting next_dagrun for dataset_consumes_1_and_2 to None, run_after=None
[2024-11-04T20:13:32.001+0000] {logging_mixin.py:190} INFO - [2024-11-04T20:13:32.001+0000] {dag.py:4180} INFO - Setting next_dagrun for dataset_consumes_1_never_scheduled to None, run_after=None
[2024-11-04T20:13:32.017+0000] {logging_mixin.py:190} INFO - [2024-11-04T20:13:32.015+0000] {dag.py:4180} INFO - Setting next_dagrun for dataset_consumes_unknown_never_scheduled to None, run_after=None
[2024-11-04T20:13:32.028+0000] {logging_mixin.py:190} INFO - [2024-11-04T20:13:32.026+0000] {dag.py:4180} INFO - Setting next_dagrun for dataset_produces_1 to 2024-11-03 00:00:00+00:00, run_after=2024-11-04 00:00:00+00:00
[2024-11-04T20:13:32.032+0000] {logging_mixin.py:190} INFO - [2024-11-04T20:13:32.032+0000] {dag.py:4180} INFO - Setting next_dagrun for dataset_produces_2 to None, run_after=None
[2024-11-04T20:13:32.693+0000] {processor.py:208} INFO - Processing /home/airflow/.local/lib/python3.12/site-packages/airflow/example_dags/example_datasets.py took 3.909 seconds
[2024-11-04T20:14:03.110+0000] {processor.py:186} INFO - Started process (PID=157) to work on /home/airflow/.local/lib/python3.12/site-packages/airflow/example_dags/example_datasets.py
[2024-11-04T20:14:03.112+0000] {processor.py:914} INFO - Processing file /home/airflow/.local/lib/python3.12/site-packages/airflow/example_dags/example_datasets.py for tasks to queue
[2024-11-04T20:14:03.115+0000] {logging_mixin.py:190} INFO - [2024-11-04T20:14:03.114+0000] {dagbag.py:588} INFO - Filling up the DagBag from /home/airflow/.local/lib/python3.12/site-packages/airflow/example_dags/example_datasets.py
[2024-11-04T20:14:03.326+0000] {processor.py:925} INFO - DAG(s) 'dataset_produces_1', 'dataset_consumes_unknown_never_scheduled', 'dataset_consumes_1_and_2', 'dataset_consumes_1', 'dataset_produces_2', 'consume_1_or_both_2_and_3_with_dataset_expressions', 'conditional_dataset_and_time_based_timetable', 'consume_1_and_2_with_dataset_expressions', 'dataset_consumes_1_never_scheduled', 'consume_1_or_2_with_dataset_expressions' retrieved from /home/airflow/.local/lib/python3.12/site-packages/airflow/example_dags/example_datasets.py
[2024-11-04T20:14:03.377+0000] {logging_mixin.py:190} INFO - [2024-11-04T20:14:03.377+0000] {dag.py:3239} INFO - Sync 10 DAGs
[2024-11-04T20:14:03.412+0000] {logging_mixin.py:190} INFO - [2024-11-04T20:14:03.412+0000] {dag.py:4180} INFO - Setting next_dagrun for conditional_dataset_and_time_based_timetable to 2024-10-30 01:00:00+00:00, run_after=2024-10-30 01:00:00+00:00
[2024-11-04T20:14:03.417+0000] {logging_mixin.py:190} INFO - [2024-11-04T20:14:03.417+0000] {dag.py:4180} INFO - Setting next_dagrun for consume_1_and_2_with_dataset_expressions to None, run_after=None
[2024-11-04T20:14:03.419+0000] {logging_mixin.py:190} INFO - [2024-11-04T20:14:03.419+0000] {dag.py:4180} INFO - Setting next_dagrun for consume_1_or_2_with_dataset_expressions to None, run_after=None
[2024-11-04T20:14:03.422+0000] {logging_mixin.py:190} INFO - [2024-11-04T20:14:03.421+0000] {dag.py:4180} INFO - Setting next_dagrun for consume_1_or_both_2_and_3_with_dataset_expressions to None, run_after=None
[2024-11-04T20:14:03.424+0000] {logging_mixin.py:190} INFO - [2024-11-04T20:14:03.424+0000] {dag.py:4180} INFO - Setting next_dagrun for dataset_consumes_1 to None, run_after=None
[2024-11-04T20:14:03.427+0000] {logging_mixin.py:190} INFO - [2024-11-04T20:14:03.427+0000] {dag.py:4180} INFO - Setting next_dagrun for dataset_consumes_1_and_2 to None, run_after=None
[2024-11-04T20:14:03.430+0000] {logging_mixin.py:190} INFO - [2024-11-04T20:14:03.430+0000] {dag.py:4180} INFO - Setting next_dagrun for dataset_consumes_1_never_scheduled to None, run_after=None
[2024-11-04T20:14:03.434+0000] {logging_mixin.py:190} INFO - [2024-11-04T20:14:03.434+0000] {dag.py:4180} INFO - Setting next_dagrun for dataset_consumes_unknown_never_scheduled to None, run_after=None
[2024-11-04T20:14:03.438+0000] {logging_mixin.py:190} INFO - [2024-11-04T20:14:03.438+0000] {dag.py:4180} INFO - Setting next_dagrun for dataset_produces_1 to 2024-11-03 00:00:00+00:00, run_after=2024-11-04 00:00:00+00:00
[2024-11-04T20:14:03.440+0000] {logging_mixin.py:190} INFO - [2024-11-04T20:14:03.440+0000] {dag.py:4180} INFO - Setting next_dagrun for dataset_produces_2 to None, run_after=None
[2024-11-04T20:14:03.489+0000] {processor.py:208} INFO - Processing /home/airflow/.local/lib/python3.12/site-packages/airflow/example_dags/example_datasets.py took 0.386 seconds
[2024-11-04T20:14:33.582+0000] {processor.py:186} INFO - Started process (PID=221) to work on /home/airflow/.local/lib/python3.12/site-packages/airflow/example_dags/example_datasets.py
[2024-11-04T20:14:33.585+0000] {processor.py:914} INFO - Processing file /home/airflow/.local/lib/python3.12/site-packages/airflow/example_dags/example_datasets.py for tasks to queue
[2024-11-04T20:14:33.599+0000] {logging_mixin.py:190} INFO - [2024-11-04T20:14:33.598+0000] {dagbag.py:588} INFO - Filling up the DagBag from /home/airflow/.local/lib/python3.12/site-packages/airflow/example_dags/example_datasets.py
[2024-11-04T20:14:33.896+0000] {processor.py:925} INFO - DAG(s) 'dataset_consumes_1_and_2', 'dataset_produces_1', 'dataset_consumes_unknown_never_scheduled', 'dataset_produces_2', 'conditional_dataset_and_time_based_timetable', 'dataset_consumes_1', 'consume_1_or_both_2_and_3_with_dataset_expressions', 'consume_1_and_2_with_dataset_expressions', 'consume_1_or_2_with_dataset_expressions', 'dataset_consumes_1_never_scheduled' retrieved from /home/airflow/.local/lib/python3.12/site-packages/airflow/example_dags/example_datasets.py
[2024-11-04T20:14:34.000+0000] {logging_mixin.py:190} INFO - [2024-11-04T20:14:34.000+0000] {dag.py:3239} INFO - Sync 10 DAGs
[2024-11-04T20:14:34.103+0000] {logging_mixin.py:190} INFO - [2024-11-04T20:14:34.102+0000] {dag.py:4180} INFO - Setting next_dagrun for conditional_dataset_and_time_based_timetable to 2024-10-30 01:00:00+00:00, run_after=2024-10-30 01:00:00+00:00
[2024-11-04T20:14:34.110+0000] {logging_mixin.py:190} INFO - [2024-11-04T20:14:34.109+0000] {dag.py:4180} INFO - Setting next_dagrun for consume_1_and_2_with_dataset_expressions to None, run_after=None
[2024-11-04T20:14:34.113+0000] {logging_mixin.py:190} INFO - [2024-11-04T20:14:34.113+0000] {dag.py:4180} INFO - Setting next_dagrun for consume_1_or_2_with_dataset_expressions to None, run_after=None
[2024-11-04T20:14:34.115+0000] {logging_mixin.py:190} INFO - [2024-11-04T20:14:34.115+0000] {dag.py:4180} INFO - Setting next_dagrun for consume_1_or_both_2_and_3_with_dataset_expressions to None, run_after=None
[2024-11-04T20:14:34.117+0000] {logging_mixin.py:190} INFO - [2024-11-04T20:14:34.117+0000] {dag.py:4180} INFO - Setting next_dagrun for dataset_consumes_1 to None, run_after=None
[2024-11-04T20:14:34.120+0000] {logging_mixin.py:190} INFO - [2024-11-04T20:14:34.120+0000] {dag.py:4180} INFO - Setting next_dagrun for dataset_consumes_1_and_2 to None, run_after=None
[2024-11-04T20:14:34.122+0000] {logging_mixin.py:190} INFO - [2024-11-04T20:14:34.122+0000] {dag.py:4180} INFO - Setting next_dagrun for dataset_consumes_1_never_scheduled to None, run_after=None
[2024-11-04T20:14:34.129+0000] {logging_mixin.py:190} INFO - [2024-11-04T20:14:34.127+0000] {dag.py:4180} INFO - Setting next_dagrun for dataset_consumes_unknown_never_scheduled to None, run_after=None
[2024-11-04T20:14:34.136+0000] {logging_mixin.py:190} INFO - [2024-11-04T20:14:34.135+0000] {dag.py:4180} INFO - Setting next_dagrun for dataset_produces_1 to 2024-11-03 00:00:00+00:00, run_after=2024-11-04 00:00:00+00:00
[2024-11-04T20:14:34.138+0000] {logging_mixin.py:190} INFO - [2024-11-04T20:14:34.138+0000] {dag.py:4180} INFO - Setting next_dagrun for dataset_produces_2 to None, run_after=None
[2024-11-04T20:14:34.322+0000] {processor.py:208} INFO - Processing /home/airflow/.local/lib/python3.12/site-packages/airflow/example_dags/example_datasets.py took 0.773 seconds
[2024-11-04T20:15:04.441+0000] {processor.py:186} INFO - Started process (PID=283) to work on /home/airflow/.local/lib/python3.12/site-packages/airflow/example_dags/example_datasets.py
[2024-11-04T20:15:04.443+0000] {processor.py:914} INFO - Processing file /home/airflow/.local/lib/python3.12/site-packages/airflow/example_dags/example_datasets.py for tasks to queue
[2024-11-04T20:15:04.446+0000] {logging_mixin.py:190} INFO - [2024-11-04T20:15:04.445+0000] {dagbag.py:588} INFO - Filling up the DagBag from /home/airflow/.local/lib/python3.12/site-packages/airflow/example_dags/example_datasets.py
[2024-11-04T20:15:04.684+0000] {processor.py:925} INFO - DAG(s) 'dataset_produces_2', 'consume_1_or_2_with_dataset_expressions', 'dataset_consumes_1_never_scheduled', 'dataset_produces_1', 'consume_1_or_both_2_and_3_with_dataset_expressions', 'dataset_consumes_1', 'dataset_consumes_1_and_2', 'consume_1_and_2_with_dataset_expressions', 'dataset_consumes_unknown_never_scheduled', 'conditional_dataset_and_time_based_timetable' retrieved from /home/airflow/.local/lib/python3.12/site-packages/airflow/example_dags/example_datasets.py
[2024-11-04T20:15:04.751+0000] {logging_mixin.py:190} INFO - [2024-11-04T20:15:04.751+0000] {dag.py:3239} INFO - Sync 10 DAGs
[2024-11-04T20:15:04.795+0000] {logging_mixin.py:190} INFO - [2024-11-04T20:15:04.795+0000] {dag.py:4180} INFO - Setting next_dagrun for conditional_dataset_and_time_based_timetable to 2024-10-30 01:00:00+00:00, run_after=2024-10-30 01:00:00+00:00
[2024-11-04T20:15:04.799+0000] {logging_mixin.py:190} INFO - [2024-11-04T20:15:04.799+0000] {dag.py:4180} INFO - Setting next_dagrun for consume_1_and_2_with_dataset_expressions to None, run_after=None
[2024-11-04T20:15:04.801+0000] {logging_mixin.py:190} INFO - [2024-11-04T20:15:04.801+0000] {dag.py:4180} INFO - Setting next_dagrun for consume_1_or_2_with_dataset_expressions to None, run_after=None
[2024-11-04T20:15:04.802+0000] {logging_mixin.py:190} INFO - [2024-11-04T20:15:04.802+0000] {dag.py:4180} INFO - Setting next_dagrun for consume_1_or_both_2_and_3_with_dataset_expressions to None, run_after=None
[2024-11-04T20:15:04.804+0000] {logging_mixin.py:190} INFO - [2024-11-04T20:15:04.804+0000] {dag.py:4180} INFO - Setting next_dagrun for dataset_consumes_1 to None, run_after=None
[2024-11-04T20:15:04.808+0000] {logging_mixin.py:190} INFO - [2024-11-04T20:15:04.808+0000] {dag.py:4180} INFO - Setting next_dagrun for dataset_consumes_1_and_2 to None, run_after=None
[2024-11-04T20:15:04.810+0000] {logging_mixin.py:190} INFO - [2024-11-04T20:15:04.810+0000] {dag.py:4180} INFO - Setting next_dagrun for dataset_consumes_1_never_scheduled to None, run_after=None
[2024-11-04T20:15:04.812+0000] {logging_mixin.py:190} INFO - [2024-11-04T20:15:04.811+0000] {dag.py:4180} INFO - Setting next_dagrun for dataset_consumes_unknown_never_scheduled to None, run_after=None
[2024-11-04T20:15:04.814+0000] {logging_mixin.py:190} INFO - [2024-11-04T20:15:04.814+0000] {dag.py:4180} INFO - Setting next_dagrun for dataset_produces_1 to 2024-11-03 00:00:00+00:00, run_after=2024-11-04 00:00:00+00:00
[2024-11-04T20:15:04.816+0000] {logging_mixin.py:190} INFO - [2024-11-04T20:15:04.816+0000] {dag.py:4180} INFO - Setting next_dagrun for dataset_produces_2 to None, run_after=None
[2024-11-04T20:15:04.859+0000] {processor.py:208} INFO - Processing /home/airflow/.local/lib/python3.12/site-packages/airflow/example_dags/example_datasets.py took 0.426 seconds
[2024-11-04T20:15:35.691+0000] {processor.py:186} INFO - Started process (PID=345) to work on /home/airflow/.local/lib/python3.12/site-packages/airflow/example_dags/example_datasets.py
[2024-11-04T20:15:35.693+0000] {processor.py:914} INFO - Processing file /home/airflow/.local/lib/python3.12/site-packages/airflow/example_dags/example_datasets.py for tasks to queue
[2024-11-04T20:15:35.695+0000] {logging_mixin.py:190} INFO - [2024-11-04T20:15:35.695+0000] {dagbag.py:588} INFO - Filling up the DagBag from /home/airflow/.local/lib/python3.12/site-packages/airflow/example_dags/example_datasets.py
[2024-11-04T20:15:35.886+0000] {processor.py:925} INFO - DAG(s) 'consume_1_or_both_2_and_3_with_dataset_expressions', 'consume_1_or_2_with_dataset_expressions', 'dataset_produces_2', 'consume_1_and_2_with_dataset_expressions', 'dataset_consumes_1', 'dataset_consumes_1_never_scheduled', 'dataset_produces_1', 'dataset_consumes_unknown_never_scheduled', 'dataset_consumes_1_and_2', 'conditional_dataset_and_time_based_timetable' retrieved from /home/airflow/.local/lib/python3.12/site-packages/airflow/example_dags/example_datasets.py
[2024-11-04T20:15:35.978+0000] {logging_mixin.py:190} INFO - [2024-11-04T20:15:35.978+0000] {dag.py:3239} INFO - Sync 10 DAGs
[2024-11-04T20:15:36.021+0000] {logging_mixin.py:190} INFO - [2024-11-04T20:15:36.021+0000] {dag.py:4180} INFO - Setting next_dagrun for conditional_dataset_and_time_based_timetable to 2024-10-30 01:00:00+00:00, run_after=2024-10-30 01:00:00+00:00
[2024-11-04T20:15:36.031+0000] {logging_mixin.py:190} INFO - [2024-11-04T20:15:36.031+0000] {dag.py:4180} INFO - Setting next_dagrun for consume_1_and_2_with_dataset_expressions to None, run_after=None
[2024-11-04T20:15:36.035+0000] {logging_mixin.py:190} INFO - [2024-11-04T20:15:36.034+0000] {dag.py:4180} INFO - Setting next_dagrun for consume_1_or_2_with_dataset_expressions to None, run_after=None
[2024-11-04T20:15:36.039+0000] {logging_mixin.py:190} INFO - [2024-11-04T20:15:36.039+0000] {dag.py:4180} INFO - Setting next_dagrun for consume_1_or_both_2_and_3_with_dataset_expressions to None, run_after=None
[2024-11-04T20:15:36.046+0000] {logging_mixin.py:190} INFO - [2024-11-04T20:15:36.046+0000] {dag.py:4180} INFO - Setting next_dagrun for dataset_consumes_1 to None, run_after=None
[2024-11-04T20:15:36.050+0000] {logging_mixin.py:190} INFO - [2024-11-04T20:15:36.049+0000] {dag.py:4180} INFO - Setting next_dagrun for dataset_consumes_1_and_2 to None, run_after=None
[2024-11-04T20:15:36.052+0000] {logging_mixin.py:190} INFO - [2024-11-04T20:15:36.051+0000] {dag.py:4180} INFO - Setting next_dagrun for dataset_consumes_1_never_scheduled to None, run_after=None
[2024-11-04T20:15:36.054+0000] {logging_mixin.py:190} INFO - [2024-11-04T20:15:36.054+0000] {dag.py:4180} INFO - Setting next_dagrun for dataset_consumes_unknown_never_scheduled to None, run_after=None
[2024-11-04T20:15:36.060+0000] {logging_mixin.py:190} INFO - [2024-11-04T20:15:36.059+0000] {dag.py:4180} INFO - Setting next_dagrun for dataset_produces_1 to 2024-11-03 00:00:00+00:00, run_after=2024-11-04 00:00:00+00:00
[2024-11-04T20:15:36.063+0000] {logging_mixin.py:190} INFO - [2024-11-04T20:15:36.063+0000] {dag.py:4180} INFO - Setting next_dagrun for dataset_produces_2 to None, run_after=None
[2024-11-04T20:15:36.136+0000] {processor.py:208} INFO - Processing /home/airflow/.local/lib/python3.12/site-packages/airflow/example_dags/example_datasets.py took 0.453 seconds
[2024-11-04T20:16:06.298+0000] {processor.py:186} INFO - Started process (PID=407) to work on /home/airflow/.local/lib/python3.12/site-packages/airflow/example_dags/example_datasets.py
[2024-11-04T20:16:06.300+0000] {processor.py:914} INFO - Processing file /home/airflow/.local/lib/python3.12/site-packages/airflow/example_dags/example_datasets.py for tasks to queue
[2024-11-04T20:16:06.309+0000] {logging_mixin.py:190} INFO - [2024-11-04T20:16:06.308+0000] {dagbag.py:588} INFO - Filling up the DagBag from /home/airflow/.local/lib/python3.12/site-packages/airflow/example_dags/example_datasets.py
[2024-11-04T20:16:06.526+0000] {processor.py:925} INFO - DAG(s) 'dataset_consumes_1_and_2', 'consume_1_or_both_2_and_3_with_dataset_expressions', 'dataset_consumes_1_never_scheduled', 'consume_1_and_2_with_dataset_expressions', 'dataset_consumes_1', 'conditional_dataset_and_time_based_timetable', 'dataset_produces_2', 'dataset_produces_1', 'dataset_consumes_unknown_never_scheduled', 'consume_1_or_2_with_dataset_expressions' retrieved from /home/airflow/.local/lib/python3.12/site-packages/airflow/example_dags/example_datasets.py
[2024-11-04T20:16:06.595+0000] {logging_mixin.py:190} INFO - [2024-11-04T20:16:06.595+0000] {dag.py:3239} INFO - Sync 10 DAGs
[2024-11-04T20:16:06.628+0000] {logging_mixin.py:190} INFO - [2024-11-04T20:16:06.628+0000] {dag.py:4180} INFO - Setting next_dagrun for conditional_dataset_and_time_based_timetable to 2024-10-30 01:00:00+00:00, run_after=2024-10-30 01:00:00+00:00
[2024-11-04T20:16:06.632+0000] {logging_mixin.py:190} INFO - [2024-11-04T20:16:06.632+0000] {dag.py:4180} INFO - Setting next_dagrun for consume_1_and_2_with_dataset_expressions to None, run_after=None
[2024-11-04T20:16:06.635+0000] {logging_mixin.py:190} INFO - [2024-11-04T20:16:06.635+0000] {dag.py:4180} INFO - Setting next_dagrun for consume_1_or_2_with_dataset_expressions to None, run_after=None
[2024-11-04T20:16:06.638+0000] {logging_mixin.py:190} INFO - [2024-11-04T20:16:06.638+0000] {dag.py:4180} INFO - Setting next_dagrun for consume_1_or_both_2_and_3_with_dataset_expressions to None, run_after=None
[2024-11-04T20:16:06.641+0000] {logging_mixin.py:190} INFO - [2024-11-04T20:16:06.640+0000] {dag.py:4180} INFO - Setting next_dagrun for dataset_consumes_1 to None, run_after=None
[2024-11-04T20:16:06.643+0000] {logging_mixin.py:190} INFO - [2024-11-04T20:16:06.643+0000] {dag.py:4180} INFO - Setting next_dagrun for dataset_consumes_1_and_2 to None, run_after=None
[2024-11-04T20:16:06.645+0000] {logging_mixin.py:190} INFO - [2024-11-04T20:16:06.645+0000] {dag.py:4180} INFO - Setting next_dagrun for dataset_consumes_1_never_scheduled to None, run_after=None
[2024-11-04T20:16:06.647+0000] {logging_mixin.py:190} INFO - [2024-11-04T20:16:06.647+0000] {dag.py:4180} INFO - Setting next_dagrun for dataset_consumes_unknown_never_scheduled to None, run_after=None
[2024-11-04T20:16:06.651+0000] {logging_mixin.py:190} INFO - [2024-11-04T20:16:06.650+0000] {dag.py:4180} INFO - Setting next_dagrun for dataset_produces_1 to 2024-11-03 00:00:00+00:00, run_after=2024-11-04 00:00:00+00:00
[2024-11-04T20:16:06.656+0000] {logging_mixin.py:190} INFO - [2024-11-04T20:16:06.655+0000] {dag.py:4180} INFO - Setting next_dagrun for dataset_produces_2 to None, run_after=None
[2024-11-04T20:16:06.697+0000] {processor.py:208} INFO - Processing /home/airflow/.local/lib/python3.12/site-packages/airflow/example_dags/example_datasets.py took 0.420 seconds
[2024-11-04T20:16:37.061+0000] {processor.py:186} INFO - Started process (PID=469) to work on /home/airflow/.local/lib/python3.12/site-packages/airflow/example_dags/example_datasets.py
[2024-11-04T20:16:37.062+0000] {processor.py:914} INFO - Processing file /home/airflow/.local/lib/python3.12/site-packages/airflow/example_dags/example_datasets.py for tasks to queue
[2024-11-04T20:16:37.065+0000] {logging_mixin.py:190} INFO - [2024-11-04T20:16:37.065+0000] {dagbag.py:588} INFO - Filling up the DagBag from /home/airflow/.local/lib/python3.12/site-packages/airflow/example_dags/example_datasets.py
[2024-11-04T20:16:37.249+0000] {processor.py:925} INFO - DAG(s) 'consume_1_or_2_with_dataset_expressions', 'dataset_consumes_1_and_2', 'consume_1_or_both_2_and_3_with_dataset_expressions', 'dataset_consumes_1', 'dataset_produces_1', 'dataset_produces_2', 'dataset_consumes_1_never_scheduled', 'conditional_dataset_and_time_based_timetable', 'dataset_consumes_unknown_never_scheduled', 'consume_1_and_2_with_dataset_expressions' retrieved from /home/airflow/.local/lib/python3.12/site-packages/airflow/example_dags/example_datasets.py
[2024-11-04T20:16:37.307+0000] {logging_mixin.py:190} INFO - [2024-11-04T20:16:37.306+0000] {dag.py:3239} INFO - Sync 10 DAGs
[2024-11-04T20:16:37.367+0000] {logging_mixin.py:190} INFO - [2024-11-04T20:16:37.366+0000] {dag.py:4180} INFO - Setting next_dagrun for conditional_dataset_and_time_based_timetable to 2024-10-30 01:00:00+00:00, run_after=2024-10-30 01:00:00+00:00
[2024-11-04T20:16:37.374+0000] {logging_mixin.py:190} INFO - [2024-11-04T20:16:37.373+0000] {dag.py:4180} INFO - Setting next_dagrun for consume_1_and_2_with_dataset_expressions to None, run_after=None
[2024-11-04T20:16:37.376+0000] {logging_mixin.py:190} INFO - [2024-11-04T20:16:37.376+0000] {dag.py:4180} INFO - Setting next_dagrun for consume_1_or_2_with_dataset_expressions to None, run_after=None
[2024-11-04T20:16:37.378+0000] {logging_mixin.py:190} INFO - [2024-11-04T20:16:37.378+0000] {dag.py:4180} INFO - Setting next_dagrun for consume_1_or_both_2_and_3_with_dataset_expressions to None, run_after=None
[2024-11-04T20:16:37.380+0000] {logging_mixin.py:190} INFO - [2024-11-04T20:16:37.380+0000] {dag.py:4180} INFO - Setting next_dagrun for dataset_consumes_1 to None, run_after=None
[2024-11-04T20:16:37.383+0000] {logging_mixin.py:190} INFO - [2024-11-04T20:16:37.383+0000] {dag.py:4180} INFO - Setting next_dagrun for dataset_consumes_1_and_2 to None, run_after=None
[2024-11-04T20:16:37.386+0000] {logging_mixin.py:190} INFO - [2024-11-04T20:16:37.386+0000] {dag.py:4180} INFO - Setting next_dagrun for dataset_consumes_1_never_scheduled to None, run_after=None
[2024-11-04T20:16:37.389+0000] {logging_mixin.py:190} INFO - [2024-11-04T20:16:37.389+0000] {dag.py:4180} INFO - Setting next_dagrun for dataset_consumes_unknown_never_scheduled to None, run_after=None
[2024-11-04T20:16:37.397+0000] {logging_mixin.py:190} INFO - [2024-11-04T20:16:37.397+0000] {dag.py:4180} INFO - Setting next_dagrun for dataset_produces_1 to 2024-11-03 00:00:00+00:00, run_after=2024-11-04 00:00:00+00:00
[2024-11-04T20:16:37.400+0000] {logging_mixin.py:190} INFO - [2024-11-04T20:16:37.400+0000] {dag.py:4180} INFO - Setting next_dagrun for dataset_produces_2 to None, run_after=None
[2024-11-04T20:16:37.442+0000] {processor.py:208} INFO - Processing /home/airflow/.local/lib/python3.12/site-packages/airflow/example_dags/example_datasets.py took 0.387 seconds
[2024-11-04T20:17:07.804+0000] {processor.py:186} INFO - Started process (PID=531) to work on /home/airflow/.local/lib/python3.12/site-packages/airflow/example_dags/example_datasets.py
[2024-11-04T20:17:07.810+0000] {processor.py:914} INFO - Processing file /home/airflow/.local/lib/python3.12/site-packages/airflow/example_dags/example_datasets.py for tasks to queue
[2024-11-04T20:17:07.818+0000] {logging_mixin.py:190} INFO - [2024-11-04T20:17:07.818+0000] {dagbag.py:588} INFO - Filling up the DagBag from /home/airflow/.local/lib/python3.12/site-packages/airflow/example_dags/example_datasets.py
[2024-11-04T20:17:08.590+0000] {processor.py:925} INFO - DAG(s) 'dataset_consumes_unknown_never_scheduled', 'dataset_produces_1', 'consume_1_and_2_with_dataset_expressions', 'dataset_consumes_1_and_2', 'dataset_consumes_1', 'dataset_consumes_1_never_scheduled', 'dataset_produces_2', 'consume_1_or_2_with_dataset_expressions', 'conditional_dataset_and_time_based_timetable', 'consume_1_or_both_2_and_3_with_dataset_expressions' retrieved from /home/airflow/.local/lib/python3.12/site-packages/airflow/example_dags/example_datasets.py
[2024-11-04T20:17:08.810+0000] {logging_mixin.py:190} INFO - [2024-11-04T20:17:08.809+0000] {dag.py:3239} INFO - Sync 10 DAGs
[2024-11-04T20:17:08.932+0000] {logging_mixin.py:190} INFO - [2024-11-04T20:17:08.932+0000] {dag.py:4180} INFO - Setting next_dagrun for conditional_dataset_and_time_based_timetable to 2024-10-30 01:00:00+00:00, run_after=2024-10-30 01:00:00+00:00
[2024-11-04T20:17:08.947+0000] {logging_mixin.py:190} INFO - [2024-11-04T20:17:08.946+0000] {dag.py:4180} INFO - Setting next_dagrun for consume_1_and_2_with_dataset_expressions to None, run_after=None
[2024-11-04T20:17:08.960+0000] {logging_mixin.py:190} INFO - [2024-11-04T20:17:08.957+0000] {dag.py:4180} INFO - Setting next_dagrun for consume_1_or_2_with_dataset_expressions to None, run_after=None
[2024-11-04T20:17:08.969+0000] {logging_mixin.py:190} INFO - [2024-11-04T20:17:08.969+0000] {dag.py:4180} INFO - Setting next_dagrun for consume_1_or_both_2_and_3_with_dataset_expressions to None, run_after=None
[2024-11-04T20:17:08.974+0000] {logging_mixin.py:190} INFO - [2024-11-04T20:17:08.974+0000] {dag.py:4180} INFO - Setting next_dagrun for dataset_consumes_1 to None, run_after=None
[2024-11-04T20:17:08.984+0000] {logging_mixin.py:190} INFO - [2024-11-04T20:17:08.980+0000] {dag.py:4180} INFO - Setting next_dagrun for dataset_consumes_1_and_2 to None, run_after=None
[2024-11-04T20:17:08.989+0000] {logging_mixin.py:190} INFO - [2024-11-04T20:17:08.988+0000] {dag.py:4180} INFO - Setting next_dagrun for dataset_consumes_1_never_scheduled to None, run_after=None
[2024-11-04T20:17:08.999+0000] {logging_mixin.py:190} INFO - [2024-11-04T20:17:08.999+0000] {dag.py:4180} INFO - Setting next_dagrun for dataset_consumes_unknown_never_scheduled to None, run_after=None
[2024-11-04T20:17:09.028+0000] {logging_mixin.py:190} INFO - [2024-11-04T20:17:09.028+0000] {dag.py:4180} INFO - Setting next_dagrun for dataset_produces_1 to 2024-11-03 00:00:00+00:00, run_after=2024-11-04 00:00:00+00:00
[2024-11-04T20:17:09.041+0000] {logging_mixin.py:190} INFO - [2024-11-04T20:17:09.041+0000] {dag.py:4180} INFO - Setting next_dagrun for dataset_produces_2 to None, run_after=None
[2024-11-04T20:17:09.227+0000] {processor.py:208} INFO - Processing /home/airflow/.local/lib/python3.12/site-packages/airflow/example_dags/example_datasets.py took 1.433 seconds
[2024-11-04T20:17:39.865+0000] {processor.py:186} INFO - Started process (PID=592) to work on /home/airflow/.local/lib/python3.12/site-packages/airflow/example_dags/example_datasets.py
[2024-11-04T20:17:39.875+0000] {processor.py:914} INFO - Processing file /home/airflow/.local/lib/python3.12/site-packages/airflow/example_dags/example_datasets.py for tasks to queue
[2024-11-04T20:17:39.879+0000] {logging_mixin.py:190} INFO - [2024-11-04T20:17:39.878+0000] {dagbag.py:588} INFO - Filling up the DagBag from /home/airflow/.local/lib/python3.12/site-packages/airflow/example_dags/example_datasets.py
[2024-11-04T20:17:41.836+0000] {processor.py:925} INFO - DAG(s) 'dataset_produces_2', 'conditional_dataset_and_time_based_timetable', 'dataset_produces_1', 'consume_1_or_both_2_and_3_with_dataset_expressions', 'dataset_consumes_1', 'dataset_consumes_1_never_scheduled', 'consume_1_and_2_with_dataset_expressions', 'dataset_consumes_1_and_2', 'consume_1_or_2_with_dataset_expressions', 'dataset_consumes_unknown_never_scheduled' retrieved from /home/airflow/.local/lib/python3.12/site-packages/airflow/example_dags/example_datasets.py
[2024-11-04T20:17:42.057+0000] {logging_mixin.py:190} INFO - [2024-11-04T20:17:42.057+0000] {dag.py:3239} INFO - Sync 10 DAGs
[2024-11-04T20:17:42.135+0000] {logging_mixin.py:190} INFO - [2024-11-04T20:17:42.134+0000] {dag.py:4180} INFO - Setting next_dagrun for conditional_dataset_and_time_based_timetable to 2024-10-30 01:00:00+00:00, run_after=2024-10-30 01:00:00+00:00
[2024-11-04T20:17:42.152+0000] {logging_mixin.py:190} INFO - [2024-11-04T20:17:42.151+0000] {dag.py:4180} INFO - Setting next_dagrun for consume_1_and_2_with_dataset_expressions to None, run_after=None
[2024-11-04T20:17:42.158+0000] {logging_mixin.py:190} INFO - [2024-11-04T20:17:42.157+0000] {dag.py:4180} INFO - Setting next_dagrun for consume_1_or_2_with_dataset_expressions to None, run_after=None
[2024-11-04T20:17:42.162+0000] {logging_mixin.py:190} INFO - [2024-11-04T20:17:42.161+0000] {dag.py:4180} INFO - Setting next_dagrun for consume_1_or_both_2_and_3_with_dataset_expressions to None, run_after=None
[2024-11-04T20:17:42.168+0000] {logging_mixin.py:190} INFO - [2024-11-04T20:17:42.168+0000] {dag.py:4180} INFO - Setting next_dagrun for dataset_consumes_1 to None, run_after=None
[2024-11-04T20:17:42.173+0000] {logging_mixin.py:190} INFO - [2024-11-04T20:17:42.173+0000] {dag.py:4180} INFO - Setting next_dagrun for dataset_consumes_1_and_2 to None, run_after=None
[2024-11-04T20:17:42.176+0000] {logging_mixin.py:190} INFO - [2024-11-04T20:17:42.176+0000] {dag.py:4180} INFO - Setting next_dagrun for dataset_consumes_1_never_scheduled to None, run_after=None
[2024-11-04T20:17:42.180+0000] {logging_mixin.py:190} INFO - [2024-11-04T20:17:42.179+0000] {dag.py:4180} INFO - Setting next_dagrun for dataset_consumes_unknown_never_scheduled to None, run_after=None
[2024-11-04T20:17:42.189+0000] {logging_mixin.py:190} INFO - [2024-11-04T20:17:42.189+0000] {dag.py:4180} INFO - Setting next_dagrun for dataset_produces_1 to 2024-11-03 00:00:00+00:00, run_after=2024-11-04 00:00:00+00:00
[2024-11-04T20:17:42.192+0000] {logging_mixin.py:190} INFO - [2024-11-04T20:17:42.191+0000] {dag.py:4180} INFO - Setting next_dagrun for dataset_produces_2 to None, run_after=None
[2024-11-04T20:17:42.364+0000] {processor.py:208} INFO - Processing /home/airflow/.local/lib/python3.12/site-packages/airflow/example_dags/example_datasets.py took 2.510 seconds
[2024-11-04T20:18:12.558+0000] {processor.py:186} INFO - Started process (PID=658) to work on /home/airflow/.local/lib/python3.12/site-packages/airflow/example_dags/example_datasets.py
[2024-11-04T20:18:12.559+0000] {processor.py:914} INFO - Processing file /home/airflow/.local/lib/python3.12/site-packages/airflow/example_dags/example_datasets.py for tasks to queue
[2024-11-04T20:18:12.562+0000] {logging_mixin.py:190} INFO - [2024-11-04T20:18:12.562+0000] {dagbag.py:588} INFO - Filling up the DagBag from /home/airflow/.local/lib/python3.12/site-packages/airflow/example_dags/example_datasets.py
[2024-11-04T20:18:12.733+0000] {processor.py:925} INFO - DAG(s) 'dataset_produces_1', 'dataset_consumes_1_and_2', 'consume_1_or_2_with_dataset_expressions', 'consume_1_or_both_2_and_3_with_dataset_expressions', 'dataset_consumes_1_never_scheduled', 'dataset_consumes_1', 'consume_1_and_2_with_dataset_expressions', 'conditional_dataset_and_time_based_timetable', 'dataset_produces_2', 'dataset_consumes_unknown_never_scheduled' retrieved from /home/airflow/.local/lib/python3.12/site-packages/airflow/example_dags/example_datasets.py
[2024-11-04T20:18:12.783+0000] {logging_mixin.py:190} INFO - [2024-11-04T20:18:12.782+0000] {dag.py:3239} INFO - Sync 10 DAGs
[2024-11-04T20:18:12.814+0000] {logging_mixin.py:190} INFO - [2024-11-04T20:18:12.814+0000] {dag.py:4180} INFO - Setting next_dagrun for conditional_dataset_and_time_based_timetable to 2024-10-30 01:00:00+00:00, run_after=2024-10-30 01:00:00+00:00
[2024-11-04T20:18:12.818+0000] {logging_mixin.py:190} INFO - [2024-11-04T20:18:12.818+0000] {dag.py:4180} INFO - Setting next_dagrun for consume_1_and_2_with_dataset_expressions to None, run_after=None
[2024-11-04T20:18:12.820+0000] {logging_mixin.py:190} INFO - [2024-11-04T20:18:12.820+0000] {dag.py:4180} INFO - Setting next_dagrun for consume_1_or_2_with_dataset_expressions to None, run_after=None
[2024-11-04T20:18:12.821+0000] {logging_mixin.py:190} INFO - [2024-11-04T20:18:12.821+0000] {dag.py:4180} INFO - Setting next_dagrun for consume_1_or_both_2_and_3_with_dataset_expressions to None, run_after=None
[2024-11-04T20:18:12.823+0000] {logging_mixin.py:190} INFO - [2024-11-04T20:18:12.822+0000] {dag.py:4180} INFO - Setting next_dagrun for dataset_consumes_1 to None, run_after=None
[2024-11-04T20:18:12.824+0000] {logging_mixin.py:190} INFO - [2024-11-04T20:18:12.824+0000] {dag.py:4180} INFO - Setting next_dagrun for dataset_consumes_1_and_2 to None, run_after=None
[2024-11-04T20:18:12.826+0000] {logging_mixin.py:190} INFO - [2024-11-04T20:18:12.826+0000] {dag.py:4180} INFO - Setting next_dagrun for dataset_consumes_1_never_scheduled to None, run_after=None
[2024-11-04T20:18:12.827+0000] {logging_mixin.py:190} INFO - [2024-11-04T20:18:12.827+0000] {dag.py:4180} INFO - Setting next_dagrun for dataset_consumes_unknown_never_scheduled to None, run_after=None
[2024-11-04T20:18:12.830+0000] {logging_mixin.py:190} INFO - [2024-11-04T20:18:12.830+0000] {dag.py:4180} INFO - Setting next_dagrun for dataset_produces_1 to 2024-11-03 00:00:00+00:00, run_after=2024-11-04 00:00:00+00:00
[2024-11-04T20:18:12.831+0000] {logging_mixin.py:190} INFO - [2024-11-04T20:18:12.831+0000] {dag.py:4180} INFO - Setting next_dagrun for dataset_produces_2 to None, run_after=None
[2024-11-04T20:18:12.866+0000] {processor.py:208} INFO - Processing /home/airflow/.local/lib/python3.12/site-packages/airflow/example_dags/example_datasets.py took 0.314 seconds
[2024-11-04T20:18:43.730+0000] {processor.py:186} INFO - Started process (PID=721) to work on /home/airflow/.local/lib/python3.12/site-packages/airflow/example_dags/example_datasets.py
[2024-11-04T20:18:43.732+0000] {processor.py:914} INFO - Processing file /home/airflow/.local/lib/python3.12/site-packages/airflow/example_dags/example_datasets.py for tasks to queue
[2024-11-04T20:18:43.734+0000] {logging_mixin.py:190} INFO - [2024-11-04T20:18:43.734+0000] {dagbag.py:588} INFO - Filling up the DagBag from /home/airflow/.local/lib/python3.12/site-packages/airflow/example_dags/example_datasets.py
[2024-11-04T20:18:43.911+0000] {processor.py:925} INFO - DAG(s) 'dataset_consumes_unknown_never_scheduled', 'consume_1_and_2_with_dataset_expressions', 'dataset_produces_1', 'consume_1_or_2_with_dataset_expressions', 'dataset_consumes_1_and_2', 'consume_1_or_both_2_and_3_with_dataset_expressions', 'dataset_consumes_1_never_scheduled', 'dataset_produces_2', 'conditional_dataset_and_time_based_timetable', 'dataset_consumes_1' retrieved from /home/airflow/.local/lib/python3.12/site-packages/airflow/example_dags/example_datasets.py
[2024-11-04T20:18:43.965+0000] {logging_mixin.py:190} INFO - [2024-11-04T20:18:43.965+0000] {dag.py:3239} INFO - Sync 10 DAGs
[2024-11-04T20:18:43.996+0000] {logging_mixin.py:190} INFO - [2024-11-04T20:18:43.995+0000] {dag.py:4180} INFO - Setting next_dagrun for conditional_dataset_and_time_based_timetable to 2024-10-30 01:00:00+00:00, run_after=2024-10-30 01:00:00+00:00
[2024-11-04T20:18:44.000+0000] {logging_mixin.py:190} INFO - [2024-11-04T20:18:43.999+0000] {dag.py:4180} INFO - Setting next_dagrun for consume_1_and_2_with_dataset_expressions to None, run_after=None
[2024-11-04T20:18:44.002+0000] {logging_mixin.py:190} INFO - [2024-11-04T20:18:44.001+0000] {dag.py:4180} INFO - Setting next_dagrun for consume_1_or_2_with_dataset_expressions to None, run_after=None
[2024-11-04T20:18:44.004+0000] {logging_mixin.py:190} INFO - [2024-11-04T20:18:44.003+0000] {dag.py:4180} INFO - Setting next_dagrun for consume_1_or_both_2_and_3_with_dataset_expressions to None, run_after=None
[2024-11-04T20:18:44.005+0000] {logging_mixin.py:190} INFO - [2024-11-04T20:18:44.005+0000] {dag.py:4180} INFO - Setting next_dagrun for dataset_consumes_1 to None, run_after=None
[2024-11-04T20:18:44.007+0000] {logging_mixin.py:190} INFO - [2024-11-04T20:18:44.007+0000] {dag.py:4180} INFO - Setting next_dagrun for dataset_consumes_1_and_2 to None, run_after=None
[2024-11-04T20:18:44.009+0000] {logging_mixin.py:190} INFO - [2024-11-04T20:18:44.009+0000] {dag.py:4180} INFO - Setting next_dagrun for dataset_consumes_1_never_scheduled to None, run_after=None
[2024-11-04T20:18:44.011+0000] {logging_mixin.py:190} INFO - [2024-11-04T20:18:44.011+0000] {dag.py:4180} INFO - Setting next_dagrun for dataset_consumes_unknown_never_scheduled to None, run_after=None
[2024-11-04T20:18:44.013+0000] {logging_mixin.py:190} INFO - [2024-11-04T20:18:44.013+0000] {dag.py:4180} INFO - Setting next_dagrun for dataset_produces_1 to 2024-11-03 00:00:00+00:00, run_after=2024-11-04 00:00:00+00:00
[2024-11-04T20:18:44.015+0000] {logging_mixin.py:190} INFO - [2024-11-04T20:18:44.014+0000] {dag.py:4180} INFO - Setting next_dagrun for dataset_produces_2 to None, run_after=None
[2024-11-04T20:18:44.052+0000] {processor.py:208} INFO - Processing /home/airflow/.local/lib/python3.12/site-packages/airflow/example_dags/example_datasets.py took 0.330 seconds
[2024-11-04T20:19:14.216+0000] {processor.py:186} INFO - Started process (PID=784) to work on /home/airflow/.local/lib/python3.12/site-packages/airflow/example_dags/example_datasets.py
[2024-11-04T20:19:14.218+0000] {processor.py:914} INFO - Processing file /home/airflow/.local/lib/python3.12/site-packages/airflow/example_dags/example_datasets.py for tasks to queue
[2024-11-04T20:19:14.221+0000] {logging_mixin.py:190} INFO - [2024-11-04T20:19:14.221+0000] {dagbag.py:588} INFO - Filling up the DagBag from /home/airflow/.local/lib/python3.12/site-packages/airflow/example_dags/example_datasets.py
[2024-11-04T20:19:14.470+0000] {processor.py:925} INFO - DAG(s) 'conditional_dataset_and_time_based_timetable', 'dataset_produces_2', 'consume_1_and_2_with_dataset_expressions', 'dataset_consumes_1_never_scheduled', 'dataset_consumes_unknown_never_scheduled', 'dataset_consumes_1', 'dataset_produces_1', 'consume_1_or_both_2_and_3_with_dataset_expressions', 'consume_1_or_2_with_dataset_expressions', 'dataset_consumes_1_and_2' retrieved from /home/airflow/.local/lib/python3.12/site-packages/airflow/example_dags/example_datasets.py
[2024-11-04T20:19:14.554+0000] {logging_mixin.py:190} INFO - [2024-11-04T20:19:14.554+0000] {dag.py:3239} INFO - Sync 10 DAGs
[2024-11-04T20:19:14.593+0000] {logging_mixin.py:190} INFO - [2024-11-04T20:19:14.593+0000] {dag.py:4180} INFO - Setting next_dagrun for conditional_dataset_and_time_based_timetable to 2024-10-30 01:00:00+00:00, run_after=2024-10-30 01:00:00+00:00
[2024-11-04T20:19:14.598+0000] {logging_mixin.py:190} INFO - [2024-11-04T20:19:14.598+0000] {dag.py:4180} INFO - Setting next_dagrun for consume_1_and_2_with_dataset_expressions to None, run_after=None
[2024-11-04T20:19:14.600+0000] {logging_mixin.py:190} INFO - [2024-11-04T20:19:14.600+0000] {dag.py:4180} INFO - Setting next_dagrun for consume_1_or_2_with_dataset_expressions to None, run_after=None
[2024-11-04T20:19:14.605+0000] {logging_mixin.py:190} INFO - [2024-11-04T20:19:14.604+0000] {dag.py:4180} INFO - Setting next_dagrun for consume_1_or_both_2_and_3_with_dataset_expressions to None, run_after=None
[2024-11-04T20:19:14.608+0000] {logging_mixin.py:190} INFO - [2024-11-04T20:19:14.608+0000] {dag.py:4180} INFO - Setting next_dagrun for dataset_consumes_1 to None, run_after=None
[2024-11-04T20:19:14.610+0000] {logging_mixin.py:190} INFO - [2024-11-04T20:19:14.610+0000] {dag.py:4180} INFO - Setting next_dagrun for dataset_consumes_1_and_2 to None, run_after=None
[2024-11-04T20:19:14.612+0000] {logging_mixin.py:190} INFO - [2024-11-04T20:19:14.611+0000] {dag.py:4180} INFO - Setting next_dagrun for dataset_consumes_1_never_scheduled to None, run_after=None
[2024-11-04T20:19:14.613+0000] {logging_mixin.py:190} INFO - [2024-11-04T20:19:14.613+0000] {dag.py:4180} INFO - Setting next_dagrun for dataset_consumes_unknown_never_scheduled to None, run_after=None
[2024-11-04T20:19:14.616+0000] {logging_mixin.py:190} INFO - [2024-11-04T20:19:14.616+0000] {dag.py:4180} INFO - Setting next_dagrun for dataset_produces_1 to 2024-11-03 00:00:00+00:00, run_after=2024-11-04 00:00:00+00:00
[2024-11-04T20:19:14.620+0000] {logging_mixin.py:190} INFO - [2024-11-04T20:19:14.619+0000] {dag.py:4180} INFO - Setting next_dagrun for dataset_produces_2 to None, run_after=None
[2024-11-04T20:19:14.671+0000] {processor.py:208} INFO - Processing /home/airflow/.local/lib/python3.12/site-packages/airflow/example_dags/example_datasets.py took 0.462 seconds
[2024-11-04T20:19:44.799+0000] {processor.py:186} INFO - Started process (PID=848) to work on /home/airflow/.local/lib/python3.12/site-packages/airflow/example_dags/example_datasets.py
[2024-11-04T20:19:44.800+0000] {processor.py:914} INFO - Processing file /home/airflow/.local/lib/python3.12/site-packages/airflow/example_dags/example_datasets.py for tasks to queue
[2024-11-04T20:19:44.803+0000] {logging_mixin.py:190} INFO - [2024-11-04T20:19:44.802+0000] {dagbag.py:588} INFO - Filling up the DagBag from /home/airflow/.local/lib/python3.12/site-packages/airflow/example_dags/example_datasets.py
[2024-11-04T20:19:44.962+0000] {processor.py:925} INFO - DAG(s) 'dataset_consumes_1', 'dataset_consumes_unknown_never_scheduled', 'consume_1_and_2_with_dataset_expressions', 'dataset_produces_1', 'dataset_produces_2', 'dataset_consumes_1_and_2', 'consume_1_or_both_2_and_3_with_dataset_expressions', 'dataset_consumes_1_never_scheduled', 'consume_1_or_2_with_dataset_expressions', 'conditional_dataset_and_time_based_timetable' retrieved from /home/airflow/.local/lib/python3.12/site-packages/airflow/example_dags/example_datasets.py
[2024-11-04T20:19:45.009+0000] {logging_mixin.py:190} INFO - [2024-11-04T20:19:45.009+0000] {dag.py:3239} INFO - Sync 10 DAGs
[2024-11-04T20:19:45.039+0000] {logging_mixin.py:190} INFO - [2024-11-04T20:19:45.039+0000] {dag.py:4180} INFO - Setting next_dagrun for conditional_dataset_and_time_based_timetable to 2024-10-30 01:00:00+00:00, run_after=2024-10-30 01:00:00+00:00
[2024-11-04T20:19:45.043+0000] {logging_mixin.py:190} INFO - [2024-11-04T20:19:45.043+0000] {dag.py:4180} INFO - Setting next_dagrun for consume_1_and_2_with_dataset_expressions to None, run_after=None
[2024-11-04T20:19:45.044+0000] {logging_mixin.py:190} INFO - [2024-11-04T20:19:45.044+0000] {dag.py:4180} INFO - Setting next_dagrun for consume_1_or_2_with_dataset_expressions to None, run_after=None
[2024-11-04T20:19:45.046+0000] {logging_mixin.py:190} INFO - [2024-11-04T20:19:45.046+0000] {dag.py:4180} INFO - Setting next_dagrun for consume_1_or_both_2_and_3_with_dataset_expressions to None, run_after=None
[2024-11-04T20:19:45.047+0000] {logging_mixin.py:190} INFO - [2024-11-04T20:19:45.047+0000] {dag.py:4180} INFO - Setting next_dagrun for dataset_consumes_1 to None, run_after=None
[2024-11-04T20:19:45.049+0000] {logging_mixin.py:190} INFO - [2024-11-04T20:19:45.049+0000] {dag.py:4180} INFO - Setting next_dagrun for dataset_consumes_1_and_2 to None, run_after=None
[2024-11-04T20:19:45.051+0000] {logging_mixin.py:190} INFO - [2024-11-04T20:19:45.050+0000] {dag.py:4180} INFO - Setting next_dagrun for dataset_consumes_1_never_scheduled to None, run_after=None
[2024-11-04T20:19:45.052+0000] {logging_mixin.py:190} INFO - [2024-11-04T20:19:45.052+0000] {dag.py:4180} INFO - Setting next_dagrun for dataset_consumes_unknown_never_scheduled to None, run_after=None
[2024-11-04T20:19:45.055+0000] {logging_mixin.py:190} INFO - [2024-11-04T20:19:45.055+0000] {dag.py:4180} INFO - Setting next_dagrun for dataset_produces_1 to 2024-11-03 00:00:00+00:00, run_after=2024-11-04 00:00:00+00:00
[2024-11-04T20:19:45.056+0000] {logging_mixin.py:190} INFO - [2024-11-04T20:19:45.056+0000] {dag.py:4180} INFO - Setting next_dagrun for dataset_produces_2 to None, run_after=None
[2024-11-04T20:19:45.093+0000] {processor.py:208} INFO - Processing /home/airflow/.local/lib/python3.12/site-packages/airflow/example_dags/example_datasets.py took 0.300 seconds
[2024-11-04T20:20:15.224+0000] {processor.py:186} INFO - Started process (PID=910) to work on /home/airflow/.local/lib/python3.12/site-packages/airflow/example_dags/example_datasets.py
[2024-11-04T20:20:15.226+0000] {processor.py:914} INFO - Processing file /home/airflow/.local/lib/python3.12/site-packages/airflow/example_dags/example_datasets.py for tasks to queue
[2024-11-04T20:20:15.230+0000] {logging_mixin.py:190} INFO - [2024-11-04T20:20:15.230+0000] {dagbag.py:588} INFO - Filling up the DagBag from /home/airflow/.local/lib/python3.12/site-packages/airflow/example_dags/example_datasets.py
[2024-11-04T20:20:15.431+0000] {processor.py:925} INFO - DAG(s) 'consume_1_or_2_with_dataset_expressions', 'dataset_consumes_1_and_2', 'dataset_produces_2', 'dataset_consumes_1', 'dataset_consumes_1_never_scheduled', 'consume_1_and_2_with_dataset_expressions', 'consume_1_or_both_2_and_3_with_dataset_expressions', 'conditional_dataset_and_time_based_timetable', 'dataset_consumes_unknown_never_scheduled', 'dataset_produces_1' retrieved from /home/airflow/.local/lib/python3.12/site-packages/airflow/example_dags/example_datasets.py
[2024-11-04T20:20:15.487+0000] {logging_mixin.py:190} INFO - [2024-11-04T20:20:15.487+0000] {dag.py:3239} INFO - Sync 10 DAGs
[2024-11-04T20:20:15.525+0000] {logging_mixin.py:190} INFO - [2024-11-04T20:20:15.524+0000] {dag.py:4180} INFO - Setting next_dagrun for conditional_dataset_and_time_based_timetable to 2024-10-30 01:00:00+00:00, run_after=2024-10-30 01:00:00+00:00
[2024-11-04T20:20:15.529+0000] {logging_mixin.py:190} INFO - [2024-11-04T20:20:15.529+0000] {dag.py:4180} INFO - Setting next_dagrun for consume_1_and_2_with_dataset_expressions to None, run_after=None
[2024-11-04T20:20:15.531+0000] {logging_mixin.py:190} INFO - [2024-11-04T20:20:15.531+0000] {dag.py:4180} INFO - Setting next_dagrun for consume_1_or_2_with_dataset_expressions to None, run_after=None
[2024-11-04T20:20:15.534+0000] {logging_mixin.py:190} INFO - [2024-11-04T20:20:15.533+0000] {dag.py:4180} INFO - Setting next_dagrun for consume_1_or_both_2_and_3_with_dataset_expressions to None, run_after=None
[2024-11-04T20:20:15.535+0000] {logging_mixin.py:190} INFO - [2024-11-04T20:20:15.535+0000] {dag.py:4180} INFO - Setting next_dagrun for dataset_consumes_1 to None, run_after=None
[2024-11-04T20:20:15.537+0000] {logging_mixin.py:190} INFO - [2024-11-04T20:20:15.537+0000] {dag.py:4180} INFO - Setting next_dagrun for dataset_consumes_1_and_2 to None, run_after=None
[2024-11-04T20:20:15.540+0000] {logging_mixin.py:190} INFO - [2024-11-04T20:20:15.539+0000] {dag.py:4180} INFO - Setting next_dagrun for dataset_consumes_1_never_scheduled to None, run_after=None
[2024-11-04T20:20:15.542+0000] {logging_mixin.py:190} INFO - [2024-11-04T20:20:15.542+0000] {dag.py:4180} INFO - Setting next_dagrun for dataset_consumes_unknown_never_scheduled to None, run_after=None
[2024-11-04T20:20:15.545+0000] {logging_mixin.py:190} INFO - [2024-11-04T20:20:15.545+0000] {dag.py:4180} INFO - Setting next_dagrun for dataset_produces_1 to 2024-11-03 00:00:00+00:00, run_after=2024-11-04 00:00:00+00:00
[2024-11-04T20:20:15.547+0000] {logging_mixin.py:190} INFO - [2024-11-04T20:20:15.546+0000] {dag.py:4180} INFO - Setting next_dagrun for dataset_produces_2 to None, run_after=None
[2024-11-04T20:20:15.596+0000] {processor.py:208} INFO - Processing /home/airflow/.local/lib/python3.12/site-packages/airflow/example_dags/example_datasets.py took 0.383 seconds
[2024-11-04T20:20:45.867+0000] {processor.py:186} INFO - Started process (PID=973) to work on /home/airflow/.local/lib/python3.12/site-packages/airflow/example_dags/example_datasets.py
[2024-11-04T20:20:45.868+0000] {processor.py:914} INFO - Processing file /home/airflow/.local/lib/python3.12/site-packages/airflow/example_dags/example_datasets.py for tasks to queue
[2024-11-04T20:20:45.871+0000] {logging_mixin.py:190} INFO - [2024-11-04T20:20:45.871+0000] {dagbag.py:588} INFO - Filling up the DagBag from /home/airflow/.local/lib/python3.12/site-packages/airflow/example_dags/example_datasets.py
[2024-11-04T20:20:46.159+0000] {processor.py:925} INFO - DAG(s) 'dataset_produces_2', 'dataset_consumes_1_never_scheduled', 'consume_1_or_2_with_dataset_expressions', 'dataset_consumes_1_and_2', 'conditional_dataset_and_time_based_timetable', 'dataset_produces_1', 'consume_1_and_2_with_dataset_expressions', 'dataset_consumes_1', 'consume_1_or_both_2_and_3_with_dataset_expressions', 'dataset_consumes_unknown_never_scheduled' retrieved from /home/airflow/.local/lib/python3.12/site-packages/airflow/example_dags/example_datasets.py
[2024-11-04T20:20:46.225+0000] {logging_mixin.py:190} INFO - [2024-11-04T20:20:46.225+0000] {dag.py:3239} INFO - Sync 10 DAGs
[2024-11-04T20:20:46.272+0000] {logging_mixin.py:190} INFO - [2024-11-04T20:20:46.272+0000] {dag.py:4180} INFO - Setting next_dagrun for conditional_dataset_and_time_based_timetable to 2024-10-30 01:00:00+00:00, run_after=2024-10-30 01:00:00+00:00
[2024-11-04T20:20:46.277+0000] {logging_mixin.py:190} INFO - [2024-11-04T20:20:46.277+0000] {dag.py:4180} INFO - Setting next_dagrun for consume_1_and_2_with_dataset_expressions to None, run_after=None
[2024-11-04T20:20:46.279+0000] {logging_mixin.py:190} INFO - [2024-11-04T20:20:46.279+0000] {dag.py:4180} INFO - Setting next_dagrun for consume_1_or_2_with_dataset_expressions to None, run_after=None
[2024-11-04T20:20:46.281+0000] {logging_mixin.py:190} INFO - [2024-11-04T20:20:46.281+0000] {dag.py:4180} INFO - Setting next_dagrun for consume_1_or_both_2_and_3_with_dataset_expressions to None, run_after=None
[2024-11-04T20:20:46.284+0000] {logging_mixin.py:190} INFO - [2024-11-04T20:20:46.284+0000] {dag.py:4180} INFO - Setting next_dagrun for dataset_consumes_1 to None, run_after=None
[2024-11-04T20:20:46.290+0000] {logging_mixin.py:190} INFO - [2024-11-04T20:20:46.289+0000] {dag.py:4180} INFO - Setting next_dagrun for dataset_consumes_1_and_2 to None, run_after=None
[2024-11-04T20:20:46.333+0000] {logging_mixin.py:190} INFO - [2024-11-04T20:20:46.332+0000] {dag.py:4180} INFO - Setting next_dagrun for dataset_consumes_1_never_scheduled to None, run_after=None
[2024-11-04T20:20:46.339+0000] {logging_mixin.py:190} INFO - [2024-11-04T20:20:46.339+0000] {dag.py:4180} INFO - Setting next_dagrun for dataset_consumes_unknown_never_scheduled to None, run_after=None
[2024-11-04T20:20:46.345+0000] {logging_mixin.py:190} INFO - [2024-11-04T20:20:46.344+0000] {dag.py:4180} INFO - Setting next_dagrun for dataset_produces_1 to 2024-11-03 00:00:00+00:00, run_after=2024-11-04 00:00:00+00:00
[2024-11-04T20:20:46.348+0000] {logging_mixin.py:190} INFO - [2024-11-04T20:20:46.347+0000] {dag.py:4180} INFO - Setting next_dagrun for dataset_produces_2 to None, run_after=None
[2024-11-04T20:20:46.450+0000] {processor.py:208} INFO - Processing /home/airflow/.local/lib/python3.12/site-packages/airflow/example_dags/example_datasets.py took 0.590 seconds
[2024-11-04T20:21:17.160+0000] {processor.py:186} INFO - Started process (PID=1037) to work on /home/airflow/.local/lib/python3.12/site-packages/airflow/example_dags/example_datasets.py
[2024-11-04T20:21:17.161+0000] {processor.py:914} INFO - Processing file /home/airflow/.local/lib/python3.12/site-packages/airflow/example_dags/example_datasets.py for tasks to queue
[2024-11-04T20:21:17.164+0000] {logging_mixin.py:190} INFO - [2024-11-04T20:21:17.164+0000] {dagbag.py:588} INFO - Filling up the DagBag from /home/airflow/.local/lib/python3.12/site-packages/airflow/example_dags/example_datasets.py
[2024-11-04T20:21:17.432+0000] {processor.py:925} INFO - DAG(s) 'consume_1_or_both_2_and_3_with_dataset_expressions', 'dataset_produces_1', 'dataset_consumes_1_never_scheduled', 'dataset_consumes_1', 'consume_1_and_2_with_dataset_expressions', 'consume_1_or_2_with_dataset_expressions', 'dataset_consumes_1_and_2', 'conditional_dataset_and_time_based_timetable', 'dataset_consumes_unknown_never_scheduled', 'dataset_produces_2' retrieved from /home/airflow/.local/lib/python3.12/site-packages/airflow/example_dags/example_datasets.py
[2024-11-04T20:21:17.493+0000] {logging_mixin.py:190} INFO - [2024-11-04T20:21:17.493+0000] {dag.py:3239} INFO - Sync 10 DAGs
[2024-11-04T20:21:17.546+0000] {logging_mixin.py:190} INFO - [2024-11-04T20:21:17.545+0000] {dag.py:4180} INFO - Setting next_dagrun for conditional_dataset_and_time_based_timetable to 2024-10-30 01:00:00+00:00, run_after=2024-10-30 01:00:00+00:00
[2024-11-04T20:21:17.551+0000] {logging_mixin.py:190} INFO - [2024-11-04T20:21:17.551+0000] {dag.py:4180} INFO - Setting next_dagrun for consume_1_and_2_with_dataset_expressions to None, run_after=None
[2024-11-04T20:21:17.553+0000] {logging_mixin.py:190} INFO - [2024-11-04T20:21:17.553+0000] {dag.py:4180} INFO - Setting next_dagrun for consume_1_or_2_with_dataset_expressions to None, run_after=None
[2024-11-04T20:21:17.555+0000] {logging_mixin.py:190} INFO - [2024-11-04T20:21:17.554+0000] {dag.py:4180} INFO - Setting next_dagrun for consume_1_or_both_2_and_3_with_dataset_expressions to None, run_after=None
[2024-11-04T20:21:17.557+0000] {logging_mixin.py:190} INFO - [2024-11-04T20:21:17.557+0000] {dag.py:4180} INFO - Setting next_dagrun for dataset_consumes_1 to None, run_after=None
[2024-11-04T20:21:17.560+0000] {logging_mixin.py:190} INFO - [2024-11-04T20:21:17.560+0000] {dag.py:4180} INFO - Setting next_dagrun for dataset_consumes_1_and_2 to None, run_after=None
[2024-11-04T20:21:17.563+0000] {logging_mixin.py:190} INFO - [2024-11-04T20:21:17.563+0000] {dag.py:4180} INFO - Setting next_dagrun for dataset_consumes_1_never_scheduled to None, run_after=None
[2024-11-04T20:21:17.566+0000] {logging_mixin.py:190} INFO - [2024-11-04T20:21:17.566+0000] {dag.py:4180} INFO - Setting next_dagrun for dataset_consumes_unknown_never_scheduled to None, run_after=None
[2024-11-04T20:21:17.571+0000] {logging_mixin.py:190} INFO - [2024-11-04T20:21:17.570+0000] {dag.py:4180} INFO - Setting next_dagrun for dataset_produces_1 to 2024-11-03 00:00:00+00:00, run_after=2024-11-04 00:00:00+00:00
[2024-11-04T20:21:17.574+0000] {logging_mixin.py:190} INFO - [2024-11-04T20:21:17.573+0000] {dag.py:4180} INFO - Setting next_dagrun for dataset_produces_2 to None, run_after=None
[2024-11-04T20:21:17.629+0000] {processor.py:208} INFO - Processing /home/airflow/.local/lib/python3.12/site-packages/airflow/example_dags/example_datasets.py took 0.475 seconds
[2024-11-04T20:21:47.875+0000] {processor.py:186} INFO - Started process (PID=1100) to work on /home/airflow/.local/lib/python3.12/site-packages/airflow/example_dags/example_datasets.py
[2024-11-04T20:21:47.876+0000] {processor.py:914} INFO - Processing file /home/airflow/.local/lib/python3.12/site-packages/airflow/example_dags/example_datasets.py for tasks to queue
[2024-11-04T20:21:47.879+0000] {logging_mixin.py:190} INFO - [2024-11-04T20:21:47.879+0000] {dagbag.py:588} INFO - Filling up the DagBag from /home/airflow/.local/lib/python3.12/site-packages/airflow/example_dags/example_datasets.py
[2024-11-04T20:21:48.054+0000] {processor.py:925} INFO - DAG(s) 'dataset_produces_2', 'dataset_consumes_unknown_never_scheduled', 'dataset_consumes_1', 'dataset_produces_1', 'consume_1_and_2_with_dataset_expressions', 'consume_1_or_2_with_dataset_expressions', 'conditional_dataset_and_time_based_timetable', 'dataset_consumes_1_and_2', 'dataset_consumes_1_never_scheduled', 'consume_1_or_both_2_and_3_with_dataset_expressions' retrieved from /home/airflow/.local/lib/python3.12/site-packages/airflow/example_dags/example_datasets.py
[2024-11-04T20:21:48.112+0000] {logging_mixin.py:190} INFO - [2024-11-04T20:21:48.111+0000] {dag.py:3239} INFO - Sync 10 DAGs
[2024-11-04T20:21:48.145+0000] {logging_mixin.py:190} INFO - [2024-11-04T20:21:48.144+0000] {dag.py:4180} INFO - Setting next_dagrun for conditional_dataset_and_time_based_timetable to 2024-10-30 01:00:00+00:00, run_after=2024-10-30 01:00:00+00:00
[2024-11-04T20:21:48.151+0000] {logging_mixin.py:190} INFO - [2024-11-04T20:21:48.150+0000] {dag.py:4180} INFO - Setting next_dagrun for consume_1_and_2_with_dataset_expressions to None, run_after=None
[2024-11-04T20:21:48.152+0000] {logging_mixin.py:190} INFO - [2024-11-04T20:21:48.152+0000] {dag.py:4180} INFO - Setting next_dagrun for consume_1_or_2_with_dataset_expressions to None, run_after=None
[2024-11-04T20:21:48.154+0000] {logging_mixin.py:190} INFO - [2024-11-04T20:21:48.154+0000] {dag.py:4180} INFO - Setting next_dagrun for consume_1_or_both_2_and_3_with_dataset_expressions to None, run_after=None
[2024-11-04T20:21:48.156+0000] {logging_mixin.py:190} INFO - [2024-11-04T20:21:48.156+0000] {dag.py:4180} INFO - Setting next_dagrun for dataset_consumes_1 to None, run_after=None
[2024-11-04T20:21:48.157+0000] {logging_mixin.py:190} INFO - [2024-11-04T20:21:48.157+0000] {dag.py:4180} INFO - Setting next_dagrun for dataset_consumes_1_and_2 to None, run_after=None
[2024-11-04T20:21:48.159+0000] {logging_mixin.py:190} INFO - [2024-11-04T20:21:48.159+0000] {dag.py:4180} INFO - Setting next_dagrun for dataset_consumes_1_never_scheduled to None, run_after=None
[2024-11-04T20:21:48.160+0000] {logging_mixin.py:190} INFO - [2024-11-04T20:21:48.160+0000] {dag.py:4180} INFO - Setting next_dagrun for dataset_consumes_unknown_never_scheduled to None, run_after=None
[2024-11-04T20:21:48.163+0000] {logging_mixin.py:190} INFO - [2024-11-04T20:21:48.163+0000] {dag.py:4180} INFO - Setting next_dagrun for dataset_produces_1 to 2024-11-03 00:00:00+00:00, run_after=2024-11-04 00:00:00+00:00
[2024-11-04T20:21:48.165+0000] {logging_mixin.py:190} INFO - [2024-11-04T20:21:48.165+0000] {dag.py:4180} INFO - Setting next_dagrun for dataset_produces_2 to None, run_after=None
[2024-11-04T20:21:48.204+0000] {processor.py:208} INFO - Processing /home/airflow/.local/lib/python3.12/site-packages/airflow/example_dags/example_datasets.py took 0.336 seconds
[2024-11-04T20:22:18.272+0000] {processor.py:186} INFO - Started process (PID=1162) to work on /home/airflow/.local/lib/python3.12/site-packages/airflow/example_dags/example_datasets.py
[2024-11-04T20:22:18.274+0000] {processor.py:914} INFO - Processing file /home/airflow/.local/lib/python3.12/site-packages/airflow/example_dags/example_datasets.py for tasks to queue
[2024-11-04T20:22:18.277+0000] {logging_mixin.py:190} INFO - [2024-11-04T20:22:18.276+0000] {dagbag.py:588} INFO - Filling up the DagBag from /home/airflow/.local/lib/python3.12/site-packages/airflow/example_dags/example_datasets.py
[2024-11-04T20:22:18.463+0000] {processor.py:925} INFO - DAG(s) 'consume_1_or_2_with_dataset_expressions', 'dataset_consumes_unknown_never_scheduled', 'dataset_produces_2', 'dataset_consumes_1_and_2', 'consume_1_and_2_with_dataset_expressions', 'conditional_dataset_and_time_based_timetable', 'dataset_consumes_1', 'consume_1_or_both_2_and_3_with_dataset_expressions', 'dataset_produces_1', 'dataset_consumes_1_never_scheduled' retrieved from /home/airflow/.local/lib/python3.12/site-packages/airflow/example_dags/example_datasets.py
[2024-11-04T20:22:18.509+0000] {logging_mixin.py:190} INFO - [2024-11-04T20:22:18.509+0000] {dag.py:3239} INFO - Sync 10 DAGs
[2024-11-04T20:22:18.537+0000] {logging_mixin.py:190} INFO - [2024-11-04T20:22:18.536+0000] {dag.py:4180} INFO - Setting next_dagrun for conditional_dataset_and_time_based_timetable to 2024-10-30 01:00:00+00:00, run_after=2024-10-30 01:00:00+00:00
[2024-11-04T20:22:18.541+0000] {logging_mixin.py:190} INFO - [2024-11-04T20:22:18.540+0000] {dag.py:4180} INFO - Setting next_dagrun for consume_1_and_2_with_dataset_expressions to None, run_after=None
[2024-11-04T20:22:18.542+0000] {logging_mixin.py:190} INFO - [2024-11-04T20:22:18.542+0000] {dag.py:4180} INFO - Setting next_dagrun for consume_1_or_2_with_dataset_expressions to None, run_after=None
[2024-11-04T20:22:18.544+0000] {logging_mixin.py:190} INFO - [2024-11-04T20:22:18.544+0000] {dag.py:4180} INFO - Setting next_dagrun for consume_1_or_both_2_and_3_with_dataset_expressions to None, run_after=None
[2024-11-04T20:22:18.546+0000] {logging_mixin.py:190} INFO - [2024-11-04T20:22:18.546+0000] {dag.py:4180} INFO - Setting next_dagrun for dataset_consumes_1 to None, run_after=None
[2024-11-04T20:22:18.548+0000] {logging_mixin.py:190} INFO - [2024-11-04T20:22:18.548+0000] {dag.py:4180} INFO - Setting next_dagrun for dataset_consumes_1_and_2 to None, run_after=None
[2024-11-04T20:22:18.550+0000] {logging_mixin.py:190} INFO - [2024-11-04T20:22:18.550+0000] {dag.py:4180} INFO - Setting next_dagrun for dataset_consumes_1_never_scheduled to None, run_after=None
[2024-11-04T20:22:18.551+0000] {logging_mixin.py:190} INFO - [2024-11-04T20:22:18.551+0000] {dag.py:4180} INFO - Setting next_dagrun for dataset_consumes_unknown_never_scheduled to None, run_after=None
[2024-11-04T20:22:18.554+0000] {logging_mixin.py:190} INFO - [2024-11-04T20:22:18.554+0000] {dag.py:4180} INFO - Setting next_dagrun for dataset_produces_1 to 2024-11-03 00:00:00+00:00, run_after=2024-11-04 00:00:00+00:00
[2024-11-04T20:22:18.556+0000] {logging_mixin.py:190} INFO - [2024-11-04T20:22:18.555+0000] {dag.py:4180} INFO - Setting next_dagrun for dataset_produces_2 to None, run_after=None
[2024-11-04T20:22:18.591+0000] {processor.py:208} INFO - Processing /home/airflow/.local/lib/python3.12/site-packages/airflow/example_dags/example_datasets.py took 0.325 seconds
[2024-11-04T20:22:49.511+0000] {processor.py:186} INFO - Started process (PID=1225) to work on /home/airflow/.local/lib/python3.12/site-packages/airflow/example_dags/example_datasets.py
[2024-11-04T20:22:49.513+0000] {processor.py:914} INFO - Processing file /home/airflow/.local/lib/python3.12/site-packages/airflow/example_dags/example_datasets.py for tasks to queue
[2024-11-04T20:22:49.516+0000] {logging_mixin.py:190} INFO - [2024-11-04T20:22:49.516+0000] {dagbag.py:588} INFO - Filling up the DagBag from /home/airflow/.local/lib/python3.12/site-packages/airflow/example_dags/example_datasets.py
[2024-11-04T20:22:49.745+0000] {processor.py:925} INFO - DAG(s) 'dataset_consumes_1_never_scheduled', 'dataset_consumes_1_and_2', 'conditional_dataset_and_time_based_timetable', 'dataset_consumes_1', 'consume_1_or_both_2_and_3_with_dataset_expressions', 'dataset_consumes_unknown_never_scheduled', 'dataset_produces_2', 'consume_1_or_2_with_dataset_expressions', 'dataset_produces_1', 'consume_1_and_2_with_dataset_expressions' retrieved from /home/airflow/.local/lib/python3.12/site-packages/airflow/example_dags/example_datasets.py
[2024-11-04T20:22:49.817+0000] {logging_mixin.py:190} INFO - [2024-11-04T20:22:49.816+0000] {dag.py:3239} INFO - Sync 10 DAGs
[2024-11-04T20:22:49.860+0000] {logging_mixin.py:190} INFO - [2024-11-04T20:22:49.860+0000] {dag.py:4180} INFO - Setting next_dagrun for conditional_dataset_and_time_based_timetable to 2024-10-30 01:00:00+00:00, run_after=2024-10-30 01:00:00+00:00
[2024-11-04T20:22:49.866+0000] {logging_mixin.py:190} INFO - [2024-11-04T20:22:49.866+0000] {dag.py:4180} INFO - Setting next_dagrun for consume_1_and_2_with_dataset_expressions to None, run_after=None
[2024-11-04T20:22:49.869+0000] {logging_mixin.py:190} INFO - [2024-11-04T20:22:49.869+0000] {dag.py:4180} INFO - Setting next_dagrun for consume_1_or_2_with_dataset_expressions to None, run_after=None
[2024-11-04T20:22:49.872+0000] {logging_mixin.py:190} INFO - [2024-11-04T20:22:49.872+0000] {dag.py:4180} INFO - Setting next_dagrun for consume_1_or_both_2_and_3_with_dataset_expressions to None, run_after=None
[2024-11-04T20:22:49.874+0000] {logging_mixin.py:190} INFO - [2024-11-04T20:22:49.874+0000] {dag.py:4180} INFO - Setting next_dagrun for dataset_consumes_1 to None, run_after=None
[2024-11-04T20:22:49.876+0000] {logging_mixin.py:190} INFO - [2024-11-04T20:22:49.876+0000] {dag.py:4180} INFO - Setting next_dagrun for dataset_consumes_1_and_2 to None, run_after=None
[2024-11-04T20:22:49.877+0000] {logging_mixin.py:190} INFO - [2024-11-04T20:22:49.877+0000] {dag.py:4180} INFO - Setting next_dagrun for dataset_consumes_1_never_scheduled to None, run_after=None
[2024-11-04T20:22:49.879+0000] {logging_mixin.py:190} INFO - [2024-11-04T20:22:49.879+0000] {dag.py:4180} INFO - Setting next_dagrun for dataset_consumes_unknown_never_scheduled to None, run_after=None
[2024-11-04T20:22:49.881+0000] {logging_mixin.py:190} INFO - [2024-11-04T20:22:49.881+0000] {dag.py:4180} INFO - Setting next_dagrun for dataset_produces_1 to 2024-11-03 00:00:00+00:00, run_after=2024-11-04 00:00:00+00:00
[2024-11-04T20:22:49.883+0000] {logging_mixin.py:190} INFO - [2024-11-04T20:22:49.882+0000] {dag.py:4180} INFO - Setting next_dagrun for dataset_produces_2 to None, run_after=None
[2024-11-04T20:22:49.917+0000] {processor.py:208} INFO - Processing /home/airflow/.local/lib/python3.12/site-packages/airflow/example_dags/example_datasets.py took 0.414 seconds
