[2024-11-04T20:13:08.188+0000] {processor.py:186} INFO - Started process (PID=66) to work on /home/airflow/.local/lib/python3.12/site-packages/airflow/example_dags/example_outlet_event_extra.py
[2024-11-04T20:13:08.194+0000] {processor.py:914} INFO - Processing file /home/airflow/.local/lib/python3.12/site-packages/airflow/example_dags/example_outlet_event_extra.py for tasks to queue
[2024-11-04T20:13:08.222+0000] {logging_mixin.py:190} INFO - [2024-11-04T20:13:08.220+0000] {dagbag.py:588} INFO - Filling up the DagBag from /home/airflow/.local/lib/python3.12/site-packages/airflow/example_dags/example_outlet_event_extra.py
[2024-11-04T20:13:09.610+0000] {processor.py:925} INFO - DAG(s) 'dataset_with_extra_from_classic_operator', 'dataset_with_extra_by_yield', 'dataset_with_extra_by_context' retrieved from /home/airflow/.local/lib/python3.12/site-packages/airflow/example_dags/example_outlet_event_extra.py
[2024-11-04T20:13:10.165+0000] {logging_mixin.py:190} INFO - [2024-11-04T20:13:10.164+0000] {override.py:1900} INFO - Created Permission View: can edit on DAG:dataset_with_extra_from_classic_operator
[2024-11-04T20:13:10.191+0000] {logging_mixin.py:190} INFO - [2024-11-04T20:13:10.191+0000] {override.py:1900} INFO - Created Permission View: can read on DAG:dataset_with_extra_from_classic_operator
[2024-11-04T20:13:10.208+0000] {logging_mixin.py:190} INFO - [2024-11-04T20:13:10.208+0000] {override.py:1900} INFO - Created Permission View: can delete on DAG:dataset_with_extra_from_classic_operator
[2024-11-04T20:13:10.221+0000] {logging_mixin.py:190} INFO - [2024-11-04T20:13:10.221+0000] {override.py:1900} INFO - Created Permission View: menu access on DAG Run:dataset_with_extra_from_classic_operator
[2024-11-04T20:13:10.239+0000] {logging_mixin.py:190} INFO - [2024-11-04T20:13:10.239+0000] {override.py:1900} INFO - Created Permission View: can read on DAG Run:dataset_with_extra_from_classic_operator
[2024-11-04T20:13:10.257+0000] {logging_mixin.py:190} INFO - [2024-11-04T20:13:10.256+0000] {override.py:1900} INFO - Created Permission View: can create on DAG Run:dataset_with_extra_from_classic_operator
[2024-11-04T20:13:10.271+0000] {logging_mixin.py:190} INFO - [2024-11-04T20:13:10.270+0000] {override.py:1900} INFO - Created Permission View: can delete on DAG Run:dataset_with_extra_from_classic_operator
[2024-11-04T20:13:10.295+0000] {logging_mixin.py:190} INFO - [2024-11-04T20:13:10.294+0000] {override.py:1900} INFO - Created Permission View: can edit on DAG:dataset_with_extra_by_yield
[2024-11-04T20:13:10.309+0000] {logging_mixin.py:190} INFO - [2024-11-04T20:13:10.309+0000] {override.py:1900} INFO - Created Permission View: can read on DAG:dataset_with_extra_by_yield
[2024-11-04T20:13:10.325+0000] {logging_mixin.py:190} INFO - [2024-11-04T20:13:10.325+0000] {override.py:1900} INFO - Created Permission View: can delete on DAG:dataset_with_extra_by_yield
[2024-11-04T20:13:10.337+0000] {logging_mixin.py:190} INFO - [2024-11-04T20:13:10.337+0000] {override.py:1900} INFO - Created Permission View: menu access on DAG Run:dataset_with_extra_by_yield
[2024-11-04T20:13:10.351+0000] {logging_mixin.py:190} INFO - [2024-11-04T20:13:10.351+0000] {override.py:1900} INFO - Created Permission View: can read on DAG Run:dataset_with_extra_by_yield
[2024-11-04T20:13:10.363+0000] {logging_mixin.py:190} INFO - [2024-11-04T20:13:10.362+0000] {override.py:1900} INFO - Created Permission View: can create on DAG Run:dataset_with_extra_by_yield
[2024-11-04T20:13:10.373+0000] {logging_mixin.py:190} INFO - [2024-11-04T20:13:10.373+0000] {override.py:1900} INFO - Created Permission View: can delete on DAG Run:dataset_with_extra_by_yield
[2024-11-04T20:13:10.391+0000] {logging_mixin.py:190} INFO - [2024-11-04T20:13:10.390+0000] {override.py:1900} INFO - Created Permission View: can edit on DAG:dataset_with_extra_by_context
[2024-11-04T20:13:10.406+0000] {logging_mixin.py:190} INFO - [2024-11-04T20:13:10.405+0000] {override.py:1900} INFO - Created Permission View: can read on DAG:dataset_with_extra_by_context
[2024-11-04T20:13:10.415+0000] {logging_mixin.py:190} INFO - [2024-11-04T20:13:10.415+0000] {override.py:1900} INFO - Created Permission View: can delete on DAG:dataset_with_extra_by_context
[2024-11-04T20:13:10.430+0000] {logging_mixin.py:190} INFO - [2024-11-04T20:13:10.429+0000] {override.py:1900} INFO - Created Permission View: menu access on DAG Run:dataset_with_extra_by_context
[2024-11-04T20:13:10.442+0000] {logging_mixin.py:190} INFO - [2024-11-04T20:13:10.441+0000] {override.py:1900} INFO - Created Permission View: can read on DAG Run:dataset_with_extra_by_context
[2024-11-04T20:13:10.461+0000] {logging_mixin.py:190} INFO - [2024-11-04T20:13:10.460+0000] {override.py:1900} INFO - Created Permission View: can create on DAG Run:dataset_with_extra_by_context
[2024-11-04T20:13:10.472+0000] {logging_mixin.py:190} INFO - [2024-11-04T20:13:10.471+0000] {override.py:1900} INFO - Created Permission View: can delete on DAG Run:dataset_with_extra_by_context
[2024-11-04T20:13:10.473+0000] {logging_mixin.py:190} INFO - [2024-11-04T20:13:10.473+0000] {dag.py:3239} INFO - Sync 3 DAGs
[2024-11-04T20:13:10.572+0000] {logging_mixin.py:190} INFO - [2024-11-04T20:13:10.571+0000] {dag.py:3262} INFO - Creating ORM DAG for dataset_with_extra_by_yield
[2024-11-04T20:13:10.573+0000] {logging_mixin.py:190} INFO - [2024-11-04T20:13:10.573+0000] {dag.py:3262} INFO - Creating ORM DAG for dataset_with_extra_from_classic_operator
[2024-11-04T20:13:10.574+0000] {logging_mixin.py:190} INFO - [2024-11-04T20:13:10.574+0000] {dag.py:3262} INFO - Creating ORM DAG for dataset_with_extra_by_context
[2024-11-04T20:13:10.626+0000] {logging_mixin.py:190} INFO - [2024-11-04T20:13:10.625+0000] {dag.py:4180} INFO - Setting next_dagrun for dataset_with_extra_by_context to 2024-11-03 00:00:00+00:00, run_after=2024-11-04 00:00:00+00:00
[2024-11-04T20:13:10.635+0000] {logging_mixin.py:190} INFO - [2024-11-04T20:13:10.635+0000] {dag.py:4180} INFO - Setting next_dagrun for dataset_with_extra_by_yield to 2024-11-03 00:00:00+00:00, run_after=2024-11-04 00:00:00+00:00
[2024-11-04T20:13:10.638+0000] {logging_mixin.py:190} INFO - [2024-11-04T20:13:10.638+0000] {dag.py:4180} INFO - Setting next_dagrun for dataset_with_extra_from_classic_operator to 2024-11-03 00:00:00+00:00, run_after=2024-11-04 00:00:00+00:00
[2024-11-04T20:13:10.743+0000] {processor.py:208} INFO - Processing /home/airflow/.local/lib/python3.12/site-packages/airflow/example_dags/example_outlet_event_extra.py took 2.648 seconds
[2024-11-04T20:13:45.066+0000] {processor.py:186} INFO - Started process (PID=128) to work on /home/airflow/.local/lib/python3.12/site-packages/airflow/example_dags/example_outlet_event_extra.py
[2024-11-04T20:13:45.068+0000] {processor.py:914} INFO - Processing file /home/airflow/.local/lib/python3.12/site-packages/airflow/example_dags/example_outlet_event_extra.py for tasks to queue
[2024-11-04T20:13:45.072+0000] {logging_mixin.py:190} INFO - [2024-11-04T20:13:45.071+0000] {dagbag.py:588} INFO - Filling up the DagBag from /home/airflow/.local/lib/python3.12/site-packages/airflow/example_dags/example_outlet_event_extra.py
[2024-11-04T20:13:45.410+0000] {processor.py:925} INFO - DAG(s) 'dataset_with_extra_from_classic_operator', 'dataset_with_extra_by_yield', 'dataset_with_extra_by_context' retrieved from /home/airflow/.local/lib/python3.12/site-packages/airflow/example_dags/example_outlet_event_extra.py
[2024-11-04T20:13:45.469+0000] {logging_mixin.py:190} INFO - [2024-11-04T20:13:45.469+0000] {dag.py:3239} INFO - Sync 3 DAGs
[2024-11-04T20:13:45.560+0000] {logging_mixin.py:190} INFO - [2024-11-04T20:13:45.555+0000] {dag.py:4180} INFO - Setting next_dagrun for dataset_with_extra_by_context to 2024-11-03 00:00:00+00:00, run_after=2024-11-04 00:00:00+00:00
[2024-11-04T20:13:45.571+0000] {logging_mixin.py:190} INFO - [2024-11-04T20:13:45.571+0000] {dag.py:4180} INFO - Setting next_dagrun for dataset_with_extra_by_yield to 2024-11-03 00:00:00+00:00, run_after=2024-11-04 00:00:00+00:00
[2024-11-04T20:13:45.575+0000] {logging_mixin.py:190} INFO - [2024-11-04T20:13:45.575+0000] {dag.py:4180} INFO - Setting next_dagrun for dataset_with_extra_from_classic_operator to 2024-11-03 00:00:00+00:00, run_after=2024-11-04 00:00:00+00:00
[2024-11-04T20:13:45.661+0000] {processor.py:208} INFO - Processing /home/airflow/.local/lib/python3.12/site-packages/airflow/example_dags/example_outlet_event_extra.py took 0.603 seconds
[2024-11-04T20:14:15.913+0000] {processor.py:186} INFO - Started process (PID=190) to work on /home/airflow/.local/lib/python3.12/site-packages/airflow/example_dags/example_outlet_event_extra.py
[2024-11-04T20:14:15.915+0000] {processor.py:914} INFO - Processing file /home/airflow/.local/lib/python3.12/site-packages/airflow/example_dags/example_outlet_event_extra.py for tasks to queue
[2024-11-04T20:14:15.921+0000] {logging_mixin.py:190} INFO - [2024-11-04T20:14:15.920+0000] {dagbag.py:588} INFO - Filling up the DagBag from /home/airflow/.local/lib/python3.12/site-packages/airflow/example_dags/example_outlet_event_extra.py
[2024-11-04T20:14:16.145+0000] {processor.py:925} INFO - DAG(s) 'dataset_with_extra_from_classic_operator', 'dataset_with_extra_by_yield', 'dataset_with_extra_by_context' retrieved from /home/airflow/.local/lib/python3.12/site-packages/airflow/example_dags/example_outlet_event_extra.py
[2024-11-04T20:14:16.181+0000] {logging_mixin.py:190} INFO - [2024-11-04T20:14:16.180+0000] {dag.py:3239} INFO - Sync 3 DAGs
[2024-11-04T20:14:16.214+0000] {logging_mixin.py:190} INFO - [2024-11-04T20:14:16.213+0000] {dag.py:4180} INFO - Setting next_dagrun for dataset_with_extra_by_context to 2024-11-03 00:00:00+00:00, run_after=2024-11-04 00:00:00+00:00
[2024-11-04T20:14:16.221+0000] {logging_mixin.py:190} INFO - [2024-11-04T20:14:16.221+0000] {dag.py:4180} INFO - Setting next_dagrun for dataset_with_extra_by_yield to 2024-11-03 00:00:00+00:00, run_after=2024-11-04 00:00:00+00:00
[2024-11-04T20:14:16.224+0000] {logging_mixin.py:190} INFO - [2024-11-04T20:14:16.224+0000] {dag.py:4180} INFO - Setting next_dagrun for dataset_with_extra_from_classic_operator to 2024-11-03 00:00:00+00:00, run_after=2024-11-04 00:00:00+00:00
[2024-11-04T20:14:16.254+0000] {processor.py:208} INFO - Processing /home/airflow/.local/lib/python3.12/site-packages/airflow/example_dags/example_outlet_event_extra.py took 0.349 seconds
[2024-11-04T20:14:46.456+0000] {processor.py:186} INFO - Started process (PID=252) to work on /home/airflow/.local/lib/python3.12/site-packages/airflow/example_dags/example_outlet_event_extra.py
[2024-11-04T20:14:46.457+0000] {processor.py:914} INFO - Processing file /home/airflow/.local/lib/python3.12/site-packages/airflow/example_dags/example_outlet_event_extra.py for tasks to queue
[2024-11-04T20:14:46.460+0000] {logging_mixin.py:190} INFO - [2024-11-04T20:14:46.459+0000] {dagbag.py:588} INFO - Filling up the DagBag from /home/airflow/.local/lib/python3.12/site-packages/airflow/example_dags/example_outlet_event_extra.py
[2024-11-04T20:14:46.637+0000] {processor.py:925} INFO - DAG(s) 'dataset_with_extra_by_yield', 'dataset_with_extra_from_classic_operator', 'dataset_with_extra_by_context' retrieved from /home/airflow/.local/lib/python3.12/site-packages/airflow/example_dags/example_outlet_event_extra.py
[2024-11-04T20:14:46.689+0000] {logging_mixin.py:190} INFO - [2024-11-04T20:14:46.689+0000] {dag.py:3239} INFO - Sync 3 DAGs
[2024-11-04T20:14:46.717+0000] {logging_mixin.py:190} INFO - [2024-11-04T20:14:46.717+0000] {dag.py:4180} INFO - Setting next_dagrun for dataset_with_extra_by_context to 2024-11-03 00:00:00+00:00, run_after=2024-11-04 00:00:00+00:00
[2024-11-04T20:14:46.723+0000] {logging_mixin.py:190} INFO - [2024-11-04T20:14:46.723+0000] {dag.py:4180} INFO - Setting next_dagrun for dataset_with_extra_by_yield to 2024-11-03 00:00:00+00:00, run_after=2024-11-04 00:00:00+00:00
[2024-11-04T20:14:46.726+0000] {logging_mixin.py:190} INFO - [2024-11-04T20:14:46.726+0000] {dag.py:4180} INFO - Setting next_dagrun for dataset_with_extra_from_classic_operator to 2024-11-03 00:00:00+00:00, run_after=2024-11-04 00:00:00+00:00
[2024-11-04T20:14:46.752+0000] {processor.py:208} INFO - Processing /home/airflow/.local/lib/python3.12/site-packages/airflow/example_dags/example_outlet_event_extra.py took 0.303 seconds
[2024-11-04T20:15:16.948+0000] {processor.py:186} INFO - Started process (PID=315) to work on /home/airflow/.local/lib/python3.12/site-packages/airflow/example_dags/example_outlet_event_extra.py
[2024-11-04T20:15:16.949+0000] {processor.py:914} INFO - Processing file /home/airflow/.local/lib/python3.12/site-packages/airflow/example_dags/example_outlet_event_extra.py for tasks to queue
[2024-11-04T20:15:16.952+0000] {logging_mixin.py:190} INFO - [2024-11-04T20:15:16.952+0000] {dagbag.py:588} INFO - Filling up the DagBag from /home/airflow/.local/lib/python3.12/site-packages/airflow/example_dags/example_outlet_event_extra.py
[2024-11-04T20:15:17.110+0000] {processor.py:925} INFO - DAG(s) 'dataset_with_extra_by_yield', 'dataset_with_extra_by_context', 'dataset_with_extra_from_classic_operator' retrieved from /home/airflow/.local/lib/python3.12/site-packages/airflow/example_dags/example_outlet_event_extra.py
[2024-11-04T20:15:17.138+0000] {logging_mixin.py:190} INFO - [2024-11-04T20:15:17.138+0000] {dag.py:3239} INFO - Sync 3 DAGs
[2024-11-04T20:15:17.166+0000] {logging_mixin.py:190} INFO - [2024-11-04T20:15:17.166+0000] {dag.py:4180} INFO - Setting next_dagrun for dataset_with_extra_by_context to 2024-11-03 00:00:00+00:00, run_after=2024-11-04 00:00:00+00:00
[2024-11-04T20:15:17.172+0000] {logging_mixin.py:190} INFO - [2024-11-04T20:15:17.172+0000] {dag.py:4180} INFO - Setting next_dagrun for dataset_with_extra_by_yield to 2024-11-03 00:00:00+00:00, run_after=2024-11-04 00:00:00+00:00
[2024-11-04T20:15:17.175+0000] {logging_mixin.py:190} INFO - [2024-11-04T20:15:17.175+0000] {dag.py:4180} INFO - Setting next_dagrun for dataset_with_extra_from_classic_operator to 2024-11-03 00:00:00+00:00, run_after=2024-11-04 00:00:00+00:00
[2024-11-04T20:15:17.200+0000] {processor.py:208} INFO - Processing /home/airflow/.local/lib/python3.12/site-packages/airflow/example_dags/example_outlet_event_extra.py took 0.259 seconds
[2024-11-04T20:15:47.521+0000] {processor.py:186} INFO - Started process (PID=376) to work on /home/airflow/.local/lib/python3.12/site-packages/airflow/example_dags/example_outlet_event_extra.py
[2024-11-04T20:15:47.524+0000] {processor.py:914} INFO - Processing file /home/airflow/.local/lib/python3.12/site-packages/airflow/example_dags/example_outlet_event_extra.py for tasks to queue
[2024-11-04T20:15:47.528+0000] {logging_mixin.py:190} INFO - [2024-11-04T20:15:47.527+0000] {dagbag.py:588} INFO - Filling up the DagBag from /home/airflow/.local/lib/python3.12/site-packages/airflow/example_dags/example_outlet_event_extra.py
[2024-11-04T20:15:47.771+0000] {processor.py:925} INFO - DAG(s) 'dataset_with_extra_by_yield', 'dataset_with_extra_from_classic_operator', 'dataset_with_extra_by_context' retrieved from /home/airflow/.local/lib/python3.12/site-packages/airflow/example_dags/example_outlet_event_extra.py
[2024-11-04T20:15:47.812+0000] {logging_mixin.py:190} INFO - [2024-11-04T20:15:47.811+0000] {dag.py:3239} INFO - Sync 3 DAGs
[2024-11-04T20:15:47.856+0000] {logging_mixin.py:190} INFO - [2024-11-04T20:15:47.855+0000] {dag.py:4180} INFO - Setting next_dagrun for dataset_with_extra_by_context to 2024-11-03 00:00:00+00:00, run_after=2024-11-04 00:00:00+00:00
[2024-11-04T20:15:47.864+0000] {logging_mixin.py:190} INFO - [2024-11-04T20:15:47.863+0000] {dag.py:4180} INFO - Setting next_dagrun for dataset_with_extra_by_yield to 2024-11-03 00:00:00+00:00, run_after=2024-11-04 00:00:00+00:00
[2024-11-04T20:15:47.870+0000] {logging_mixin.py:190} INFO - [2024-11-04T20:15:47.869+0000] {dag.py:4180} INFO - Setting next_dagrun for dataset_with_extra_from_classic_operator to 2024-11-03 00:00:00+00:00, run_after=2024-11-04 00:00:00+00:00
[2024-11-04T20:15:47.906+0000] {processor.py:208} INFO - Processing /home/airflow/.local/lib/python3.12/site-packages/airflow/example_dags/example_outlet_event_extra.py took 0.399 seconds
[2024-11-04T20:16:18.428+0000] {processor.py:186} INFO - Started process (PID=438) to work on /home/airflow/.local/lib/python3.12/site-packages/airflow/example_dags/example_outlet_event_extra.py
[2024-11-04T20:16:18.430+0000] {processor.py:914} INFO - Processing file /home/airflow/.local/lib/python3.12/site-packages/airflow/example_dags/example_outlet_event_extra.py for tasks to queue
[2024-11-04T20:16:18.433+0000] {logging_mixin.py:190} INFO - [2024-11-04T20:16:18.432+0000] {dagbag.py:588} INFO - Filling up the DagBag from /home/airflow/.local/lib/python3.12/site-packages/airflow/example_dags/example_outlet_event_extra.py
[2024-11-04T20:16:18.646+0000] {processor.py:925} INFO - DAG(s) 'dataset_with_extra_by_yield', 'dataset_with_extra_by_context', 'dataset_with_extra_from_classic_operator' retrieved from /home/airflow/.local/lib/python3.12/site-packages/airflow/example_dags/example_outlet_event_extra.py
[2024-11-04T20:16:18.722+0000] {logging_mixin.py:190} INFO - [2024-11-04T20:16:18.722+0000] {dag.py:3239} INFO - Sync 3 DAGs
[2024-11-04T20:16:18.917+0000] {logging_mixin.py:190} INFO - [2024-11-04T20:16:18.917+0000] {dag.py:4180} INFO - Setting next_dagrun for dataset_with_extra_by_context to 2024-11-03 00:00:00+00:00, run_after=2024-11-04 00:00:00+00:00
[2024-11-04T20:16:18.926+0000] {logging_mixin.py:190} INFO - [2024-11-04T20:16:18.926+0000] {dag.py:4180} INFO - Setting next_dagrun for dataset_with_extra_by_yield to 2024-11-03 00:00:00+00:00, run_after=2024-11-04 00:00:00+00:00
[2024-11-04T20:16:18.930+0000] {logging_mixin.py:190} INFO - [2024-11-04T20:16:18.929+0000] {dag.py:4180} INFO - Setting next_dagrun for dataset_with_extra_from_classic_operator to 2024-11-03 00:00:00+00:00, run_after=2024-11-04 00:00:00+00:00
[2024-11-04T20:16:18.968+0000] {processor.py:208} INFO - Processing /home/airflow/.local/lib/python3.12/site-packages/airflow/example_dags/example_outlet_event_extra.py took 0.552 seconds
[2024-11-04T20:16:50.091+0000] {processor.py:186} INFO - Started process (PID=501) to work on /home/airflow/.local/lib/python3.12/site-packages/airflow/example_dags/example_outlet_event_extra.py
[2024-11-04T20:16:50.099+0000] {processor.py:914} INFO - Processing file /home/airflow/.local/lib/python3.12/site-packages/airflow/example_dags/example_outlet_event_extra.py for tasks to queue
[2024-11-04T20:16:50.103+0000] {logging_mixin.py:190} INFO - [2024-11-04T20:16:50.102+0000] {dagbag.py:588} INFO - Filling up the DagBag from /home/airflow/.local/lib/python3.12/site-packages/airflow/example_dags/example_outlet_event_extra.py
[2024-11-04T20:16:50.712+0000] {processor.py:925} INFO - DAG(s) 'dataset_with_extra_by_context', 'dataset_with_extra_by_yield', 'dataset_with_extra_from_classic_operator' retrieved from /home/airflow/.local/lib/python3.12/site-packages/airflow/example_dags/example_outlet_event_extra.py
[2024-11-04T20:16:50.796+0000] {logging_mixin.py:190} INFO - [2024-11-04T20:16:50.796+0000] {dag.py:3239} INFO - Sync 3 DAGs
[2024-11-04T20:16:50.870+0000] {logging_mixin.py:190} INFO - [2024-11-04T20:16:50.869+0000] {dag.py:4180} INFO - Setting next_dagrun for dataset_with_extra_by_context to 2024-11-03 00:00:00+00:00, run_after=2024-11-04 00:00:00+00:00
[2024-11-04T20:16:50.891+0000] {logging_mixin.py:190} INFO - [2024-11-04T20:16:50.890+0000] {dag.py:4180} INFO - Setting next_dagrun for dataset_with_extra_by_yield to 2024-11-03 00:00:00+00:00, run_after=2024-11-04 00:00:00+00:00
[2024-11-04T20:16:50.899+0000] {logging_mixin.py:190} INFO - [2024-11-04T20:16:50.898+0000] {dag.py:4180} INFO - Setting next_dagrun for dataset_with_extra_from_classic_operator to 2024-11-03 00:00:00+00:00, run_after=2024-11-04 00:00:00+00:00
[2024-11-04T20:16:50.960+0000] {processor.py:208} INFO - Processing /home/airflow/.local/lib/python3.12/site-packages/airflow/example_dags/example_outlet_event_extra.py took 0.884 seconds
[2024-11-04T20:17:24.105+0000] {processor.py:186} INFO - Started process (PID=562) to work on /home/airflow/.local/lib/python3.12/site-packages/airflow/example_dags/example_outlet_event_extra.py
[2024-11-04T20:17:24.108+0000] {processor.py:914} INFO - Processing file /home/airflow/.local/lib/python3.12/site-packages/airflow/example_dags/example_outlet_event_extra.py for tasks to queue
[2024-11-04T20:17:24.138+0000] {logging_mixin.py:190} INFO - [2024-11-04T20:17:24.137+0000] {dagbag.py:588} INFO - Filling up the DagBag from /home/airflow/.local/lib/python3.12/site-packages/airflow/example_dags/example_outlet_event_extra.py
[2024-11-04T20:17:25.592+0000] {processor.py:925} INFO - DAG(s) 'dataset_with_extra_by_context', 'dataset_with_extra_from_classic_operator', 'dataset_with_extra_by_yield' retrieved from /home/airflow/.local/lib/python3.12/site-packages/airflow/example_dags/example_outlet_event_extra.py
[2024-11-04T20:17:26.200+0000] {logging_mixin.py:190} INFO - [2024-11-04T20:17:26.199+0000] {dag.py:3239} INFO - Sync 3 DAGs
[2024-11-04T20:17:26.564+0000] {logging_mixin.py:190} INFO - [2024-11-04T20:17:26.563+0000] {dag.py:4180} INFO - Setting next_dagrun for dataset_with_extra_by_context to 2024-11-03 00:00:00+00:00, run_after=2024-11-04 00:00:00+00:00
[2024-11-04T20:17:26.629+0000] {logging_mixin.py:190} INFO - [2024-11-04T20:17:26.628+0000] {dag.py:4180} INFO - Setting next_dagrun for dataset_with_extra_by_yield to 2024-11-03 00:00:00+00:00, run_after=2024-11-04 00:00:00+00:00
[2024-11-04T20:17:26.647+0000] {logging_mixin.py:190} INFO - [2024-11-04T20:17:26.646+0000] {dag.py:4180} INFO - Setting next_dagrun for dataset_with_extra_from_classic_operator to 2024-11-03 00:00:00+00:00, run_after=2024-11-04 00:00:00+00:00
[2024-11-04T20:17:27.224+0000] {processor.py:208} INFO - Processing /home/airflow/.local/lib/python3.12/site-packages/airflow/example_dags/example_outlet_event_extra.py took 3.210 seconds
[2024-11-04T20:17:57.376+0000] {processor.py:186} INFO - Started process (PID=624) to work on /home/airflow/.local/lib/python3.12/site-packages/airflow/example_dags/example_outlet_event_extra.py
[2024-11-04T20:17:57.378+0000] {processor.py:914} INFO - Processing file /home/airflow/.local/lib/python3.12/site-packages/airflow/example_dags/example_outlet_event_extra.py for tasks to queue
[2024-11-04T20:17:57.381+0000] {logging_mixin.py:190} INFO - [2024-11-04T20:17:57.381+0000] {dagbag.py:588} INFO - Filling up the DagBag from /home/airflow/.local/lib/python3.12/site-packages/airflow/example_dags/example_outlet_event_extra.py
[2024-11-04T20:17:57.547+0000] {processor.py:925} INFO - DAG(s) 'dataset_with_extra_from_classic_operator', 'dataset_with_extra_by_yield', 'dataset_with_extra_by_context' retrieved from /home/airflow/.local/lib/python3.12/site-packages/airflow/example_dags/example_outlet_event_extra.py
[2024-11-04T20:17:57.578+0000] {logging_mixin.py:190} INFO - [2024-11-04T20:17:57.578+0000] {dag.py:3239} INFO - Sync 3 DAGs
[2024-11-04T20:17:57.613+0000] {logging_mixin.py:190} INFO - [2024-11-04T20:17:57.612+0000] {dag.py:4180} INFO - Setting next_dagrun for dataset_with_extra_by_context to 2024-11-03 00:00:00+00:00, run_after=2024-11-04 00:00:00+00:00
[2024-11-04T20:17:57.619+0000] {logging_mixin.py:190} INFO - [2024-11-04T20:17:57.619+0000] {dag.py:4180} INFO - Setting next_dagrun for dataset_with_extra_by_yield to 2024-11-03 00:00:00+00:00, run_after=2024-11-04 00:00:00+00:00
[2024-11-04T20:17:57.622+0000] {logging_mixin.py:190} INFO - [2024-11-04T20:17:57.622+0000] {dag.py:4180} INFO - Setting next_dagrun for dataset_with_extra_from_classic_operator to 2024-11-03 00:00:00+00:00, run_after=2024-11-04 00:00:00+00:00
[2024-11-04T20:17:57.647+0000] {processor.py:208} INFO - Processing /home/airflow/.local/lib/python3.12/site-packages/airflow/example_dags/example_outlet_event_extra.py took 0.278 seconds
[2024-11-04T20:18:27.750+0000] {processor.py:186} INFO - Started process (PID=687) to work on /home/airflow/.local/lib/python3.12/site-packages/airflow/example_dags/example_outlet_event_extra.py
[2024-11-04T20:18:27.751+0000] {processor.py:914} INFO - Processing file /home/airflow/.local/lib/python3.12/site-packages/airflow/example_dags/example_outlet_event_extra.py for tasks to queue
[2024-11-04T20:18:27.753+0000] {logging_mixin.py:190} INFO - [2024-11-04T20:18:27.753+0000] {dagbag.py:588} INFO - Filling up the DagBag from /home/airflow/.local/lib/python3.12/site-packages/airflow/example_dags/example_outlet_event_extra.py
[2024-11-04T20:18:27.916+0000] {processor.py:925} INFO - DAG(s) 'dataset_with_extra_from_classic_operator', 'dataset_with_extra_by_context', 'dataset_with_extra_by_yield' retrieved from /home/airflow/.local/lib/python3.12/site-packages/airflow/example_dags/example_outlet_event_extra.py
[2024-11-04T20:18:27.945+0000] {logging_mixin.py:190} INFO - [2024-11-04T20:18:27.945+0000] {dag.py:3239} INFO - Sync 3 DAGs
[2024-11-04T20:18:27.974+0000] {logging_mixin.py:190} INFO - [2024-11-04T20:18:27.974+0000] {dag.py:4180} INFO - Setting next_dagrun for dataset_with_extra_by_context to 2024-11-03 00:00:00+00:00, run_after=2024-11-04 00:00:00+00:00
[2024-11-04T20:18:27.981+0000] {logging_mixin.py:190} INFO - [2024-11-04T20:18:27.980+0000] {dag.py:4180} INFO - Setting next_dagrun for dataset_with_extra_by_yield to 2024-11-03 00:00:00+00:00, run_after=2024-11-04 00:00:00+00:00
[2024-11-04T20:18:27.984+0000] {logging_mixin.py:190} INFO - [2024-11-04T20:18:27.984+0000] {dag.py:4180} INFO - Setting next_dagrun for dataset_with_extra_from_classic_operator to 2024-11-03 00:00:00+00:00, run_after=2024-11-04 00:00:00+00:00
[2024-11-04T20:18:28.008+0000] {processor.py:208} INFO - Processing /home/airflow/.local/lib/python3.12/site-packages/airflow/example_dags/example_outlet_event_extra.py took 0.265 seconds
[2024-11-04T20:18:58.584+0000] {processor.py:186} INFO - Started process (PID=750) to work on /home/airflow/.local/lib/python3.12/site-packages/airflow/example_dags/example_outlet_event_extra.py
[2024-11-04T20:18:58.585+0000] {processor.py:914} INFO - Processing file /home/airflow/.local/lib/python3.12/site-packages/airflow/example_dags/example_outlet_event_extra.py for tasks to queue
[2024-11-04T20:18:58.588+0000] {logging_mixin.py:190} INFO - [2024-11-04T20:18:58.588+0000] {dagbag.py:588} INFO - Filling up the DagBag from /home/airflow/.local/lib/python3.12/site-packages/airflow/example_dags/example_outlet_event_extra.py
[2024-11-04T20:18:58.786+0000] {processor.py:925} INFO - DAG(s) 'dataset_with_extra_by_yield', 'dataset_with_extra_by_context', 'dataset_with_extra_from_classic_operator' retrieved from /home/airflow/.local/lib/python3.12/site-packages/airflow/example_dags/example_outlet_event_extra.py
[2024-11-04T20:18:58.819+0000] {logging_mixin.py:190} INFO - [2024-11-04T20:18:58.818+0000] {dag.py:3239} INFO - Sync 3 DAGs
[2024-11-04T20:18:58.855+0000] {logging_mixin.py:190} INFO - [2024-11-04T20:18:58.855+0000] {dag.py:4180} INFO - Setting next_dagrun for dataset_with_extra_by_context to 2024-11-03 00:00:00+00:00, run_after=2024-11-04 00:00:00+00:00
[2024-11-04T20:18:58.862+0000] {logging_mixin.py:190} INFO - [2024-11-04T20:18:58.862+0000] {dag.py:4180} INFO - Setting next_dagrun for dataset_with_extra_by_yield to 2024-11-03 00:00:00+00:00, run_after=2024-11-04 00:00:00+00:00
[2024-11-04T20:18:58.866+0000] {logging_mixin.py:190} INFO - [2024-11-04T20:18:58.865+0000] {dag.py:4180} INFO - Setting next_dagrun for dataset_with_extra_from_classic_operator to 2024-11-03 00:00:00+00:00, run_after=2024-11-04 00:00:00+00:00
[2024-11-04T20:18:58.894+0000] {processor.py:208} INFO - Processing /home/airflow/.local/lib/python3.12/site-packages/airflow/example_dags/example_outlet_event_extra.py took 0.317 seconds
[2024-11-04T20:19:29.199+0000] {processor.py:186} INFO - Started process (PID=813) to work on /home/airflow/.local/lib/python3.12/site-packages/airflow/example_dags/example_outlet_event_extra.py
[2024-11-04T20:19:29.201+0000] {processor.py:914} INFO - Processing file /home/airflow/.local/lib/python3.12/site-packages/airflow/example_dags/example_outlet_event_extra.py for tasks to queue
[2024-11-04T20:19:29.205+0000] {logging_mixin.py:190} INFO - [2024-11-04T20:19:29.205+0000] {dagbag.py:588} INFO - Filling up the DagBag from /home/airflow/.local/lib/python3.12/site-packages/airflow/example_dags/example_outlet_event_extra.py
[2024-11-04T20:19:29.384+0000] {processor.py:925} INFO - DAG(s) 'dataset_with_extra_by_yield', 'dataset_with_extra_from_classic_operator', 'dataset_with_extra_by_context' retrieved from /home/airflow/.local/lib/python3.12/site-packages/airflow/example_dags/example_outlet_event_extra.py
[2024-11-04T20:19:29.412+0000] {logging_mixin.py:190} INFO - [2024-11-04T20:19:29.412+0000] {dag.py:3239} INFO - Sync 3 DAGs
[2024-11-04T20:19:29.438+0000] {logging_mixin.py:190} INFO - [2024-11-04T20:19:29.438+0000] {dag.py:4180} INFO - Setting next_dagrun for dataset_with_extra_by_context to 2024-11-03 00:00:00+00:00, run_after=2024-11-04 00:00:00+00:00
[2024-11-04T20:19:29.444+0000] {logging_mixin.py:190} INFO - [2024-11-04T20:19:29.444+0000] {dag.py:4180} INFO - Setting next_dagrun for dataset_with_extra_by_yield to 2024-11-03 00:00:00+00:00, run_after=2024-11-04 00:00:00+00:00
[2024-11-04T20:19:29.447+0000] {logging_mixin.py:190} INFO - [2024-11-04T20:19:29.446+0000] {dag.py:4180} INFO - Setting next_dagrun for dataset_with_extra_from_classic_operator to 2024-11-03 00:00:00+00:00, run_after=2024-11-04 00:00:00+00:00
[2024-11-04T20:19:29.471+0000] {processor.py:208} INFO - Processing /home/airflow/.local/lib/python3.12/site-packages/airflow/example_dags/example_outlet_event_extra.py took 0.279 seconds
[2024-11-04T20:19:59.539+0000] {processor.py:186} INFO - Started process (PID=876) to work on /home/airflow/.local/lib/python3.12/site-packages/airflow/example_dags/example_outlet_event_extra.py
[2024-11-04T20:19:59.541+0000] {processor.py:914} INFO - Processing file /home/airflow/.local/lib/python3.12/site-packages/airflow/example_dags/example_outlet_event_extra.py for tasks to queue
[2024-11-04T20:19:59.545+0000] {logging_mixin.py:190} INFO - [2024-11-04T20:19:59.545+0000] {dagbag.py:588} INFO - Filling up the DagBag from /home/airflow/.local/lib/python3.12/site-packages/airflow/example_dags/example_outlet_event_extra.py
[2024-11-04T20:19:59.804+0000] {processor.py:925} INFO - DAG(s) 'dataset_with_extra_by_context', 'dataset_with_extra_from_classic_operator', 'dataset_with_extra_by_yield' retrieved from /home/airflow/.local/lib/python3.12/site-packages/airflow/example_dags/example_outlet_event_extra.py
[2024-11-04T20:19:59.846+0000] {logging_mixin.py:190} INFO - [2024-11-04T20:19:59.845+0000] {dag.py:3239} INFO - Sync 3 DAGs
[2024-11-04T20:19:59.888+0000] {logging_mixin.py:190} INFO - [2024-11-04T20:19:59.887+0000] {dag.py:4180} INFO - Setting next_dagrun for dataset_with_extra_by_context to 2024-11-03 00:00:00+00:00, run_after=2024-11-04 00:00:00+00:00
[2024-11-04T20:19:59.895+0000] {logging_mixin.py:190} INFO - [2024-11-04T20:19:59.895+0000] {dag.py:4180} INFO - Setting next_dagrun for dataset_with_extra_by_yield to 2024-11-03 00:00:00+00:00, run_after=2024-11-04 00:00:00+00:00
[2024-11-04T20:19:59.899+0000] {logging_mixin.py:190} INFO - [2024-11-04T20:19:59.898+0000] {dag.py:4180} INFO - Setting next_dagrun for dataset_with_extra_from_classic_operator to 2024-11-03 00:00:00+00:00, run_after=2024-11-04 00:00:00+00:00
[2024-11-04T20:19:59.947+0000] {processor.py:208} INFO - Processing /home/airflow/.local/lib/python3.12/site-packages/airflow/example_dags/example_outlet_event_extra.py took 0.416 seconds
[2024-11-04T20:20:30.095+0000] {processor.py:186} INFO - Started process (PID=939) to work on /home/airflow/.local/lib/python3.12/site-packages/airflow/example_dags/example_outlet_event_extra.py
[2024-11-04T20:20:30.098+0000] {processor.py:914} INFO - Processing file /home/airflow/.local/lib/python3.12/site-packages/airflow/example_dags/example_outlet_event_extra.py for tasks to queue
[2024-11-04T20:20:30.102+0000] {logging_mixin.py:190} INFO - [2024-11-04T20:20:30.102+0000] {dagbag.py:588} INFO - Filling up the DagBag from /home/airflow/.local/lib/python3.12/site-packages/airflow/example_dags/example_outlet_event_extra.py
[2024-11-04T20:20:30.415+0000] {processor.py:925} INFO - DAG(s) 'dataset_with_extra_by_yield', 'dataset_with_extra_from_classic_operator', 'dataset_with_extra_by_context' retrieved from /home/airflow/.local/lib/python3.12/site-packages/airflow/example_dags/example_outlet_event_extra.py
[2024-11-04T20:20:30.517+0000] {logging_mixin.py:190} INFO - [2024-11-04T20:20:30.517+0000] {dag.py:3239} INFO - Sync 3 DAGs
[2024-11-04T20:20:30.577+0000] {logging_mixin.py:190} INFO - [2024-11-04T20:20:30.576+0000] {dag.py:4180} INFO - Setting next_dagrun for dataset_with_extra_by_context to 2024-11-03 00:00:00+00:00, run_after=2024-11-04 00:00:00+00:00
[2024-11-04T20:20:30.585+0000] {logging_mixin.py:190} INFO - [2024-11-04T20:20:30.585+0000] {dag.py:4180} INFO - Setting next_dagrun for dataset_with_extra_by_yield to 2024-11-03 00:00:00+00:00, run_after=2024-11-04 00:00:00+00:00
[2024-11-04T20:20:30.589+0000] {logging_mixin.py:190} INFO - [2024-11-04T20:20:30.588+0000] {dag.py:4180} INFO - Setting next_dagrun for dataset_with_extra_from_classic_operator to 2024-11-03 00:00:00+00:00, run_after=2024-11-04 00:00:00+00:00
[2024-11-04T20:20:30.618+0000] {processor.py:208} INFO - Processing /home/airflow/.local/lib/python3.12/site-packages/airflow/example_dags/example_outlet_event_extra.py took 0.530 seconds
[2024-11-04T20:21:00.703+0000] {processor.py:186} INFO - Started process (PID=1003) to work on /home/airflow/.local/lib/python3.12/site-packages/airflow/example_dags/example_outlet_event_extra.py
[2024-11-04T20:21:00.704+0000] {processor.py:914} INFO - Processing file /home/airflow/.local/lib/python3.12/site-packages/airflow/example_dags/example_outlet_event_extra.py for tasks to queue
[2024-11-04T20:21:00.707+0000] {logging_mixin.py:190} INFO - [2024-11-04T20:21:00.706+0000] {dagbag.py:588} INFO - Filling up the DagBag from /home/airflow/.local/lib/python3.12/site-packages/airflow/example_dags/example_outlet_event_extra.py
[2024-11-04T20:21:00.870+0000] {processor.py:925} INFO - DAG(s) 'dataset_with_extra_by_context', 'dataset_with_extra_from_classic_operator', 'dataset_with_extra_by_yield' retrieved from /home/airflow/.local/lib/python3.12/site-packages/airflow/example_dags/example_outlet_event_extra.py
[2024-11-04T20:21:00.922+0000] {logging_mixin.py:190} INFO - [2024-11-04T20:21:00.922+0000] {dag.py:3239} INFO - Sync 3 DAGs
[2024-11-04T20:21:00.962+0000] {logging_mixin.py:190} INFO - [2024-11-04T20:21:00.961+0000] {dag.py:4180} INFO - Setting next_dagrun for dataset_with_extra_by_context to 2024-11-03 00:00:00+00:00, run_after=2024-11-04 00:00:00+00:00
[2024-11-04T20:21:00.968+0000] {logging_mixin.py:190} INFO - [2024-11-04T20:21:00.967+0000] {dag.py:4180} INFO - Setting next_dagrun for dataset_with_extra_by_yield to 2024-11-03 00:00:00+00:00, run_after=2024-11-04 00:00:00+00:00
[2024-11-04T20:21:00.971+0000] {logging_mixin.py:190} INFO - [2024-11-04T20:21:00.970+0000] {dag.py:4180} INFO - Setting next_dagrun for dataset_with_extra_from_classic_operator to 2024-11-03 00:00:00+00:00, run_after=2024-11-04 00:00:00+00:00
[2024-11-04T20:21:00.992+0000] {processor.py:208} INFO - Processing /home/airflow/.local/lib/python3.12/site-packages/airflow/example_dags/example_outlet_event_extra.py took 0.297 seconds
[2024-11-04T20:21:31.116+0000] {processor.py:186} INFO - Started process (PID=1065) to work on /home/airflow/.local/lib/python3.12/site-packages/airflow/example_dags/example_outlet_event_extra.py
[2024-11-04T20:21:31.117+0000] {processor.py:914} INFO - Processing file /home/airflow/.local/lib/python3.12/site-packages/airflow/example_dags/example_outlet_event_extra.py for tasks to queue
[2024-11-04T20:21:31.120+0000] {logging_mixin.py:190} INFO - [2024-11-04T20:21:31.120+0000] {dagbag.py:588} INFO - Filling up the DagBag from /home/airflow/.local/lib/python3.12/site-packages/airflow/example_dags/example_outlet_event_extra.py
[2024-11-04T20:21:31.311+0000] {processor.py:925} INFO - DAG(s) 'dataset_with_extra_by_context', 'dataset_with_extra_by_yield', 'dataset_with_extra_from_classic_operator' retrieved from /home/airflow/.local/lib/python3.12/site-packages/airflow/example_dags/example_outlet_event_extra.py
[2024-11-04T20:21:31.336+0000] {logging_mixin.py:190} INFO - [2024-11-04T20:21:31.335+0000] {dag.py:3239} INFO - Sync 3 DAGs
[2024-11-04T20:21:31.366+0000] {logging_mixin.py:190} INFO - [2024-11-04T20:21:31.365+0000] {dag.py:4180} INFO - Setting next_dagrun for dataset_with_extra_by_context to 2024-11-03 00:00:00+00:00, run_after=2024-11-04 00:00:00+00:00
[2024-11-04T20:21:31.371+0000] {logging_mixin.py:190} INFO - [2024-11-04T20:21:31.371+0000] {dag.py:4180} INFO - Setting next_dagrun for dataset_with_extra_by_yield to 2024-11-03 00:00:00+00:00, run_after=2024-11-04 00:00:00+00:00
[2024-11-04T20:21:31.375+0000] {logging_mixin.py:190} INFO - [2024-11-04T20:21:31.375+0000] {dag.py:4180} INFO - Setting next_dagrun for dataset_with_extra_from_classic_operator to 2024-11-03 00:00:00+00:00, run_after=2024-11-04 00:00:00+00:00
[2024-11-04T20:21:31.396+0000] {processor.py:208} INFO - Processing /home/airflow/.local/lib/python3.12/site-packages/airflow/example_dags/example_outlet_event_extra.py took 0.286 seconds
[2024-11-04T20:22:01.473+0000] {processor.py:186} INFO - Started process (PID=1128) to work on /home/airflow/.local/lib/python3.12/site-packages/airflow/example_dags/example_outlet_event_extra.py
[2024-11-04T20:22:01.474+0000] {processor.py:914} INFO - Processing file /home/airflow/.local/lib/python3.12/site-packages/airflow/example_dags/example_outlet_event_extra.py for tasks to queue
[2024-11-04T20:22:01.477+0000] {logging_mixin.py:190} INFO - [2024-11-04T20:22:01.477+0000] {dagbag.py:588} INFO - Filling up the DagBag from /home/airflow/.local/lib/python3.12/site-packages/airflow/example_dags/example_outlet_event_extra.py
[2024-11-04T20:22:01.650+0000] {processor.py:925} INFO - DAG(s) 'dataset_with_extra_from_classic_operator', 'dataset_with_extra_by_yield', 'dataset_with_extra_by_context' retrieved from /home/airflow/.local/lib/python3.12/site-packages/airflow/example_dags/example_outlet_event_extra.py
[2024-11-04T20:22:01.683+0000] {logging_mixin.py:190} INFO - [2024-11-04T20:22:01.683+0000] {dag.py:3239} INFO - Sync 3 DAGs
[2024-11-04T20:22:01.713+0000] {logging_mixin.py:190} INFO - [2024-11-04T20:22:01.713+0000] {dag.py:4180} INFO - Setting next_dagrun for dataset_with_extra_by_context to 2024-11-03 00:00:00+00:00, run_after=2024-11-04 00:00:00+00:00
[2024-11-04T20:22:01.718+0000] {logging_mixin.py:190} INFO - [2024-11-04T20:22:01.718+0000] {dag.py:4180} INFO - Setting next_dagrun for dataset_with_extra_by_yield to 2024-11-03 00:00:00+00:00, run_after=2024-11-04 00:00:00+00:00
[2024-11-04T20:22:01.722+0000] {logging_mixin.py:190} INFO - [2024-11-04T20:22:01.722+0000] {dag.py:4180} INFO - Setting next_dagrun for dataset_with_extra_from_classic_operator to 2024-11-03 00:00:00+00:00, run_after=2024-11-04 00:00:00+00:00
[2024-11-04T20:22:01.746+0000] {processor.py:208} INFO - Processing /home/airflow/.local/lib/python3.12/site-packages/airflow/example_dags/example_outlet_event_extra.py took 0.281 seconds
[2024-11-04T20:22:31.837+0000] {processor.py:186} INFO - Started process (PID=1191) to work on /home/airflow/.local/lib/python3.12/site-packages/airflow/example_dags/example_outlet_event_extra.py
[2024-11-04T20:22:31.838+0000] {processor.py:914} INFO - Processing file /home/airflow/.local/lib/python3.12/site-packages/airflow/example_dags/example_outlet_event_extra.py for tasks to queue
[2024-11-04T20:22:31.841+0000] {logging_mixin.py:190} INFO - [2024-11-04T20:22:31.840+0000] {dagbag.py:588} INFO - Filling up the DagBag from /home/airflow/.local/lib/python3.12/site-packages/airflow/example_dags/example_outlet_event_extra.py
[2024-11-04T20:22:31.989+0000] {processor.py:925} INFO - DAG(s) 'dataset_with_extra_by_context', 'dataset_with_extra_from_classic_operator', 'dataset_with_extra_by_yield' retrieved from /home/airflow/.local/lib/python3.12/site-packages/airflow/example_dags/example_outlet_event_extra.py
[2024-11-04T20:22:32.016+0000] {logging_mixin.py:190} INFO - [2024-11-04T20:22:32.015+0000] {dag.py:3239} INFO - Sync 3 DAGs
[2024-11-04T20:22:32.041+0000] {logging_mixin.py:190} INFO - [2024-11-04T20:22:32.041+0000] {dag.py:4180} INFO - Setting next_dagrun for dataset_with_extra_by_context to 2024-11-03 00:00:00+00:00, run_after=2024-11-04 00:00:00+00:00
[2024-11-04T20:22:32.046+0000] {logging_mixin.py:190} INFO - [2024-11-04T20:22:32.046+0000] {dag.py:4180} INFO - Setting next_dagrun for dataset_with_extra_by_yield to 2024-11-03 00:00:00+00:00, run_after=2024-11-04 00:00:00+00:00
[2024-11-04T20:22:32.049+0000] {logging_mixin.py:190} INFO - [2024-11-04T20:22:32.049+0000] {dag.py:4180} INFO - Setting next_dagrun for dataset_with_extra_from_classic_operator to 2024-11-03 00:00:00+00:00, run_after=2024-11-04 00:00:00+00:00
[2024-11-04T20:22:32.070+0000] {processor.py:208} INFO - Processing /home/airflow/.local/lib/python3.12/site-packages/airflow/example_dags/example_outlet_event_extra.py took 0.240 seconds
[2024-11-04T20:23:02.293+0000] {processor.py:186} INFO - Started process (PID=1254) to work on /home/airflow/.local/lib/python3.12/site-packages/airflow/example_dags/example_outlet_event_extra.py
[2024-11-04T20:23:02.294+0000] {processor.py:914} INFO - Processing file /home/airflow/.local/lib/python3.12/site-packages/airflow/example_dags/example_outlet_event_extra.py for tasks to queue
[2024-11-04T20:23:02.296+0000] {logging_mixin.py:190} INFO - [2024-11-04T20:23:02.296+0000] {dagbag.py:588} INFO - Filling up the DagBag from /home/airflow/.local/lib/python3.12/site-packages/airflow/example_dags/example_outlet_event_extra.py
[2024-11-04T20:23:02.463+0000] {processor.py:925} INFO - DAG(s) 'dataset_with_extra_by_yield', 'dataset_with_extra_from_classic_operator', 'dataset_with_extra_by_context' retrieved from /home/airflow/.local/lib/python3.12/site-packages/airflow/example_dags/example_outlet_event_extra.py
[2024-11-04T20:23:02.492+0000] {logging_mixin.py:190} INFO - [2024-11-04T20:23:02.492+0000] {dag.py:3239} INFO - Sync 3 DAGs
[2024-11-04T20:23:02.525+0000] {logging_mixin.py:190} INFO - [2024-11-04T20:23:02.524+0000] {dag.py:4180} INFO - Setting next_dagrun for dataset_with_extra_by_context to 2024-11-03 00:00:00+00:00, run_after=2024-11-04 00:00:00+00:00
[2024-11-04T20:23:02.531+0000] {logging_mixin.py:190} INFO - [2024-11-04T20:23:02.531+0000] {dag.py:4180} INFO - Setting next_dagrun for dataset_with_extra_by_yield to 2024-11-03 00:00:00+00:00, run_after=2024-11-04 00:00:00+00:00
[2024-11-04T20:23:02.534+0000] {logging_mixin.py:190} INFO - [2024-11-04T20:23:02.534+0000] {dag.py:4180} INFO - Setting next_dagrun for dataset_with_extra_from_classic_operator to 2024-11-03 00:00:00+00:00, run_after=2024-11-04 00:00:00+00:00
[2024-11-04T20:23:02.557+0000] {processor.py:208} INFO - Processing /home/airflow/.local/lib/python3.12/site-packages/airflow/example_dags/example_outlet_event_extra.py took 0.272 seconds
