[2024-11-04T20:13:31.443+0000] {processor.py:186} INFO - Started process (PID=96) to work on /home/airflow/.local/lib/python3.12/site-packages/airflow/example_dags/example_subdag_operator.py
[2024-11-04T20:13:31.445+0000] {processor.py:914} INFO - Processing file /home/airflow/.local/lib/python3.12/site-packages/airflow/example_dags/example_subdag_operator.py for tasks to queue
[2024-11-04T20:13:31.449+0000] {logging_mixin.py:190} INFO - [2024-11-04T20:13:31.449+0000] {dagbag.py:588} INFO - Filling up the DagBag from /home/airflow/.local/lib/python3.12/site-packages/airflow/example_dags/example_subdag_operator.py
[2024-11-04T20:13:31.534+0000] {processor.py:925} INFO - DAG(s) 'example_subdag_operator.section-1', 'example_subdag_operator.section-2', 'example_subdag_operator' retrieved from /home/airflow/.local/lib/python3.12/site-packages/airflow/example_dags/example_subdag_operator.py
[2024-11-04T20:13:32.293+0000] {logging_mixin.py:190} INFO - [2024-11-04T20:13:32.285+0000] {override.py:1900} INFO - Created Permission View: can edit on DAG:example_subdag_operator
[2024-11-04T20:13:32.387+0000] {logging_mixin.py:190} INFO - [2024-11-04T20:13:32.385+0000] {override.py:1900} INFO - Created Permission View: can read on DAG:example_subdag_operator
[2024-11-04T20:13:32.431+0000] {logging_mixin.py:190} INFO - [2024-11-04T20:13:32.431+0000] {override.py:1900} INFO - Created Permission View: can delete on DAG:example_subdag_operator
[2024-11-04T20:13:32.463+0000] {logging_mixin.py:190} INFO - [2024-11-04T20:13:32.461+0000] {override.py:1900} INFO - Created Permission View: menu access on DAG Run:example_subdag_operator
[2024-11-04T20:13:32.484+0000] {logging_mixin.py:190} INFO - [2024-11-04T20:13:32.484+0000] {override.py:1900} INFO - Created Permission View: can read on DAG Run:example_subdag_operator
[2024-11-04T20:13:32.505+0000] {logging_mixin.py:190} INFO - [2024-11-04T20:13:32.504+0000] {override.py:1900} INFO - Created Permission View: can create on DAG Run:example_subdag_operator
[2024-11-04T20:13:32.536+0000] {logging_mixin.py:190} INFO - [2024-11-04T20:13:32.535+0000] {override.py:1900} INFO - Created Permission View: can delete on DAG Run:example_subdag_operator
[2024-11-04T20:13:32.543+0000] {logging_mixin.py:190} INFO - [2024-11-04T20:13:32.542+0000] {dag.py:3239} INFO - Sync 3 DAGs
[2024-11-04T20:13:32.758+0000] {logging_mixin.py:190} INFO - [2024-11-04T20:13:32.757+0000] {dag.py:3262} INFO - Creating ORM DAG for example_subdag_operator.section-1
[2024-11-04T20:13:32.766+0000] {logging_mixin.py:190} INFO - [2024-11-04T20:13:32.765+0000] {dag.py:3262} INFO - Creating ORM DAG for example_subdag_operator.section-2
[2024-11-04T20:13:32.770+0000] {logging_mixin.py:190} INFO - [2024-11-04T20:13:32.770+0000] {dag.py:3262} INFO - Creating ORM DAG for example_subdag_operator
[2024-11-04T20:13:32.819+0000] {logging_mixin.py:190} INFO - [2024-11-04T20:13:32.818+0000] {dag.py:4180} INFO - Setting next_dagrun for example_subdag_operator to 2022-01-01 00:00:00+00:00, run_after=2022-01-01 00:00:00+00:00
[2024-11-04T20:13:32.828+0000] {logging_mixin.py:190} INFO - [2024-11-04T20:13:32.828+0000] {dag.py:4180} INFO - Setting next_dagrun for example_subdag_operator.section-1 to None, run_after=None
[2024-11-04T20:13:32.832+0000] {logging_mixin.py:190} INFO - [2024-11-04T20:13:32.832+0000] {dag.py:4180} INFO - Setting next_dagrun for example_subdag_operator.section-2 to None, run_after=None
[2024-11-04T20:13:32.851+0000] {logging_mixin.py:190} INFO - [2024-11-04T20:13:32.851+0000] {dag.py:3239} INFO - Sync 2 DAGs
[2024-11-04T20:13:32.872+0000] {logging_mixin.py:190} INFO - [2024-11-04T20:13:32.871+0000] {dag.py:4180} INFO - Setting next_dagrun for example_subdag_operator.section-1 to None, run_after=None
[2024-11-04T20:13:32.887+0000] {logging_mixin.py:190} INFO - [2024-11-04T20:13:32.887+0000] {dag.py:4180} INFO - Setting next_dagrun for example_subdag_operator.section-2 to None, run_after=None
[2024-11-04T20:13:32.950+0000] {processor.py:208} INFO - Processing /home/airflow/.local/lib/python3.12/site-packages/airflow/example_dags/example_subdag_operator.py took 1.517 seconds
[2024-11-04T20:14:03.111+0000] {processor.py:186} INFO - Started process (PID=158) to work on /home/airflow/.local/lib/python3.12/site-packages/airflow/example_dags/example_subdag_operator.py
[2024-11-04T20:14:03.113+0000] {processor.py:914} INFO - Processing file /home/airflow/.local/lib/python3.12/site-packages/airflow/example_dags/example_subdag_operator.py for tasks to queue
[2024-11-04T20:14:03.116+0000] {logging_mixin.py:190} INFO - [2024-11-04T20:14:03.115+0000] {dagbag.py:588} INFO - Filling up the DagBag from /home/airflow/.local/lib/python3.12/site-packages/airflow/example_dags/example_subdag_operator.py
[2024-11-04T20:14:03.149+0000] {processor.py:925} INFO - DAG(s) 'example_subdag_operator.section-1', 'example_subdag_operator.section-2', 'example_subdag_operator' retrieved from /home/airflow/.local/lib/python3.12/site-packages/airflow/example_dags/example_subdag_operator.py
[2024-11-04T20:14:03.168+0000] {logging_mixin.py:190} INFO - [2024-11-04T20:14:03.168+0000] {dag.py:3239} INFO - Sync 3 DAGs
[2024-11-04T20:14:03.211+0000] {logging_mixin.py:190} INFO - [2024-11-04T20:14:03.211+0000] {dag.py:4180} INFO - Setting next_dagrun for example_subdag_operator to 2022-01-01 00:00:00+00:00, run_after=2022-01-01 00:00:00+00:00
[2024-11-04T20:14:03.219+0000] {logging_mixin.py:190} INFO - [2024-11-04T20:14:03.219+0000] {dag.py:4180} INFO - Setting next_dagrun for example_subdag_operator.section-1 to None, run_after=None
[2024-11-04T20:14:03.221+0000] {logging_mixin.py:190} INFO - [2024-11-04T20:14:03.221+0000] {dag.py:4180} INFO - Setting next_dagrun for example_subdag_operator.section-2 to None, run_after=None
[2024-11-04T20:14:03.232+0000] {logging_mixin.py:190} INFO - [2024-11-04T20:14:03.231+0000] {dag.py:3239} INFO - Sync 2 DAGs
[2024-11-04T20:14:03.243+0000] {logging_mixin.py:190} INFO - [2024-11-04T20:14:03.242+0000] {dag.py:4180} INFO - Setting next_dagrun for example_subdag_operator.section-1 to None, run_after=None
[2024-11-04T20:14:03.243+0000] {logging_mixin.py:190} INFO - [2024-11-04T20:14:03.243+0000] {dag.py:4180} INFO - Setting next_dagrun for example_subdag_operator.section-2 to None, run_after=None
[2024-11-04T20:14:03.259+0000] {processor.py:208} INFO - Processing /home/airflow/.local/lib/python3.12/site-packages/airflow/example_dags/example_subdag_operator.py took 0.155 seconds
[2024-11-04T20:14:33.466+0000] {processor.py:186} INFO - Started process (PID=220) to work on /home/airflow/.local/lib/python3.12/site-packages/airflow/example_dags/example_subdag_operator.py
[2024-11-04T20:14:33.467+0000] {processor.py:914} INFO - Processing file /home/airflow/.local/lib/python3.12/site-packages/airflow/example_dags/example_subdag_operator.py for tasks to queue
[2024-11-04T20:14:33.471+0000] {logging_mixin.py:190} INFO - [2024-11-04T20:14:33.470+0000] {dagbag.py:588} INFO - Filling up the DagBag from /home/airflow/.local/lib/python3.12/site-packages/airflow/example_dags/example_subdag_operator.py
[2024-11-04T20:14:33.501+0000] {processor.py:925} INFO - DAG(s) 'example_subdag_operator.section-1', 'example_subdag_operator.section-2', 'example_subdag_operator' retrieved from /home/airflow/.local/lib/python3.12/site-packages/airflow/example_dags/example_subdag_operator.py
[2024-11-04T20:14:33.519+0000] {logging_mixin.py:190} INFO - [2024-11-04T20:14:33.519+0000] {dag.py:3239} INFO - Sync 3 DAGs
[2024-11-04T20:14:33.557+0000] {logging_mixin.py:190} INFO - [2024-11-04T20:14:33.556+0000] {dag.py:4180} INFO - Setting next_dagrun for example_subdag_operator to 2022-01-01 00:00:00+00:00, run_after=2022-01-01 00:00:00+00:00
[2024-11-04T20:14:33.563+0000] {logging_mixin.py:190} INFO - [2024-11-04T20:14:33.562+0000] {dag.py:4180} INFO - Setting next_dagrun for example_subdag_operator.section-1 to None, run_after=None
[2024-11-04T20:14:33.564+0000] {logging_mixin.py:190} INFO - [2024-11-04T20:14:33.564+0000] {dag.py:4180} INFO - Setting next_dagrun for example_subdag_operator.section-2 to None, run_after=None
[2024-11-04T20:14:33.582+0000] {logging_mixin.py:190} INFO - [2024-11-04T20:14:33.582+0000] {dag.py:3239} INFO - Sync 2 DAGs
[2024-11-04T20:14:33.588+0000] {logging_mixin.py:190} INFO - [2024-11-04T20:14:33.588+0000] {dag.py:4180} INFO - Setting next_dagrun for example_subdag_operator.section-1 to None, run_after=None
[2024-11-04T20:14:33.589+0000] {logging_mixin.py:190} INFO - [2024-11-04T20:14:33.589+0000] {dag.py:4180} INFO - Setting next_dagrun for example_subdag_operator.section-2 to None, run_after=None
[2024-11-04T20:14:33.609+0000] {processor.py:208} INFO - Processing /home/airflow/.local/lib/python3.12/site-packages/airflow/example_dags/example_subdag_operator.py took 0.149 seconds
[2024-11-04T20:15:04.303+0000] {processor.py:186} INFO - Started process (PID=282) to work on /home/airflow/.local/lib/python3.12/site-packages/airflow/example_dags/example_subdag_operator.py
[2024-11-04T20:15:04.304+0000] {processor.py:914} INFO - Processing file /home/airflow/.local/lib/python3.12/site-packages/airflow/example_dags/example_subdag_operator.py for tasks to queue
[2024-11-04T20:15:04.307+0000] {logging_mixin.py:190} INFO - [2024-11-04T20:15:04.307+0000] {dagbag.py:588} INFO - Filling up the DagBag from /home/airflow/.local/lib/python3.12/site-packages/airflow/example_dags/example_subdag_operator.py
[2024-11-04T20:15:04.341+0000] {processor.py:925} INFO - DAG(s) 'example_subdag_operator.section-1', 'example_subdag_operator.section-2', 'example_subdag_operator' retrieved from /home/airflow/.local/lib/python3.12/site-packages/airflow/example_dags/example_subdag_operator.py
[2024-11-04T20:15:04.359+0000] {logging_mixin.py:190} INFO - [2024-11-04T20:15:04.359+0000] {dag.py:3239} INFO - Sync 3 DAGs
[2024-11-04T20:15:04.388+0000] {logging_mixin.py:190} INFO - [2024-11-04T20:15:04.387+0000] {dag.py:4180} INFO - Setting next_dagrun for example_subdag_operator to 2022-01-01 00:00:00+00:00, run_after=2022-01-01 00:00:00+00:00
[2024-11-04T20:15:04.393+0000] {logging_mixin.py:190} INFO - [2024-11-04T20:15:04.392+0000] {dag.py:4180} INFO - Setting next_dagrun for example_subdag_operator.section-1 to None, run_after=None
[2024-11-04T20:15:04.394+0000] {logging_mixin.py:190} INFO - [2024-11-04T20:15:04.394+0000] {dag.py:4180} INFO - Setting next_dagrun for example_subdag_operator.section-2 to None, run_after=None
[2024-11-04T20:15:04.403+0000] {logging_mixin.py:190} INFO - [2024-11-04T20:15:04.403+0000] {dag.py:3239} INFO - Sync 2 DAGs
[2024-11-04T20:15:04.412+0000] {logging_mixin.py:190} INFO - [2024-11-04T20:15:04.411+0000] {dag.py:4180} INFO - Setting next_dagrun for example_subdag_operator.section-1 to None, run_after=None
[2024-11-04T20:15:04.413+0000] {logging_mixin.py:190} INFO - [2024-11-04T20:15:04.413+0000] {dag.py:4180} INFO - Setting next_dagrun for example_subdag_operator.section-2 to None, run_after=None
[2024-11-04T20:15:04.431+0000] {processor.py:208} INFO - Processing /home/airflow/.local/lib/python3.12/site-packages/airflow/example_dags/example_subdag_operator.py took 0.134 seconds
[2024-11-04T20:15:34.579+0000] {processor.py:186} INFO - Started process (PID=344) to work on /home/airflow/.local/lib/python3.12/site-packages/airflow/example_dags/example_subdag_operator.py
[2024-11-04T20:15:34.580+0000] {processor.py:914} INFO - Processing file /home/airflow/.local/lib/python3.12/site-packages/airflow/example_dags/example_subdag_operator.py for tasks to queue
[2024-11-04T20:15:34.584+0000] {logging_mixin.py:190} INFO - [2024-11-04T20:15:34.583+0000] {dagbag.py:588} INFO - Filling up the DagBag from /home/airflow/.local/lib/python3.12/site-packages/airflow/example_dags/example_subdag_operator.py
[2024-11-04T20:15:34.614+0000] {processor.py:925} INFO - DAG(s) 'example_subdag_operator.section-1', 'example_subdag_operator.section-2', 'example_subdag_operator' retrieved from /home/airflow/.local/lib/python3.12/site-packages/airflow/example_dags/example_subdag_operator.py
[2024-11-04T20:15:34.632+0000] {logging_mixin.py:190} INFO - [2024-11-04T20:15:34.632+0000] {dag.py:3239} INFO - Sync 3 DAGs
[2024-11-04T20:15:34.659+0000] {logging_mixin.py:190} INFO - [2024-11-04T20:15:34.659+0000] {dag.py:4180} INFO - Setting next_dagrun for example_subdag_operator to 2022-01-01 00:00:00+00:00, run_after=2022-01-01 00:00:00+00:00
[2024-11-04T20:15:34.664+0000] {logging_mixin.py:190} INFO - [2024-11-04T20:15:34.664+0000] {dag.py:4180} INFO - Setting next_dagrun for example_subdag_operator.section-1 to None, run_after=None
[2024-11-04T20:15:34.666+0000] {logging_mixin.py:190} INFO - [2024-11-04T20:15:34.666+0000] {dag.py:4180} INFO - Setting next_dagrun for example_subdag_operator.section-2 to None, run_after=None
[2024-11-04T20:15:34.675+0000] {logging_mixin.py:190} INFO - [2024-11-04T20:15:34.674+0000] {dag.py:3239} INFO - Sync 2 DAGs
[2024-11-04T20:15:34.682+0000] {logging_mixin.py:190} INFO - [2024-11-04T20:15:34.682+0000] {dag.py:4180} INFO - Setting next_dagrun for example_subdag_operator.section-1 to None, run_after=None
[2024-11-04T20:15:34.683+0000] {logging_mixin.py:190} INFO - [2024-11-04T20:15:34.683+0000] {dag.py:4180} INFO - Setting next_dagrun for example_subdag_operator.section-2 to None, run_after=None
[2024-11-04T20:15:34.696+0000] {processor.py:208} INFO - Processing /home/airflow/.local/lib/python3.12/site-packages/airflow/example_dags/example_subdag_operator.py took 0.124 seconds
[2024-11-04T20:16:05.212+0000] {processor.py:186} INFO - Started process (PID=406) to work on /home/airflow/.local/lib/python3.12/site-packages/airflow/example_dags/example_subdag_operator.py
[2024-11-04T20:16:05.214+0000] {processor.py:914} INFO - Processing file /home/airflow/.local/lib/python3.12/site-packages/airflow/example_dags/example_subdag_operator.py for tasks to queue
[2024-11-04T20:16:05.217+0000] {logging_mixin.py:190} INFO - [2024-11-04T20:16:05.217+0000] {dagbag.py:588} INFO - Filling up the DagBag from /home/airflow/.local/lib/python3.12/site-packages/airflow/example_dags/example_subdag_operator.py
[2024-11-04T20:16:05.247+0000] {processor.py:925} INFO - DAG(s) 'example_subdag_operator.section-1', 'example_subdag_operator.section-2', 'example_subdag_operator' retrieved from /home/airflow/.local/lib/python3.12/site-packages/airflow/example_dags/example_subdag_operator.py
[2024-11-04T20:16:05.267+0000] {logging_mixin.py:190} INFO - [2024-11-04T20:16:05.266+0000] {dag.py:3239} INFO - Sync 3 DAGs
[2024-11-04T20:16:05.301+0000] {logging_mixin.py:190} INFO - [2024-11-04T20:16:05.301+0000] {dag.py:4180} INFO - Setting next_dagrun for example_subdag_operator to 2022-01-01 00:00:00+00:00, run_after=2022-01-01 00:00:00+00:00
[2024-11-04T20:16:05.320+0000] {logging_mixin.py:190} INFO - [2024-11-04T20:16:05.318+0000] {dag.py:4180} INFO - Setting next_dagrun for example_subdag_operator.section-1 to None, run_after=None
[2024-11-04T20:16:05.329+0000] {logging_mixin.py:190} INFO - [2024-11-04T20:16:05.329+0000] {dag.py:4180} INFO - Setting next_dagrun for example_subdag_operator.section-2 to None, run_after=None
[2024-11-04T20:16:05.346+0000] {logging_mixin.py:190} INFO - [2024-11-04T20:16:05.346+0000] {dag.py:3239} INFO - Sync 2 DAGs
[2024-11-04T20:16:05.354+0000] {logging_mixin.py:190} INFO - [2024-11-04T20:16:05.353+0000] {dag.py:4180} INFO - Setting next_dagrun for example_subdag_operator.section-1 to None, run_after=None
[2024-11-04T20:16:05.355+0000] {logging_mixin.py:190} INFO - [2024-11-04T20:16:05.355+0000] {dag.py:4180} INFO - Setting next_dagrun for example_subdag_operator.section-2 to None, run_after=None
[2024-11-04T20:16:05.382+0000] {processor.py:208} INFO - Processing /home/airflow/.local/lib/python3.12/site-packages/airflow/example_dags/example_subdag_operator.py took 0.179 seconds
[2024-11-04T20:16:36.032+0000] {processor.py:186} INFO - Started process (PID=468) to work on /home/airflow/.local/lib/python3.12/site-packages/airflow/example_dags/example_subdag_operator.py
[2024-11-04T20:16:36.034+0000] {processor.py:914} INFO - Processing file /home/airflow/.local/lib/python3.12/site-packages/airflow/example_dags/example_subdag_operator.py for tasks to queue
[2024-11-04T20:16:36.041+0000] {logging_mixin.py:190} INFO - [2024-11-04T20:16:36.040+0000] {dagbag.py:588} INFO - Filling up the DagBag from /home/airflow/.local/lib/python3.12/site-packages/airflow/example_dags/example_subdag_operator.py
[2024-11-04T20:16:36.082+0000] {processor.py:925} INFO - DAG(s) 'example_subdag_operator.section-1', 'example_subdag_operator.section-2', 'example_subdag_operator' retrieved from /home/airflow/.local/lib/python3.12/site-packages/airflow/example_dags/example_subdag_operator.py
[2024-11-04T20:16:36.118+0000] {logging_mixin.py:190} INFO - [2024-11-04T20:16:36.117+0000] {dag.py:3239} INFO - Sync 3 DAGs
[2024-11-04T20:16:36.198+0000] {logging_mixin.py:190} INFO - [2024-11-04T20:16:36.197+0000] {dag.py:4180} INFO - Setting next_dagrun for example_subdag_operator to 2022-01-01 00:00:00+00:00, run_after=2022-01-01 00:00:00+00:00
[2024-11-04T20:16:36.215+0000] {logging_mixin.py:190} INFO - [2024-11-04T20:16:36.214+0000] {dag.py:4180} INFO - Setting next_dagrun for example_subdag_operator.section-1 to None, run_after=None
[2024-11-04T20:16:36.217+0000] {logging_mixin.py:190} INFO - [2024-11-04T20:16:36.217+0000] {dag.py:4180} INFO - Setting next_dagrun for example_subdag_operator.section-2 to None, run_after=None
[2024-11-04T20:16:36.244+0000] {logging_mixin.py:190} INFO - [2024-11-04T20:16:36.244+0000] {dag.py:3239} INFO - Sync 2 DAGs
[2024-11-04T20:16:36.257+0000] {logging_mixin.py:190} INFO - [2024-11-04T20:16:36.257+0000] {dag.py:4180} INFO - Setting next_dagrun for example_subdag_operator.section-1 to None, run_after=None
[2024-11-04T20:16:36.258+0000] {logging_mixin.py:190} INFO - [2024-11-04T20:16:36.258+0000] {dag.py:4180} INFO - Setting next_dagrun for example_subdag_operator.section-2 to None, run_after=None
[2024-11-04T20:16:36.279+0000] {processor.py:208} INFO - Processing /home/airflow/.local/lib/python3.12/site-packages/airflow/example_dags/example_subdag_operator.py took 0.257 seconds
[2024-11-04T20:17:06.984+0000] {processor.py:186} INFO - Started process (PID=530) to work on /home/airflow/.local/lib/python3.12/site-packages/airflow/example_dags/example_subdag_operator.py
[2024-11-04T20:17:07.031+0000] {processor.py:914} INFO - Processing file /home/airflow/.local/lib/python3.12/site-packages/airflow/example_dags/example_subdag_operator.py for tasks to queue
[2024-11-04T20:17:07.049+0000] {logging_mixin.py:190} INFO - [2024-11-04T20:17:07.048+0000] {dagbag.py:588} INFO - Filling up the DagBag from /home/airflow/.local/lib/python3.12/site-packages/airflow/example_dags/example_subdag_operator.py
[2024-11-04T20:17:07.135+0000] {processor.py:925} INFO - DAG(s) 'example_subdag_operator.section-1', 'example_subdag_operator.section-2', 'example_subdag_operator' retrieved from /home/airflow/.local/lib/python3.12/site-packages/airflow/example_dags/example_subdag_operator.py
[2024-11-04T20:17:07.182+0000] {logging_mixin.py:190} INFO - [2024-11-04T20:17:07.182+0000] {dag.py:3239} INFO - Sync 3 DAGs
[2024-11-04T20:17:07.245+0000] {logging_mixin.py:190} INFO - [2024-11-04T20:17:07.244+0000] {dag.py:4180} INFO - Setting next_dagrun for example_subdag_operator to 2022-01-01 00:00:00+00:00, run_after=2022-01-01 00:00:00+00:00
[2024-11-04T20:17:07.251+0000] {logging_mixin.py:190} INFO - [2024-11-04T20:17:07.251+0000] {dag.py:4180} INFO - Setting next_dagrun for example_subdag_operator.section-1 to None, run_after=None
[2024-11-04T20:17:07.265+0000] {logging_mixin.py:190} INFO - [2024-11-04T20:17:07.265+0000] {dag.py:4180} INFO - Setting next_dagrun for example_subdag_operator.section-2 to None, run_after=None
[2024-11-04T20:17:07.301+0000] {logging_mixin.py:190} INFO - [2024-11-04T20:17:07.294+0000] {dag.py:3239} INFO - Sync 2 DAGs
[2024-11-04T20:17:07.319+0000] {logging_mixin.py:190} INFO - [2024-11-04T20:17:07.318+0000] {dag.py:4180} INFO - Setting next_dagrun for example_subdag_operator.section-1 to None, run_after=None
[2024-11-04T20:17:07.326+0000] {logging_mixin.py:190} INFO - [2024-11-04T20:17:07.325+0000] {dag.py:4180} INFO - Setting next_dagrun for example_subdag_operator.section-2 to None, run_after=None
[2024-11-04T20:17:07.367+0000] {processor.py:208} INFO - Processing /home/airflow/.local/lib/python3.12/site-packages/airflow/example_dags/example_subdag_operator.py took 0.402 seconds
[2024-11-04T20:17:38.307+0000] {processor.py:186} INFO - Started process (PID=591) to work on /home/airflow/.local/lib/python3.12/site-packages/airflow/example_dags/example_subdag_operator.py
[2024-11-04T20:17:38.311+0000] {processor.py:914} INFO - Processing file /home/airflow/.local/lib/python3.12/site-packages/airflow/example_dags/example_subdag_operator.py for tasks to queue
[2024-11-04T20:17:38.316+0000] {logging_mixin.py:190} INFO - [2024-11-04T20:17:38.315+0000] {dagbag.py:588} INFO - Filling up the DagBag from /home/airflow/.local/lib/python3.12/site-packages/airflow/example_dags/example_subdag_operator.py
[2024-11-04T20:17:38.482+0000] {processor.py:925} INFO - DAG(s) 'example_subdag_operator.section-1', 'example_subdag_operator.section-2', 'example_subdag_operator' retrieved from /home/airflow/.local/lib/python3.12/site-packages/airflow/example_dags/example_subdag_operator.py
[2024-11-04T20:17:38.532+0000] {logging_mixin.py:190} INFO - [2024-11-04T20:17:38.529+0000] {dag.py:3239} INFO - Sync 3 DAGs
[2024-11-04T20:17:38.624+0000] {logging_mixin.py:190} INFO - [2024-11-04T20:17:38.623+0000] {dag.py:4180} INFO - Setting next_dagrun for example_subdag_operator to 2022-01-01 00:00:00+00:00, run_after=2022-01-01 00:00:00+00:00
[2024-11-04T20:17:38.635+0000] {logging_mixin.py:190} INFO - [2024-11-04T20:17:38.635+0000] {dag.py:4180} INFO - Setting next_dagrun for example_subdag_operator.section-1 to None, run_after=None
[2024-11-04T20:17:38.638+0000] {logging_mixin.py:190} INFO - [2024-11-04T20:17:38.638+0000] {dag.py:4180} INFO - Setting next_dagrun for example_subdag_operator.section-2 to None, run_after=None
[2024-11-04T20:17:38.670+0000] {logging_mixin.py:190} INFO - [2024-11-04T20:17:38.669+0000] {dag.py:3239} INFO - Sync 2 DAGs
[2024-11-04T20:17:38.679+0000] {logging_mixin.py:190} INFO - [2024-11-04T20:17:38.678+0000] {dag.py:4180} INFO - Setting next_dagrun for example_subdag_operator.section-1 to None, run_after=None
[2024-11-04T20:17:38.680+0000] {logging_mixin.py:190} INFO - [2024-11-04T20:17:38.679+0000] {dag.py:4180} INFO - Setting next_dagrun for example_subdag_operator.section-2 to None, run_after=None
[2024-11-04T20:17:38.697+0000] {processor.py:208} INFO - Processing /home/airflow/.local/lib/python3.12/site-packages/airflow/example_dags/example_subdag_operator.py took 0.403 seconds
[2024-11-04T20:18:09.205+0000] {processor.py:186} INFO - Started process (PID=654) to work on /home/airflow/.local/lib/python3.12/site-packages/airflow/example_dags/example_subdag_operator.py
[2024-11-04T20:18:09.206+0000] {processor.py:914} INFO - Processing file /home/airflow/.local/lib/python3.12/site-packages/airflow/example_dags/example_subdag_operator.py for tasks to queue
[2024-11-04T20:18:09.210+0000] {logging_mixin.py:190} INFO - [2024-11-04T20:18:09.210+0000] {dagbag.py:588} INFO - Filling up the DagBag from /home/airflow/.local/lib/python3.12/site-packages/airflow/example_dags/example_subdag_operator.py
[2024-11-04T20:18:09.242+0000] {processor.py:925} INFO - DAG(s) 'example_subdag_operator.section-1', 'example_subdag_operator.section-2', 'example_subdag_operator' retrieved from /home/airflow/.local/lib/python3.12/site-packages/airflow/example_dags/example_subdag_operator.py
[2024-11-04T20:18:09.262+0000] {logging_mixin.py:190} INFO - [2024-11-04T20:18:09.261+0000] {dag.py:3239} INFO - Sync 3 DAGs
[2024-11-04T20:18:09.291+0000] {logging_mixin.py:190} INFO - [2024-11-04T20:18:09.291+0000] {dag.py:4180} INFO - Setting next_dagrun for example_subdag_operator to 2022-01-01 00:00:00+00:00, run_after=2022-01-01 00:00:00+00:00
[2024-11-04T20:18:09.297+0000] {logging_mixin.py:190} INFO - [2024-11-04T20:18:09.297+0000] {dag.py:4180} INFO - Setting next_dagrun for example_subdag_operator.section-1 to None, run_after=None
[2024-11-04T20:18:09.304+0000] {logging_mixin.py:190} INFO - [2024-11-04T20:18:09.299+0000] {dag.py:4180} INFO - Setting next_dagrun for example_subdag_operator.section-2 to None, run_after=None
[2024-11-04T20:18:09.316+0000] {logging_mixin.py:190} INFO - [2024-11-04T20:18:09.315+0000] {dag.py:3239} INFO - Sync 2 DAGs
[2024-11-04T20:18:09.324+0000] {logging_mixin.py:190} INFO - [2024-11-04T20:18:09.324+0000] {dag.py:4180} INFO - Setting next_dagrun for example_subdag_operator.section-1 to None, run_after=None
[2024-11-04T20:18:09.325+0000] {logging_mixin.py:190} INFO - [2024-11-04T20:18:09.325+0000] {dag.py:4180} INFO - Setting next_dagrun for example_subdag_operator.section-2 to None, run_after=None
[2024-11-04T20:18:09.340+0000] {processor.py:208} INFO - Processing /home/airflow/.local/lib/python3.12/site-packages/airflow/example_dags/example_subdag_operator.py took 0.142 seconds
[2024-11-04T20:18:39.478+0000] {processor.py:186} INFO - Started process (PID=717) to work on /home/airflow/.local/lib/python3.12/site-packages/airflow/example_dags/example_subdag_operator.py
[2024-11-04T20:18:39.479+0000] {processor.py:914} INFO - Processing file /home/airflow/.local/lib/python3.12/site-packages/airflow/example_dags/example_subdag_operator.py for tasks to queue
[2024-11-04T20:18:39.483+0000] {logging_mixin.py:190} INFO - [2024-11-04T20:18:39.482+0000] {dagbag.py:588} INFO - Filling up the DagBag from /home/airflow/.local/lib/python3.12/site-packages/airflow/example_dags/example_subdag_operator.py
[2024-11-04T20:18:39.514+0000] {processor.py:925} INFO - DAG(s) 'example_subdag_operator.section-1', 'example_subdag_operator.section-2', 'example_subdag_operator' retrieved from /home/airflow/.local/lib/python3.12/site-packages/airflow/example_dags/example_subdag_operator.py
[2024-11-04T20:18:39.533+0000] {logging_mixin.py:190} INFO - [2024-11-04T20:18:39.533+0000] {dag.py:3239} INFO - Sync 3 DAGs
[2024-11-04T20:18:39.559+0000] {logging_mixin.py:190} INFO - [2024-11-04T20:18:39.559+0000] {dag.py:4180} INFO - Setting next_dagrun for example_subdag_operator to 2022-01-01 00:00:00+00:00, run_after=2022-01-01 00:00:00+00:00
[2024-11-04T20:18:39.564+0000] {logging_mixin.py:190} INFO - [2024-11-04T20:18:39.563+0000] {dag.py:4180} INFO - Setting next_dagrun for example_subdag_operator.section-1 to None, run_after=None
[2024-11-04T20:18:39.566+0000] {logging_mixin.py:190} INFO - [2024-11-04T20:18:39.566+0000] {dag.py:4180} INFO - Setting next_dagrun for example_subdag_operator.section-2 to None, run_after=None
[2024-11-04T20:18:39.574+0000] {logging_mixin.py:190} INFO - [2024-11-04T20:18:39.574+0000] {dag.py:3239} INFO - Sync 2 DAGs
[2024-11-04T20:18:39.581+0000] {logging_mixin.py:190} INFO - [2024-11-04T20:18:39.581+0000] {dag.py:4180} INFO - Setting next_dagrun for example_subdag_operator.section-1 to None, run_after=None
[2024-11-04T20:18:39.582+0000] {logging_mixin.py:190} INFO - [2024-11-04T20:18:39.582+0000] {dag.py:4180} INFO - Setting next_dagrun for example_subdag_operator.section-2 to None, run_after=None
[2024-11-04T20:18:39.594+0000] {processor.py:208} INFO - Processing /home/airflow/.local/lib/python3.12/site-packages/airflow/example_dags/example_subdag_operator.py took 0.122 seconds
[2024-11-04T20:19:09.900+0000] {processor.py:186} INFO - Started process (PID=780) to work on /home/airflow/.local/lib/python3.12/site-packages/airflow/example_dags/example_subdag_operator.py
[2024-11-04T20:19:09.901+0000] {processor.py:914} INFO - Processing file /home/airflow/.local/lib/python3.12/site-packages/airflow/example_dags/example_subdag_operator.py for tasks to queue
[2024-11-04T20:19:09.904+0000] {logging_mixin.py:190} INFO - [2024-11-04T20:19:09.904+0000] {dagbag.py:588} INFO - Filling up the DagBag from /home/airflow/.local/lib/python3.12/site-packages/airflow/example_dags/example_subdag_operator.py
[2024-11-04T20:19:09.935+0000] {processor.py:925} INFO - DAG(s) 'example_subdag_operator.section-1', 'example_subdag_operator.section-2', 'example_subdag_operator' retrieved from /home/airflow/.local/lib/python3.12/site-packages/airflow/example_dags/example_subdag_operator.py
[2024-11-04T20:19:09.951+0000] {logging_mixin.py:190} INFO - [2024-11-04T20:19:09.951+0000] {dag.py:3239} INFO - Sync 3 DAGs
[2024-11-04T20:19:09.975+0000] {logging_mixin.py:190} INFO - [2024-11-04T20:19:09.975+0000] {dag.py:4180} INFO - Setting next_dagrun for example_subdag_operator to 2022-01-01 00:00:00+00:00, run_after=2022-01-01 00:00:00+00:00
[2024-11-04T20:19:09.979+0000] {logging_mixin.py:190} INFO - [2024-11-04T20:19:09.979+0000] {dag.py:4180} INFO - Setting next_dagrun for example_subdag_operator.section-1 to None, run_after=None
[2024-11-04T20:19:09.981+0000] {logging_mixin.py:190} INFO - [2024-11-04T20:19:09.981+0000] {dag.py:4180} INFO - Setting next_dagrun for example_subdag_operator.section-2 to None, run_after=None
[2024-11-04T20:19:09.988+0000] {logging_mixin.py:190} INFO - [2024-11-04T20:19:09.988+0000] {dag.py:3239} INFO - Sync 2 DAGs
[2024-11-04T20:19:09.993+0000] {logging_mixin.py:190} INFO - [2024-11-04T20:19:09.993+0000] {dag.py:4180} INFO - Setting next_dagrun for example_subdag_operator.section-1 to None, run_after=None
[2024-11-04T20:19:09.995+0000] {logging_mixin.py:190} INFO - [2024-11-04T20:19:09.994+0000] {dag.py:4180} INFO - Setting next_dagrun for example_subdag_operator.section-2 to None, run_after=None
[2024-11-04T20:19:10.007+0000] {processor.py:208} INFO - Processing /home/airflow/.local/lib/python3.12/site-packages/airflow/example_dags/example_subdag_operator.py took 0.114 seconds
[2024-11-04T20:19:40.526+0000] {processor.py:186} INFO - Started process (PID=843) to work on /home/airflow/.local/lib/python3.12/site-packages/airflow/example_dags/example_subdag_operator.py
[2024-11-04T20:19:40.529+0000] {processor.py:914} INFO - Processing file /home/airflow/.local/lib/python3.12/site-packages/airflow/example_dags/example_subdag_operator.py for tasks to queue
[2024-11-04T20:19:40.535+0000] {logging_mixin.py:190} INFO - [2024-11-04T20:19:40.534+0000] {dagbag.py:588} INFO - Filling up the DagBag from /home/airflow/.local/lib/python3.12/site-packages/airflow/example_dags/example_subdag_operator.py
[2024-11-04T20:19:40.588+0000] {processor.py:925} INFO - DAG(s) 'example_subdag_operator.section-1', 'example_subdag_operator.section-2', 'example_subdag_operator' retrieved from /home/airflow/.local/lib/python3.12/site-packages/airflow/example_dags/example_subdag_operator.py
[2024-11-04T20:19:40.614+0000] {logging_mixin.py:190} INFO - [2024-11-04T20:19:40.614+0000] {dag.py:3239} INFO - Sync 3 DAGs
[2024-11-04T20:19:40.643+0000] {logging_mixin.py:190} INFO - [2024-11-04T20:19:40.643+0000] {dag.py:4180} INFO - Setting next_dagrun for example_subdag_operator to 2022-01-01 00:00:00+00:00, run_after=2022-01-01 00:00:00+00:00
[2024-11-04T20:19:40.653+0000] {logging_mixin.py:190} INFO - [2024-11-04T20:19:40.652+0000] {dag.py:4180} INFO - Setting next_dagrun for example_subdag_operator.section-1 to None, run_after=None
[2024-11-04T20:19:40.656+0000] {logging_mixin.py:190} INFO - [2024-11-04T20:19:40.655+0000] {dag.py:4180} INFO - Setting next_dagrun for example_subdag_operator.section-2 to None, run_after=None
[2024-11-04T20:19:40.696+0000] {logging_mixin.py:190} INFO - [2024-11-04T20:19:40.696+0000] {dag.py:3239} INFO - Sync 2 DAGs
[2024-11-04T20:19:40.713+0000] {logging_mixin.py:190} INFO - [2024-11-04T20:19:40.713+0000] {dag.py:4180} INFO - Setting next_dagrun for example_subdag_operator.section-1 to None, run_after=None
[2024-11-04T20:19:40.725+0000] {logging_mixin.py:190} INFO - [2024-11-04T20:19:40.724+0000] {dag.py:4180} INFO - Setting next_dagrun for example_subdag_operator.section-2 to None, run_after=None
[2024-11-04T20:19:40.758+0000] {processor.py:208} INFO - Processing /home/airflow/.local/lib/python3.12/site-packages/airflow/example_dags/example_subdag_operator.py took 0.241 seconds
[2024-11-04T20:20:10.850+0000] {processor.py:186} INFO - Started process (PID=906) to work on /home/airflow/.local/lib/python3.12/site-packages/airflow/example_dags/example_subdag_operator.py
[2024-11-04T20:20:10.851+0000] {processor.py:914} INFO - Processing file /home/airflow/.local/lib/python3.12/site-packages/airflow/example_dags/example_subdag_operator.py for tasks to queue
[2024-11-04T20:20:10.855+0000] {logging_mixin.py:190} INFO - [2024-11-04T20:20:10.855+0000] {dagbag.py:588} INFO - Filling up the DagBag from /home/airflow/.local/lib/python3.12/site-packages/airflow/example_dags/example_subdag_operator.py
[2024-11-04T20:20:10.890+0000] {processor.py:925} INFO - DAG(s) 'example_subdag_operator.section-1', 'example_subdag_operator.section-2', 'example_subdag_operator' retrieved from /home/airflow/.local/lib/python3.12/site-packages/airflow/example_dags/example_subdag_operator.py
[2024-11-04T20:20:10.918+0000] {logging_mixin.py:190} INFO - [2024-11-04T20:20:10.917+0000] {dag.py:3239} INFO - Sync 3 DAGs
[2024-11-04T20:20:10.958+0000] {logging_mixin.py:190} INFO - [2024-11-04T20:20:10.958+0000] {dag.py:4180} INFO - Setting next_dagrun for example_subdag_operator to 2022-01-01 00:00:00+00:00, run_after=2022-01-01 00:00:00+00:00
[2024-11-04T20:20:10.963+0000] {logging_mixin.py:190} INFO - [2024-11-04T20:20:10.963+0000] {dag.py:4180} INFO - Setting next_dagrun for example_subdag_operator.section-1 to None, run_after=None
[2024-11-04T20:20:10.966+0000] {logging_mixin.py:190} INFO - [2024-11-04T20:20:10.966+0000] {dag.py:4180} INFO - Setting next_dagrun for example_subdag_operator.section-2 to None, run_after=None
[2024-11-04T20:20:10.975+0000] {logging_mixin.py:190} INFO - [2024-11-04T20:20:10.975+0000] {dag.py:3239} INFO - Sync 2 DAGs
[2024-11-04T20:20:10.984+0000] {logging_mixin.py:190} INFO - [2024-11-04T20:20:10.983+0000] {dag.py:4180} INFO - Setting next_dagrun for example_subdag_operator.section-1 to None, run_after=None
[2024-11-04T20:20:10.984+0000] {logging_mixin.py:190} INFO - [2024-11-04T20:20:10.984+0000] {dag.py:4180} INFO - Setting next_dagrun for example_subdag_operator.section-2 to None, run_after=None
[2024-11-04T20:20:10.996+0000] {processor.py:208} INFO - Processing /home/airflow/.local/lib/python3.12/site-packages/airflow/example_dags/example_subdag_operator.py took 0.154 seconds
[2024-11-04T20:20:41.454+0000] {processor.py:186} INFO - Started process (PID=969) to work on /home/airflow/.local/lib/python3.12/site-packages/airflow/example_dags/example_subdag_operator.py
[2024-11-04T20:20:41.455+0000] {processor.py:914} INFO - Processing file /home/airflow/.local/lib/python3.12/site-packages/airflow/example_dags/example_subdag_operator.py for tasks to queue
[2024-11-04T20:20:41.460+0000] {logging_mixin.py:190} INFO - [2024-11-04T20:20:41.459+0000] {dagbag.py:588} INFO - Filling up the DagBag from /home/airflow/.local/lib/python3.12/site-packages/airflow/example_dags/example_subdag_operator.py
[2024-11-04T20:20:41.500+0000] {processor.py:925} INFO - DAG(s) 'example_subdag_operator.section-1', 'example_subdag_operator.section-2', 'example_subdag_operator' retrieved from /home/airflow/.local/lib/python3.12/site-packages/airflow/example_dags/example_subdag_operator.py
[2024-11-04T20:20:41.524+0000] {logging_mixin.py:190} INFO - [2024-11-04T20:20:41.524+0000] {dag.py:3239} INFO - Sync 3 DAGs
[2024-11-04T20:20:41.553+0000] {logging_mixin.py:190} INFO - [2024-11-04T20:20:41.553+0000] {dag.py:4180} INFO - Setting next_dagrun for example_subdag_operator to 2022-01-01 00:00:00+00:00, run_after=2022-01-01 00:00:00+00:00
[2024-11-04T20:20:41.558+0000] {logging_mixin.py:190} INFO - [2024-11-04T20:20:41.558+0000] {dag.py:4180} INFO - Setting next_dagrun for example_subdag_operator.section-1 to None, run_after=None
[2024-11-04T20:20:41.560+0000] {logging_mixin.py:190} INFO - [2024-11-04T20:20:41.559+0000] {dag.py:4180} INFO - Setting next_dagrun for example_subdag_operator.section-2 to None, run_after=None
[2024-11-04T20:20:41.569+0000] {logging_mixin.py:190} INFO - [2024-11-04T20:20:41.568+0000] {dag.py:3239} INFO - Sync 2 DAGs
[2024-11-04T20:20:41.575+0000] {logging_mixin.py:190} INFO - [2024-11-04T20:20:41.574+0000] {dag.py:4180} INFO - Setting next_dagrun for example_subdag_operator.section-1 to None, run_after=None
[2024-11-04T20:20:41.575+0000] {logging_mixin.py:190} INFO - [2024-11-04T20:20:41.575+0000] {dag.py:4180} INFO - Setting next_dagrun for example_subdag_operator.section-2 to None, run_after=None
[2024-11-04T20:20:41.587+0000] {processor.py:208} INFO - Processing /home/airflow/.local/lib/python3.12/site-packages/airflow/example_dags/example_subdag_operator.py took 0.140 seconds
[2024-11-04T20:21:11.659+0000] {processor.py:186} INFO - Started process (PID=1032) to work on /home/airflow/.local/lib/python3.12/site-packages/airflow/example_dags/example_subdag_operator.py
[2024-11-04T20:21:11.660+0000] {processor.py:914} INFO - Processing file /home/airflow/.local/lib/python3.12/site-packages/airflow/example_dags/example_subdag_operator.py for tasks to queue
[2024-11-04T20:21:11.663+0000] {logging_mixin.py:190} INFO - [2024-11-04T20:21:11.663+0000] {dagbag.py:588} INFO - Filling up the DagBag from /home/airflow/.local/lib/python3.12/site-packages/airflow/example_dags/example_subdag_operator.py
[2024-11-04T20:21:11.691+0000] {processor.py:925} INFO - DAG(s) 'example_subdag_operator.section-1', 'example_subdag_operator.section-2', 'example_subdag_operator' retrieved from /home/airflow/.local/lib/python3.12/site-packages/airflow/example_dags/example_subdag_operator.py
[2024-11-04T20:21:11.707+0000] {logging_mixin.py:190} INFO - [2024-11-04T20:21:11.707+0000] {dag.py:3239} INFO - Sync 3 DAGs
[2024-11-04T20:21:11.732+0000] {logging_mixin.py:190} INFO - [2024-11-04T20:21:11.731+0000] {dag.py:4180} INFO - Setting next_dagrun for example_subdag_operator to 2022-01-01 00:00:00+00:00, run_after=2022-01-01 00:00:00+00:00
[2024-11-04T20:21:11.736+0000] {logging_mixin.py:190} INFO - [2024-11-04T20:21:11.736+0000] {dag.py:4180} INFO - Setting next_dagrun for example_subdag_operator.section-1 to None, run_after=None
[2024-11-04T20:21:11.738+0000] {logging_mixin.py:190} INFO - [2024-11-04T20:21:11.737+0000] {dag.py:4180} INFO - Setting next_dagrun for example_subdag_operator.section-2 to None, run_after=None
[2024-11-04T20:21:11.745+0000] {logging_mixin.py:190} INFO - [2024-11-04T20:21:11.745+0000] {dag.py:3239} INFO - Sync 2 DAGs
[2024-11-04T20:21:11.751+0000] {logging_mixin.py:190} INFO - [2024-11-04T20:21:11.750+0000] {dag.py:4180} INFO - Setting next_dagrun for example_subdag_operator.section-1 to None, run_after=None
[2024-11-04T20:21:11.752+0000] {logging_mixin.py:190} INFO - [2024-11-04T20:21:11.751+0000] {dag.py:4180} INFO - Setting next_dagrun for example_subdag_operator.section-2 to None, run_after=None
[2024-11-04T20:21:11.769+0000] {processor.py:208} INFO - Processing /home/airflow/.local/lib/python3.12/site-packages/airflow/example_dags/example_subdag_operator.py took 0.117 seconds
[2024-11-04T20:21:42.409+0000] {processor.py:186} INFO - Started process (PID=1095) to work on /home/airflow/.local/lib/python3.12/site-packages/airflow/example_dags/example_subdag_operator.py
[2024-11-04T20:21:42.410+0000] {processor.py:914} INFO - Processing file /home/airflow/.local/lib/python3.12/site-packages/airflow/example_dags/example_subdag_operator.py for tasks to queue
[2024-11-04T20:21:42.415+0000] {logging_mixin.py:190} INFO - [2024-11-04T20:21:42.414+0000] {dagbag.py:588} INFO - Filling up the DagBag from /home/airflow/.local/lib/python3.12/site-packages/airflow/example_dags/example_subdag_operator.py
[2024-11-04T20:21:42.444+0000] {processor.py:925} INFO - DAG(s) 'example_subdag_operator.section-1', 'example_subdag_operator.section-2', 'example_subdag_operator' retrieved from /home/airflow/.local/lib/python3.12/site-packages/airflow/example_dags/example_subdag_operator.py
[2024-11-04T20:21:42.464+0000] {logging_mixin.py:190} INFO - [2024-11-04T20:21:42.464+0000] {dag.py:3239} INFO - Sync 3 DAGs
[2024-11-04T20:21:42.513+0000] {logging_mixin.py:190} INFO - [2024-11-04T20:21:42.513+0000] {dag.py:4180} INFO - Setting next_dagrun for example_subdag_operator to 2022-01-01 00:00:00+00:00, run_after=2022-01-01 00:00:00+00:00
[2024-11-04T20:21:42.525+0000] {logging_mixin.py:190} INFO - [2024-11-04T20:21:42.525+0000] {dag.py:4180} INFO - Setting next_dagrun for example_subdag_operator.section-1 to None, run_after=None
[2024-11-04T20:21:42.528+0000] {logging_mixin.py:190} INFO - [2024-11-04T20:21:42.528+0000] {dag.py:4180} INFO - Setting next_dagrun for example_subdag_operator.section-2 to None, run_after=None
[2024-11-04T20:21:42.547+0000] {logging_mixin.py:190} INFO - [2024-11-04T20:21:42.546+0000] {dag.py:3239} INFO - Sync 2 DAGs
[2024-11-04T20:21:42.559+0000] {logging_mixin.py:190} INFO - [2024-11-04T20:21:42.559+0000] {dag.py:4180} INFO - Setting next_dagrun for example_subdag_operator.section-1 to None, run_after=None
[2024-11-04T20:21:42.561+0000] {logging_mixin.py:190} INFO - [2024-11-04T20:21:42.560+0000] {dag.py:4180} INFO - Setting next_dagrun for example_subdag_operator.section-2 to None, run_after=None
[2024-11-04T20:21:42.581+0000] {processor.py:208} INFO - Processing /home/airflow/.local/lib/python3.12/site-packages/airflow/example_dags/example_subdag_operator.py took 0.179 seconds
[2024-11-04T20:22:12.767+0000] {processor.py:186} INFO - Started process (PID=1157) to work on /home/airflow/.local/lib/python3.12/site-packages/airflow/example_dags/example_subdag_operator.py
[2024-11-04T20:22:12.769+0000] {processor.py:914} INFO - Processing file /home/airflow/.local/lib/python3.12/site-packages/airflow/example_dags/example_subdag_operator.py for tasks to queue
[2024-11-04T20:22:12.772+0000] {logging_mixin.py:190} INFO - [2024-11-04T20:22:12.772+0000] {dagbag.py:588} INFO - Filling up the DagBag from /home/airflow/.local/lib/python3.12/site-packages/airflow/example_dags/example_subdag_operator.py
[2024-11-04T20:22:12.808+0000] {processor.py:925} INFO - DAG(s) 'example_subdag_operator.section-1', 'example_subdag_operator.section-2', 'example_subdag_operator' retrieved from /home/airflow/.local/lib/python3.12/site-packages/airflow/example_dags/example_subdag_operator.py
[2024-11-04T20:22:12.828+0000] {logging_mixin.py:190} INFO - [2024-11-04T20:22:12.828+0000] {dag.py:3239} INFO - Sync 3 DAGs
[2024-11-04T20:22:12.869+0000] {logging_mixin.py:190} INFO - [2024-11-04T20:22:12.869+0000] {dag.py:4180} INFO - Setting next_dagrun for example_subdag_operator to 2022-01-01 00:00:00+00:00, run_after=2022-01-01 00:00:00+00:00
[2024-11-04T20:22:12.878+0000] {logging_mixin.py:190} INFO - [2024-11-04T20:22:12.878+0000] {dag.py:4180} INFO - Setting next_dagrun for example_subdag_operator.section-1 to None, run_after=None
[2024-11-04T20:22:12.883+0000] {logging_mixin.py:190} INFO - [2024-11-04T20:22:12.882+0000] {dag.py:4180} INFO - Setting next_dagrun for example_subdag_operator.section-2 to None, run_after=None
[2024-11-04T20:22:12.893+0000] {logging_mixin.py:190} INFO - [2024-11-04T20:22:12.893+0000] {dag.py:3239} INFO - Sync 2 DAGs
[2024-11-04T20:22:12.900+0000] {logging_mixin.py:190} INFO - [2024-11-04T20:22:12.900+0000] {dag.py:4180} INFO - Setting next_dagrun for example_subdag_operator.section-1 to None, run_after=None
[2024-11-04T20:22:12.901+0000] {logging_mixin.py:190} INFO - [2024-11-04T20:22:12.901+0000] {dag.py:4180} INFO - Setting next_dagrun for example_subdag_operator.section-2 to None, run_after=None
[2024-11-04T20:22:12.912+0000] {processor.py:208} INFO - Processing /home/airflow/.local/lib/python3.12/site-packages/airflow/example_dags/example_subdag_operator.py took 0.155 seconds
[2024-11-04T20:22:43.072+0000] {processor.py:186} INFO - Started process (PID=1220) to work on /home/airflow/.local/lib/python3.12/site-packages/airflow/example_dags/example_subdag_operator.py
[2024-11-04T20:22:43.074+0000] {processor.py:914} INFO - Processing file /home/airflow/.local/lib/python3.12/site-packages/airflow/example_dags/example_subdag_operator.py for tasks to queue
[2024-11-04T20:22:43.077+0000] {logging_mixin.py:190} INFO - [2024-11-04T20:22:43.076+0000] {dagbag.py:588} INFO - Filling up the DagBag from /home/airflow/.local/lib/python3.12/site-packages/airflow/example_dags/example_subdag_operator.py
[2024-11-04T20:22:43.104+0000] {processor.py:925} INFO - DAG(s) 'example_subdag_operator.section-1', 'example_subdag_operator.section-2', 'example_subdag_operator' retrieved from /home/airflow/.local/lib/python3.12/site-packages/airflow/example_dags/example_subdag_operator.py
[2024-11-04T20:22:43.120+0000] {logging_mixin.py:190} INFO - [2024-11-04T20:22:43.120+0000] {dag.py:3239} INFO - Sync 3 DAGs
[2024-11-04T20:22:43.145+0000] {logging_mixin.py:190} INFO - [2024-11-04T20:22:43.145+0000] {dag.py:4180} INFO - Setting next_dagrun for example_subdag_operator to 2022-01-01 00:00:00+00:00, run_after=2022-01-01 00:00:00+00:00
[2024-11-04T20:22:43.149+0000] {logging_mixin.py:190} INFO - [2024-11-04T20:22:43.149+0000] {dag.py:4180} INFO - Setting next_dagrun for example_subdag_operator.section-1 to None, run_after=None
[2024-11-04T20:22:43.151+0000] {logging_mixin.py:190} INFO - [2024-11-04T20:22:43.151+0000] {dag.py:4180} INFO - Setting next_dagrun for example_subdag_operator.section-2 to None, run_after=None
[2024-11-04T20:22:43.158+0000] {logging_mixin.py:190} INFO - [2024-11-04T20:22:43.158+0000] {dag.py:3239} INFO - Sync 2 DAGs
[2024-11-04T20:22:43.164+0000] {logging_mixin.py:190} INFO - [2024-11-04T20:22:43.163+0000] {dag.py:4180} INFO - Setting next_dagrun for example_subdag_operator.section-1 to None, run_after=None
[2024-11-04T20:22:43.164+0000] {logging_mixin.py:190} INFO - [2024-11-04T20:22:43.164+0000] {dag.py:4180} INFO - Setting next_dagrun for example_subdag_operator.section-2 to None, run_after=None
[2024-11-04T20:22:43.176+0000] {processor.py:208} INFO - Processing /home/airflow/.local/lib/python3.12/site-packages/airflow/example_dags/example_subdag_operator.py took 0.110 seconds
