[2024-11-04T20:13:35.825+0000] {processor.py:186} INFO - Started process (PID=102) to work on /home/airflow/.local/lib/python3.12/site-packages/airflow/example_dags/example_dynamic_task_mapping.py
[2024-11-04T20:13:35.827+0000] {processor.py:914} INFO - Processing file /home/airflow/.local/lib/python3.12/site-packages/airflow/example_dags/example_dynamic_task_mapping.py for tasks to queue
[2024-11-04T20:13:35.836+0000] {logging_mixin.py:190} INFO - [2024-11-04T20:13:35.835+0000] {dagbag.py:588} INFO - Filling up the DagBag from /home/airflow/.local/lib/python3.12/site-packages/airflow/example_dags/example_dynamic_task_mapping.py
[2024-11-04T20:13:35.931+0000] {processor.py:925} INFO - DAG(s) 'example_dynamic_task_mapping' retrieved from /home/airflow/.local/lib/python3.12/site-packages/airflow/example_dags/example_dynamic_task_mapping.py
[2024-11-04T20:13:36.343+0000] {logging_mixin.py:190} INFO - [2024-11-04T20:13:36.342+0000] {override.py:1900} INFO - Created Permission View: can edit on DAG:example_dynamic_task_mapping
[2024-11-04T20:13:36.418+0000] {logging_mixin.py:190} INFO - [2024-11-04T20:13:36.417+0000] {override.py:1900} INFO - Created Permission View: can read on DAG:example_dynamic_task_mapping
[2024-11-04T20:13:36.449+0000] {logging_mixin.py:190} INFO - [2024-11-04T20:13:36.448+0000] {override.py:1900} INFO - Created Permission View: can delete on DAG:example_dynamic_task_mapping
[2024-11-04T20:13:36.524+0000] {logging_mixin.py:190} INFO - [2024-11-04T20:13:36.523+0000] {override.py:1900} INFO - Created Permission View: menu access on DAG Run:example_dynamic_task_mapping
[2024-11-04T20:13:36.589+0000] {logging_mixin.py:190} INFO - [2024-11-04T20:13:36.588+0000] {override.py:1900} INFO - Created Permission View: can read on DAG Run:example_dynamic_task_mapping
[2024-11-04T20:13:36.630+0000] {logging_mixin.py:190} INFO - [2024-11-04T20:13:36.628+0000] {override.py:1900} INFO - Created Permission View: can create on DAG Run:example_dynamic_task_mapping
[2024-11-04T20:13:36.689+0000] {logging_mixin.py:190} INFO - [2024-11-04T20:13:36.688+0000] {override.py:1900} INFO - Created Permission View: can delete on DAG Run:example_dynamic_task_mapping
[2024-11-04T20:13:36.692+0000] {logging_mixin.py:190} INFO - [2024-11-04T20:13:36.691+0000] {dag.py:3239} INFO - Sync 1 DAGs
[2024-11-04T20:13:36.793+0000] {logging_mixin.py:190} INFO - [2024-11-04T20:13:36.792+0000] {dag.py:3262} INFO - Creating ORM DAG for example_dynamic_task_mapping
[2024-11-04T20:13:36.818+0000] {logging_mixin.py:190} INFO - [2024-11-04T20:13:36.817+0000] {dag.py:4180} INFO - Setting next_dagrun for example_dynamic_task_mapping to None, run_after=None
[2024-11-04T20:13:36.910+0000] {processor.py:208} INFO - Processing /home/airflow/.local/lib/python3.12/site-packages/airflow/example_dags/example_dynamic_task_mapping.py took 1.119 seconds
[2024-11-04T20:14:07.682+0000] {processor.py:186} INFO - Started process (PID=164) to work on /home/airflow/.local/lib/python3.12/site-packages/airflow/example_dags/example_dynamic_task_mapping.py
[2024-11-04T20:14:07.701+0000] {processor.py:914} INFO - Processing file /home/airflow/.local/lib/python3.12/site-packages/airflow/example_dags/example_dynamic_task_mapping.py for tasks to queue
[2024-11-04T20:14:07.720+0000] {logging_mixin.py:190} INFO - [2024-11-04T20:14:07.718+0000] {dagbag.py:588} INFO - Filling up the DagBag from /home/airflow/.local/lib/python3.12/site-packages/airflow/example_dags/example_dynamic_task_mapping.py
[2024-11-04T20:14:07.885+0000] {processor.py:925} INFO - DAG(s) 'example_dynamic_task_mapping' retrieved from /home/airflow/.local/lib/python3.12/site-packages/airflow/example_dags/example_dynamic_task_mapping.py
[2024-11-04T20:14:08.434+0000] {logging_mixin.py:190} INFO - [2024-11-04T20:14:08.434+0000] {dag.py:3239} INFO - Sync 1 DAGs
[2024-11-04T20:14:08.651+0000] {logging_mixin.py:190} INFO - [2024-11-04T20:14:08.650+0000] {dag.py:4180} INFO - Setting next_dagrun for example_dynamic_task_mapping to None, run_after=None
[2024-11-04T20:14:09.190+0000] {processor.py:208} INFO - Processing /home/airflow/.local/lib/python3.12/site-packages/airflow/example_dags/example_dynamic_task_mapping.py took 1.527 seconds
[2024-11-04T20:14:39.324+0000] {processor.py:186} INFO - Started process (PID=227) to work on /home/airflow/.local/lib/python3.12/site-packages/airflow/example_dags/example_dynamic_task_mapping.py
[2024-11-04T20:14:39.326+0000] {processor.py:914} INFO - Processing file /home/airflow/.local/lib/python3.12/site-packages/airflow/example_dags/example_dynamic_task_mapping.py for tasks to queue
[2024-11-04T20:14:39.331+0000] {logging_mixin.py:190} INFO - [2024-11-04T20:14:39.331+0000] {dagbag.py:588} INFO - Filling up the DagBag from /home/airflow/.local/lib/python3.12/site-packages/airflow/example_dags/example_dynamic_task_mapping.py
[2024-11-04T20:14:39.342+0000] {processor.py:925} INFO - DAG(s) 'example_dynamic_task_mapping' retrieved from /home/airflow/.local/lib/python3.12/site-packages/airflow/example_dags/example_dynamic_task_mapping.py
[2024-11-04T20:14:39.379+0000] {logging_mixin.py:190} INFO - [2024-11-04T20:14:39.378+0000] {dag.py:3239} INFO - Sync 1 DAGs
[2024-11-04T20:14:39.397+0000] {logging_mixin.py:190} INFO - [2024-11-04T20:14:39.397+0000] {dag.py:4180} INFO - Setting next_dagrun for example_dynamic_task_mapping to None, run_after=None
[2024-11-04T20:14:39.418+0000] {processor.py:208} INFO - Processing /home/airflow/.local/lib/python3.12/site-packages/airflow/example_dags/example_dynamic_task_mapping.py took 0.102 seconds
[2024-11-04T20:15:09.849+0000] {processor.py:186} INFO - Started process (PID=289) to work on /home/airflow/.local/lib/python3.12/site-packages/airflow/example_dags/example_dynamic_task_mapping.py
[2024-11-04T20:15:09.851+0000] {processor.py:914} INFO - Processing file /home/airflow/.local/lib/python3.12/site-packages/airflow/example_dags/example_dynamic_task_mapping.py for tasks to queue
[2024-11-04T20:15:09.855+0000] {logging_mixin.py:190} INFO - [2024-11-04T20:15:09.854+0000] {dagbag.py:588} INFO - Filling up the DagBag from /home/airflow/.local/lib/python3.12/site-packages/airflow/example_dags/example_dynamic_task_mapping.py
[2024-11-04T20:15:09.871+0000] {processor.py:925} INFO - DAG(s) 'example_dynamic_task_mapping' retrieved from /home/airflow/.local/lib/python3.12/site-packages/airflow/example_dags/example_dynamic_task_mapping.py
[2024-11-04T20:15:09.913+0000] {logging_mixin.py:190} INFO - [2024-11-04T20:15:09.913+0000] {dag.py:3239} INFO - Sync 1 DAGs
[2024-11-04T20:15:09.959+0000] {logging_mixin.py:190} INFO - [2024-11-04T20:15:09.959+0000] {dag.py:4180} INFO - Setting next_dagrun for example_dynamic_task_mapping to None, run_after=None
[2024-11-04T20:15:09.993+0000] {processor.py:208} INFO - Processing /home/airflow/.local/lib/python3.12/site-packages/airflow/example_dags/example_dynamic_task_mapping.py took 0.152 seconds
[2024-11-04T20:15:40.351+0000] {processor.py:186} INFO - Started process (PID=351) to work on /home/airflow/.local/lib/python3.12/site-packages/airflow/example_dags/example_dynamic_task_mapping.py
[2024-11-04T20:15:40.353+0000] {processor.py:914} INFO - Processing file /home/airflow/.local/lib/python3.12/site-packages/airflow/example_dags/example_dynamic_task_mapping.py for tasks to queue
[2024-11-04T20:15:40.356+0000] {logging_mixin.py:190} INFO - [2024-11-04T20:15:40.355+0000] {dagbag.py:588} INFO - Filling up the DagBag from /home/airflow/.local/lib/python3.12/site-packages/airflow/example_dags/example_dynamic_task_mapping.py
[2024-11-04T20:15:40.365+0000] {processor.py:925} INFO - DAG(s) 'example_dynamic_task_mapping' retrieved from /home/airflow/.local/lib/python3.12/site-packages/airflow/example_dags/example_dynamic_task_mapping.py
[2024-11-04T20:15:40.391+0000] {logging_mixin.py:190} INFO - [2024-11-04T20:15:40.390+0000] {dag.py:3239} INFO - Sync 1 DAGs
[2024-11-04T20:15:40.409+0000] {logging_mixin.py:190} INFO - [2024-11-04T20:15:40.408+0000] {dag.py:4180} INFO - Setting next_dagrun for example_dynamic_task_mapping to None, run_after=None
[2024-11-04T20:15:40.433+0000] {processor.py:208} INFO - Processing /home/airflow/.local/lib/python3.12/site-packages/airflow/example_dags/example_dynamic_task_mapping.py took 0.094 seconds
[2024-11-04T20:16:10.852+0000] {processor.py:186} INFO - Started process (PID=413) to work on /home/airflow/.local/lib/python3.12/site-packages/airflow/example_dags/example_dynamic_task_mapping.py
[2024-11-04T20:16:10.853+0000] {processor.py:914} INFO - Processing file /home/airflow/.local/lib/python3.12/site-packages/airflow/example_dags/example_dynamic_task_mapping.py for tasks to queue
[2024-11-04T20:16:10.857+0000] {logging_mixin.py:190} INFO - [2024-11-04T20:16:10.856+0000] {dagbag.py:588} INFO - Filling up the DagBag from /home/airflow/.local/lib/python3.12/site-packages/airflow/example_dags/example_dynamic_task_mapping.py
[2024-11-04T20:16:10.867+0000] {processor.py:925} INFO - DAG(s) 'example_dynamic_task_mapping' retrieved from /home/airflow/.local/lib/python3.12/site-packages/airflow/example_dags/example_dynamic_task_mapping.py
[2024-11-04T20:16:10.897+0000] {logging_mixin.py:190} INFO - [2024-11-04T20:16:10.896+0000] {dag.py:3239} INFO - Sync 1 DAGs
[2024-11-04T20:16:10.917+0000] {logging_mixin.py:190} INFO - [2024-11-04T20:16:10.916+0000] {dag.py:4180} INFO - Setting next_dagrun for example_dynamic_task_mapping to None, run_after=None
[2024-11-04T20:16:10.940+0000] {processor.py:208} INFO - Processing /home/airflow/.local/lib/python3.12/site-packages/airflow/example_dags/example_dynamic_task_mapping.py took 0.096 seconds
[2024-11-04T20:16:41.984+0000] {processor.py:186} INFO - Started process (PID=475) to work on /home/airflow/.local/lib/python3.12/site-packages/airflow/example_dags/example_dynamic_task_mapping.py
[2024-11-04T20:16:41.985+0000] {processor.py:914} INFO - Processing file /home/airflow/.local/lib/python3.12/site-packages/airflow/example_dags/example_dynamic_task_mapping.py for tasks to queue
[2024-11-04T20:16:41.989+0000] {logging_mixin.py:190} INFO - [2024-11-04T20:16:41.988+0000] {dagbag.py:588} INFO - Filling up the DagBag from /home/airflow/.local/lib/python3.12/site-packages/airflow/example_dags/example_dynamic_task_mapping.py
[2024-11-04T20:16:42.007+0000] {processor.py:925} INFO - DAG(s) 'example_dynamic_task_mapping' retrieved from /home/airflow/.local/lib/python3.12/site-packages/airflow/example_dags/example_dynamic_task_mapping.py
[2024-11-04T20:16:42.045+0000] {logging_mixin.py:190} INFO - [2024-11-04T20:16:42.045+0000] {dag.py:3239} INFO - Sync 1 DAGs
[2024-11-04T20:16:42.072+0000] {logging_mixin.py:190} INFO - [2024-11-04T20:16:42.072+0000] {dag.py:4180} INFO - Setting next_dagrun for example_dynamic_task_mapping to None, run_after=None
[2024-11-04T20:16:42.105+0000] {processor.py:208} INFO - Processing /home/airflow/.local/lib/python3.12/site-packages/airflow/example_dags/example_dynamic_task_mapping.py took 0.133 seconds
[2024-11-04T20:17:13.597+0000] {processor.py:186} INFO - Started process (PID=537) to work on /home/airflow/.local/lib/python3.12/site-packages/airflow/example_dags/example_dynamic_task_mapping.py
[2024-11-04T20:17:13.600+0000] {processor.py:914} INFO - Processing file /home/airflow/.local/lib/python3.12/site-packages/airflow/example_dags/example_dynamic_task_mapping.py for tasks to queue
[2024-11-04T20:17:13.653+0000] {logging_mixin.py:190} INFO - [2024-11-04T20:17:13.647+0000] {dagbag.py:588} INFO - Filling up the DagBag from /home/airflow/.local/lib/python3.12/site-packages/airflow/example_dags/example_dynamic_task_mapping.py
[2024-11-04T20:17:13.719+0000] {processor.py:925} INFO - DAG(s) 'example_dynamic_task_mapping' retrieved from /home/airflow/.local/lib/python3.12/site-packages/airflow/example_dags/example_dynamic_task_mapping.py
[2024-11-04T20:17:13.988+0000] {logging_mixin.py:190} INFO - [2024-11-04T20:17:13.987+0000] {dag.py:3239} INFO - Sync 1 DAGs
[2024-11-04T20:17:14.192+0000] {logging_mixin.py:190} INFO - [2024-11-04T20:17:14.191+0000] {dag.py:4180} INFO - Setting next_dagrun for example_dynamic_task_mapping to None, run_after=None
[2024-11-04T20:17:14.257+0000] {processor.py:208} INFO - Processing /home/airflow/.local/lib/python3.12/site-packages/airflow/example_dags/example_dynamic_task_mapping.py took 0.774 seconds
[2024-11-04T20:17:44.533+0000] {processor.py:186} INFO - Started process (PID=598) to work on /home/airflow/.local/lib/python3.12/site-packages/airflow/example_dags/example_dynamic_task_mapping.py
[2024-11-04T20:17:44.539+0000] {processor.py:914} INFO - Processing file /home/airflow/.local/lib/python3.12/site-packages/airflow/example_dags/example_dynamic_task_mapping.py for tasks to queue
[2024-11-04T20:17:44.553+0000] {logging_mixin.py:190} INFO - [2024-11-04T20:17:44.553+0000] {dagbag.py:588} INFO - Filling up the DagBag from /home/airflow/.local/lib/python3.12/site-packages/airflow/example_dags/example_dynamic_task_mapping.py
[2024-11-04T20:17:44.621+0000] {processor.py:925} INFO - DAG(s) 'example_dynamic_task_mapping' retrieved from /home/airflow/.local/lib/python3.12/site-packages/airflow/example_dags/example_dynamic_task_mapping.py
[2024-11-04T20:17:44.904+0000] {logging_mixin.py:190} INFO - [2024-11-04T20:17:44.903+0000] {dag.py:3239} INFO - Sync 1 DAGs
[2024-11-04T20:17:44.977+0000] {logging_mixin.py:190} INFO - [2024-11-04T20:17:44.977+0000] {dag.py:4180} INFO - Setting next_dagrun for example_dynamic_task_mapping to None, run_after=None
[2024-11-04T20:17:45.052+0000] {processor.py:208} INFO - Processing /home/airflow/.local/lib/python3.12/site-packages/airflow/example_dags/example_dynamic_task_mapping.py took 0.531 seconds
[2024-11-04T20:18:15.213+0000] {processor.py:186} INFO - Started process (PID=661) to work on /home/airflow/.local/lib/python3.12/site-packages/airflow/example_dags/example_dynamic_task_mapping.py
[2024-11-04T20:18:15.214+0000] {processor.py:914} INFO - Processing file /home/airflow/.local/lib/python3.12/site-packages/airflow/example_dags/example_dynamic_task_mapping.py for tasks to queue
[2024-11-04T20:18:15.218+0000] {logging_mixin.py:190} INFO - [2024-11-04T20:18:15.217+0000] {dagbag.py:588} INFO - Filling up the DagBag from /home/airflow/.local/lib/python3.12/site-packages/airflow/example_dags/example_dynamic_task_mapping.py
[2024-11-04T20:18:15.228+0000] {processor.py:925} INFO - DAG(s) 'example_dynamic_task_mapping' retrieved from /home/airflow/.local/lib/python3.12/site-packages/airflow/example_dags/example_dynamic_task_mapping.py
[2024-11-04T20:18:15.251+0000] {logging_mixin.py:190} INFO - [2024-11-04T20:18:15.251+0000] {dag.py:3239} INFO - Sync 1 DAGs
[2024-11-04T20:18:15.270+0000] {logging_mixin.py:190} INFO - [2024-11-04T20:18:15.270+0000] {dag.py:4180} INFO - Setting next_dagrun for example_dynamic_task_mapping to None, run_after=None
[2024-11-04T20:18:15.291+0000] {processor.py:208} INFO - Processing /home/airflow/.local/lib/python3.12/site-packages/airflow/example_dags/example_dynamic_task_mapping.py took 0.087 seconds
[2024-11-04T20:18:45.898+0000] {processor.py:186} INFO - Started process (PID=724) to work on /home/airflow/.local/lib/python3.12/site-packages/airflow/example_dags/example_dynamic_task_mapping.py
[2024-11-04T20:18:45.900+0000] {processor.py:914} INFO - Processing file /home/airflow/.local/lib/python3.12/site-packages/airflow/example_dags/example_dynamic_task_mapping.py for tasks to queue
[2024-11-04T20:18:45.906+0000] {logging_mixin.py:190} INFO - [2024-11-04T20:18:45.905+0000] {dagbag.py:588} INFO - Filling up the DagBag from /home/airflow/.local/lib/python3.12/site-packages/airflow/example_dags/example_dynamic_task_mapping.py
[2024-11-04T20:18:45.915+0000] {processor.py:925} INFO - DAG(s) 'example_dynamic_task_mapping' retrieved from /home/airflow/.local/lib/python3.12/site-packages/airflow/example_dags/example_dynamic_task_mapping.py
[2024-11-04T20:18:45.946+0000] {logging_mixin.py:190} INFO - [2024-11-04T20:18:45.946+0000] {dag.py:3239} INFO - Sync 1 DAGs
[2024-11-04T20:18:45.965+0000] {logging_mixin.py:190} INFO - [2024-11-04T20:18:45.965+0000] {dag.py:4180} INFO - Setting next_dagrun for example_dynamic_task_mapping to None, run_after=None
[2024-11-04T20:18:45.990+0000] {processor.py:208} INFO - Processing /home/airflow/.local/lib/python3.12/site-packages/airflow/example_dags/example_dynamic_task_mapping.py took 0.101 seconds
[2024-11-04T20:19:16.426+0000] {processor.py:186} INFO - Started process (PID=787) to work on /home/airflow/.local/lib/python3.12/site-packages/airflow/example_dags/example_dynamic_task_mapping.py
[2024-11-04T20:19:16.428+0000] {processor.py:914} INFO - Processing file /home/airflow/.local/lib/python3.12/site-packages/airflow/example_dags/example_dynamic_task_mapping.py for tasks to queue
[2024-11-04T20:19:16.431+0000] {logging_mixin.py:190} INFO - [2024-11-04T20:19:16.431+0000] {dagbag.py:588} INFO - Filling up the DagBag from /home/airflow/.local/lib/python3.12/site-packages/airflow/example_dags/example_dynamic_task_mapping.py
[2024-11-04T20:19:16.442+0000] {processor.py:925} INFO - DAG(s) 'example_dynamic_task_mapping' retrieved from /home/airflow/.local/lib/python3.12/site-packages/airflow/example_dags/example_dynamic_task_mapping.py
[2024-11-04T20:19:16.469+0000] {logging_mixin.py:190} INFO - [2024-11-04T20:19:16.469+0000] {dag.py:3239} INFO - Sync 1 DAGs
[2024-11-04T20:19:16.493+0000] {logging_mixin.py:190} INFO - [2024-11-04T20:19:16.493+0000] {dag.py:4180} INFO - Setting next_dagrun for example_dynamic_task_mapping to None, run_after=None
[2024-11-04T20:19:16.527+0000] {processor.py:208} INFO - Processing /home/airflow/.local/lib/python3.12/site-packages/airflow/example_dags/example_dynamic_task_mapping.py took 0.109 seconds
[2024-11-04T20:19:46.899+0000] {processor.py:186} INFO - Started process (PID=850) to work on /home/airflow/.local/lib/python3.12/site-packages/airflow/example_dags/example_dynamic_task_mapping.py
[2024-11-04T20:19:46.900+0000] {processor.py:914} INFO - Processing file /home/airflow/.local/lib/python3.12/site-packages/airflow/example_dags/example_dynamic_task_mapping.py for tasks to queue
[2024-11-04T20:19:46.903+0000] {logging_mixin.py:190} INFO - [2024-11-04T20:19:46.902+0000] {dagbag.py:588} INFO - Filling up the DagBag from /home/airflow/.local/lib/python3.12/site-packages/airflow/example_dags/example_dynamic_task_mapping.py
[2024-11-04T20:19:46.913+0000] {processor.py:925} INFO - DAG(s) 'example_dynamic_task_mapping' retrieved from /home/airflow/.local/lib/python3.12/site-packages/airflow/example_dags/example_dynamic_task_mapping.py
[2024-11-04T20:19:46.937+0000] {logging_mixin.py:190} INFO - [2024-11-04T20:19:46.937+0000] {dag.py:3239} INFO - Sync 1 DAGs
[2024-11-04T20:19:46.952+0000] {logging_mixin.py:190} INFO - [2024-11-04T20:19:46.952+0000] {dag.py:4180} INFO - Setting next_dagrun for example_dynamic_task_mapping to None, run_after=None
[2024-11-04T20:19:46.971+0000] {processor.py:208} INFO - Processing /home/airflow/.local/lib/python3.12/site-packages/airflow/example_dags/example_dynamic_task_mapping.py took 0.079 seconds
[2024-11-04T20:20:17.421+0000] {processor.py:186} INFO - Started process (PID=913) to work on /home/airflow/.local/lib/python3.12/site-packages/airflow/example_dags/example_dynamic_task_mapping.py
[2024-11-04T20:20:17.423+0000] {processor.py:914} INFO - Processing file /home/airflow/.local/lib/python3.12/site-packages/airflow/example_dags/example_dynamic_task_mapping.py for tasks to queue
[2024-11-04T20:20:17.426+0000] {logging_mixin.py:190} INFO - [2024-11-04T20:20:17.425+0000] {dagbag.py:588} INFO - Filling up the DagBag from /home/airflow/.local/lib/python3.12/site-packages/airflow/example_dags/example_dynamic_task_mapping.py
[2024-11-04T20:20:17.439+0000] {processor.py:925} INFO - DAG(s) 'example_dynamic_task_mapping' retrieved from /home/airflow/.local/lib/python3.12/site-packages/airflow/example_dags/example_dynamic_task_mapping.py
[2024-11-04T20:20:17.499+0000] {logging_mixin.py:190} INFO - [2024-11-04T20:20:17.499+0000] {dag.py:3239} INFO - Sync 1 DAGs
[2024-11-04T20:20:17.565+0000] {logging_mixin.py:190} INFO - [2024-11-04T20:20:17.565+0000] {dag.py:4180} INFO - Setting next_dagrun for example_dynamic_task_mapping to None, run_after=None
[2024-11-04T20:20:17.599+0000] {processor.py:208} INFO - Processing /home/airflow/.local/lib/python3.12/site-packages/airflow/example_dags/example_dynamic_task_mapping.py took 0.186 seconds
[2024-11-04T20:20:48.074+0000] {processor.py:186} INFO - Started process (PID=976) to work on /home/airflow/.local/lib/python3.12/site-packages/airflow/example_dags/example_dynamic_task_mapping.py
[2024-11-04T20:20:48.076+0000] {processor.py:914} INFO - Processing file /home/airflow/.local/lib/python3.12/site-packages/airflow/example_dags/example_dynamic_task_mapping.py for tasks to queue
[2024-11-04T20:20:48.080+0000] {logging_mixin.py:190} INFO - [2024-11-04T20:20:48.079+0000] {dagbag.py:588} INFO - Filling up the DagBag from /home/airflow/.local/lib/python3.12/site-packages/airflow/example_dags/example_dynamic_task_mapping.py
[2024-11-04T20:20:48.091+0000] {processor.py:925} INFO - DAG(s) 'example_dynamic_task_mapping' retrieved from /home/airflow/.local/lib/python3.12/site-packages/airflow/example_dags/example_dynamic_task_mapping.py
[2024-11-04T20:20:48.122+0000] {logging_mixin.py:190} INFO - [2024-11-04T20:20:48.122+0000] {dag.py:3239} INFO - Sync 1 DAGs
[2024-11-04T20:20:48.141+0000] {logging_mixin.py:190} INFO - [2024-11-04T20:20:48.141+0000] {dag.py:4180} INFO - Setting next_dagrun for example_dynamic_task_mapping to None, run_after=None
[2024-11-04T20:20:48.169+0000] {processor.py:208} INFO - Processing /home/airflow/.local/lib/python3.12/site-packages/airflow/example_dags/example_dynamic_task_mapping.py took 0.106 seconds
[2024-11-04T20:21:18.312+0000] {processor.py:186} INFO - Started process (PID=1039) to work on /home/airflow/.local/lib/python3.12/site-packages/airflow/example_dags/example_dynamic_task_mapping.py
[2024-11-04T20:21:18.313+0000] {processor.py:914} INFO - Processing file /home/airflow/.local/lib/python3.12/site-packages/airflow/example_dags/example_dynamic_task_mapping.py for tasks to queue
[2024-11-04T20:21:18.316+0000] {logging_mixin.py:190} INFO - [2024-11-04T20:21:18.316+0000] {dagbag.py:588} INFO - Filling up the DagBag from /home/airflow/.local/lib/python3.12/site-packages/airflow/example_dags/example_dynamic_task_mapping.py
[2024-11-04T20:21:18.326+0000] {processor.py:925} INFO - DAG(s) 'example_dynamic_task_mapping' retrieved from /home/airflow/.local/lib/python3.12/site-packages/airflow/example_dags/example_dynamic_task_mapping.py
[2024-11-04T20:21:18.359+0000] {logging_mixin.py:190} INFO - [2024-11-04T20:21:18.358+0000] {dag.py:3239} INFO - Sync 1 DAGs
[2024-11-04T20:21:18.375+0000] {logging_mixin.py:190} INFO - [2024-11-04T20:21:18.375+0000] {dag.py:4180} INFO - Setting next_dagrun for example_dynamic_task_mapping to None, run_after=None
[2024-11-04T20:21:18.396+0000] {processor.py:208} INFO - Processing /home/airflow/.local/lib/python3.12/site-packages/airflow/example_dags/example_dynamic_task_mapping.py took 0.092 seconds
[2024-11-04T20:21:48.916+0000] {processor.py:186} INFO - Started process (PID=1102) to work on /home/airflow/.local/lib/python3.12/site-packages/airflow/example_dags/example_dynamic_task_mapping.py
[2024-11-04T20:21:48.918+0000] {processor.py:914} INFO - Processing file /home/airflow/.local/lib/python3.12/site-packages/airflow/example_dags/example_dynamic_task_mapping.py for tasks to queue
[2024-11-04T20:21:48.922+0000] {logging_mixin.py:190} INFO - [2024-11-04T20:21:48.921+0000] {dagbag.py:588} INFO - Filling up the DagBag from /home/airflow/.local/lib/python3.12/site-packages/airflow/example_dags/example_dynamic_task_mapping.py
[2024-11-04T20:21:48.934+0000] {processor.py:925} INFO - DAG(s) 'example_dynamic_task_mapping' retrieved from /home/airflow/.local/lib/python3.12/site-packages/airflow/example_dags/example_dynamic_task_mapping.py
[2024-11-04T20:21:48.957+0000] {logging_mixin.py:190} INFO - [2024-11-04T20:21:48.956+0000] {dag.py:3239} INFO - Sync 1 DAGs
[2024-11-04T20:21:48.974+0000] {logging_mixin.py:190} INFO - [2024-11-04T20:21:48.973+0000] {dag.py:4180} INFO - Setting next_dagrun for example_dynamic_task_mapping to None, run_after=None
[2024-11-04T20:21:49.000+0000] {processor.py:208} INFO - Processing /home/airflow/.local/lib/python3.12/site-packages/airflow/example_dags/example_dynamic_task_mapping.py took 0.091 seconds
[2024-11-04T20:22:19.282+0000] {processor.py:186} INFO - Started process (PID=1164) to work on /home/airflow/.local/lib/python3.12/site-packages/airflow/example_dags/example_dynamic_task_mapping.py
[2024-11-04T20:22:19.283+0000] {processor.py:914} INFO - Processing file /home/airflow/.local/lib/python3.12/site-packages/airflow/example_dags/example_dynamic_task_mapping.py for tasks to queue
[2024-11-04T20:22:19.286+0000] {logging_mixin.py:190} INFO - [2024-11-04T20:22:19.286+0000] {dagbag.py:588} INFO - Filling up the DagBag from /home/airflow/.local/lib/python3.12/site-packages/airflow/example_dags/example_dynamic_task_mapping.py
[2024-11-04T20:22:19.297+0000] {processor.py:925} INFO - DAG(s) 'example_dynamic_task_mapping' retrieved from /home/airflow/.local/lib/python3.12/site-packages/airflow/example_dags/example_dynamic_task_mapping.py
[2024-11-04T20:22:19.323+0000] {logging_mixin.py:190} INFO - [2024-11-04T20:22:19.323+0000] {dag.py:3239} INFO - Sync 1 DAGs
[2024-11-04T20:22:19.344+0000] {logging_mixin.py:190} INFO - [2024-11-04T20:22:19.343+0000] {dag.py:4180} INFO - Setting next_dagrun for example_dynamic_task_mapping to None, run_after=None
[2024-11-04T20:22:19.365+0000] {processor.py:208} INFO - Processing /home/airflow/.local/lib/python3.12/site-packages/airflow/example_dags/example_dynamic_task_mapping.py took 0.091 seconds
[2024-11-04T20:22:49.648+0000] {processor.py:186} INFO - Started process (PID=1227) to work on /home/airflow/.local/lib/python3.12/site-packages/airflow/example_dags/example_dynamic_task_mapping.py
[2024-11-04T20:22:49.651+0000] {processor.py:914} INFO - Processing file /home/airflow/.local/lib/python3.12/site-packages/airflow/example_dags/example_dynamic_task_mapping.py for tasks to queue
[2024-11-04T20:22:49.655+0000] {logging_mixin.py:190} INFO - [2024-11-04T20:22:49.654+0000] {dagbag.py:588} INFO - Filling up the DagBag from /home/airflow/.local/lib/python3.12/site-packages/airflow/example_dags/example_dynamic_task_mapping.py
[2024-11-04T20:22:49.668+0000] {processor.py:925} INFO - DAG(s) 'example_dynamic_task_mapping' retrieved from /home/airflow/.local/lib/python3.12/site-packages/airflow/example_dags/example_dynamic_task_mapping.py
[2024-11-04T20:22:49.700+0000] {logging_mixin.py:190} INFO - [2024-11-04T20:22:49.700+0000] {dag.py:3239} INFO - Sync 1 DAGs
[2024-11-04T20:22:49.730+0000] {logging_mixin.py:190} INFO - [2024-11-04T20:22:49.729+0000] {dag.py:4180} INFO - Setting next_dagrun for example_dynamic_task_mapping to None, run_after=None
[2024-11-04T20:22:49.778+0000] {processor.py:208} INFO - Processing /home/airflow/.local/lib/python3.12/site-packages/airflow/example_dags/example_dynamic_task_mapping.py took 0.142 seconds
