[2024-11-04T20:13:12.043+0000] {processor.py:186} INFO - Started process (PID=71) to work on /home/airflow/.local/lib/python3.12/site-packages/airflow/example_dags/example_dataset_alias_with_no_taskflow.py
[2024-11-04T20:13:12.053+0000] {processor.py:914} INFO - Processing file /home/airflow/.local/lib/python3.12/site-packages/airflow/example_dags/example_dataset_alias_with_no_taskflow.py for tasks to queue
[2024-11-04T20:13:12.073+0000] {logging_mixin.py:190} INFO - [2024-11-04T20:13:12.069+0000] {dagbag.py:588} INFO - Filling up the DagBag from /home/airflow/.local/lib/python3.12/site-packages/airflow/example_dags/example_dataset_alias_with_no_taskflow.py
[2024-11-04T20:13:12.962+0000] {processor.py:925} INFO - DAG(s) 'dataset_alias_example_alias_producer_with_no_taskflow', 'dataset_alias_example_alias_consumer_with_no_taskflow', 'dataset_s3_bucket_producer_with_no_taskflow', 'dataset_s3_bucket_consumer_with_no_taskflow' retrieved from /home/airflow/.local/lib/python3.12/site-packages/airflow/example_dags/example_dataset_alias_with_no_taskflow.py
[2024-11-04T20:13:14.189+0000] {logging_mixin.py:190} INFO - [2024-11-04T20:13:14.156+0000] {override.py:1900} INFO - Created Permission View: can edit on DAG:dataset_alias_example_alias_producer_with_no_taskflow
[2024-11-04T20:13:14.330+0000] {logging_mixin.py:190} INFO - [2024-11-04T20:13:14.329+0000] {override.py:1900} INFO - Created Permission View: can read on DAG:dataset_alias_example_alias_producer_with_no_taskflow
[2024-11-04T20:13:14.361+0000] {logging_mixin.py:190} INFO - [2024-11-04T20:13:14.361+0000] {override.py:1900} INFO - Created Permission View: can delete on DAG:dataset_alias_example_alias_producer_with_no_taskflow
[2024-11-04T20:13:14.495+0000] {logging_mixin.py:190} INFO - [2024-11-04T20:13:14.495+0000] {override.py:1900} INFO - Created Permission View: menu access on DAG Run:dataset_alias_example_alias_producer_with_no_taskflow
[2024-11-04T20:13:14.562+0000] {logging_mixin.py:190} INFO - [2024-11-04T20:13:14.562+0000] {override.py:1900} INFO - Created Permission View: can read on DAG Run:dataset_alias_example_alias_producer_with_no_taskflow
[2024-11-04T20:13:14.618+0000] {logging_mixin.py:190} INFO - [2024-11-04T20:13:14.617+0000] {override.py:1900} INFO - Created Permission View: can create on DAG Run:dataset_alias_example_alias_producer_with_no_taskflow
[2024-11-04T20:13:14.641+0000] {logging_mixin.py:190} INFO - [2024-11-04T20:13:14.640+0000] {override.py:1900} INFO - Created Permission View: can delete on DAG Run:dataset_alias_example_alias_producer_with_no_taskflow
[2024-11-04T20:13:14.712+0000] {logging_mixin.py:190} INFO - [2024-11-04T20:13:14.711+0000] {override.py:1900} INFO - Created Permission View: can edit on DAG:dataset_alias_example_alias_consumer_with_no_taskflow
[2024-11-04T20:13:14.743+0000] {logging_mixin.py:190} INFO - [2024-11-04T20:13:14.742+0000] {override.py:1900} INFO - Created Permission View: can read on DAG:dataset_alias_example_alias_consumer_with_no_taskflow
[2024-11-04T20:13:14.780+0000] {logging_mixin.py:190} INFO - [2024-11-04T20:13:14.779+0000] {override.py:1900} INFO - Created Permission View: can delete on DAG:dataset_alias_example_alias_consumer_with_no_taskflow
[2024-11-04T20:13:14.793+0000] {logging_mixin.py:190} INFO - [2024-11-04T20:13:14.793+0000] {override.py:1900} INFO - Created Permission View: menu access on DAG Run:dataset_alias_example_alias_consumer_with_no_taskflow
[2024-11-04T20:13:14.822+0000] {logging_mixin.py:190} INFO - [2024-11-04T20:13:14.821+0000] {override.py:1900} INFO - Created Permission View: can read on DAG Run:dataset_alias_example_alias_consumer_with_no_taskflow
[2024-11-04T20:13:14.832+0000] {logging_mixin.py:190} INFO - [2024-11-04T20:13:14.832+0000] {override.py:1900} INFO - Created Permission View: can create on DAG Run:dataset_alias_example_alias_consumer_with_no_taskflow
[2024-11-04T20:13:14.850+0000] {logging_mixin.py:190} INFO - [2024-11-04T20:13:14.850+0000] {override.py:1900} INFO - Created Permission View: can delete on DAG Run:dataset_alias_example_alias_consumer_with_no_taskflow
[2024-11-04T20:13:14.950+0000] {logging_mixin.py:190} INFO - [2024-11-04T20:13:14.948+0000] {override.py:1900} INFO - Created Permission View: can edit on DAG:dataset_s3_bucket_producer_with_no_taskflow
[2024-11-04T20:13:14.983+0000] {logging_mixin.py:190} INFO - [2024-11-04T20:13:14.982+0000] {override.py:1900} INFO - Created Permission View: can read on DAG:dataset_s3_bucket_producer_with_no_taskflow
[2024-11-04T20:13:15.002+0000] {logging_mixin.py:190} INFO - [2024-11-04T20:13:15.002+0000] {override.py:1900} INFO - Created Permission View: can delete on DAG:dataset_s3_bucket_producer_with_no_taskflow
[2024-11-04T20:13:15.030+0000] {logging_mixin.py:190} INFO - [2024-11-04T20:13:15.029+0000] {override.py:1900} INFO - Created Permission View: menu access on DAG Run:dataset_s3_bucket_producer_with_no_taskflow
[2024-11-04T20:13:15.045+0000] {logging_mixin.py:190} INFO - [2024-11-04T20:13:15.045+0000] {override.py:1900} INFO - Created Permission View: can read on DAG Run:dataset_s3_bucket_producer_with_no_taskflow
[2024-11-04T20:13:15.080+0000] {logging_mixin.py:190} INFO - [2024-11-04T20:13:15.079+0000] {override.py:1900} INFO - Created Permission View: can create on DAG Run:dataset_s3_bucket_producer_with_no_taskflow
[2024-11-04T20:13:15.121+0000] {logging_mixin.py:190} INFO - [2024-11-04T20:13:15.121+0000] {override.py:1900} INFO - Created Permission View: can delete on DAG Run:dataset_s3_bucket_producer_with_no_taskflow
[2024-11-04T20:13:15.153+0000] {logging_mixin.py:190} INFO - [2024-11-04T20:13:15.153+0000] {override.py:1900} INFO - Created Permission View: can edit on DAG:dataset_s3_bucket_consumer_with_no_taskflow
[2024-11-04T20:13:15.193+0000] {logging_mixin.py:190} INFO - [2024-11-04T20:13:15.192+0000] {override.py:1900} INFO - Created Permission View: can read on DAG:dataset_s3_bucket_consumer_with_no_taskflow
[2024-11-04T20:13:15.215+0000] {logging_mixin.py:190} INFO - [2024-11-04T20:13:15.214+0000] {override.py:1900} INFO - Created Permission View: can delete on DAG:dataset_s3_bucket_consumer_with_no_taskflow
[2024-11-04T20:13:15.236+0000] {logging_mixin.py:190} INFO - [2024-11-04T20:13:15.235+0000] {override.py:1900} INFO - Created Permission View: menu access on DAG Run:dataset_s3_bucket_consumer_with_no_taskflow
[2024-11-04T20:13:15.248+0000] {logging_mixin.py:190} INFO - [2024-11-04T20:13:15.247+0000] {override.py:1900} INFO - Created Permission View: can read on DAG Run:dataset_s3_bucket_consumer_with_no_taskflow
[2024-11-04T20:13:15.301+0000] {logging_mixin.py:190} INFO - [2024-11-04T20:13:15.289+0000] {override.py:1900} INFO - Created Permission View: can create on DAG Run:dataset_s3_bucket_consumer_with_no_taskflow
[2024-11-04T20:13:15.357+0000] {logging_mixin.py:190} INFO - [2024-11-04T20:13:15.356+0000] {override.py:1900} INFO - Created Permission View: can delete on DAG Run:dataset_s3_bucket_consumer_with_no_taskflow
[2024-11-04T20:13:15.358+0000] {logging_mixin.py:190} INFO - [2024-11-04T20:13:15.358+0000] {dag.py:3239} INFO - Sync 4 DAGs
[2024-11-04T20:13:15.407+0000] {logging_mixin.py:190} INFO - [2024-11-04T20:13:15.406+0000] {dag.py:3262} INFO - Creating ORM DAG for dataset_s3_bucket_consumer_with_no_taskflow
[2024-11-04T20:13:15.417+0000] {logging_mixin.py:190} INFO - [2024-11-04T20:13:15.417+0000] {dag.py:3262} INFO - Creating ORM DAG for dataset_s3_bucket_producer_with_no_taskflow
[2024-11-04T20:13:15.421+0000] {logging_mixin.py:190} INFO - [2024-11-04T20:13:15.420+0000] {dag.py:3262} INFO - Creating ORM DAG for dataset_alias_example_alias_consumer_with_no_taskflow
[2024-11-04T20:13:15.422+0000] {logging_mixin.py:190} INFO - [2024-11-04T20:13:15.422+0000] {dag.py:3262} INFO - Creating ORM DAG for dataset_alias_example_alias_producer_with_no_taskflow
[2024-11-04T20:13:15.506+0000] {logging_mixin.py:190} INFO - [2024-11-04T20:13:15.505+0000] {dag.py:4180} INFO - Setting next_dagrun for dataset_alias_example_alias_consumer_with_no_taskflow to None, run_after=None
[2024-11-04T20:13:15.519+0000] {logging_mixin.py:190} INFO - [2024-11-04T20:13:15.518+0000] {dag.py:4180} INFO - Setting next_dagrun for dataset_alias_example_alias_producer_with_no_taskflow to None, run_after=None
[2024-11-04T20:13:15.520+0000] {logging_mixin.py:190} INFO - [2024-11-04T20:13:15.520+0000] {dag.py:4180} INFO - Setting next_dagrun for dataset_s3_bucket_consumer_with_no_taskflow to None, run_after=None
[2024-11-04T20:13:15.522+0000] {logging_mixin.py:190} INFO - [2024-11-04T20:13:15.521+0000] {dag.py:4180} INFO - Setting next_dagrun for dataset_s3_bucket_producer_with_no_taskflow to None, run_after=None
[2024-11-04T20:13:15.594+0000] {processor.py:208} INFO - Processing /home/airflow/.local/lib/python3.12/site-packages/airflow/example_dags/example_dataset_alias_with_no_taskflow.py took 3.654 seconds
[2024-11-04T20:13:46.822+0000] {processor.py:186} INFO - Started process (PID=133) to work on /home/airflow/.local/lib/python3.12/site-packages/airflow/example_dags/example_dataset_alias_with_no_taskflow.py
[2024-11-04T20:13:46.825+0000] {processor.py:914} INFO - Processing file /home/airflow/.local/lib/python3.12/site-packages/airflow/example_dags/example_dataset_alias_with_no_taskflow.py for tasks to queue
[2024-11-04T20:13:46.833+0000] {logging_mixin.py:190} INFO - [2024-11-04T20:13:46.833+0000] {dagbag.py:588} INFO - Filling up the DagBag from /home/airflow/.local/lib/python3.12/site-packages/airflow/example_dags/example_dataset_alias_with_no_taskflow.py
[2024-11-04T20:13:47.416+0000] {processor.py:925} INFO - DAG(s) 'dataset_s3_bucket_consumer_with_no_taskflow', 'dataset_s3_bucket_producer_with_no_taskflow', 'dataset_alias_example_alias_consumer_with_no_taskflow', 'dataset_alias_example_alias_producer_with_no_taskflow' retrieved from /home/airflow/.local/lib/python3.12/site-packages/airflow/example_dags/example_dataset_alias_with_no_taskflow.py
[2024-11-04T20:13:47.501+0000] {logging_mixin.py:190} INFO - [2024-11-04T20:13:47.500+0000] {dag.py:3239} INFO - Sync 4 DAGs
[2024-11-04T20:13:47.561+0000] {logging_mixin.py:190} INFO - [2024-11-04T20:13:47.561+0000] {dag.py:4180} INFO - Setting next_dagrun for dataset_alias_example_alias_consumer_with_no_taskflow to None, run_after=None
[2024-11-04T20:13:47.580+0000] {logging_mixin.py:190} INFO - [2024-11-04T20:13:47.580+0000] {dag.py:4180} INFO - Setting next_dagrun for dataset_alias_example_alias_producer_with_no_taskflow to None, run_after=None
[2024-11-04T20:13:47.583+0000] {logging_mixin.py:190} INFO - [2024-11-04T20:13:47.582+0000] {dag.py:4180} INFO - Setting next_dagrun for dataset_s3_bucket_consumer_with_no_taskflow to None, run_after=None
[2024-11-04T20:13:47.587+0000] {logging_mixin.py:190} INFO - [2024-11-04T20:13:47.587+0000] {dag.py:4180} INFO - Setting next_dagrun for dataset_s3_bucket_producer_with_no_taskflow to None, run_after=None
[2024-11-04T20:13:47.634+0000] {processor.py:208} INFO - Processing /home/airflow/.local/lib/python3.12/site-packages/airflow/example_dags/example_dataset_alias_with_no_taskflow.py took 0.830 seconds
[2024-11-04T20:14:18.445+0000] {processor.py:186} INFO - Started process (PID=196) to work on /home/airflow/.local/lib/python3.12/site-packages/airflow/example_dags/example_dataset_alias_with_no_taskflow.py
[2024-11-04T20:14:18.447+0000] {processor.py:914} INFO - Processing file /home/airflow/.local/lib/python3.12/site-packages/airflow/example_dags/example_dataset_alias_with_no_taskflow.py for tasks to queue
[2024-11-04T20:14:18.453+0000] {logging_mixin.py:190} INFO - [2024-11-04T20:14:18.452+0000] {dagbag.py:588} INFO - Filling up the DagBag from /home/airflow/.local/lib/python3.12/site-packages/airflow/example_dags/example_dataset_alias_with_no_taskflow.py
[2024-11-04T20:14:19.087+0000] {processor.py:925} INFO - DAG(s) 'dataset_alias_example_alias_producer_with_no_taskflow', 'dataset_alias_example_alias_consumer_with_no_taskflow', 'dataset_s3_bucket_producer_with_no_taskflow', 'dataset_s3_bucket_consumer_with_no_taskflow' retrieved from /home/airflow/.local/lib/python3.12/site-packages/airflow/example_dags/example_dataset_alias_with_no_taskflow.py
[2024-11-04T20:14:19.183+0000] {logging_mixin.py:190} INFO - [2024-11-04T20:14:19.183+0000] {dag.py:3239} INFO - Sync 4 DAGs
[2024-11-04T20:14:19.279+0000] {logging_mixin.py:190} INFO - [2024-11-04T20:14:19.278+0000] {dag.py:4180} INFO - Setting next_dagrun for dataset_alias_example_alias_consumer_with_no_taskflow to None, run_after=None
[2024-11-04T20:14:19.283+0000] {logging_mixin.py:190} INFO - [2024-11-04T20:14:19.283+0000] {dag.py:4180} INFO - Setting next_dagrun for dataset_alias_example_alias_producer_with_no_taskflow to None, run_after=None
[2024-11-04T20:14:19.300+0000] {logging_mixin.py:190} INFO - [2024-11-04T20:14:19.299+0000] {dag.py:4180} INFO - Setting next_dagrun for dataset_s3_bucket_consumer_with_no_taskflow to None, run_after=None
[2024-11-04T20:14:19.302+0000] {logging_mixin.py:190} INFO - [2024-11-04T20:14:19.302+0000] {dag.py:4180} INFO - Setting next_dagrun for dataset_s3_bucket_producer_with_no_taskflow to None, run_after=None
[2024-11-04T20:14:19.382+0000] {processor.py:208} INFO - Processing /home/airflow/.local/lib/python3.12/site-packages/airflow/example_dags/example_dataset_alias_with_no_taskflow.py took 0.949 seconds
[2024-11-04T20:14:49.547+0000] {processor.py:186} INFO - Started process (PID=261) to work on /home/airflow/.local/lib/python3.12/site-packages/airflow/example_dags/example_dataset_alias_with_no_taskflow.py
[2024-11-04T20:14:49.548+0000] {processor.py:914} INFO - Processing file /home/airflow/.local/lib/python3.12/site-packages/airflow/example_dags/example_dataset_alias_with_no_taskflow.py for tasks to queue
[2024-11-04T20:14:49.552+0000] {logging_mixin.py:190} INFO - [2024-11-04T20:14:49.551+0000] {dagbag.py:588} INFO - Filling up the DagBag from /home/airflow/.local/lib/python3.12/site-packages/airflow/example_dags/example_dataset_alias_with_no_taskflow.py
[2024-11-04T20:14:50.127+0000] {processor.py:925} INFO - DAG(s) 'dataset_alias_example_alias_producer_with_no_taskflow', 'dataset_alias_example_alias_consumer_with_no_taskflow', 'dataset_s3_bucket_consumer_with_no_taskflow', 'dataset_s3_bucket_producer_with_no_taskflow' retrieved from /home/airflow/.local/lib/python3.12/site-packages/airflow/example_dags/example_dataset_alias_with_no_taskflow.py
[2024-11-04T20:14:50.163+0000] {logging_mixin.py:190} INFO - [2024-11-04T20:14:50.162+0000] {dag.py:3239} INFO - Sync 4 DAGs
[2024-11-04T20:14:50.192+0000] {logging_mixin.py:190} INFO - [2024-11-04T20:14:50.192+0000] {dag.py:4180} INFO - Setting next_dagrun for dataset_alias_example_alias_consumer_with_no_taskflow to None, run_after=None
[2024-11-04T20:14:50.195+0000] {logging_mixin.py:190} INFO - [2024-11-04T20:14:50.195+0000] {dag.py:4180} INFO - Setting next_dagrun for dataset_alias_example_alias_producer_with_no_taskflow to None, run_after=None
[2024-11-04T20:14:50.198+0000] {logging_mixin.py:190} INFO - [2024-11-04T20:14:50.197+0000] {dag.py:4180} INFO - Setting next_dagrun for dataset_s3_bucket_consumer_with_no_taskflow to None, run_after=None
[2024-11-04T20:14:50.200+0000] {logging_mixin.py:190} INFO - [2024-11-04T20:14:50.200+0000] {dag.py:4180} INFO - Setting next_dagrun for dataset_s3_bucket_producer_with_no_taskflow to None, run_after=None
[2024-11-04T20:14:51.241+0000] {processor.py:208} INFO - Processing /home/airflow/.local/lib/python3.12/site-packages/airflow/example_dags/example_dataset_alias_with_no_taskflow.py took 1.702 seconds
[2024-11-04T20:15:21.442+0000] {processor.py:186} INFO - Started process (PID=328) to work on /home/airflow/.local/lib/python3.12/site-packages/airflow/example_dags/example_dataset_alias_with_no_taskflow.py
[2024-11-04T20:15:21.443+0000] {processor.py:914} INFO - Processing file /home/airflow/.local/lib/python3.12/site-packages/airflow/example_dags/example_dataset_alias_with_no_taskflow.py for tasks to queue
[2024-11-04T20:15:21.446+0000] {logging_mixin.py:190} INFO - [2024-11-04T20:15:21.446+0000] {dagbag.py:588} INFO - Filling up the DagBag from /home/airflow/.local/lib/python3.12/site-packages/airflow/example_dags/example_dataset_alias_with_no_taskflow.py
[2024-11-04T20:15:21.628+0000] {processor.py:925} INFO - DAG(s) 'dataset_alias_example_alias_consumer_with_no_taskflow', 'dataset_alias_example_alias_producer_with_no_taskflow', 'dataset_s3_bucket_consumer_with_no_taskflow', 'dataset_s3_bucket_producer_with_no_taskflow' retrieved from /home/airflow/.local/lib/python3.12/site-packages/airflow/example_dags/example_dataset_alias_with_no_taskflow.py
[2024-11-04T20:15:21.655+0000] {logging_mixin.py:190} INFO - [2024-11-04T20:15:21.655+0000] {dag.py:3239} INFO - Sync 4 DAGs
[2024-11-04T20:15:21.683+0000] {logging_mixin.py:190} INFO - [2024-11-04T20:15:21.683+0000] {dag.py:4180} INFO - Setting next_dagrun for dataset_alias_example_alias_consumer_with_no_taskflow to None, run_after=None
[2024-11-04T20:15:21.686+0000] {logging_mixin.py:190} INFO - [2024-11-04T20:15:21.686+0000] {dag.py:4180} INFO - Setting next_dagrun for dataset_alias_example_alias_producer_with_no_taskflow to None, run_after=None
[2024-11-04T20:15:21.688+0000] {logging_mixin.py:190} INFO - [2024-11-04T20:15:21.688+0000] {dag.py:4180} INFO - Setting next_dagrun for dataset_s3_bucket_consumer_with_no_taskflow to None, run_after=None
[2024-11-04T20:15:21.689+0000] {logging_mixin.py:190} INFO - [2024-11-04T20:15:21.689+0000] {dag.py:4180} INFO - Setting next_dagrun for dataset_s3_bucket_producer_with_no_taskflow to None, run_after=None
[2024-11-04T20:15:21.711+0000] {processor.py:208} INFO - Processing /home/airflow/.local/lib/python3.12/site-packages/airflow/example_dags/example_dataset_alias_with_no_taskflow.py took 0.276 seconds
[2024-11-04T20:15:51.834+0000] {processor.py:186} INFO - Started process (PID=391) to work on /home/airflow/.local/lib/python3.12/site-packages/airflow/example_dags/example_dataset_alias_with_no_taskflow.py
[2024-11-04T20:15:51.836+0000] {processor.py:914} INFO - Processing file /home/airflow/.local/lib/python3.12/site-packages/airflow/example_dags/example_dataset_alias_with_no_taskflow.py for tasks to queue
[2024-11-04T20:15:51.839+0000] {logging_mixin.py:190} INFO - [2024-11-04T20:15:51.838+0000] {dagbag.py:588} INFO - Filling up the DagBag from /home/airflow/.local/lib/python3.12/site-packages/airflow/example_dags/example_dataset_alias_with_no_taskflow.py
[2024-11-04T20:15:52.105+0000] {processor.py:925} INFO - DAG(s) 'dataset_s3_bucket_producer_with_no_taskflow', 'dataset_alias_example_alias_producer_with_no_taskflow', 'dataset_alias_example_alias_consumer_with_no_taskflow', 'dataset_s3_bucket_consumer_with_no_taskflow' retrieved from /home/airflow/.local/lib/python3.12/site-packages/airflow/example_dags/example_dataset_alias_with_no_taskflow.py
[2024-11-04T20:15:52.141+0000] {logging_mixin.py:190} INFO - [2024-11-04T20:15:52.141+0000] {dag.py:3239} INFO - Sync 4 DAGs
[2024-11-04T20:15:52.177+0000] {logging_mixin.py:190} INFO - [2024-11-04T20:15:52.176+0000] {dag.py:4180} INFO - Setting next_dagrun for dataset_alias_example_alias_consumer_with_no_taskflow to None, run_after=None
[2024-11-04T20:15:52.181+0000] {logging_mixin.py:190} INFO - [2024-11-04T20:15:52.181+0000] {dag.py:4180} INFO - Setting next_dagrun for dataset_alias_example_alias_producer_with_no_taskflow to None, run_after=None
[2024-11-04T20:15:52.186+0000] {logging_mixin.py:190} INFO - [2024-11-04T20:15:52.185+0000] {dag.py:4180} INFO - Setting next_dagrun for dataset_s3_bucket_consumer_with_no_taskflow to None, run_after=None
[2024-11-04T20:15:52.187+0000] {logging_mixin.py:190} INFO - [2024-11-04T20:15:52.187+0000] {dag.py:4180} INFO - Setting next_dagrun for dataset_s3_bucket_producer_with_no_taskflow to None, run_after=None
[2024-11-04T20:15:52.225+0000] {processor.py:208} INFO - Processing /home/airflow/.local/lib/python3.12/site-packages/airflow/example_dags/example_dataset_alias_with_no_taskflow.py took 0.398 seconds
[2024-11-04T20:16:23.074+0000] {processor.py:186} INFO - Started process (PID=454) to work on /home/airflow/.local/lib/python3.12/site-packages/airflow/example_dags/example_dataset_alias_with_no_taskflow.py
[2024-11-04T20:16:23.077+0000] {processor.py:914} INFO - Processing file /home/airflow/.local/lib/python3.12/site-packages/airflow/example_dags/example_dataset_alias_with_no_taskflow.py for tasks to queue
[2024-11-04T20:16:23.085+0000] {logging_mixin.py:190} INFO - [2024-11-04T20:16:23.085+0000] {dagbag.py:588} INFO - Filling up the DagBag from /home/airflow/.local/lib/python3.12/site-packages/airflow/example_dags/example_dataset_alias_with_no_taskflow.py
[2024-11-04T20:16:23.712+0000] {processor.py:925} INFO - DAG(s) 'dataset_alias_example_alias_producer_with_no_taskflow', 'dataset_s3_bucket_consumer_with_no_taskflow', 'dataset_s3_bucket_producer_with_no_taskflow', 'dataset_alias_example_alias_consumer_with_no_taskflow' retrieved from /home/airflow/.local/lib/python3.12/site-packages/airflow/example_dags/example_dataset_alias_with_no_taskflow.py
[2024-11-04T20:16:23.779+0000] {logging_mixin.py:190} INFO - [2024-11-04T20:16:23.777+0000] {dag.py:3239} INFO - Sync 4 DAGs
[2024-11-04T20:16:23.848+0000] {logging_mixin.py:190} INFO - [2024-11-04T20:16:23.847+0000] {dag.py:4180} INFO - Setting next_dagrun for dataset_alias_example_alias_consumer_with_no_taskflow to None, run_after=None
[2024-11-04T20:16:23.868+0000] {logging_mixin.py:190} INFO - [2024-11-04T20:16:23.867+0000] {dag.py:4180} INFO - Setting next_dagrun for dataset_alias_example_alias_producer_with_no_taskflow to None, run_after=None
[2024-11-04T20:16:23.898+0000] {logging_mixin.py:190} INFO - [2024-11-04T20:16:23.897+0000] {dag.py:4180} INFO - Setting next_dagrun for dataset_s3_bucket_consumer_with_no_taskflow to None, run_after=None
[2024-11-04T20:16:23.901+0000] {logging_mixin.py:190} INFO - [2024-11-04T20:16:23.901+0000] {dag.py:4180} INFO - Setting next_dagrun for dataset_s3_bucket_producer_with_no_taskflow to None, run_after=None
[2024-11-04T20:16:23.974+0000] {processor.py:208} INFO - Processing /home/airflow/.local/lib/python3.12/site-packages/airflow/example_dags/example_dataset_alias_with_no_taskflow.py took 0.922 seconds
[2024-11-04T20:16:54.444+0000] {processor.py:186} INFO - Started process (PID=516) to work on /home/airflow/.local/lib/python3.12/site-packages/airflow/example_dags/example_dataset_alias_with_no_taskflow.py
[2024-11-04T20:16:54.449+0000] {processor.py:914} INFO - Processing file /home/airflow/.local/lib/python3.12/site-packages/airflow/example_dags/example_dataset_alias_with_no_taskflow.py for tasks to queue
[2024-11-04T20:16:54.453+0000] {logging_mixin.py:190} INFO - [2024-11-04T20:16:54.453+0000] {dagbag.py:588} INFO - Filling up the DagBag from /home/airflow/.local/lib/python3.12/site-packages/airflow/example_dags/example_dataset_alias_with_no_taskflow.py
[2024-11-04T20:16:54.825+0000] {processor.py:925} INFO - DAG(s) 'dataset_alias_example_alias_consumer_with_no_taskflow', 'dataset_alias_example_alias_producer_with_no_taskflow', 'dataset_s3_bucket_producer_with_no_taskflow', 'dataset_s3_bucket_consumer_with_no_taskflow' retrieved from /home/airflow/.local/lib/python3.12/site-packages/airflow/example_dags/example_dataset_alias_with_no_taskflow.py
[2024-11-04T20:16:54.872+0000] {logging_mixin.py:190} INFO - [2024-11-04T20:16:54.872+0000] {dag.py:3239} INFO - Sync 4 DAGs
[2024-11-04T20:16:54.916+0000] {logging_mixin.py:190} INFO - [2024-11-04T20:16:54.915+0000] {dag.py:4180} INFO - Setting next_dagrun for dataset_alias_example_alias_consumer_with_no_taskflow to None, run_after=None
[2024-11-04T20:16:54.922+0000] {logging_mixin.py:190} INFO - [2024-11-04T20:16:54.922+0000] {dag.py:4180} INFO - Setting next_dagrun for dataset_alias_example_alias_producer_with_no_taskflow to None, run_after=None
[2024-11-04T20:16:54.925+0000] {logging_mixin.py:190} INFO - [2024-11-04T20:16:54.925+0000] {dag.py:4180} INFO - Setting next_dagrun for dataset_s3_bucket_consumer_with_no_taskflow to None, run_after=None
[2024-11-04T20:16:54.928+0000] {logging_mixin.py:190} INFO - [2024-11-04T20:16:54.928+0000] {dag.py:4180} INFO - Setting next_dagrun for dataset_s3_bucket_producer_with_no_taskflow to None, run_after=None
[2024-11-04T20:16:54.999+0000] {processor.py:208} INFO - Processing /home/airflow/.local/lib/python3.12/site-packages/airflow/example_dags/example_dataset_alias_with_no_taskflow.py took 0.572 seconds
[2024-11-04T20:17:30.213+0000] {processor.py:186} INFO - Started process (PID=577) to work on /home/airflow/.local/lib/python3.12/site-packages/airflow/example_dags/example_dataset_alias_with_no_taskflow.py
[2024-11-04T20:17:30.224+0000] {processor.py:914} INFO - Processing file /home/airflow/.local/lib/python3.12/site-packages/airflow/example_dags/example_dataset_alias_with_no_taskflow.py for tasks to queue
[2024-11-04T20:17:30.231+0000] {logging_mixin.py:190} INFO - [2024-11-04T20:17:30.230+0000] {dagbag.py:588} INFO - Filling up the DagBag from /home/airflow/.local/lib/python3.12/site-packages/airflow/example_dags/example_dataset_alias_with_no_taskflow.py
[2024-11-04T20:17:30.870+0000] {processor.py:925} INFO - DAG(s) 'dataset_s3_bucket_producer_with_no_taskflow', 'dataset_alias_example_alias_producer_with_no_taskflow', 'dataset_s3_bucket_consumer_with_no_taskflow', 'dataset_alias_example_alias_consumer_with_no_taskflow' retrieved from /home/airflow/.local/lib/python3.12/site-packages/airflow/example_dags/example_dataset_alias_with_no_taskflow.py
[2024-11-04T20:17:30.949+0000] {logging_mixin.py:190} INFO - [2024-11-04T20:17:30.948+0000] {dag.py:3239} INFO - Sync 4 DAGs
[2024-11-04T20:17:31.032+0000] {logging_mixin.py:190} INFO - [2024-11-04T20:17:31.031+0000] {dag.py:4180} INFO - Setting next_dagrun for dataset_alias_example_alias_consumer_with_no_taskflow to None, run_after=None
[2024-11-04T20:17:31.041+0000] {logging_mixin.py:190} INFO - [2024-11-04T20:17:31.041+0000] {dag.py:4180} INFO - Setting next_dagrun for dataset_alias_example_alias_producer_with_no_taskflow to None, run_after=None
[2024-11-04T20:17:31.054+0000] {logging_mixin.py:190} INFO - [2024-11-04T20:17:31.053+0000] {dag.py:4180} INFO - Setting next_dagrun for dataset_s3_bucket_consumer_with_no_taskflow to None, run_after=None
[2024-11-04T20:17:31.062+0000] {logging_mixin.py:190} INFO - [2024-11-04T20:17:31.061+0000] {dag.py:4180} INFO - Setting next_dagrun for dataset_s3_bucket_producer_with_no_taskflow to None, run_after=None
[2024-11-04T20:17:31.184+0000] {processor.py:208} INFO - Processing /home/airflow/.local/lib/python3.12/site-packages/airflow/example_dags/example_dataset_alias_with_no_taskflow.py took 1.001 seconds
[2024-11-04T20:18:01.565+0000] {processor.py:186} INFO - Started process (PID=639) to work on /home/airflow/.local/lib/python3.12/site-packages/airflow/example_dags/example_dataset_alias_with_no_taskflow.py
[2024-11-04T20:18:01.567+0000] {processor.py:914} INFO - Processing file /home/airflow/.local/lib/python3.12/site-packages/airflow/example_dags/example_dataset_alias_with_no_taskflow.py for tasks to queue
[2024-11-04T20:18:01.571+0000] {logging_mixin.py:190} INFO - [2024-11-04T20:18:01.570+0000] {dagbag.py:588} INFO - Filling up the DagBag from /home/airflow/.local/lib/python3.12/site-packages/airflow/example_dags/example_dataset_alias_with_no_taskflow.py
[2024-11-04T20:18:01.764+0000] {processor.py:925} INFO - DAG(s) 'dataset_alias_example_alias_consumer_with_no_taskflow', 'dataset_alias_example_alias_producer_with_no_taskflow', 'dataset_s3_bucket_consumer_with_no_taskflow', 'dataset_s3_bucket_producer_with_no_taskflow' retrieved from /home/airflow/.local/lib/python3.12/site-packages/airflow/example_dags/example_dataset_alias_with_no_taskflow.py
[2024-11-04T20:18:01.791+0000] {logging_mixin.py:190} INFO - [2024-11-04T20:18:01.790+0000] {dag.py:3239} INFO - Sync 4 DAGs
[2024-11-04T20:18:01.824+0000] {logging_mixin.py:190} INFO - [2024-11-04T20:18:01.823+0000] {dag.py:4180} INFO - Setting next_dagrun for dataset_alias_example_alias_consumer_with_no_taskflow to None, run_after=None
[2024-11-04T20:18:01.827+0000] {logging_mixin.py:190} INFO - [2024-11-04T20:18:01.827+0000] {dag.py:4180} INFO - Setting next_dagrun for dataset_alias_example_alias_producer_with_no_taskflow to None, run_after=None
[2024-11-04T20:18:01.829+0000] {logging_mixin.py:190} INFO - [2024-11-04T20:18:01.829+0000] {dag.py:4180} INFO - Setting next_dagrun for dataset_s3_bucket_consumer_with_no_taskflow to None, run_after=None
[2024-11-04T20:18:01.830+0000] {logging_mixin.py:190} INFO - [2024-11-04T20:18:01.830+0000] {dag.py:4180} INFO - Setting next_dagrun for dataset_s3_bucket_producer_with_no_taskflow to None, run_after=None
[2024-11-04T20:18:01.852+0000] {processor.py:208} INFO - Processing /home/airflow/.local/lib/python3.12/site-packages/airflow/example_dags/example_dataset_alias_with_no_taskflow.py took 0.297 seconds
[2024-11-04T20:18:31.951+0000] {processor.py:186} INFO - Started process (PID=702) to work on /home/airflow/.local/lib/python3.12/site-packages/airflow/example_dags/example_dataset_alias_with_no_taskflow.py
[2024-11-04T20:18:31.952+0000] {processor.py:914} INFO - Processing file /home/airflow/.local/lib/python3.12/site-packages/airflow/example_dags/example_dataset_alias_with_no_taskflow.py for tasks to queue
[2024-11-04T20:18:31.955+0000] {logging_mixin.py:190} INFO - [2024-11-04T20:18:31.954+0000] {dagbag.py:588} INFO - Filling up the DagBag from /home/airflow/.local/lib/python3.12/site-packages/airflow/example_dags/example_dataset_alias_with_no_taskflow.py
[2024-11-04T20:18:32.125+0000] {processor.py:925} INFO - DAG(s) 'dataset_s3_bucket_consumer_with_no_taskflow', 'dataset_alias_example_alias_consumer_with_no_taskflow', 'dataset_alias_example_alias_producer_with_no_taskflow', 'dataset_s3_bucket_producer_with_no_taskflow' retrieved from /home/airflow/.local/lib/python3.12/site-packages/airflow/example_dags/example_dataset_alias_with_no_taskflow.py
[2024-11-04T20:18:32.148+0000] {logging_mixin.py:190} INFO - [2024-11-04T20:18:32.148+0000] {dag.py:3239} INFO - Sync 4 DAGs
[2024-11-04T20:18:32.173+0000] {logging_mixin.py:190} INFO - [2024-11-04T20:18:32.173+0000] {dag.py:4180} INFO - Setting next_dagrun for dataset_alias_example_alias_consumer_with_no_taskflow to None, run_after=None
[2024-11-04T20:18:32.177+0000] {logging_mixin.py:190} INFO - [2024-11-04T20:18:32.176+0000] {dag.py:4180} INFO - Setting next_dagrun for dataset_alias_example_alias_producer_with_no_taskflow to None, run_after=None
[2024-11-04T20:18:32.178+0000] {logging_mixin.py:190} INFO - [2024-11-04T20:18:32.178+0000] {dag.py:4180} INFO - Setting next_dagrun for dataset_s3_bucket_consumer_with_no_taskflow to None, run_after=None
[2024-11-04T20:18:32.180+0000] {logging_mixin.py:190} INFO - [2024-11-04T20:18:32.180+0000] {dag.py:4180} INFO - Setting next_dagrun for dataset_s3_bucket_producer_with_no_taskflow to None, run_after=None
[2024-11-04T20:18:32.202+0000] {processor.py:208} INFO - Processing /home/airflow/.local/lib/python3.12/site-packages/airflow/example_dags/example_dataset_alias_with_no_taskflow.py took 0.259 seconds
[2024-11-04T20:19:02.612+0000] {processor.py:186} INFO - Started process (PID=765) to work on /home/airflow/.local/lib/python3.12/site-packages/airflow/example_dags/example_dataset_alias_with_no_taskflow.py
[2024-11-04T20:19:02.614+0000] {processor.py:914} INFO - Processing file /home/airflow/.local/lib/python3.12/site-packages/airflow/example_dags/example_dataset_alias_with_no_taskflow.py for tasks to queue
[2024-11-04T20:19:02.616+0000] {logging_mixin.py:190} INFO - [2024-11-04T20:19:02.616+0000] {dagbag.py:588} INFO - Filling up the DagBag from /home/airflow/.local/lib/python3.12/site-packages/airflow/example_dags/example_dataset_alias_with_no_taskflow.py
[2024-11-04T20:19:02.799+0000] {processor.py:925} INFO - DAG(s) 'dataset_s3_bucket_consumer_with_no_taskflow', 'dataset_alias_example_alias_producer_with_no_taskflow', 'dataset_s3_bucket_producer_with_no_taskflow', 'dataset_alias_example_alias_consumer_with_no_taskflow' retrieved from /home/airflow/.local/lib/python3.12/site-packages/airflow/example_dags/example_dataset_alias_with_no_taskflow.py
[2024-11-04T20:19:02.821+0000] {logging_mixin.py:190} INFO - [2024-11-04T20:19:02.820+0000] {dag.py:3239} INFO - Sync 4 DAGs
[2024-11-04T20:19:02.846+0000] {logging_mixin.py:190} INFO - [2024-11-04T20:19:02.845+0000] {dag.py:4180} INFO - Setting next_dagrun for dataset_alias_example_alias_consumer_with_no_taskflow to None, run_after=None
[2024-11-04T20:19:02.849+0000] {logging_mixin.py:190} INFO - [2024-11-04T20:19:02.849+0000] {dag.py:4180} INFO - Setting next_dagrun for dataset_alias_example_alias_producer_with_no_taskflow to None, run_after=None
[2024-11-04T20:19:02.850+0000] {logging_mixin.py:190} INFO - [2024-11-04T20:19:02.850+0000] {dag.py:4180} INFO - Setting next_dagrun for dataset_s3_bucket_consumer_with_no_taskflow to None, run_after=None
[2024-11-04T20:19:02.852+0000] {logging_mixin.py:190} INFO - [2024-11-04T20:19:02.852+0000] {dag.py:4180} INFO - Setting next_dagrun for dataset_s3_bucket_producer_with_no_taskflow to None, run_after=None
[2024-11-04T20:19:02.874+0000] {processor.py:208} INFO - Processing /home/airflow/.local/lib/python3.12/site-packages/airflow/example_dags/example_dataset_alias_with_no_taskflow.py took 0.270 seconds
[2024-11-04T20:19:33.203+0000] {processor.py:186} INFO - Started process (PID=828) to work on /home/airflow/.local/lib/python3.12/site-packages/airflow/example_dags/example_dataset_alias_with_no_taskflow.py
[2024-11-04T20:19:33.206+0000] {processor.py:914} INFO - Processing file /home/airflow/.local/lib/python3.12/site-packages/airflow/example_dags/example_dataset_alias_with_no_taskflow.py for tasks to queue
[2024-11-04T20:19:33.212+0000] {logging_mixin.py:190} INFO - [2024-11-04T20:19:33.211+0000] {dagbag.py:588} INFO - Filling up the DagBag from /home/airflow/.local/lib/python3.12/site-packages/airflow/example_dags/example_dataset_alias_with_no_taskflow.py
[2024-11-04T20:19:33.398+0000] {processor.py:925} INFO - DAG(s) 'dataset_alias_example_alias_producer_with_no_taskflow', 'dataset_s3_bucket_consumer_with_no_taskflow', 'dataset_alias_example_alias_consumer_with_no_taskflow', 'dataset_s3_bucket_producer_with_no_taskflow' retrieved from /home/airflow/.local/lib/python3.12/site-packages/airflow/example_dags/example_dataset_alias_with_no_taskflow.py
[2024-11-04T20:19:33.425+0000] {logging_mixin.py:190} INFO - [2024-11-04T20:19:33.425+0000] {dag.py:3239} INFO - Sync 4 DAGs
[2024-11-04T20:19:33.458+0000] {logging_mixin.py:190} INFO - [2024-11-04T20:19:33.458+0000] {dag.py:4180} INFO - Setting next_dagrun for dataset_alias_example_alias_consumer_with_no_taskflow to None, run_after=None
[2024-11-04T20:19:33.461+0000] {logging_mixin.py:190} INFO - [2024-11-04T20:19:33.461+0000] {dag.py:4180} INFO - Setting next_dagrun for dataset_alias_example_alias_producer_with_no_taskflow to None, run_after=None
[2024-11-04T20:19:33.463+0000] {logging_mixin.py:190} INFO - [2024-11-04T20:19:33.463+0000] {dag.py:4180} INFO - Setting next_dagrun for dataset_s3_bucket_consumer_with_no_taskflow to None, run_after=None
[2024-11-04T20:19:33.464+0000] {logging_mixin.py:190} INFO - [2024-11-04T20:19:33.464+0000] {dag.py:4180} INFO - Setting next_dagrun for dataset_s3_bucket_producer_with_no_taskflow to None, run_after=None
[2024-11-04T20:19:33.492+0000] {processor.py:208} INFO - Processing /home/airflow/.local/lib/python3.12/site-packages/airflow/example_dags/example_dataset_alias_with_no_taskflow.py took 0.296 seconds
[2024-11-04T20:20:04.205+0000] {processor.py:186} INFO - Started process (PID=891) to work on /home/airflow/.local/lib/python3.12/site-packages/airflow/example_dags/example_dataset_alias_with_no_taskflow.py
[2024-11-04T20:20:04.207+0000] {processor.py:914} INFO - Processing file /home/airflow/.local/lib/python3.12/site-packages/airflow/example_dags/example_dataset_alias_with_no_taskflow.py for tasks to queue
[2024-11-04T20:20:04.210+0000] {logging_mixin.py:190} INFO - [2024-11-04T20:20:04.209+0000] {dagbag.py:588} INFO - Filling up the DagBag from /home/airflow/.local/lib/python3.12/site-packages/airflow/example_dags/example_dataset_alias_with_no_taskflow.py
[2024-11-04T20:20:04.415+0000] {processor.py:925} INFO - DAG(s) 'dataset_s3_bucket_consumer_with_no_taskflow', 'dataset_s3_bucket_producer_with_no_taskflow', 'dataset_alias_example_alias_producer_with_no_taskflow', 'dataset_alias_example_alias_consumer_with_no_taskflow' retrieved from /home/airflow/.local/lib/python3.12/site-packages/airflow/example_dags/example_dataset_alias_with_no_taskflow.py
[2024-11-04T20:20:04.439+0000] {logging_mixin.py:190} INFO - [2024-11-04T20:20:04.438+0000] {dag.py:3239} INFO - Sync 4 DAGs
[2024-11-04T20:20:04.467+0000] {logging_mixin.py:190} INFO - [2024-11-04T20:20:04.467+0000] {dag.py:4180} INFO - Setting next_dagrun for dataset_alias_example_alias_consumer_with_no_taskflow to None, run_after=None
[2024-11-04T20:20:04.472+0000] {logging_mixin.py:190} INFO - [2024-11-04T20:20:04.472+0000] {dag.py:4180} INFO - Setting next_dagrun for dataset_alias_example_alias_producer_with_no_taskflow to None, run_after=None
[2024-11-04T20:20:04.474+0000] {logging_mixin.py:190} INFO - [2024-11-04T20:20:04.474+0000] {dag.py:4180} INFO - Setting next_dagrun for dataset_s3_bucket_consumer_with_no_taskflow to None, run_after=None
[2024-11-04T20:20:04.475+0000] {logging_mixin.py:190} INFO - [2024-11-04T20:20:04.475+0000] {dag.py:4180} INFO - Setting next_dagrun for dataset_s3_bucket_producer_with_no_taskflow to None, run_after=None
[2024-11-04T20:20:04.500+0000] {processor.py:208} INFO - Processing /home/airflow/.local/lib/python3.12/site-packages/airflow/example_dags/example_dataset_alias_with_no_taskflow.py took 0.303 seconds
[2024-11-04T20:20:35.099+0000] {processor.py:186} INFO - Started process (PID=954) to work on /home/airflow/.local/lib/python3.12/site-packages/airflow/example_dags/example_dataset_alias_with_no_taskflow.py
[2024-11-04T20:20:35.102+0000] {processor.py:914} INFO - Processing file /home/airflow/.local/lib/python3.12/site-packages/airflow/example_dags/example_dataset_alias_with_no_taskflow.py for tasks to queue
[2024-11-04T20:20:35.110+0000] {logging_mixin.py:190} INFO - [2024-11-04T20:20:35.110+0000] {dagbag.py:588} INFO - Filling up the DagBag from /home/airflow/.local/lib/python3.12/site-packages/airflow/example_dags/example_dataset_alias_with_no_taskflow.py
[2024-11-04T20:20:35.762+0000] {processor.py:925} INFO - DAG(s) 'dataset_s3_bucket_consumer_with_no_taskflow', 'dataset_alias_example_alias_producer_with_no_taskflow', 'dataset_alias_example_alias_consumer_with_no_taskflow', 'dataset_s3_bucket_producer_with_no_taskflow' retrieved from /home/airflow/.local/lib/python3.12/site-packages/airflow/example_dags/example_dataset_alias_with_no_taskflow.py
[2024-11-04T20:20:35.834+0000] {logging_mixin.py:190} INFO - [2024-11-04T20:20:35.834+0000] {dag.py:3239} INFO - Sync 4 DAGs
[2024-11-04T20:20:35.907+0000] {logging_mixin.py:190} INFO - [2024-11-04T20:20:35.907+0000] {dag.py:4180} INFO - Setting next_dagrun for dataset_alias_example_alias_consumer_with_no_taskflow to None, run_after=None
[2024-11-04T20:20:35.913+0000] {logging_mixin.py:190} INFO - [2024-11-04T20:20:35.913+0000] {dag.py:4180} INFO - Setting next_dagrun for dataset_alias_example_alias_producer_with_no_taskflow to None, run_after=None
[2024-11-04T20:20:35.915+0000] {logging_mixin.py:190} INFO - [2024-11-04T20:20:35.915+0000] {dag.py:4180} INFO - Setting next_dagrun for dataset_s3_bucket_consumer_with_no_taskflow to None, run_after=None
[2024-11-04T20:20:35.917+0000] {logging_mixin.py:190} INFO - [2024-11-04T20:20:35.917+0000] {dag.py:4180} INFO - Setting next_dagrun for dataset_s3_bucket_producer_with_no_taskflow to None, run_after=None
[2024-11-04T20:20:35.964+0000] {processor.py:208} INFO - Processing /home/airflow/.local/lib/python3.12/site-packages/airflow/example_dags/example_dataset_alias_with_no_taskflow.py took 0.881 seconds
[2024-11-04T20:21:06.718+0000] {processor.py:186} INFO - Started process (PID=1017) to work on /home/airflow/.local/lib/python3.12/site-packages/airflow/example_dags/example_dataset_alias_with_no_taskflow.py
[2024-11-04T20:21:06.719+0000] {processor.py:914} INFO - Processing file /home/airflow/.local/lib/python3.12/site-packages/airflow/example_dags/example_dataset_alias_with_no_taskflow.py for tasks to queue
[2024-11-04T20:21:06.724+0000] {logging_mixin.py:190} INFO - [2024-11-04T20:21:06.724+0000] {dagbag.py:588} INFO - Filling up the DagBag from /home/airflow/.local/lib/python3.12/site-packages/airflow/example_dags/example_dataset_alias_with_no_taskflow.py
[2024-11-04T20:21:07.140+0000] {processor.py:925} INFO - DAG(s) 'dataset_alias_example_alias_consumer_with_no_taskflow', 'dataset_s3_bucket_consumer_with_no_taskflow', 'dataset_s3_bucket_producer_with_no_taskflow', 'dataset_alias_example_alias_producer_with_no_taskflow' retrieved from /home/airflow/.local/lib/python3.12/site-packages/airflow/example_dags/example_dataset_alias_with_no_taskflow.py
[2024-11-04T20:21:07.182+0000] {logging_mixin.py:190} INFO - [2024-11-04T20:21:07.182+0000] {dag.py:3239} INFO - Sync 4 DAGs
[2024-11-04T20:21:07.217+0000] {logging_mixin.py:190} INFO - [2024-11-04T20:21:07.216+0000] {dag.py:4180} INFO - Setting next_dagrun for dataset_alias_example_alias_consumer_with_no_taskflow to None, run_after=None
[2024-11-04T20:21:07.221+0000] {logging_mixin.py:190} INFO - [2024-11-04T20:21:07.221+0000] {dag.py:4180} INFO - Setting next_dagrun for dataset_alias_example_alias_producer_with_no_taskflow to None, run_after=None
[2024-11-04T20:21:07.224+0000] {logging_mixin.py:190} INFO - [2024-11-04T20:21:07.224+0000] {dag.py:4180} INFO - Setting next_dagrun for dataset_s3_bucket_consumer_with_no_taskflow to None, run_after=None
[2024-11-04T20:21:07.229+0000] {logging_mixin.py:190} INFO - [2024-11-04T20:21:07.228+0000] {dag.py:4180} INFO - Setting next_dagrun for dataset_s3_bucket_producer_with_no_taskflow to None, run_after=None
[2024-11-04T20:21:07.270+0000] {processor.py:208} INFO - Processing /home/airflow/.local/lib/python3.12/site-packages/airflow/example_dags/example_dataset_alias_with_no_taskflow.py took 0.563 seconds
[2024-11-04T20:21:38.117+0000] {processor.py:186} INFO - Started process (PID=1080) to work on /home/airflow/.local/lib/python3.12/site-packages/airflow/example_dags/example_dataset_alias_with_no_taskflow.py
[2024-11-04T20:21:38.119+0000] {processor.py:914} INFO - Processing file /home/airflow/.local/lib/python3.12/site-packages/airflow/example_dags/example_dataset_alias_with_no_taskflow.py for tasks to queue
[2024-11-04T20:21:38.122+0000] {logging_mixin.py:190} INFO - [2024-11-04T20:21:38.121+0000] {dagbag.py:588} INFO - Filling up the DagBag from /home/airflow/.local/lib/python3.12/site-packages/airflow/example_dags/example_dataset_alias_with_no_taskflow.py
[2024-11-04T20:21:38.298+0000] {processor.py:925} INFO - DAG(s) 'dataset_alias_example_alias_consumer_with_no_taskflow', 'dataset_s3_bucket_producer_with_no_taskflow', 'dataset_s3_bucket_consumer_with_no_taskflow', 'dataset_alias_example_alias_producer_with_no_taskflow' retrieved from /home/airflow/.local/lib/python3.12/site-packages/airflow/example_dags/example_dataset_alias_with_no_taskflow.py
[2024-11-04T20:21:38.321+0000] {logging_mixin.py:190} INFO - [2024-11-04T20:21:38.320+0000] {dag.py:3239} INFO - Sync 4 DAGs
[2024-11-04T20:21:38.347+0000] {logging_mixin.py:190} INFO - [2024-11-04T20:21:38.347+0000] {dag.py:4180} INFO - Setting next_dagrun for dataset_alias_example_alias_consumer_with_no_taskflow to None, run_after=None
[2024-11-04T20:21:38.351+0000] {logging_mixin.py:190} INFO - [2024-11-04T20:21:38.351+0000] {dag.py:4180} INFO - Setting next_dagrun for dataset_alias_example_alias_producer_with_no_taskflow to None, run_after=None
[2024-11-04T20:21:38.353+0000] {logging_mixin.py:190} INFO - [2024-11-04T20:21:38.353+0000] {dag.py:4180} INFO - Setting next_dagrun for dataset_s3_bucket_consumer_with_no_taskflow to None, run_after=None
[2024-11-04T20:21:38.356+0000] {logging_mixin.py:190} INFO - [2024-11-04T20:21:38.355+0000] {dag.py:4180} INFO - Setting next_dagrun for dataset_s3_bucket_producer_with_no_taskflow to None, run_after=None
[2024-11-04T20:21:38.386+0000] {processor.py:208} INFO - Processing /home/airflow/.local/lib/python3.12/site-packages/airflow/example_dags/example_dataset_alias_with_no_taskflow.py took 0.277 seconds
[2024-11-04T20:22:09.410+0000] {processor.py:186} INFO - Started process (PID=1142) to work on /home/airflow/.local/lib/python3.12/site-packages/airflow/example_dags/example_dataset_alias_with_no_taskflow.py
[2024-11-04T20:22:09.411+0000] {processor.py:914} INFO - Processing file /home/airflow/.local/lib/python3.12/site-packages/airflow/example_dags/example_dataset_alias_with_no_taskflow.py for tasks to queue
[2024-11-04T20:22:09.415+0000] {logging_mixin.py:190} INFO - [2024-11-04T20:22:09.414+0000] {dagbag.py:588} INFO - Filling up the DagBag from /home/airflow/.local/lib/python3.12/site-packages/airflow/example_dags/example_dataset_alias_with_no_taskflow.py
[2024-11-04T20:22:09.629+0000] {processor.py:925} INFO - DAG(s) 'dataset_alias_example_alias_producer_with_no_taskflow', 'dataset_s3_bucket_consumer_with_no_taskflow', 'dataset_s3_bucket_producer_with_no_taskflow', 'dataset_alias_example_alias_consumer_with_no_taskflow' retrieved from /home/airflow/.local/lib/python3.12/site-packages/airflow/example_dags/example_dataset_alias_with_no_taskflow.py
[2024-11-04T20:22:09.659+0000] {logging_mixin.py:190} INFO - [2024-11-04T20:22:09.659+0000] {dag.py:3239} INFO - Sync 4 DAGs
[2024-11-04T20:22:09.685+0000] {logging_mixin.py:190} INFO - [2024-11-04T20:22:09.684+0000] {dag.py:4180} INFO - Setting next_dagrun for dataset_alias_example_alias_consumer_with_no_taskflow to None, run_after=None
[2024-11-04T20:22:09.687+0000] {logging_mixin.py:190} INFO - [2024-11-04T20:22:09.687+0000] {dag.py:4180} INFO - Setting next_dagrun for dataset_alias_example_alias_producer_with_no_taskflow to None, run_after=None
[2024-11-04T20:22:09.689+0000] {logging_mixin.py:190} INFO - [2024-11-04T20:22:09.689+0000] {dag.py:4180} INFO - Setting next_dagrun for dataset_s3_bucket_consumer_with_no_taskflow to None, run_after=None
[2024-11-04T20:22:09.691+0000] {logging_mixin.py:190} INFO - [2024-11-04T20:22:09.691+0000] {dag.py:4180} INFO - Setting next_dagrun for dataset_s3_bucket_producer_with_no_taskflow to None, run_after=None
[2024-11-04T20:22:09.712+0000] {processor.py:208} INFO - Processing /home/airflow/.local/lib/python3.12/site-packages/airflow/example_dags/example_dataset_alias_with_no_taskflow.py took 0.311 seconds
[2024-11-04T20:22:40.659+0000] {processor.py:186} INFO - Started process (PID=1205) to work on /home/airflow/.local/lib/python3.12/site-packages/airflow/example_dags/example_dataset_alias_with_no_taskflow.py
[2024-11-04T20:22:40.661+0000] {processor.py:914} INFO - Processing file /home/airflow/.local/lib/python3.12/site-packages/airflow/example_dags/example_dataset_alias_with_no_taskflow.py for tasks to queue
[2024-11-04T20:22:40.665+0000] {logging_mixin.py:190} INFO - [2024-11-04T20:22:40.664+0000] {dagbag.py:588} INFO - Filling up the DagBag from /home/airflow/.local/lib/python3.12/site-packages/airflow/example_dags/example_dataset_alias_with_no_taskflow.py
[2024-11-04T20:22:40.850+0000] {processor.py:925} INFO - DAG(s) 'dataset_s3_bucket_consumer_with_no_taskflow', 'dataset_alias_example_alias_consumer_with_no_taskflow', 'dataset_alias_example_alias_producer_with_no_taskflow', 'dataset_s3_bucket_producer_with_no_taskflow' retrieved from /home/airflow/.local/lib/python3.12/site-packages/airflow/example_dags/example_dataset_alias_with_no_taskflow.py
[2024-11-04T20:22:40.875+0000] {logging_mixin.py:190} INFO - [2024-11-04T20:22:40.875+0000] {dag.py:3239} INFO - Sync 4 DAGs
[2024-11-04T20:22:40.900+0000] {logging_mixin.py:190} INFO - [2024-11-04T20:22:40.900+0000] {dag.py:4180} INFO - Setting next_dagrun for dataset_alias_example_alias_consumer_with_no_taskflow to None, run_after=None
[2024-11-04T20:22:40.903+0000] {logging_mixin.py:190} INFO - [2024-11-04T20:22:40.903+0000] {dag.py:4180} INFO - Setting next_dagrun for dataset_alias_example_alias_producer_with_no_taskflow to None, run_after=None
[2024-11-04T20:22:40.905+0000] {logging_mixin.py:190} INFO - [2024-11-04T20:22:40.905+0000] {dag.py:4180} INFO - Setting next_dagrun for dataset_s3_bucket_consumer_with_no_taskflow to None, run_after=None
[2024-11-04T20:22:40.907+0000] {logging_mixin.py:190} INFO - [2024-11-04T20:22:40.907+0000] {dag.py:4180} INFO - Setting next_dagrun for dataset_s3_bucket_producer_with_no_taskflow to None, run_after=None
[2024-11-04T20:22:40.933+0000] {processor.py:208} INFO - Processing /home/airflow/.local/lib/python3.12/site-packages/airflow/example_dags/example_dataset_alias_with_no_taskflow.py took 0.282 seconds
