[2024-11-04T20:13:41.705+0000] {processor.py:186} INFO - Started process (PID=115) to work on /home/airflow/.local/lib/python3.12/site-packages/airflow/example_dags/example_kubernetes_executor.py
[2024-11-04T20:13:41.708+0000] {processor.py:914} INFO - Processing file /home/airflow/.local/lib/python3.12/site-packages/airflow/example_dags/example_kubernetes_executor.py for tasks to queue
[2024-11-04T20:13:41.714+0000] {logging_mixin.py:190} INFO - [2024-11-04T20:13:41.712+0000] {dagbag.py:588} INFO - Filling up the DagBag from /home/airflow/.local/lib/python3.12/site-packages/airflow/example_dags/example_kubernetes_executor.py
[2024-11-04T20:13:41.782+0000] {processor.py:925} INFO - DAG(s) 'example_kubernetes_executor' retrieved from /home/airflow/.local/lib/python3.12/site-packages/airflow/example_dags/example_kubernetes_executor.py
[2024-11-04T20:13:42.010+0000] {logging_mixin.py:190} INFO - [2024-11-04T20:13:42.009+0000] {override.py:1900} INFO - Created Permission View: can edit on DAG:example_kubernetes_executor
[2024-11-04T20:13:42.022+0000] {logging_mixin.py:190} INFO - [2024-11-04T20:13:42.021+0000] {override.py:1900} INFO - Created Permission View: can read on DAG:example_kubernetes_executor
[2024-11-04T20:13:42.034+0000] {logging_mixin.py:190} INFO - [2024-11-04T20:13:42.034+0000] {override.py:1900} INFO - Created Permission View: can delete on DAG:example_kubernetes_executor
[2024-11-04T20:13:42.049+0000] {logging_mixin.py:190} INFO - [2024-11-04T20:13:42.048+0000] {override.py:1900} INFO - Created Permission View: menu access on DAG Run:example_kubernetes_executor
[2024-11-04T20:13:42.062+0000] {logging_mixin.py:190} INFO - [2024-11-04T20:13:42.061+0000] {override.py:1900} INFO - Created Permission View: can read on DAG Run:example_kubernetes_executor
[2024-11-04T20:13:42.082+0000] {logging_mixin.py:190} INFO - [2024-11-04T20:13:42.082+0000] {override.py:1900} INFO - Created Permission View: can create on DAG Run:example_kubernetes_executor
[2024-11-04T20:13:42.094+0000] {logging_mixin.py:190} INFO - [2024-11-04T20:13:42.093+0000] {override.py:1900} INFO - Created Permission View: can delete on DAG Run:example_kubernetes_executor
[2024-11-04T20:13:42.095+0000] {logging_mixin.py:190} INFO - [2024-11-04T20:13:42.095+0000] {dag.py:3239} INFO - Sync 1 DAGs
[2024-11-04T20:13:42.117+0000] {logging_mixin.py:190} INFO - [2024-11-04T20:13:42.116+0000] {dag.py:3262} INFO - Creating ORM DAG for example_kubernetes_executor
[2024-11-04T20:13:42.118+0000] {logging_mixin.py:190} INFO - [2024-11-04T20:13:42.118+0000] {dag.py:4180} INFO - Setting next_dagrun for example_kubernetes_executor to None, run_after=None
[2024-11-04T20:13:42.162+0000] {processor.py:208} INFO - Processing /home/airflow/.local/lib/python3.12/site-packages/airflow/example_dags/example_kubernetes_executor.py took 0.466 seconds
[2024-11-04T20:14:12.664+0000] {processor.py:186} INFO - Started process (PID=177) to work on /home/airflow/.local/lib/python3.12/site-packages/airflow/example_dags/example_kubernetes_executor.py
[2024-11-04T20:14:12.666+0000] {processor.py:914} INFO - Processing file /home/airflow/.local/lib/python3.12/site-packages/airflow/example_dags/example_kubernetes_executor.py for tasks to queue
[2024-11-04T20:14:12.669+0000] {logging_mixin.py:190} INFO - [2024-11-04T20:14:12.669+0000] {dagbag.py:588} INFO - Filling up the DagBag from /home/airflow/.local/lib/python3.12/site-packages/airflow/example_dags/example_kubernetes_executor.py
[2024-11-04T20:14:12.698+0000] {processor.py:925} INFO - DAG(s) 'example_kubernetes_executor' retrieved from /home/airflow/.local/lib/python3.12/site-packages/airflow/example_dags/example_kubernetes_executor.py
[2024-11-04T20:14:12.790+0000] {logging_mixin.py:190} INFO - [2024-11-04T20:14:12.789+0000] {dag.py:3239} INFO - Sync 1 DAGs
[2024-11-04T20:14:12.845+0000] {logging_mixin.py:190} INFO - [2024-11-04T20:14:12.845+0000] {dag.py:4180} INFO - Setting next_dagrun for example_kubernetes_executor to None, run_after=None
[2024-11-04T20:14:14.415+0000] {processor.py:208} INFO - Processing /home/airflow/.local/lib/python3.12/site-packages/airflow/example_dags/example_kubernetes_executor.py took 1.760 seconds
[2024-11-04T20:14:44.708+0000] {processor.py:186} INFO - Started process (PID=240) to work on /home/airflow/.local/lib/python3.12/site-packages/airflow/example_dags/example_kubernetes_executor.py
[2024-11-04T20:14:44.709+0000] {processor.py:914} INFO - Processing file /home/airflow/.local/lib/python3.12/site-packages/airflow/example_dags/example_kubernetes_executor.py for tasks to queue
[2024-11-04T20:14:44.713+0000] {logging_mixin.py:190} INFO - [2024-11-04T20:14:44.712+0000] {dagbag.py:588} INFO - Filling up the DagBag from /home/airflow/.local/lib/python3.12/site-packages/airflow/example_dags/example_kubernetes_executor.py
[2024-11-04T20:14:44.739+0000] {processor.py:925} INFO - DAG(s) 'example_kubernetes_executor' retrieved from /home/airflow/.local/lib/python3.12/site-packages/airflow/example_dags/example_kubernetes_executor.py
[2024-11-04T20:14:44.803+0000] {logging_mixin.py:190} INFO - [2024-11-04T20:14:44.803+0000] {dag.py:3239} INFO - Sync 1 DAGs
[2024-11-04T20:14:44.819+0000] {logging_mixin.py:190} INFO - [2024-11-04T20:14:44.819+0000] {dag.py:4180} INFO - Setting next_dagrun for example_kubernetes_executor to None, run_after=None
[2024-11-04T20:14:44.842+0000] {processor.py:208} INFO - Processing /home/airflow/.local/lib/python3.12/site-packages/airflow/example_dags/example_kubernetes_executor.py took 0.142 seconds
[2024-11-04T20:15:14.954+0000] {processor.py:186} INFO - Started process (PID=302) to work on /home/airflow/.local/lib/python3.12/site-packages/airflow/example_dags/example_kubernetes_executor.py
[2024-11-04T20:15:14.956+0000] {processor.py:914} INFO - Processing file /home/airflow/.local/lib/python3.12/site-packages/airflow/example_dags/example_kubernetes_executor.py for tasks to queue
[2024-11-04T20:15:14.960+0000] {logging_mixin.py:190} INFO - [2024-11-04T20:15:14.960+0000] {dagbag.py:588} INFO - Filling up the DagBag from /home/airflow/.local/lib/python3.12/site-packages/airflow/example_dags/example_kubernetes_executor.py
[2024-11-04T20:15:14.980+0000] {processor.py:925} INFO - DAG(s) 'example_kubernetes_executor' retrieved from /home/airflow/.local/lib/python3.12/site-packages/airflow/example_dags/example_kubernetes_executor.py
[2024-11-04T20:15:15.024+0000] {logging_mixin.py:190} INFO - [2024-11-04T20:15:15.024+0000] {dag.py:3239} INFO - Sync 1 DAGs
[2024-11-04T20:15:15.043+0000] {logging_mixin.py:190} INFO - [2024-11-04T20:15:15.042+0000] {dag.py:4180} INFO - Setting next_dagrun for example_kubernetes_executor to None, run_after=None
[2024-11-04T20:15:15.067+0000] {processor.py:208} INFO - Processing /home/airflow/.local/lib/python3.12/site-packages/airflow/example_dags/example_kubernetes_executor.py took 0.122 seconds
[2024-11-04T20:15:45.378+0000] {processor.py:186} INFO - Started process (PID=364) to work on /home/airflow/.local/lib/python3.12/site-packages/airflow/example_dags/example_kubernetes_executor.py
[2024-11-04T20:15:45.380+0000] {processor.py:914} INFO - Processing file /home/airflow/.local/lib/python3.12/site-packages/airflow/example_dags/example_kubernetes_executor.py for tasks to queue
[2024-11-04T20:15:45.383+0000] {logging_mixin.py:190} INFO - [2024-11-04T20:15:45.382+0000] {dagbag.py:588} INFO - Filling up the DagBag from /home/airflow/.local/lib/python3.12/site-packages/airflow/example_dags/example_kubernetes_executor.py
[2024-11-04T20:15:45.409+0000] {processor.py:925} INFO - DAG(s) 'example_kubernetes_executor' retrieved from /home/airflow/.local/lib/python3.12/site-packages/airflow/example_dags/example_kubernetes_executor.py
[2024-11-04T20:15:45.504+0000] {logging_mixin.py:190} INFO - [2024-11-04T20:15:45.504+0000] {dag.py:3239} INFO - Sync 1 DAGs
[2024-11-04T20:15:45.522+0000] {logging_mixin.py:190} INFO - [2024-11-04T20:15:45.522+0000] {dag.py:4180} INFO - Setting next_dagrun for example_kubernetes_executor to None, run_after=None
[2024-11-04T20:15:45.542+0000] {processor.py:208} INFO - Processing /home/airflow/.local/lib/python3.12/site-packages/airflow/example_dags/example_kubernetes_executor.py took 0.172 seconds
[2024-11-04T20:16:16.372+0000] {processor.py:186} INFO - Started process (PID=426) to work on /home/airflow/.local/lib/python3.12/site-packages/airflow/example_dags/example_kubernetes_executor.py
[2024-11-04T20:16:16.373+0000] {processor.py:914} INFO - Processing file /home/airflow/.local/lib/python3.12/site-packages/airflow/example_dags/example_kubernetes_executor.py for tasks to queue
[2024-11-04T20:16:16.376+0000] {logging_mixin.py:190} INFO - [2024-11-04T20:16:16.376+0000] {dagbag.py:588} INFO - Filling up the DagBag from /home/airflow/.local/lib/python3.12/site-packages/airflow/example_dags/example_kubernetes_executor.py
[2024-11-04T20:16:16.399+0000] {processor.py:925} INFO - DAG(s) 'example_kubernetes_executor' retrieved from /home/airflow/.local/lib/python3.12/site-packages/airflow/example_dags/example_kubernetes_executor.py
[2024-11-04T20:16:16.453+0000] {logging_mixin.py:190} INFO - [2024-11-04T20:16:16.453+0000] {dag.py:3239} INFO - Sync 1 DAGs
[2024-11-04T20:16:16.474+0000] {logging_mixin.py:190} INFO - [2024-11-04T20:16:16.474+0000] {dag.py:4180} INFO - Setting next_dagrun for example_kubernetes_executor to None, run_after=None
[2024-11-04T20:16:16.505+0000] {processor.py:208} INFO - Processing /home/airflow/.local/lib/python3.12/site-packages/airflow/example_dags/example_kubernetes_executor.py took 0.145 seconds
[2024-11-04T20:16:46.690+0000] {processor.py:186} INFO - Started process (PID=488) to work on /home/airflow/.local/lib/python3.12/site-packages/airflow/example_dags/example_kubernetes_executor.py
[2024-11-04T20:16:46.691+0000] {processor.py:914} INFO - Processing file /home/airflow/.local/lib/python3.12/site-packages/airflow/example_dags/example_kubernetes_executor.py for tasks to queue
[2024-11-04T20:16:46.698+0000] {logging_mixin.py:190} INFO - [2024-11-04T20:16:46.696+0000] {dagbag.py:588} INFO - Filling up the DagBag from /home/airflow/.local/lib/python3.12/site-packages/airflow/example_dags/example_kubernetes_executor.py
[2024-11-04T20:16:46.776+0000] {processor.py:925} INFO - DAG(s) 'example_kubernetes_executor' retrieved from /home/airflow/.local/lib/python3.12/site-packages/airflow/example_dags/example_kubernetes_executor.py
[2024-11-04T20:16:46.904+0000] {logging_mixin.py:190} INFO - [2024-11-04T20:16:46.904+0000] {dag.py:3239} INFO - Sync 1 DAGs
[2024-11-04T20:16:46.947+0000] {logging_mixin.py:190} INFO - [2024-11-04T20:16:46.946+0000] {dag.py:4180} INFO - Setting next_dagrun for example_kubernetes_executor to None, run_after=None
[2024-11-04T20:16:47.072+0000] {processor.py:208} INFO - Processing /home/airflow/.local/lib/python3.12/site-packages/airflow/example_dags/example_kubernetes_executor.py took 0.390 seconds
[2024-11-04T20:17:21.083+0000] {processor.py:186} INFO - Started process (PID=551) to work on /home/airflow/.local/lib/python3.12/site-packages/airflow/example_dags/example_kubernetes_executor.py
[2024-11-04T20:17:21.087+0000] {processor.py:914} INFO - Processing file /home/airflow/.local/lib/python3.12/site-packages/airflow/example_dags/example_kubernetes_executor.py for tasks to queue
[2024-11-04T20:17:21.094+0000] {logging_mixin.py:190} INFO - [2024-11-04T20:17:21.093+0000] {dagbag.py:588} INFO - Filling up the DagBag from /home/airflow/.local/lib/python3.12/site-packages/airflow/example_dags/example_kubernetes_executor.py
[2024-11-04T20:17:21.287+0000] {processor.py:925} INFO - DAG(s) 'example_kubernetes_executor' retrieved from /home/airflow/.local/lib/python3.12/site-packages/airflow/example_dags/example_kubernetes_executor.py
[2024-11-04T20:17:21.511+0000] {logging_mixin.py:190} INFO - [2024-11-04T20:17:21.506+0000] {dag.py:3239} INFO - Sync 1 DAGs
[2024-11-04T20:17:21.586+0000] {logging_mixin.py:190} INFO - [2024-11-04T20:17:21.585+0000] {dag.py:4180} INFO - Setting next_dagrun for example_kubernetes_executor to None, run_after=None
[2024-11-04T20:17:21.721+0000] {processor.py:208} INFO - Processing /home/airflow/.local/lib/python3.12/site-packages/airflow/example_dags/example_kubernetes_executor.py took 0.673 seconds
[2024-11-04T20:17:52.100+0000] {processor.py:186} INFO - Started process (PID=612) to work on /home/airflow/.local/lib/python3.12/site-packages/airflow/example_dags/example_kubernetes_executor.py
[2024-11-04T20:17:52.102+0000] {processor.py:914} INFO - Processing file /home/airflow/.local/lib/python3.12/site-packages/airflow/example_dags/example_kubernetes_executor.py for tasks to queue
[2024-11-04T20:17:52.105+0000] {logging_mixin.py:190} INFO - [2024-11-04T20:17:52.104+0000] {dagbag.py:588} INFO - Filling up the DagBag from /home/airflow/.local/lib/python3.12/site-packages/airflow/example_dags/example_kubernetes_executor.py
[2024-11-04T20:17:52.212+0000] {processor.py:925} INFO - DAG(s) 'example_kubernetes_executor' retrieved from /home/airflow/.local/lib/python3.12/site-packages/airflow/example_dags/example_kubernetes_executor.py
[2024-11-04T20:17:52.335+0000] {logging_mixin.py:190} INFO - [2024-11-04T20:17:52.335+0000] {dag.py:3239} INFO - Sync 1 DAGs
[2024-11-04T20:17:52.367+0000] {logging_mixin.py:190} INFO - [2024-11-04T20:17:52.366+0000] {dag.py:4180} INFO - Setting next_dagrun for example_kubernetes_executor to None, run_after=None
[2024-11-04T20:17:52.421+0000] {processor.py:208} INFO - Processing /home/airflow/.local/lib/python3.12/site-packages/airflow/example_dags/example_kubernetes_executor.py took 0.328 seconds
[2024-11-04T20:18:23.091+0000] {processor.py:186} INFO - Started process (PID=675) to work on /home/airflow/.local/lib/python3.12/site-packages/airflow/example_dags/example_kubernetes_executor.py
[2024-11-04T20:18:23.092+0000] {processor.py:914} INFO - Processing file /home/airflow/.local/lib/python3.12/site-packages/airflow/example_dags/example_kubernetes_executor.py for tasks to queue
[2024-11-04T20:18:23.095+0000] {logging_mixin.py:190} INFO - [2024-11-04T20:18:23.094+0000] {dagbag.py:588} INFO - Filling up the DagBag from /home/airflow/.local/lib/python3.12/site-packages/airflow/example_dags/example_kubernetes_executor.py
[2024-11-04T20:18:23.113+0000] {processor.py:925} INFO - DAG(s) 'example_kubernetes_executor' retrieved from /home/airflow/.local/lib/python3.12/site-packages/airflow/example_dags/example_kubernetes_executor.py
[2024-11-04T20:18:23.162+0000] {logging_mixin.py:190} INFO - [2024-11-04T20:18:23.162+0000] {dag.py:3239} INFO - Sync 1 DAGs
[2024-11-04T20:18:23.178+0000] {logging_mixin.py:190} INFO - [2024-11-04T20:18:23.177+0000] {dag.py:4180} INFO - Setting next_dagrun for example_kubernetes_executor to None, run_after=None
[2024-11-04T20:18:23.202+0000] {processor.py:208} INFO - Processing /home/airflow/.local/lib/python3.12/site-packages/airflow/example_dags/example_kubernetes_executor.py took 0.118 seconds
[2024-11-04T20:18:53.793+0000] {processor.py:186} INFO - Started process (PID=738) to work on /home/airflow/.local/lib/python3.12/site-packages/airflow/example_dags/example_kubernetes_executor.py
[2024-11-04T20:18:53.794+0000] {processor.py:914} INFO - Processing file /home/airflow/.local/lib/python3.12/site-packages/airflow/example_dags/example_kubernetes_executor.py for tasks to queue
[2024-11-04T20:18:53.796+0000] {logging_mixin.py:190} INFO - [2024-11-04T20:18:53.796+0000] {dagbag.py:588} INFO - Filling up the DagBag from /home/airflow/.local/lib/python3.12/site-packages/airflow/example_dags/example_kubernetes_executor.py
[2024-11-04T20:18:53.814+0000] {processor.py:925} INFO - DAG(s) 'example_kubernetes_executor' retrieved from /home/airflow/.local/lib/python3.12/site-packages/airflow/example_dags/example_kubernetes_executor.py
[2024-11-04T20:18:53.859+0000] {logging_mixin.py:190} INFO - [2024-11-04T20:18:53.859+0000] {dag.py:3239} INFO - Sync 1 DAGs
[2024-11-04T20:18:53.875+0000] {logging_mixin.py:190} INFO - [2024-11-04T20:18:53.875+0000] {dag.py:4180} INFO - Setting next_dagrun for example_kubernetes_executor to None, run_after=None
[2024-11-04T20:18:53.897+0000] {processor.py:208} INFO - Processing /home/airflow/.local/lib/python3.12/site-packages/airflow/example_dags/example_kubernetes_executor.py took 0.110 seconds
[2024-11-04T20:19:24.547+0000] {processor.py:186} INFO - Started process (PID=801) to work on /home/airflow/.local/lib/python3.12/site-packages/airflow/example_dags/example_kubernetes_executor.py
[2024-11-04T20:19:24.549+0000] {processor.py:914} INFO - Processing file /home/airflow/.local/lib/python3.12/site-packages/airflow/example_dags/example_kubernetes_executor.py for tasks to queue
[2024-11-04T20:19:24.554+0000] {logging_mixin.py:190} INFO - [2024-11-04T20:19:24.553+0000] {dagbag.py:588} INFO - Filling up the DagBag from /home/airflow/.local/lib/python3.12/site-packages/airflow/example_dags/example_kubernetes_executor.py
[2024-11-04T20:19:24.573+0000] {processor.py:925} INFO - DAG(s) 'example_kubernetes_executor' retrieved from /home/airflow/.local/lib/python3.12/site-packages/airflow/example_dags/example_kubernetes_executor.py
[2024-11-04T20:19:24.624+0000] {logging_mixin.py:190} INFO - [2024-11-04T20:19:24.623+0000] {dag.py:3239} INFO - Sync 1 DAGs
[2024-11-04T20:19:24.643+0000] {logging_mixin.py:190} INFO - [2024-11-04T20:19:24.642+0000] {dag.py:4180} INFO - Setting next_dagrun for example_kubernetes_executor to None, run_after=None
[2024-11-04T20:19:24.667+0000] {processor.py:208} INFO - Processing /home/airflow/.local/lib/python3.12/site-packages/airflow/example_dags/example_kubernetes_executor.py took 0.131 seconds
[2024-11-04T20:19:55.516+0000] {processor.py:186} INFO - Started process (PID=864) to work on /home/airflow/.local/lib/python3.12/site-packages/airflow/example_dags/example_kubernetes_executor.py
[2024-11-04T20:19:55.517+0000] {processor.py:914} INFO - Processing file /home/airflow/.local/lib/python3.12/site-packages/airflow/example_dags/example_kubernetes_executor.py for tasks to queue
[2024-11-04T20:19:55.526+0000] {logging_mixin.py:190} INFO - [2024-11-04T20:19:55.525+0000] {dagbag.py:588} INFO - Filling up the DagBag from /home/airflow/.local/lib/python3.12/site-packages/airflow/example_dags/example_kubernetes_executor.py
[2024-11-04T20:19:55.578+0000] {processor.py:925} INFO - DAG(s) 'example_kubernetes_executor' retrieved from /home/airflow/.local/lib/python3.12/site-packages/airflow/example_dags/example_kubernetes_executor.py
[2024-11-04T20:19:55.665+0000] {logging_mixin.py:190} INFO - [2024-11-04T20:19:55.664+0000] {dag.py:3239} INFO - Sync 1 DAGs
[2024-11-04T20:19:55.714+0000] {logging_mixin.py:190} INFO - [2024-11-04T20:19:55.714+0000] {dag.py:4180} INFO - Setting next_dagrun for example_kubernetes_executor to None, run_after=None
[2024-11-04T20:19:55.759+0000] {processor.py:208} INFO - Processing /home/airflow/.local/lib/python3.12/site-packages/airflow/example_dags/example_kubernetes_executor.py took 0.250 seconds
[2024-11-04T20:20:26.351+0000] {processor.py:186} INFO - Started process (PID=927) to work on /home/airflow/.local/lib/python3.12/site-packages/airflow/example_dags/example_kubernetes_executor.py
[2024-11-04T20:20:26.357+0000] {processor.py:914} INFO - Processing file /home/airflow/.local/lib/python3.12/site-packages/airflow/example_dags/example_kubernetes_executor.py for tasks to queue
[2024-11-04T20:20:26.364+0000] {logging_mixin.py:190} INFO - [2024-11-04T20:20:26.364+0000] {dagbag.py:588} INFO - Filling up the DagBag from /home/airflow/.local/lib/python3.12/site-packages/airflow/example_dags/example_kubernetes_executor.py
[2024-11-04T20:20:29.160+0000] {processor.py:925} INFO - DAG(s) 'example_kubernetes_executor' retrieved from /home/airflow/.local/lib/python3.12/site-packages/airflow/example_dags/example_kubernetes_executor.py
[2024-11-04T20:20:29.479+0000] {logging_mixin.py:190} INFO - [2024-11-04T20:20:29.478+0000] {dag.py:3239} INFO - Sync 1 DAGs
[2024-11-04T20:20:29.520+0000] {logging_mixin.py:190} INFO - [2024-11-04T20:20:29.520+0000] {dag.py:4180} INFO - Setting next_dagrun for example_kubernetes_executor to None, run_after=None
[2024-11-04T20:20:29.548+0000] {processor.py:208} INFO - Processing /home/airflow/.local/lib/python3.12/site-packages/airflow/example_dags/example_kubernetes_executor.py took 3.229 seconds
[2024-11-04T20:21:00.120+0000] {processor.py:186} INFO - Started process (PID=996) to work on /home/airflow/.local/lib/python3.12/site-packages/airflow/example_dags/example_kubernetes_executor.py
[2024-11-04T20:21:00.124+0000] {processor.py:914} INFO - Processing file /home/airflow/.local/lib/python3.12/site-packages/airflow/example_dags/example_kubernetes_executor.py for tasks to queue
[2024-11-04T20:21:00.131+0000] {logging_mixin.py:190} INFO - [2024-11-04T20:21:00.131+0000] {dagbag.py:588} INFO - Filling up the DagBag from /home/airflow/.local/lib/python3.12/site-packages/airflow/example_dags/example_kubernetes_executor.py
[2024-11-04T20:21:00.148+0000] {processor.py:925} INFO - DAG(s) 'example_kubernetes_executor' retrieved from /home/airflow/.local/lib/python3.12/site-packages/airflow/example_dags/example_kubernetes_executor.py
[2024-11-04T20:21:00.198+0000] {logging_mixin.py:190} INFO - [2024-11-04T20:21:00.198+0000] {dag.py:3239} INFO - Sync 1 DAGs
[2024-11-04T20:21:00.217+0000] {logging_mixin.py:190} INFO - [2024-11-04T20:21:00.217+0000] {dag.py:4180} INFO - Setting next_dagrun for example_kubernetes_executor to None, run_after=None
[2024-11-04T20:21:00.239+0000] {processor.py:208} INFO - Processing /home/airflow/.local/lib/python3.12/site-packages/airflow/example_dags/example_kubernetes_executor.py took 0.142 seconds
[2024-11-04T20:21:30.400+0000] {processor.py:186} INFO - Started process (PID=1059) to work on /home/airflow/.local/lib/python3.12/site-packages/airflow/example_dags/example_kubernetes_executor.py
[2024-11-04T20:21:30.402+0000] {processor.py:914} INFO - Processing file /home/airflow/.local/lib/python3.12/site-packages/airflow/example_dags/example_kubernetes_executor.py for tasks to queue
[2024-11-04T20:21:30.404+0000] {logging_mixin.py:190} INFO - [2024-11-04T20:21:30.404+0000] {dagbag.py:588} INFO - Filling up the DagBag from /home/airflow/.local/lib/python3.12/site-packages/airflow/example_dags/example_kubernetes_executor.py
[2024-11-04T20:21:30.421+0000] {processor.py:925} INFO - DAG(s) 'example_kubernetes_executor' retrieved from /home/airflow/.local/lib/python3.12/site-packages/airflow/example_dags/example_kubernetes_executor.py
[2024-11-04T20:21:30.464+0000] {logging_mixin.py:190} INFO - [2024-11-04T20:21:30.464+0000] {dag.py:3239} INFO - Sync 1 DAGs
[2024-11-04T20:21:30.481+0000] {logging_mixin.py:190} INFO - [2024-11-04T20:21:30.480+0000] {dag.py:4180} INFO - Setting next_dagrun for example_kubernetes_executor to None, run_after=None
[2024-11-04T20:21:30.502+0000] {processor.py:208} INFO - Processing /home/airflow/.local/lib/python3.12/site-packages/airflow/example_dags/example_kubernetes_executor.py took 0.108 seconds
[2024-11-04T20:22:00.787+0000] {processor.py:186} INFO - Started process (PID=1121) to work on /home/airflow/.local/lib/python3.12/site-packages/airflow/example_dags/example_kubernetes_executor.py
[2024-11-04T20:22:00.788+0000] {processor.py:914} INFO - Processing file /home/airflow/.local/lib/python3.12/site-packages/airflow/example_dags/example_kubernetes_executor.py for tasks to queue
[2024-11-04T20:22:00.793+0000] {logging_mixin.py:190} INFO - [2024-11-04T20:22:00.792+0000] {dagbag.py:588} INFO - Filling up the DagBag from /home/airflow/.local/lib/python3.12/site-packages/airflow/example_dags/example_kubernetes_executor.py
[2024-11-04T20:22:00.815+0000] {processor.py:925} INFO - DAG(s) 'example_kubernetes_executor' retrieved from /home/airflow/.local/lib/python3.12/site-packages/airflow/example_dags/example_kubernetes_executor.py
[2024-11-04T20:22:00.864+0000] {logging_mixin.py:190} INFO - [2024-11-04T20:22:00.864+0000] {dag.py:3239} INFO - Sync 1 DAGs
[2024-11-04T20:22:00.882+0000] {logging_mixin.py:190} INFO - [2024-11-04T20:22:00.882+0000] {dag.py:4180} INFO - Setting next_dagrun for example_kubernetes_executor to None, run_after=None
[2024-11-04T20:22:00.908+0000] {processor.py:208} INFO - Processing /home/airflow/.local/lib/python3.12/site-packages/airflow/example_dags/example_kubernetes_executor.py took 0.129 seconds
[2024-11-04T20:22:31.196+0000] {processor.py:186} INFO - Started process (PID=1184) to work on /home/airflow/.local/lib/python3.12/site-packages/airflow/example_dags/example_kubernetes_executor.py
[2024-11-04T20:22:31.197+0000] {processor.py:914} INFO - Processing file /home/airflow/.local/lib/python3.12/site-packages/airflow/example_dags/example_kubernetes_executor.py for tasks to queue
[2024-11-04T20:22:31.201+0000] {logging_mixin.py:190} INFO - [2024-11-04T20:22:31.200+0000] {dagbag.py:588} INFO - Filling up the DagBag from /home/airflow/.local/lib/python3.12/site-packages/airflow/example_dags/example_kubernetes_executor.py
[2024-11-04T20:22:31.221+0000] {processor.py:925} INFO - DAG(s) 'example_kubernetes_executor' retrieved from /home/airflow/.local/lib/python3.12/site-packages/airflow/example_dags/example_kubernetes_executor.py
[2024-11-04T20:22:31.275+0000] {logging_mixin.py:190} INFO - [2024-11-04T20:22:31.274+0000] {dag.py:3239} INFO - Sync 1 DAGs
[2024-11-04T20:22:31.291+0000] {logging_mixin.py:190} INFO - [2024-11-04T20:22:31.291+0000] {dag.py:4180} INFO - Setting next_dagrun for example_kubernetes_executor to None, run_after=None
[2024-11-04T20:22:31.313+0000] {processor.py:208} INFO - Processing /home/airflow/.local/lib/python3.12/site-packages/airflow/example_dags/example_kubernetes_executor.py took 0.124 seconds
[2024-11-04T20:23:01.621+0000] {processor.py:186} INFO - Started process (PID=1247) to work on /home/airflow/.local/lib/python3.12/site-packages/airflow/example_dags/example_kubernetes_executor.py
[2024-11-04T20:23:01.622+0000] {processor.py:914} INFO - Processing file /home/airflow/.local/lib/python3.12/site-packages/airflow/example_dags/example_kubernetes_executor.py for tasks to queue
[2024-11-04T20:23:01.624+0000] {logging_mixin.py:190} INFO - [2024-11-04T20:23:01.624+0000] {dagbag.py:588} INFO - Filling up the DagBag from /home/airflow/.local/lib/python3.12/site-packages/airflow/example_dags/example_kubernetes_executor.py
[2024-11-04T20:23:01.641+0000] {processor.py:925} INFO - DAG(s) 'example_kubernetes_executor' retrieved from /home/airflow/.local/lib/python3.12/site-packages/airflow/example_dags/example_kubernetes_executor.py
[2024-11-04T20:23:01.698+0000] {logging_mixin.py:190} INFO - [2024-11-04T20:23:01.697+0000] {dag.py:3239} INFO - Sync 1 DAGs
[2024-11-04T20:23:01.714+0000] {logging_mixin.py:190} INFO - [2024-11-04T20:23:01.714+0000] {dag.py:4180} INFO - Setting next_dagrun for example_kubernetes_executor to None, run_after=None
[2024-11-04T20:23:01.737+0000] {processor.py:208} INFO - Processing /home/airflow/.local/lib/python3.12/site-packages/airflow/example_dags/example_kubernetes_executor.py took 0.123 seconds
