[2024-11-04T20:13:41.532+0000] {processor.py:186} INFO - Started process (PID=114) to work on /home/airflow/.local/lib/python3.12/site-packages/airflow/example_dags/example_short_circuit_decorator.py
[2024-11-04T20:13:41.534+0000] {processor.py:914} INFO - Processing file /home/airflow/.local/lib/python3.12/site-packages/airflow/example_dags/example_short_circuit_decorator.py for tasks to queue
[2024-11-04T20:13:41.537+0000] {logging_mixin.py:190} INFO - [2024-11-04T20:13:41.536+0000] {dagbag.py:588} INFO - Filling up the DagBag from /home/airflow/.local/lib/python3.12/site-packages/airflow/example_dags/example_short_circuit_decorator.py
[2024-11-04T20:13:41.555+0000] {processor.py:925} INFO - DAG(s) 'example_short_circuit_decorator' retrieved from /home/airflow/.local/lib/python3.12/site-packages/airflow/example_dags/example_short_circuit_decorator.py
[2024-11-04T20:13:41.751+0000] {logging_mixin.py:190} INFO - [2024-11-04T20:13:41.750+0000] {override.py:1900} INFO - Created Permission View: can edit on DAG:example_short_circuit_decorator
[2024-11-04T20:13:41.770+0000] {logging_mixin.py:190} INFO - [2024-11-04T20:13:41.770+0000] {override.py:1900} INFO - Created Permission View: can read on DAG:example_short_circuit_decorator
[2024-11-04T20:13:41.793+0000] {logging_mixin.py:190} INFO - [2024-11-04T20:13:41.791+0000] {override.py:1900} INFO - Created Permission View: can delete on DAG:example_short_circuit_decorator
[2024-11-04T20:13:41.812+0000] {logging_mixin.py:190} INFO - [2024-11-04T20:13:41.812+0000] {override.py:1900} INFO - Created Permission View: menu access on DAG Run:example_short_circuit_decorator
[2024-11-04T20:13:41.819+0000] {logging_mixin.py:190} INFO - [2024-11-04T20:13:41.819+0000] {override.py:1900} INFO - Created Permission View: can read on DAG Run:example_short_circuit_decorator
[2024-11-04T20:13:41.833+0000] {logging_mixin.py:190} INFO - [2024-11-04T20:13:41.832+0000] {override.py:1900} INFO - Created Permission View: can create on DAG Run:example_short_circuit_decorator
[2024-11-04T20:13:41.851+0000] {logging_mixin.py:190} INFO - [2024-11-04T20:13:41.850+0000] {override.py:1900} INFO - Created Permission View: can delete on DAG Run:example_short_circuit_decorator
[2024-11-04T20:13:41.851+0000] {logging_mixin.py:190} INFO - [2024-11-04T20:13:41.851+0000] {dag.py:3239} INFO - Sync 1 DAGs
[2024-11-04T20:13:41.879+0000] {logging_mixin.py:190} INFO - [2024-11-04T20:13:41.879+0000] {dag.py:3262} INFO - Creating ORM DAG for example_short_circuit_decorator
[2024-11-04T20:13:41.880+0000] {logging_mixin.py:190} INFO - [2024-11-04T20:13:41.880+0000] {dag.py:4180} INFO - Setting next_dagrun for example_short_circuit_decorator to None, run_after=None
[2024-11-04T20:13:41.901+0000] {processor.py:208} INFO - Processing /home/airflow/.local/lib/python3.12/site-packages/airflow/example_dags/example_short_circuit_decorator.py took 0.382 seconds
[2024-11-04T20:14:12.539+0000] {processor.py:186} INFO - Started process (PID=176) to work on /home/airflow/.local/lib/python3.12/site-packages/airflow/example_dags/example_short_circuit_decorator.py
[2024-11-04T20:14:12.541+0000] {processor.py:914} INFO - Processing file /home/airflow/.local/lib/python3.12/site-packages/airflow/example_dags/example_short_circuit_decorator.py for tasks to queue
[2024-11-04T20:14:12.543+0000] {logging_mixin.py:190} INFO - [2024-11-04T20:14:12.543+0000] {dagbag.py:588} INFO - Filling up the DagBag from /home/airflow/.local/lib/python3.12/site-packages/airflow/example_dags/example_short_circuit_decorator.py
[2024-11-04T20:14:12.555+0000] {processor.py:925} INFO - DAG(s) 'example_short_circuit_decorator' retrieved from /home/airflow/.local/lib/python3.12/site-packages/airflow/example_dags/example_short_circuit_decorator.py
[2024-11-04T20:14:12.588+0000] {logging_mixin.py:190} INFO - [2024-11-04T20:14:12.588+0000] {dag.py:3239} INFO - Sync 1 DAGs
[2024-11-04T20:14:12.611+0000] {logging_mixin.py:190} INFO - [2024-11-04T20:14:12.611+0000] {dag.py:4180} INFO - Setting next_dagrun for example_short_circuit_decorator to None, run_after=None
[2024-11-04T20:14:12.641+0000] {processor.py:208} INFO - Processing /home/airflow/.local/lib/python3.12/site-packages/airflow/example_dags/example_short_circuit_decorator.py took 0.109 seconds
[2024-11-04T20:14:43.662+0000] {processor.py:186} INFO - Started process (PID=239) to work on /home/airflow/.local/lib/python3.12/site-packages/airflow/example_dags/example_short_circuit_decorator.py
[2024-11-04T20:14:43.664+0000] {processor.py:914} INFO - Processing file /home/airflow/.local/lib/python3.12/site-packages/airflow/example_dags/example_short_circuit_decorator.py for tasks to queue
[2024-11-04T20:14:43.667+0000] {logging_mixin.py:190} INFO - [2024-11-04T20:14:43.666+0000] {dagbag.py:588} INFO - Filling up the DagBag from /home/airflow/.local/lib/python3.12/site-packages/airflow/example_dags/example_short_circuit_decorator.py
[2024-11-04T20:14:43.680+0000] {processor.py:925} INFO - DAG(s) 'example_short_circuit_decorator' retrieved from /home/airflow/.local/lib/python3.12/site-packages/airflow/example_dags/example_short_circuit_decorator.py
[2024-11-04T20:14:43.714+0000] {logging_mixin.py:190} INFO - [2024-11-04T20:14:43.713+0000] {dag.py:3239} INFO - Sync 1 DAGs
[2024-11-04T20:14:43.732+0000] {logging_mixin.py:190} INFO - [2024-11-04T20:14:43.732+0000] {dag.py:4180} INFO - Setting next_dagrun for example_short_circuit_decorator to None, run_after=None
[2024-11-04T20:14:43.757+0000] {processor.py:208} INFO - Processing /home/airflow/.local/lib/python3.12/site-packages/airflow/example_dags/example_short_circuit_decorator.py took 0.102 seconds
[2024-11-04T20:15:13.857+0000] {processor.py:186} INFO - Started process (PID=301) to work on /home/airflow/.local/lib/python3.12/site-packages/airflow/example_dags/example_short_circuit_decorator.py
[2024-11-04T20:15:13.858+0000] {processor.py:914} INFO - Processing file /home/airflow/.local/lib/python3.12/site-packages/airflow/example_dags/example_short_circuit_decorator.py for tasks to queue
[2024-11-04T20:15:13.861+0000] {logging_mixin.py:190} INFO - [2024-11-04T20:15:13.861+0000] {dagbag.py:588} INFO - Filling up the DagBag from /home/airflow/.local/lib/python3.12/site-packages/airflow/example_dags/example_short_circuit_decorator.py
[2024-11-04T20:15:13.873+0000] {processor.py:925} INFO - DAG(s) 'example_short_circuit_decorator' retrieved from /home/airflow/.local/lib/python3.12/site-packages/airflow/example_dags/example_short_circuit_decorator.py
[2024-11-04T20:15:13.901+0000] {logging_mixin.py:190} INFO - [2024-11-04T20:15:13.900+0000] {dag.py:3239} INFO - Sync 1 DAGs
[2024-11-04T20:15:13.917+0000] {logging_mixin.py:190} INFO - [2024-11-04T20:15:13.917+0000] {dag.py:4180} INFO - Setting next_dagrun for example_short_circuit_decorator to None, run_after=None
[2024-11-04T20:15:13.936+0000] {processor.py:208} INFO - Processing /home/airflow/.local/lib/python3.12/site-packages/airflow/example_dags/example_short_circuit_decorator.py took 0.086 seconds
[2024-11-04T20:15:44.256+0000] {processor.py:186} INFO - Started process (PID=363) to work on /home/airflow/.local/lib/python3.12/site-packages/airflow/example_dags/example_short_circuit_decorator.py
[2024-11-04T20:15:44.257+0000] {processor.py:914} INFO - Processing file /home/airflow/.local/lib/python3.12/site-packages/airflow/example_dags/example_short_circuit_decorator.py for tasks to queue
[2024-11-04T20:15:44.262+0000] {logging_mixin.py:190} INFO - [2024-11-04T20:15:44.262+0000] {dagbag.py:588} INFO - Filling up the DagBag from /home/airflow/.local/lib/python3.12/site-packages/airflow/example_dags/example_short_circuit_decorator.py
[2024-11-04T20:15:44.278+0000] {processor.py:925} INFO - DAG(s) 'example_short_circuit_decorator' retrieved from /home/airflow/.local/lib/python3.12/site-packages/airflow/example_dags/example_short_circuit_decorator.py
[2024-11-04T20:15:44.308+0000] {logging_mixin.py:190} INFO - [2024-11-04T20:15:44.307+0000] {dag.py:3239} INFO - Sync 1 DAGs
[2024-11-04T20:15:44.328+0000] {logging_mixin.py:190} INFO - [2024-11-04T20:15:44.327+0000] {dag.py:4180} INFO - Setting next_dagrun for example_short_circuit_decorator to None, run_after=None
[2024-11-04T20:15:44.350+0000] {processor.py:208} INFO - Processing /home/airflow/.local/lib/python3.12/site-packages/airflow/example_dags/example_short_circuit_decorator.py took 0.101 seconds
[2024-11-04T20:16:15.230+0000] {processor.py:186} INFO - Started process (PID=425) to work on /home/airflow/.local/lib/python3.12/site-packages/airflow/example_dags/example_short_circuit_decorator.py
[2024-11-04T20:16:15.235+0000] {processor.py:914} INFO - Processing file /home/airflow/.local/lib/python3.12/site-packages/airflow/example_dags/example_short_circuit_decorator.py for tasks to queue
[2024-11-04T20:16:15.241+0000] {logging_mixin.py:190} INFO - [2024-11-04T20:16:15.241+0000] {dagbag.py:588} INFO - Filling up the DagBag from /home/airflow/.local/lib/python3.12/site-packages/airflow/example_dags/example_short_circuit_decorator.py
[2024-11-04T20:16:15.257+0000] {processor.py:925} INFO - DAG(s) 'example_short_circuit_decorator' retrieved from /home/airflow/.local/lib/python3.12/site-packages/airflow/example_dags/example_short_circuit_decorator.py
[2024-11-04T20:16:15.296+0000] {logging_mixin.py:190} INFO - [2024-11-04T20:16:15.296+0000] {dag.py:3239} INFO - Sync 1 DAGs
[2024-11-04T20:16:15.336+0000] {logging_mixin.py:190} INFO - [2024-11-04T20:16:15.335+0000] {dag.py:4180} INFO - Setting next_dagrun for example_short_circuit_decorator to None, run_after=None
[2024-11-04T20:16:15.367+0000] {processor.py:208} INFO - Processing /home/airflow/.local/lib/python3.12/site-packages/airflow/example_dags/example_short_circuit_decorator.py took 0.146 seconds
[2024-11-04T20:16:46.377+0000] {processor.py:186} INFO - Started process (PID=487) to work on /home/airflow/.local/lib/python3.12/site-packages/airflow/example_dags/example_short_circuit_decorator.py
[2024-11-04T20:16:46.392+0000] {processor.py:914} INFO - Processing file /home/airflow/.local/lib/python3.12/site-packages/airflow/example_dags/example_short_circuit_decorator.py for tasks to queue
[2024-11-04T20:16:46.402+0000] {logging_mixin.py:190} INFO - [2024-11-04T20:16:46.401+0000] {dagbag.py:588} INFO - Filling up the DagBag from /home/airflow/.local/lib/python3.12/site-packages/airflow/example_dags/example_short_circuit_decorator.py
[2024-11-04T20:16:46.434+0000] {processor.py:925} INFO - DAG(s) 'example_short_circuit_decorator' retrieved from /home/airflow/.local/lib/python3.12/site-packages/airflow/example_dags/example_short_circuit_decorator.py
[2024-11-04T20:16:46.491+0000] {logging_mixin.py:190} INFO - [2024-11-04T20:16:46.491+0000] {dag.py:3239} INFO - Sync 1 DAGs
[2024-11-04T20:16:46.540+0000] {logging_mixin.py:190} INFO - [2024-11-04T20:16:46.540+0000] {dag.py:4180} INFO - Setting next_dagrun for example_short_circuit_decorator to None, run_after=None
[2024-11-04T20:16:46.585+0000] {processor.py:208} INFO - Processing /home/airflow/.local/lib/python3.12/site-packages/airflow/example_dags/example_short_circuit_decorator.py took 0.225 seconds
[2024-11-04T20:17:18.571+0000] {processor.py:186} INFO - Started process (PID=549) to work on /home/airflow/.local/lib/python3.12/site-packages/airflow/example_dags/example_short_circuit_decorator.py
[2024-11-04T20:17:18.573+0000] {processor.py:914} INFO - Processing file /home/airflow/.local/lib/python3.12/site-packages/airflow/example_dags/example_short_circuit_decorator.py for tasks to queue
[2024-11-04T20:17:18.581+0000] {logging_mixin.py:190} INFO - [2024-11-04T20:17:18.581+0000] {dagbag.py:588} INFO - Filling up the DagBag from /home/airflow/.local/lib/python3.12/site-packages/airflow/example_dags/example_short_circuit_decorator.py
[2024-11-04T20:17:18.619+0000] {processor.py:925} INFO - DAG(s) 'example_short_circuit_decorator' retrieved from /home/airflow/.local/lib/python3.12/site-packages/airflow/example_dags/example_short_circuit_decorator.py
[2024-11-04T20:17:18.901+0000] {logging_mixin.py:190} INFO - [2024-11-04T20:17:18.900+0000] {dag.py:3239} INFO - Sync 1 DAGs
[2024-11-04T20:17:18.931+0000] {logging_mixin.py:190} INFO - [2024-11-04T20:17:18.931+0000] {dag.py:4180} INFO - Setting next_dagrun for example_short_circuit_decorator to None, run_after=None
[2024-11-04T20:17:19.012+0000] {processor.py:208} INFO - Processing /home/airflow/.local/lib/python3.12/site-packages/airflow/example_dags/example_short_circuit_decorator.py took 0.452 seconds
[2024-11-04T20:17:49.925+0000] {processor.py:186} INFO - Started process (PID=609) to work on /home/airflow/.local/lib/python3.12/site-packages/airflow/example_dags/example_short_circuit_decorator.py
[2024-11-04T20:17:49.936+0000] {processor.py:914} INFO - Processing file /home/airflow/.local/lib/python3.12/site-packages/airflow/example_dags/example_short_circuit_decorator.py for tasks to queue
[2024-11-04T20:17:50.006+0000] {logging_mixin.py:190} INFO - [2024-11-04T20:17:50.006+0000] {dagbag.py:588} INFO - Filling up the DagBag from /home/airflow/.local/lib/python3.12/site-packages/airflow/example_dags/example_short_circuit_decorator.py
[2024-11-04T20:17:50.129+0000] {processor.py:925} INFO - DAG(s) 'example_short_circuit_decorator' retrieved from /home/airflow/.local/lib/python3.12/site-packages/airflow/example_dags/example_short_circuit_decorator.py
[2024-11-04T20:17:50.358+0000] {logging_mixin.py:190} INFO - [2024-11-04T20:17:50.358+0000] {dag.py:3239} INFO - Sync 1 DAGs
[2024-11-04T20:17:50.385+0000] {logging_mixin.py:190} INFO - [2024-11-04T20:17:50.385+0000] {dag.py:4180} INFO - Setting next_dagrun for example_short_circuit_decorator to None, run_after=None
[2024-11-04T20:17:50.429+0000] {processor.py:208} INFO - Processing /home/airflow/.local/lib/python3.12/site-packages/airflow/example_dags/example_short_circuit_decorator.py took 0.564 seconds
[2024-11-04T20:18:20.898+0000] {processor.py:186} INFO - Started process (PID=672) to work on /home/airflow/.local/lib/python3.12/site-packages/airflow/example_dags/example_short_circuit_decorator.py
[2024-11-04T20:18:20.900+0000] {processor.py:914} INFO - Processing file /home/airflow/.local/lib/python3.12/site-packages/airflow/example_dags/example_short_circuit_decorator.py for tasks to queue
[2024-11-04T20:18:20.902+0000] {logging_mixin.py:190} INFO - [2024-11-04T20:18:20.902+0000] {dagbag.py:588} INFO - Filling up the DagBag from /home/airflow/.local/lib/python3.12/site-packages/airflow/example_dags/example_short_circuit_decorator.py
[2024-11-04T20:18:20.916+0000] {processor.py:925} INFO - DAG(s) 'example_short_circuit_decorator' retrieved from /home/airflow/.local/lib/python3.12/site-packages/airflow/example_dags/example_short_circuit_decorator.py
[2024-11-04T20:18:20.945+0000] {logging_mixin.py:190} INFO - [2024-11-04T20:18:20.944+0000] {dag.py:3239} INFO - Sync 1 DAGs
[2024-11-04T20:18:20.982+0000] {logging_mixin.py:190} INFO - [2024-11-04T20:18:20.982+0000] {dag.py:4180} INFO - Setting next_dagrun for example_short_circuit_decorator to None, run_after=None
[2024-11-04T20:18:21.021+0000] {processor.py:208} INFO - Processing /home/airflow/.local/lib/python3.12/site-packages/airflow/example_dags/example_short_circuit_decorator.py took 0.129 seconds
[2024-11-04T20:18:51.613+0000] {processor.py:186} INFO - Started process (PID=735) to work on /home/airflow/.local/lib/python3.12/site-packages/airflow/example_dags/example_short_circuit_decorator.py
[2024-11-04T20:18:51.614+0000] {processor.py:914} INFO - Processing file /home/airflow/.local/lib/python3.12/site-packages/airflow/example_dags/example_short_circuit_decorator.py for tasks to queue
[2024-11-04T20:18:51.617+0000] {logging_mixin.py:190} INFO - [2024-11-04T20:18:51.617+0000] {dagbag.py:588} INFO - Filling up the DagBag from /home/airflow/.local/lib/python3.12/site-packages/airflow/example_dags/example_short_circuit_decorator.py
[2024-11-04T20:18:51.628+0000] {processor.py:925} INFO - DAG(s) 'example_short_circuit_decorator' retrieved from /home/airflow/.local/lib/python3.12/site-packages/airflow/example_dags/example_short_circuit_decorator.py
[2024-11-04T20:18:51.659+0000] {logging_mixin.py:190} INFO - [2024-11-04T20:18:51.659+0000] {dag.py:3239} INFO - Sync 1 DAGs
[2024-11-04T20:18:51.680+0000] {logging_mixin.py:190} INFO - [2024-11-04T20:18:51.680+0000] {dag.py:4180} INFO - Setting next_dagrun for example_short_circuit_decorator to None, run_after=None
[2024-11-04T20:18:51.716+0000] {processor.py:208} INFO - Processing /home/airflow/.local/lib/python3.12/site-packages/airflow/example_dags/example_short_circuit_decorator.py took 0.110 seconds
[2024-11-04T20:19:22.371+0000] {processor.py:186} INFO - Started process (PID=798) to work on /home/airflow/.local/lib/python3.12/site-packages/airflow/example_dags/example_short_circuit_decorator.py
[2024-11-04T20:19:22.373+0000] {processor.py:914} INFO - Processing file /home/airflow/.local/lib/python3.12/site-packages/airflow/example_dags/example_short_circuit_decorator.py for tasks to queue
[2024-11-04T20:19:22.376+0000] {logging_mixin.py:190} INFO - [2024-11-04T20:19:22.376+0000] {dagbag.py:588} INFO - Filling up the DagBag from /home/airflow/.local/lib/python3.12/site-packages/airflow/example_dags/example_short_circuit_decorator.py
[2024-11-04T20:19:22.390+0000] {processor.py:925} INFO - DAG(s) 'example_short_circuit_decorator' retrieved from /home/airflow/.local/lib/python3.12/site-packages/airflow/example_dags/example_short_circuit_decorator.py
[2024-11-04T20:19:22.422+0000] {logging_mixin.py:190} INFO - [2024-11-04T20:19:22.421+0000] {dag.py:3239} INFO - Sync 1 DAGs
[2024-11-04T20:19:22.439+0000] {logging_mixin.py:190} INFO - [2024-11-04T20:19:22.439+0000] {dag.py:4180} INFO - Setting next_dagrun for example_short_circuit_decorator to None, run_after=None
[2024-11-04T20:19:22.459+0000] {processor.py:208} INFO - Processing /home/airflow/.local/lib/python3.12/site-packages/airflow/example_dags/example_short_circuit_decorator.py took 0.094 seconds
[2024-11-04T20:19:53.797+0000] {processor.py:186} INFO - Started process (PID=862) to work on /home/airflow/.local/lib/python3.12/site-packages/airflow/example_dags/example_short_circuit_decorator.py
[2024-11-04T20:19:53.817+0000] {processor.py:914} INFO - Processing file /home/airflow/.local/lib/python3.12/site-packages/airflow/example_dags/example_short_circuit_decorator.py for tasks to queue
[2024-11-04T20:19:53.831+0000] {logging_mixin.py:190} INFO - [2024-11-04T20:19:53.831+0000] {dagbag.py:588} INFO - Filling up the DagBag from /home/airflow/.local/lib/python3.12/site-packages/airflow/example_dags/example_short_circuit_decorator.py
[2024-11-04T20:19:53.913+0000] {processor.py:925} INFO - DAG(s) 'example_short_circuit_decorator' retrieved from /home/airflow/.local/lib/python3.12/site-packages/airflow/example_dags/example_short_circuit_decorator.py
[2024-11-04T20:19:54.249+0000] {logging_mixin.py:190} INFO - [2024-11-04T20:19:54.248+0000] {dag.py:3239} INFO - Sync 1 DAGs
[2024-11-04T20:19:54.326+0000] {logging_mixin.py:190} INFO - [2024-11-04T20:19:54.326+0000] {dag.py:4180} INFO - Setting next_dagrun for example_short_circuit_decorator to None, run_after=None
[2024-11-04T20:19:54.536+0000] {processor.py:208} INFO - Processing /home/airflow/.local/lib/python3.12/site-packages/airflow/example_dags/example_short_circuit_decorator.py took 0.767 seconds
[2024-11-04T20:20:25.279+0000] {processor.py:186} INFO - Started process (PID=925) to work on /home/airflow/.local/lib/python3.12/site-packages/airflow/example_dags/example_short_circuit_decorator.py
[2024-11-04T20:20:25.280+0000] {processor.py:914} INFO - Processing file /home/airflow/.local/lib/python3.12/site-packages/airflow/example_dags/example_short_circuit_decorator.py for tasks to queue
[2024-11-04T20:20:25.283+0000] {logging_mixin.py:190} INFO - [2024-11-04T20:20:25.283+0000] {dagbag.py:588} INFO - Filling up the DagBag from /home/airflow/.local/lib/python3.12/site-packages/airflow/example_dags/example_short_circuit_decorator.py
[2024-11-04T20:20:25.297+0000] {processor.py:925} INFO - DAG(s) 'example_short_circuit_decorator' retrieved from /home/airflow/.local/lib/python3.12/site-packages/airflow/example_dags/example_short_circuit_decorator.py
[2024-11-04T20:20:25.326+0000] {logging_mixin.py:190} INFO - [2024-11-04T20:20:25.326+0000] {dag.py:3239} INFO - Sync 1 DAGs
[2024-11-04T20:20:25.343+0000] {logging_mixin.py:190} INFO - [2024-11-04T20:20:25.342+0000] {dag.py:4180} INFO - Setting next_dagrun for example_short_circuit_decorator to None, run_after=None
[2024-11-04T20:20:25.370+0000] {processor.py:208} INFO - Processing /home/airflow/.local/lib/python3.12/site-packages/airflow/example_dags/example_short_circuit_decorator.py took 0.098 seconds
[2024-11-04T20:20:55.921+0000] {processor.py:186} INFO - Started process (PID=988) to work on /home/airflow/.local/lib/python3.12/site-packages/airflow/example_dags/example_short_circuit_decorator.py
[2024-11-04T20:20:55.923+0000] {processor.py:914} INFO - Processing file /home/airflow/.local/lib/python3.12/site-packages/airflow/example_dags/example_short_circuit_decorator.py for tasks to queue
[2024-11-04T20:20:55.926+0000] {logging_mixin.py:190} INFO - [2024-11-04T20:20:55.925+0000] {dagbag.py:588} INFO - Filling up the DagBag from /home/airflow/.local/lib/python3.12/site-packages/airflow/example_dags/example_short_circuit_decorator.py
[2024-11-04T20:20:55.937+0000] {processor.py:925} INFO - DAG(s) 'example_short_circuit_decorator' retrieved from /home/airflow/.local/lib/python3.12/site-packages/airflow/example_dags/example_short_circuit_decorator.py
[2024-11-04T20:20:55.966+0000] {logging_mixin.py:190} INFO - [2024-11-04T20:20:55.966+0000] {dag.py:3239} INFO - Sync 1 DAGs
[2024-11-04T20:20:55.985+0000] {logging_mixin.py:190} INFO - [2024-11-04T20:20:55.984+0000] {dag.py:4180} INFO - Setting next_dagrun for example_short_circuit_decorator to None, run_after=None
[2024-11-04T20:20:56.007+0000] {processor.py:208} INFO - Processing /home/airflow/.local/lib/python3.12/site-packages/airflow/example_dags/example_short_circuit_decorator.py took 0.093 seconds
[2024-11-04T20:21:26.230+0000] {processor.py:186} INFO - Started process (PID=1051) to work on /home/airflow/.local/lib/python3.12/site-packages/airflow/example_dags/example_short_circuit_decorator.py
[2024-11-04T20:21:26.232+0000] {processor.py:914} INFO - Processing file /home/airflow/.local/lib/python3.12/site-packages/airflow/example_dags/example_short_circuit_decorator.py for tasks to queue
[2024-11-04T20:21:26.236+0000] {logging_mixin.py:190} INFO - [2024-11-04T20:21:26.235+0000] {dagbag.py:588} INFO - Filling up the DagBag from /home/airflow/.local/lib/python3.12/site-packages/airflow/example_dags/example_short_circuit_decorator.py
[2024-11-04T20:21:26.248+0000] {processor.py:925} INFO - DAG(s) 'example_short_circuit_decorator' retrieved from /home/airflow/.local/lib/python3.12/site-packages/airflow/example_dags/example_short_circuit_decorator.py
[2024-11-04T20:21:26.274+0000] {logging_mixin.py:190} INFO - [2024-11-04T20:21:26.273+0000] {dag.py:3239} INFO - Sync 1 DAGs
[2024-11-04T20:21:26.290+0000] {logging_mixin.py:190} INFO - [2024-11-04T20:21:26.289+0000] {dag.py:4180} INFO - Setting next_dagrun for example_short_circuit_decorator to None, run_after=None
[2024-11-04T20:21:26.312+0000] {processor.py:208} INFO - Processing /home/airflow/.local/lib/python3.12/site-packages/airflow/example_dags/example_short_circuit_decorator.py took 0.090 seconds
[2024-11-04T20:21:56.659+0000] {processor.py:186} INFO - Started process (PID=1114) to work on /home/airflow/.local/lib/python3.12/site-packages/airflow/example_dags/example_short_circuit_decorator.py
[2024-11-04T20:21:56.661+0000] {processor.py:914} INFO - Processing file /home/airflow/.local/lib/python3.12/site-packages/airflow/example_dags/example_short_circuit_decorator.py for tasks to queue
[2024-11-04T20:21:56.664+0000] {logging_mixin.py:190} INFO - [2024-11-04T20:21:56.664+0000] {dagbag.py:588} INFO - Filling up the DagBag from /home/airflow/.local/lib/python3.12/site-packages/airflow/example_dags/example_short_circuit_decorator.py
[2024-11-04T20:21:56.677+0000] {processor.py:925} INFO - DAG(s) 'example_short_circuit_decorator' retrieved from /home/airflow/.local/lib/python3.12/site-packages/airflow/example_dags/example_short_circuit_decorator.py
[2024-11-04T20:21:56.710+0000] {logging_mixin.py:190} INFO - [2024-11-04T20:21:56.709+0000] {dag.py:3239} INFO - Sync 1 DAGs
[2024-11-04T20:21:56.731+0000] {logging_mixin.py:190} INFO - [2024-11-04T20:21:56.731+0000] {dag.py:4180} INFO - Setting next_dagrun for example_short_circuit_decorator to None, run_after=None
[2024-11-04T20:21:56.760+0000] {processor.py:208} INFO - Processing /home/airflow/.local/lib/python3.12/site-packages/airflow/example_dags/example_short_circuit_decorator.py took 0.108 seconds
[2024-11-04T20:22:27.088+0000] {processor.py:186} INFO - Started process (PID=1176) to work on /home/airflow/.local/lib/python3.12/site-packages/airflow/example_dags/example_short_circuit_decorator.py
[2024-11-04T20:22:27.089+0000] {processor.py:914} INFO - Processing file /home/airflow/.local/lib/python3.12/site-packages/airflow/example_dags/example_short_circuit_decorator.py for tasks to queue
[2024-11-04T20:22:27.092+0000] {logging_mixin.py:190} INFO - [2024-11-04T20:22:27.092+0000] {dagbag.py:588} INFO - Filling up the DagBag from /home/airflow/.local/lib/python3.12/site-packages/airflow/example_dags/example_short_circuit_decorator.py
[2024-11-04T20:22:27.103+0000] {processor.py:925} INFO - DAG(s) 'example_short_circuit_decorator' retrieved from /home/airflow/.local/lib/python3.12/site-packages/airflow/example_dags/example_short_circuit_decorator.py
[2024-11-04T20:22:27.127+0000] {logging_mixin.py:190} INFO - [2024-11-04T20:22:27.127+0000] {dag.py:3239} INFO - Sync 1 DAGs
[2024-11-04T20:22:27.142+0000] {logging_mixin.py:190} INFO - [2024-11-04T20:22:27.142+0000] {dag.py:4180} INFO - Setting next_dagrun for example_short_circuit_decorator to None, run_after=None
[2024-11-04T20:22:27.164+0000] {processor.py:208} INFO - Processing /home/airflow/.local/lib/python3.12/site-packages/airflow/example_dags/example_short_circuit_decorator.py took 0.082 seconds
[2024-11-04T20:22:57.513+0000] {processor.py:186} INFO - Started process (PID=1239) to work on /home/airflow/.local/lib/python3.12/site-packages/airflow/example_dags/example_short_circuit_decorator.py
[2024-11-04T20:22:57.515+0000] {processor.py:914} INFO - Processing file /home/airflow/.local/lib/python3.12/site-packages/airflow/example_dags/example_short_circuit_decorator.py for tasks to queue
[2024-11-04T20:22:57.518+0000] {logging_mixin.py:190} INFO - [2024-11-04T20:22:57.518+0000] {dagbag.py:588} INFO - Filling up the DagBag from /home/airflow/.local/lib/python3.12/site-packages/airflow/example_dags/example_short_circuit_decorator.py
[2024-11-04T20:22:57.530+0000] {processor.py:925} INFO - DAG(s) 'example_short_circuit_decorator' retrieved from /home/airflow/.local/lib/python3.12/site-packages/airflow/example_dags/example_short_circuit_decorator.py
[2024-11-04T20:22:57.556+0000] {logging_mixin.py:190} INFO - [2024-11-04T20:22:57.556+0000] {dag.py:3239} INFO - Sync 1 DAGs
[2024-11-04T20:22:57.574+0000] {logging_mixin.py:190} INFO - [2024-11-04T20:22:57.573+0000] {dag.py:4180} INFO - Setting next_dagrun for example_short_circuit_decorator to None, run_after=None
[2024-11-04T20:22:57.597+0000] {processor.py:208} INFO - Processing /home/airflow/.local/lib/python3.12/site-packages/airflow/example_dags/example_short_circuit_decorator.py took 0.091 seconds
