[2024-11-04T20:13:40.876+0000] {processor.py:186} INFO - Started process (PID=112) to work on /home/airflow/.local/lib/python3.12/site-packages/airflow/example_dags/example_external_task_marker_dag.py
[2024-11-04T20:13:40.877+0000] {processor.py:914} INFO - Processing file /home/airflow/.local/lib/python3.12/site-packages/airflow/example_dags/example_external_task_marker_dag.py for tasks to queue
[2024-11-04T20:13:40.885+0000] {logging_mixin.py:190} INFO - [2024-11-04T20:13:40.883+0000] {dagbag.py:588} INFO - Filling up the DagBag from /home/airflow/.local/lib/python3.12/site-packages/airflow/example_dags/example_external_task_marker_dag.py
[2024-11-04T20:13:40.898+0000] {processor.py:925} INFO - DAG(s) 'example_external_task_marker_parent', 'example_external_task_marker_child' retrieved from /home/airflow/.local/lib/python3.12/site-packages/airflow/example_dags/example_external_task_marker_dag.py
[2024-11-04T20:13:41.154+0000] {logging_mixin.py:190} INFO - [2024-11-04T20:13:41.153+0000] {override.py:1900} INFO - Created Permission View: can edit on DAG:example_external_task_marker_parent
[2024-11-04T20:13:41.170+0000] {logging_mixin.py:190} INFO - [2024-11-04T20:13:41.170+0000] {override.py:1900} INFO - Created Permission View: can read on DAG:example_external_task_marker_parent
[2024-11-04T20:13:41.188+0000] {logging_mixin.py:190} INFO - [2024-11-04T20:13:41.188+0000] {override.py:1900} INFO - Created Permission View: can delete on DAG:example_external_task_marker_parent
[2024-11-04T20:13:41.208+0000] {logging_mixin.py:190} INFO - [2024-11-04T20:13:41.207+0000] {override.py:1900} INFO - Created Permission View: menu access on DAG Run:example_external_task_marker_parent
[2024-11-04T20:13:41.217+0000] {logging_mixin.py:190} INFO - [2024-11-04T20:13:41.217+0000] {override.py:1900} INFO - Created Permission View: can read on DAG Run:example_external_task_marker_parent
[2024-11-04T20:13:41.229+0000] {logging_mixin.py:190} INFO - [2024-11-04T20:13:41.228+0000] {override.py:1900} INFO - Created Permission View: can create on DAG Run:example_external_task_marker_parent
[2024-11-04T20:13:41.238+0000] {logging_mixin.py:190} INFO - [2024-11-04T20:13:41.238+0000] {override.py:1900} INFO - Created Permission View: can delete on DAG Run:example_external_task_marker_parent
[2024-11-04T20:13:41.285+0000] {logging_mixin.py:190} INFO - [2024-11-04T20:13:41.284+0000] {override.py:1900} INFO - Created Permission View: can edit on DAG:example_external_task_marker_child
[2024-11-04T20:13:41.304+0000] {logging_mixin.py:190} INFO - [2024-11-04T20:13:41.304+0000] {override.py:1900} INFO - Created Permission View: can read on DAG:example_external_task_marker_child
[2024-11-04T20:13:41.324+0000] {logging_mixin.py:190} INFO - [2024-11-04T20:13:41.323+0000] {override.py:1900} INFO - Created Permission View: can delete on DAG:example_external_task_marker_child
[2024-11-04T20:13:41.344+0000] {logging_mixin.py:190} INFO - [2024-11-04T20:13:41.343+0000] {override.py:1900} INFO - Created Permission View: menu access on DAG Run:example_external_task_marker_child
[2024-11-04T20:13:41.358+0000] {logging_mixin.py:190} INFO - [2024-11-04T20:13:41.354+0000] {override.py:1900} INFO - Created Permission View: can read on DAG Run:example_external_task_marker_child
[2024-11-04T20:13:41.370+0000] {logging_mixin.py:190} INFO - [2024-11-04T20:13:41.369+0000] {override.py:1900} INFO - Created Permission View: can create on DAG Run:example_external_task_marker_child
[2024-11-04T20:13:41.401+0000] {logging_mixin.py:190} INFO - [2024-11-04T20:13:41.401+0000] {override.py:1900} INFO - Created Permission View: can delete on DAG Run:example_external_task_marker_child
[2024-11-04T20:13:41.402+0000] {logging_mixin.py:190} INFO - [2024-11-04T20:13:41.402+0000] {dag.py:3239} INFO - Sync 2 DAGs
[2024-11-04T20:13:41.433+0000] {logging_mixin.py:190} INFO - [2024-11-04T20:13:41.432+0000] {dag.py:3262} INFO - Creating ORM DAG for example_external_task_marker_parent
[2024-11-04T20:13:41.434+0000] {logging_mixin.py:190} INFO - [2024-11-04T20:13:41.434+0000] {dag.py:3262} INFO - Creating ORM DAG for example_external_task_marker_child
[2024-11-04T20:13:41.436+0000] {logging_mixin.py:190} INFO - [2024-11-04T20:13:41.435+0000] {dag.py:4180} INFO - Setting next_dagrun for example_external_task_marker_child to None, run_after=None
[2024-11-04T20:13:41.437+0000] {logging_mixin.py:190} INFO - [2024-11-04T20:13:41.437+0000] {dag.py:4180} INFO - Setting next_dagrun for example_external_task_marker_parent to None, run_after=None
[2024-11-04T20:13:41.475+0000] {processor.py:208} INFO - Processing /home/airflow/.local/lib/python3.12/site-packages/airflow/example_dags/example_external_task_marker_dag.py took 0.608 seconds
[2024-11-04T20:14:12.389+0000] {processor.py:186} INFO - Started process (PID=174) to work on /home/airflow/.local/lib/python3.12/site-packages/airflow/example_dags/example_external_task_marker_dag.py
[2024-11-04T20:14:12.390+0000] {processor.py:914} INFO - Processing file /home/airflow/.local/lib/python3.12/site-packages/airflow/example_dags/example_external_task_marker_dag.py for tasks to queue
[2024-11-04T20:14:12.398+0000] {logging_mixin.py:190} INFO - [2024-11-04T20:14:12.397+0000] {dagbag.py:588} INFO - Filling up the DagBag from /home/airflow/.local/lib/python3.12/site-packages/airflow/example_dags/example_external_task_marker_dag.py
[2024-11-04T20:14:12.409+0000] {processor.py:925} INFO - DAG(s) 'example_external_task_marker_child', 'example_external_task_marker_parent' retrieved from /home/airflow/.local/lib/python3.12/site-packages/airflow/example_dags/example_external_task_marker_dag.py
[2024-11-04T20:14:12.442+0000] {logging_mixin.py:190} INFO - [2024-11-04T20:14:12.442+0000] {dag.py:3239} INFO - Sync 2 DAGs
[2024-11-04T20:14:12.461+0000] {logging_mixin.py:190} INFO - [2024-11-04T20:14:12.461+0000] {dag.py:4180} INFO - Setting next_dagrun for example_external_task_marker_child to None, run_after=None
[2024-11-04T20:14:12.466+0000] {logging_mixin.py:190} INFO - [2024-11-04T20:14:12.465+0000] {dag.py:4180} INFO - Setting next_dagrun for example_external_task_marker_parent to None, run_after=None
[2024-11-04T20:14:12.492+0000] {processor.py:208} INFO - Processing /home/airflow/.local/lib/python3.12/site-packages/airflow/example_dags/example_external_task_marker_dag.py took 0.112 seconds
[2024-11-04T20:14:43.508+0000] {processor.py:186} INFO - Started process (PID=237) to work on /home/airflow/.local/lib/python3.12/site-packages/airflow/example_dags/example_external_task_marker_dag.py
[2024-11-04T20:14:43.509+0000] {processor.py:914} INFO - Processing file /home/airflow/.local/lib/python3.12/site-packages/airflow/example_dags/example_external_task_marker_dag.py for tasks to queue
[2024-11-04T20:14:43.513+0000] {logging_mixin.py:190} INFO - [2024-11-04T20:14:43.512+0000] {dagbag.py:588} INFO - Filling up the DagBag from /home/airflow/.local/lib/python3.12/site-packages/airflow/example_dags/example_external_task_marker_dag.py
[2024-11-04T20:14:43.524+0000] {processor.py:925} INFO - DAG(s) 'example_external_task_marker_parent', 'example_external_task_marker_child' retrieved from /home/airflow/.local/lib/python3.12/site-packages/airflow/example_dags/example_external_task_marker_dag.py
[2024-11-04T20:14:43.557+0000] {logging_mixin.py:190} INFO - [2024-11-04T20:14:43.557+0000] {dag.py:3239} INFO - Sync 2 DAGs
[2024-11-04T20:14:43.580+0000] {logging_mixin.py:190} INFO - [2024-11-04T20:14:43.580+0000] {dag.py:4180} INFO - Setting next_dagrun for example_external_task_marker_child to None, run_after=None
[2024-11-04T20:14:43.585+0000] {logging_mixin.py:190} INFO - [2024-11-04T20:14:43.584+0000] {dag.py:4180} INFO - Setting next_dagrun for example_external_task_marker_parent to None, run_after=None
[2024-11-04T20:14:43.606+0000] {processor.py:208} INFO - Processing /home/airflow/.local/lib/python3.12/site-packages/airflow/example_dags/example_external_task_marker_dag.py took 0.106 seconds
[2024-11-04T20:15:13.647+0000] {processor.py:186} INFO - Started process (PID=299) to work on /home/airflow/.local/lib/python3.12/site-packages/airflow/example_dags/example_external_task_marker_dag.py
[2024-11-04T20:15:13.649+0000] {processor.py:914} INFO - Processing file /home/airflow/.local/lib/python3.12/site-packages/airflow/example_dags/example_external_task_marker_dag.py for tasks to queue
[2024-11-04T20:15:13.652+0000] {logging_mixin.py:190} INFO - [2024-11-04T20:15:13.651+0000] {dagbag.py:588} INFO - Filling up the DagBag from /home/airflow/.local/lib/python3.12/site-packages/airflow/example_dags/example_external_task_marker_dag.py
[2024-11-04T20:15:13.664+0000] {processor.py:925} INFO - DAG(s) 'example_external_task_marker_parent', 'example_external_task_marker_child' retrieved from /home/airflow/.local/lib/python3.12/site-packages/airflow/example_dags/example_external_task_marker_dag.py
[2024-11-04T20:15:13.697+0000] {logging_mixin.py:190} INFO - [2024-11-04T20:15:13.697+0000] {dag.py:3239} INFO - Sync 2 DAGs
[2024-11-04T20:15:13.716+0000] {logging_mixin.py:190} INFO - [2024-11-04T20:15:13.716+0000] {dag.py:4180} INFO - Setting next_dagrun for example_external_task_marker_child to None, run_after=None
[2024-11-04T20:15:13.721+0000] {logging_mixin.py:190} INFO - [2024-11-04T20:15:13.720+0000] {dag.py:4180} INFO - Setting next_dagrun for example_external_task_marker_parent to None, run_after=None
[2024-11-04T20:15:13.739+0000] {processor.py:208} INFO - Processing /home/airflow/.local/lib/python3.12/site-packages/airflow/example_dags/example_external_task_marker_dag.py took 0.099 seconds
[2024-11-04T20:15:44.017+0000] {processor.py:186} INFO - Started process (PID=361) to work on /home/airflow/.local/lib/python3.12/site-packages/airflow/example_dags/example_external_task_marker_dag.py
[2024-11-04T20:15:44.019+0000] {processor.py:914} INFO - Processing file /home/airflow/.local/lib/python3.12/site-packages/airflow/example_dags/example_external_task_marker_dag.py for tasks to queue
[2024-11-04T20:15:44.021+0000] {logging_mixin.py:190} INFO - [2024-11-04T20:15:44.021+0000] {dagbag.py:588} INFO - Filling up the DagBag from /home/airflow/.local/lib/python3.12/site-packages/airflow/example_dags/example_external_task_marker_dag.py
[2024-11-04T20:15:44.036+0000] {processor.py:925} INFO - DAG(s) 'example_external_task_marker_child', 'example_external_task_marker_parent' retrieved from /home/airflow/.local/lib/python3.12/site-packages/airflow/example_dags/example_external_task_marker_dag.py
[2024-11-04T20:15:44.066+0000] {logging_mixin.py:190} INFO - [2024-11-04T20:15:44.064+0000] {dag.py:3239} INFO - Sync 2 DAGs
[2024-11-04T20:15:44.088+0000] {logging_mixin.py:190} INFO - [2024-11-04T20:15:44.088+0000] {dag.py:4180} INFO - Setting next_dagrun for example_external_task_marker_child to None, run_after=None
[2024-11-04T20:15:44.092+0000] {logging_mixin.py:190} INFO - [2024-11-04T20:15:44.092+0000] {dag.py:4180} INFO - Setting next_dagrun for example_external_task_marker_parent to None, run_after=None
[2024-11-04T20:15:44.115+0000] {processor.py:208} INFO - Processing /home/airflow/.local/lib/python3.12/site-packages/airflow/example_dags/example_external_task_marker_dag.py took 0.106 seconds
[2024-11-04T20:16:14.857+0000] {processor.py:186} INFO - Started process (PID=423) to work on /home/airflow/.local/lib/python3.12/site-packages/airflow/example_dags/example_external_task_marker_dag.py
[2024-11-04T20:16:14.865+0000] {processor.py:914} INFO - Processing file /home/airflow/.local/lib/python3.12/site-packages/airflow/example_dags/example_external_task_marker_dag.py for tasks to queue
[2024-11-04T20:16:14.871+0000] {logging_mixin.py:190} INFO - [2024-11-04T20:16:14.870+0000] {dagbag.py:588} INFO - Filling up the DagBag from /home/airflow/.local/lib/python3.12/site-packages/airflow/example_dags/example_external_task_marker_dag.py
[2024-11-04T20:16:14.885+0000] {processor.py:925} INFO - DAG(s) 'example_external_task_marker_parent', 'example_external_task_marker_child' retrieved from /home/airflow/.local/lib/python3.12/site-packages/airflow/example_dags/example_external_task_marker_dag.py
[2024-11-04T20:16:14.950+0000] {logging_mixin.py:190} INFO - [2024-11-04T20:16:14.950+0000] {dag.py:3239} INFO - Sync 2 DAGs
[2024-11-04T20:16:14.984+0000] {logging_mixin.py:190} INFO - [2024-11-04T20:16:14.983+0000] {dag.py:4180} INFO - Setting next_dagrun for example_external_task_marker_child to None, run_after=None
[2024-11-04T20:16:14.989+0000] {logging_mixin.py:190} INFO - [2024-11-04T20:16:14.989+0000] {dag.py:4180} INFO - Setting next_dagrun for example_external_task_marker_parent to None, run_after=None
[2024-11-04T20:16:15.036+0000] {processor.py:208} INFO - Processing /home/airflow/.local/lib/python3.12/site-packages/airflow/example_dags/example_external_task_marker_dag.py took 0.187 seconds
[2024-11-04T20:16:45.850+0000] {processor.py:186} INFO - Started process (PID=485) to work on /home/airflow/.local/lib/python3.12/site-packages/airflow/example_dags/example_external_task_marker_dag.py
[2024-11-04T20:16:45.853+0000] {processor.py:914} INFO - Processing file /home/airflow/.local/lib/python3.12/site-packages/airflow/example_dags/example_external_task_marker_dag.py for tasks to queue
[2024-11-04T20:16:45.857+0000] {logging_mixin.py:190} INFO - [2024-11-04T20:16:45.857+0000] {dagbag.py:588} INFO - Filling up the DagBag from /home/airflow/.local/lib/python3.12/site-packages/airflow/example_dags/example_external_task_marker_dag.py
[2024-11-04T20:16:45.872+0000] {processor.py:925} INFO - DAG(s) 'example_external_task_marker_parent', 'example_external_task_marker_child' retrieved from /home/airflow/.local/lib/python3.12/site-packages/airflow/example_dags/example_external_task_marker_dag.py
[2024-11-04T20:16:45.921+0000] {logging_mixin.py:190} INFO - [2024-11-04T20:16:45.921+0000] {dag.py:3239} INFO - Sync 2 DAGs
[2024-11-04T20:16:45.960+0000] {logging_mixin.py:190} INFO - [2024-11-04T20:16:45.960+0000] {dag.py:4180} INFO - Setting next_dagrun for example_external_task_marker_child to None, run_after=None
[2024-11-04T20:16:45.969+0000] {logging_mixin.py:190} INFO - [2024-11-04T20:16:45.969+0000] {dag.py:4180} INFO - Setting next_dagrun for example_external_task_marker_parent to None, run_after=None
[2024-11-04T20:16:46.017+0000] {processor.py:208} INFO - Processing /home/airflow/.local/lib/python3.12/site-packages/airflow/example_dags/example_external_task_marker_dag.py took 0.180 seconds
[2024-11-04T20:17:17.667+0000] {processor.py:186} INFO - Started process (PID=547) to work on /home/airflow/.local/lib/python3.12/site-packages/airflow/example_dags/example_external_task_marker_dag.py
[2024-11-04T20:17:17.672+0000] {processor.py:914} INFO - Processing file /home/airflow/.local/lib/python3.12/site-packages/airflow/example_dags/example_external_task_marker_dag.py for tasks to queue
[2024-11-04T20:17:17.688+0000] {logging_mixin.py:190} INFO - [2024-11-04T20:17:17.687+0000] {dagbag.py:588} INFO - Filling up the DagBag from /home/airflow/.local/lib/python3.12/site-packages/airflow/example_dags/example_external_task_marker_dag.py
[2024-11-04T20:17:17.711+0000] {processor.py:925} INFO - DAG(s) 'example_external_task_marker_parent', 'example_external_task_marker_child' retrieved from /home/airflow/.local/lib/python3.12/site-packages/airflow/example_dags/example_external_task_marker_dag.py
[2024-11-04T20:17:17.842+0000] {logging_mixin.py:190} INFO - [2024-11-04T20:17:17.840+0000] {dag.py:3239} INFO - Sync 2 DAGs
[2024-11-04T20:17:17.883+0000] {logging_mixin.py:190} INFO - [2024-11-04T20:17:17.882+0000] {dag.py:4180} INFO - Setting next_dagrun for example_external_task_marker_child to None, run_after=None
[2024-11-04T20:17:17.893+0000] {logging_mixin.py:190} INFO - [2024-11-04T20:17:17.893+0000] {dag.py:4180} INFO - Setting next_dagrun for example_external_task_marker_parent to None, run_after=None
[2024-11-04T20:17:17.953+0000] {processor.py:208} INFO - Processing /home/airflow/.local/lib/python3.12/site-packages/airflow/example_dags/example_external_task_marker_dag.py took 0.307 seconds
[2024-11-04T20:17:48.467+0000] {processor.py:186} INFO - Started process (PID=607) to work on /home/airflow/.local/lib/python3.12/site-packages/airflow/example_dags/example_external_task_marker_dag.py
[2024-11-04T20:17:48.469+0000] {processor.py:914} INFO - Processing file /home/airflow/.local/lib/python3.12/site-packages/airflow/example_dags/example_external_task_marker_dag.py for tasks to queue
[2024-11-04T20:17:48.474+0000] {logging_mixin.py:190} INFO - [2024-11-04T20:17:48.473+0000] {dagbag.py:588} INFO - Filling up the DagBag from /home/airflow/.local/lib/python3.12/site-packages/airflow/example_dags/example_external_task_marker_dag.py
[2024-11-04T20:17:48.504+0000] {processor.py:925} INFO - DAG(s) 'example_external_task_marker_child', 'example_external_task_marker_parent' retrieved from /home/airflow/.local/lib/python3.12/site-packages/airflow/example_dags/example_external_task_marker_dag.py
[2024-11-04T20:17:48.572+0000] {logging_mixin.py:190} INFO - [2024-11-04T20:17:48.572+0000] {dag.py:3239} INFO - Sync 2 DAGs
[2024-11-04T20:17:48.630+0000] {logging_mixin.py:190} INFO - [2024-11-04T20:17:48.630+0000] {dag.py:4180} INFO - Setting next_dagrun for example_external_task_marker_child to None, run_after=None
[2024-11-04T20:17:48.639+0000] {logging_mixin.py:190} INFO - [2024-11-04T20:17:48.639+0000] {dag.py:4180} INFO - Setting next_dagrun for example_external_task_marker_parent to None, run_after=None
[2024-11-04T20:17:48.698+0000] {processor.py:208} INFO - Processing /home/airflow/.local/lib/python3.12/site-packages/airflow/example_dags/example_external_task_marker_dag.py took 0.228 seconds
[2024-11-04T20:18:18.752+0000] {processor.py:186} INFO - Started process (PID=670) to work on /home/airflow/.local/lib/python3.12/site-packages/airflow/example_dags/example_external_task_marker_dag.py
[2024-11-04T20:18:18.753+0000] {processor.py:914} INFO - Processing file /home/airflow/.local/lib/python3.12/site-packages/airflow/example_dags/example_external_task_marker_dag.py for tasks to queue
[2024-11-04T20:18:18.756+0000] {logging_mixin.py:190} INFO - [2024-11-04T20:18:18.755+0000] {dagbag.py:588} INFO - Filling up the DagBag from /home/airflow/.local/lib/python3.12/site-packages/airflow/example_dags/example_external_task_marker_dag.py
[2024-11-04T20:18:18.765+0000] {processor.py:925} INFO - DAG(s) 'example_external_task_marker_child', 'example_external_task_marker_parent' retrieved from /home/airflow/.local/lib/python3.12/site-packages/airflow/example_dags/example_external_task_marker_dag.py
[2024-11-04T20:18:18.789+0000] {logging_mixin.py:190} INFO - [2024-11-04T20:18:18.789+0000] {dag.py:3239} INFO - Sync 2 DAGs
[2024-11-04T20:18:18.808+0000] {logging_mixin.py:190} INFO - [2024-11-04T20:18:18.807+0000] {dag.py:4180} INFO - Setting next_dagrun for example_external_task_marker_child to None, run_after=None
[2024-11-04T20:18:18.812+0000] {logging_mixin.py:190} INFO - [2024-11-04T20:18:18.812+0000] {dag.py:4180} INFO - Setting next_dagrun for example_external_task_marker_parent to None, run_after=None
[2024-11-04T20:18:18.829+0000] {processor.py:208} INFO - Processing /home/airflow/.local/lib/python3.12/site-packages/airflow/example_dags/example_external_task_marker_dag.py took 0.085 seconds
[2024-11-04T20:18:49.470+0000] {processor.py:186} INFO - Started process (PID=733) to work on /home/airflow/.local/lib/python3.12/site-packages/airflow/example_dags/example_external_task_marker_dag.py
[2024-11-04T20:18:49.472+0000] {processor.py:914} INFO - Processing file /home/airflow/.local/lib/python3.12/site-packages/airflow/example_dags/example_external_task_marker_dag.py for tasks to queue
[2024-11-04T20:18:49.474+0000] {logging_mixin.py:190} INFO - [2024-11-04T20:18:49.474+0000] {dagbag.py:588} INFO - Filling up the DagBag from /home/airflow/.local/lib/python3.12/site-packages/airflow/example_dags/example_external_task_marker_dag.py
[2024-11-04T20:18:49.483+0000] {processor.py:925} INFO - DAG(s) 'example_external_task_marker_parent', 'example_external_task_marker_child' retrieved from /home/airflow/.local/lib/python3.12/site-packages/airflow/example_dags/example_external_task_marker_dag.py
[2024-11-04T20:18:49.506+0000] {logging_mixin.py:190} INFO - [2024-11-04T20:18:49.505+0000] {dag.py:3239} INFO - Sync 2 DAGs
[2024-11-04T20:18:49.522+0000] {logging_mixin.py:190} INFO - [2024-11-04T20:18:49.522+0000] {dag.py:4180} INFO - Setting next_dagrun for example_external_task_marker_child to None, run_after=None
[2024-11-04T20:18:49.526+0000] {logging_mixin.py:190} INFO - [2024-11-04T20:18:49.526+0000] {dag.py:4180} INFO - Setting next_dagrun for example_external_task_marker_parent to None, run_after=None
[2024-11-04T20:18:49.543+0000] {processor.py:208} INFO - Processing /home/airflow/.local/lib/python3.12/site-packages/airflow/example_dags/example_external_task_marker_dag.py took 0.080 seconds
[2024-11-04T20:19:20.168+0000] {processor.py:186} INFO - Started process (PID=796) to work on /home/airflow/.local/lib/python3.12/site-packages/airflow/example_dags/example_external_task_marker_dag.py
[2024-11-04T20:19:20.169+0000] {processor.py:914} INFO - Processing file /home/airflow/.local/lib/python3.12/site-packages/airflow/example_dags/example_external_task_marker_dag.py for tasks to queue
[2024-11-04T20:19:20.172+0000] {logging_mixin.py:190} INFO - [2024-11-04T20:19:20.172+0000] {dagbag.py:588} INFO - Filling up the DagBag from /home/airflow/.local/lib/python3.12/site-packages/airflow/example_dags/example_external_task_marker_dag.py
[2024-11-04T20:19:20.187+0000] {processor.py:925} INFO - DAG(s) 'example_external_task_marker_child', 'example_external_task_marker_parent' retrieved from /home/airflow/.local/lib/python3.12/site-packages/airflow/example_dags/example_external_task_marker_dag.py
[2024-11-04T20:19:20.212+0000] {logging_mixin.py:190} INFO - [2024-11-04T20:19:20.212+0000] {dag.py:3239} INFO - Sync 2 DAGs
[2024-11-04T20:19:20.232+0000] {logging_mixin.py:190} INFO - [2024-11-04T20:19:20.232+0000] {dag.py:4180} INFO - Setting next_dagrun for example_external_task_marker_child to None, run_after=None
[2024-11-04T20:19:20.237+0000] {logging_mixin.py:190} INFO - [2024-11-04T20:19:20.237+0000] {dag.py:4180} INFO - Setting next_dagrun for example_external_task_marker_parent to None, run_after=None
[2024-11-04T20:19:20.269+0000] {processor.py:208} INFO - Processing /home/airflow/.local/lib/python3.12/site-packages/airflow/example_dags/example_external_task_marker_dag.py took 0.109 seconds
[2024-11-04T20:19:52.834+0000] {processor.py:186} INFO - Started process (PID=859) to work on /home/airflow/.local/lib/python3.12/site-packages/airflow/example_dags/example_external_task_marker_dag.py
[2024-11-04T20:19:52.858+0000] {processor.py:914} INFO - Processing file /home/airflow/.local/lib/python3.12/site-packages/airflow/example_dags/example_external_task_marker_dag.py for tasks to queue
[2024-11-04T20:19:52.863+0000] {logging_mixin.py:190} INFO - [2024-11-04T20:19:52.862+0000] {dagbag.py:588} INFO - Filling up the DagBag from /home/airflow/.local/lib/python3.12/site-packages/airflow/example_dags/example_external_task_marker_dag.py
[2024-11-04T20:19:52.909+0000] {processor.py:925} INFO - DAG(s) 'example_external_task_marker_child', 'example_external_task_marker_parent' retrieved from /home/airflow/.local/lib/python3.12/site-packages/airflow/example_dags/example_external_task_marker_dag.py
[2024-11-04T20:19:52.996+0000] {logging_mixin.py:190} INFO - [2024-11-04T20:19:52.995+0000] {dag.py:3239} INFO - Sync 2 DAGs
[2024-11-04T20:19:53.047+0000] {logging_mixin.py:190} INFO - [2024-11-04T20:19:53.046+0000] {dag.py:4180} INFO - Setting next_dagrun for example_external_task_marker_child to None, run_after=None
[2024-11-04T20:19:53.062+0000] {logging_mixin.py:190} INFO - [2024-11-04T20:19:53.062+0000] {dag.py:4180} INFO - Setting next_dagrun for example_external_task_marker_parent to None, run_after=None
[2024-11-04T20:19:53.140+0000] {processor.py:208} INFO - Processing /home/airflow/.local/lib/python3.12/site-packages/airflow/example_dags/example_external_task_marker_dag.py took 0.316 seconds
[2024-11-04T20:20:24.093+0000] {processor.py:186} INFO - Started process (PID=922) to work on /home/airflow/.local/lib/python3.12/site-packages/airflow/example_dags/example_external_task_marker_dag.py
[2024-11-04T20:20:24.095+0000] {processor.py:914} INFO - Processing file /home/airflow/.local/lib/python3.12/site-packages/airflow/example_dags/example_external_task_marker_dag.py for tasks to queue
[2024-11-04T20:20:24.099+0000] {logging_mixin.py:190} INFO - [2024-11-04T20:20:24.098+0000] {dagbag.py:588} INFO - Filling up the DagBag from /home/airflow/.local/lib/python3.12/site-packages/airflow/example_dags/example_external_task_marker_dag.py
[2024-11-04T20:20:24.111+0000] {processor.py:925} INFO - DAG(s) 'example_external_task_marker_parent', 'example_external_task_marker_child' retrieved from /home/airflow/.local/lib/python3.12/site-packages/airflow/example_dags/example_external_task_marker_dag.py
[2024-11-04T20:20:24.159+0000] {logging_mixin.py:190} INFO - [2024-11-04T20:20:24.158+0000] {dag.py:3239} INFO - Sync 2 DAGs
[2024-11-04T20:20:24.180+0000] {logging_mixin.py:190} INFO - [2024-11-04T20:20:24.179+0000] {dag.py:4180} INFO - Setting next_dagrun for example_external_task_marker_child to None, run_after=None
[2024-11-04T20:20:24.184+0000] {logging_mixin.py:190} INFO - [2024-11-04T20:20:24.184+0000] {dag.py:4180} INFO - Setting next_dagrun for example_external_task_marker_parent to None, run_after=None
[2024-11-04T20:20:24.212+0000] {processor.py:208} INFO - Processing /home/airflow/.local/lib/python3.12/site-packages/airflow/example_dags/example_external_task_marker_dag.py took 0.126 seconds
[2024-11-04T20:20:54.768+0000] {processor.py:186} INFO - Started process (PID=985) to work on /home/airflow/.local/lib/python3.12/site-packages/airflow/example_dags/example_external_task_marker_dag.py
[2024-11-04T20:20:54.770+0000] {processor.py:914} INFO - Processing file /home/airflow/.local/lib/python3.12/site-packages/airflow/example_dags/example_external_task_marker_dag.py for tasks to queue
[2024-11-04T20:20:54.772+0000] {logging_mixin.py:190} INFO - [2024-11-04T20:20:54.772+0000] {dagbag.py:588} INFO - Filling up the DagBag from /home/airflow/.local/lib/python3.12/site-packages/airflow/example_dags/example_external_task_marker_dag.py
[2024-11-04T20:20:54.782+0000] {processor.py:925} INFO - DAG(s) 'example_external_task_marker_parent', 'example_external_task_marker_child' retrieved from /home/airflow/.local/lib/python3.12/site-packages/airflow/example_dags/example_external_task_marker_dag.py
[2024-11-04T20:20:54.809+0000] {logging_mixin.py:190} INFO - [2024-11-04T20:20:54.809+0000] {dag.py:3239} INFO - Sync 2 DAGs
[2024-11-04T20:20:54.827+0000] {logging_mixin.py:190} INFO - [2024-11-04T20:20:54.827+0000] {dag.py:4180} INFO - Setting next_dagrun for example_external_task_marker_child to None, run_after=None
[2024-11-04T20:20:54.832+0000] {logging_mixin.py:190} INFO - [2024-11-04T20:20:54.832+0000] {dag.py:4180} INFO - Setting next_dagrun for example_external_task_marker_parent to None, run_after=None
[2024-11-04T20:20:54.854+0000] {processor.py:208} INFO - Processing /home/airflow/.local/lib/python3.12/site-packages/airflow/example_dags/example_external_task_marker_dag.py took 0.099 seconds
[2024-11-04T20:21:25.080+0000] {processor.py:186} INFO - Started process (PID=1048) to work on /home/airflow/.local/lib/python3.12/site-packages/airflow/example_dags/example_external_task_marker_dag.py
[2024-11-04T20:21:25.081+0000] {processor.py:914} INFO - Processing file /home/airflow/.local/lib/python3.12/site-packages/airflow/example_dags/example_external_task_marker_dag.py for tasks to queue
[2024-11-04T20:21:25.084+0000] {logging_mixin.py:190} INFO - [2024-11-04T20:21:25.083+0000] {dagbag.py:588} INFO - Filling up the DagBag from /home/airflow/.local/lib/python3.12/site-packages/airflow/example_dags/example_external_task_marker_dag.py
[2024-11-04T20:21:25.094+0000] {processor.py:925} INFO - DAG(s) 'example_external_task_marker_parent', 'example_external_task_marker_child' retrieved from /home/airflow/.local/lib/python3.12/site-packages/airflow/example_dags/example_external_task_marker_dag.py
[2024-11-04T20:21:25.125+0000] {logging_mixin.py:190} INFO - [2024-11-04T20:21:25.125+0000] {dag.py:3239} INFO - Sync 2 DAGs
[2024-11-04T20:21:25.148+0000] {logging_mixin.py:190} INFO - [2024-11-04T20:21:25.147+0000] {dag.py:4180} INFO - Setting next_dagrun for example_external_task_marker_child to None, run_after=None
[2024-11-04T20:21:25.155+0000] {logging_mixin.py:190} INFO - [2024-11-04T20:21:25.155+0000] {dag.py:4180} INFO - Setting next_dagrun for example_external_task_marker_parent to None, run_after=None
[2024-11-04T20:21:25.171+0000] {processor.py:208} INFO - Processing /home/airflow/.local/lib/python3.12/site-packages/airflow/example_dags/example_external_task_marker_dag.py took 0.098 seconds
[2024-11-04T20:21:55.502+0000] {processor.py:186} INFO - Started process (PID=1111) to work on /home/airflow/.local/lib/python3.12/site-packages/airflow/example_dags/example_external_task_marker_dag.py
[2024-11-04T20:21:55.504+0000] {processor.py:914} INFO - Processing file /home/airflow/.local/lib/python3.12/site-packages/airflow/example_dags/example_external_task_marker_dag.py for tasks to queue
[2024-11-04T20:21:55.507+0000] {logging_mixin.py:190} INFO - [2024-11-04T20:21:55.506+0000] {dagbag.py:588} INFO - Filling up the DagBag from /home/airflow/.local/lib/python3.12/site-packages/airflow/example_dags/example_external_task_marker_dag.py
[2024-11-04T20:21:55.517+0000] {processor.py:925} INFO - DAG(s) 'example_external_task_marker_parent', 'example_external_task_marker_child' retrieved from /home/airflow/.local/lib/python3.12/site-packages/airflow/example_dags/example_external_task_marker_dag.py
[2024-11-04T20:21:55.547+0000] {logging_mixin.py:190} INFO - [2024-11-04T20:21:55.547+0000] {dag.py:3239} INFO - Sync 2 DAGs
[2024-11-04T20:21:55.566+0000] {logging_mixin.py:190} INFO - [2024-11-04T20:21:55.566+0000] {dag.py:4180} INFO - Setting next_dagrun for example_external_task_marker_child to None, run_after=None
[2024-11-04T20:21:55.572+0000] {logging_mixin.py:190} INFO - [2024-11-04T20:21:55.572+0000] {dag.py:4180} INFO - Setting next_dagrun for example_external_task_marker_parent to None, run_after=None
[2024-11-04T20:21:55.594+0000] {processor.py:208} INFO - Processing /home/airflow/.local/lib/python3.12/site-packages/airflow/example_dags/example_external_task_marker_dag.py took 0.099 seconds
[2024-11-04T20:22:25.914+0000] {processor.py:186} INFO - Started process (PID=1173) to work on /home/airflow/.local/lib/python3.12/site-packages/airflow/example_dags/example_external_task_marker_dag.py
[2024-11-04T20:22:25.915+0000] {processor.py:914} INFO - Processing file /home/airflow/.local/lib/python3.12/site-packages/airflow/example_dags/example_external_task_marker_dag.py for tasks to queue
[2024-11-04T20:22:25.918+0000] {logging_mixin.py:190} INFO - [2024-11-04T20:22:25.918+0000] {dagbag.py:588} INFO - Filling up the DagBag from /home/airflow/.local/lib/python3.12/site-packages/airflow/example_dags/example_external_task_marker_dag.py
[2024-11-04T20:22:25.926+0000] {processor.py:925} INFO - DAG(s) 'example_external_task_marker_parent', 'example_external_task_marker_child' retrieved from /home/airflow/.local/lib/python3.12/site-packages/airflow/example_dags/example_external_task_marker_dag.py
[2024-11-04T20:22:25.952+0000] {logging_mixin.py:190} INFO - [2024-11-04T20:22:25.952+0000] {dag.py:3239} INFO - Sync 2 DAGs
[2024-11-04T20:22:25.970+0000] {logging_mixin.py:190} INFO - [2024-11-04T20:22:25.970+0000] {dag.py:4180} INFO - Setting next_dagrun for example_external_task_marker_child to None, run_after=None
[2024-11-04T20:22:25.975+0000] {logging_mixin.py:190} INFO - [2024-11-04T20:22:25.975+0000] {dag.py:4180} INFO - Setting next_dagrun for example_external_task_marker_parent to None, run_after=None
[2024-11-04T20:22:26.006+0000] {processor.py:208} INFO - Processing /home/airflow/.local/lib/python3.12/site-packages/airflow/example_dags/example_external_task_marker_dag.py took 0.098 seconds
[2024-11-04T20:22:56.367+0000] {processor.py:186} INFO - Started process (PID=1236) to work on /home/airflow/.local/lib/python3.12/site-packages/airflow/example_dags/example_external_task_marker_dag.py
[2024-11-04T20:22:56.368+0000] {processor.py:914} INFO - Processing file /home/airflow/.local/lib/python3.12/site-packages/airflow/example_dags/example_external_task_marker_dag.py for tasks to queue
[2024-11-04T20:22:56.371+0000] {logging_mixin.py:190} INFO - [2024-11-04T20:22:56.371+0000] {dagbag.py:588} INFO - Filling up the DagBag from /home/airflow/.local/lib/python3.12/site-packages/airflow/example_dags/example_external_task_marker_dag.py
[2024-11-04T20:22:56.380+0000] {processor.py:925} INFO - DAG(s) 'example_external_task_marker_parent', 'example_external_task_marker_child' retrieved from /home/airflow/.local/lib/python3.12/site-packages/airflow/example_dags/example_external_task_marker_dag.py
[2024-11-04T20:22:56.406+0000] {logging_mixin.py:190} INFO - [2024-11-04T20:22:56.406+0000] {dag.py:3239} INFO - Sync 2 DAGs
[2024-11-04T20:22:56.424+0000] {logging_mixin.py:190} INFO - [2024-11-04T20:22:56.423+0000] {dag.py:4180} INFO - Setting next_dagrun for example_external_task_marker_child to None, run_after=None
[2024-11-04T20:22:56.430+0000] {logging_mixin.py:190} INFO - [2024-11-04T20:22:56.429+0000] {dag.py:4180} INFO - Setting next_dagrun for example_external_task_marker_parent to None, run_after=None
[2024-11-04T20:22:56.449+0000] {processor.py:208} INFO - Processing /home/airflow/.local/lib/python3.12/site-packages/airflow/example_dags/example_external_task_marker_dag.py took 0.089 seconds
