[2024-11-04T20:13:19.493+0000] {processor.py:186} INFO - Started process (PID=84) to work on /home/airflow/.local/lib/python3.12/site-packages/airflow/example_dags/example_bash_operator.py
[2024-11-04T20:13:19.497+0000] {processor.py:914} INFO - Processing file /home/airflow/.local/lib/python3.12/site-packages/airflow/example_dags/example_bash_operator.py for tasks to queue
[2024-11-04T20:13:19.595+0000] {logging_mixin.py:190} INFO - [2024-11-04T20:13:19.586+0000] {dagbag.py:588} INFO - Filling up the DagBag from /home/airflow/.local/lib/python3.12/site-packages/airflow/example_dags/example_bash_operator.py
[2024-11-04T20:13:19.694+0000] {processor.py:925} INFO - DAG(s) 'example_bash_operator' retrieved from /home/airflow/.local/lib/python3.12/site-packages/airflow/example_dags/example_bash_operator.py
[2024-11-04T20:13:22.541+0000] {logging_mixin.py:190} INFO - [2024-11-04T20:13:22.508+0000] {override.py:1900} INFO - Created Permission View: can edit on DAG:example_bash_operator
[2024-11-04T20:13:22.598+0000] {logging_mixin.py:190} INFO - [2024-11-04T20:13:22.597+0000] {override.py:1900} INFO - Created Permission View: can read on DAG:example_bash_operator
[2024-11-04T20:13:22.618+0000] {logging_mixin.py:190} INFO - [2024-11-04T20:13:22.617+0000] {override.py:1900} INFO - Created Permission View: can delete on DAG:example_bash_operator
[2024-11-04T20:13:22.660+0000] {logging_mixin.py:190} INFO - [2024-11-04T20:13:22.660+0000] {override.py:1900} INFO - Created Permission View: menu access on DAG Run:example_bash_operator
[2024-11-04T20:13:22.673+0000] {logging_mixin.py:190} INFO - [2024-11-04T20:13:22.673+0000] {override.py:1900} INFO - Created Permission View: can read on DAG Run:example_bash_operator
[2024-11-04T20:13:22.699+0000] {logging_mixin.py:190} INFO - [2024-11-04T20:13:22.699+0000] {override.py:1900} INFO - Created Permission View: can create on DAG Run:example_bash_operator
[2024-11-04T20:13:22.735+0000] {logging_mixin.py:190} INFO - [2024-11-04T20:13:22.734+0000] {override.py:1900} INFO - Created Permission View: can delete on DAG Run:example_bash_operator
[2024-11-04T20:13:22.744+0000] {logging_mixin.py:190} INFO - [2024-11-04T20:13:22.743+0000] {dag.py:3239} INFO - Sync 1 DAGs
[2024-11-04T20:13:23.067+0000] {logging_mixin.py:190} INFO - [2024-11-04T20:13:23.066+0000] {dag.py:3262} INFO - Creating ORM DAG for example_bash_operator
[2024-11-04T20:13:23.164+0000] {logging_mixin.py:190} INFO - [2024-11-04T20:13:23.163+0000] {dag.py:4180} INFO - Setting next_dagrun for example_bash_operator to 2024-11-03 00:00:00+00:00, run_after=2024-11-04 00:00:00+00:00
[2024-11-04T20:13:23.280+0000] {processor.py:208} INFO - Processing /home/airflow/.local/lib/python3.12/site-packages/airflow/example_dags/example_bash_operator.py took 3.797 seconds
[2024-11-04T20:13:53.702+0000] {processor.py:186} INFO - Started process (PID=146) to work on /home/airflow/.local/lib/python3.12/site-packages/airflow/example_dags/example_bash_operator.py
[2024-11-04T20:13:53.704+0000] {processor.py:914} INFO - Processing file /home/airflow/.local/lib/python3.12/site-packages/airflow/example_dags/example_bash_operator.py for tasks to queue
[2024-11-04T20:13:53.707+0000] {logging_mixin.py:190} INFO - [2024-11-04T20:13:53.707+0000] {dagbag.py:588} INFO - Filling up the DagBag from /home/airflow/.local/lib/python3.12/site-packages/airflow/example_dags/example_bash_operator.py
[2024-11-04T20:13:53.731+0000] {processor.py:925} INFO - DAG(s) 'example_bash_operator' retrieved from /home/airflow/.local/lib/python3.12/site-packages/airflow/example_dags/example_bash_operator.py
[2024-11-04T20:13:53.804+0000] {logging_mixin.py:190} INFO - [2024-11-04T20:13:53.804+0000] {dag.py:3239} INFO - Sync 1 DAGs
[2024-11-04T20:13:53.860+0000] {logging_mixin.py:190} INFO - [2024-11-04T20:13:53.859+0000] {dag.py:4180} INFO - Setting next_dagrun for example_bash_operator to 2024-11-03 00:00:00+00:00, run_after=2024-11-04 00:00:00+00:00
[2024-11-04T20:13:53.981+0000] {processor.py:208} INFO - Processing /home/airflow/.local/lib/python3.12/site-packages/airflow/example_dags/example_bash_operator.py took 0.291 seconds
[2024-11-04T20:14:24.162+0000] {processor.py:186} INFO - Started process (PID=209) to work on /home/airflow/.local/lib/python3.12/site-packages/airflow/example_dags/example_bash_operator.py
[2024-11-04T20:14:24.166+0000] {processor.py:914} INFO - Processing file /home/airflow/.local/lib/python3.12/site-packages/airflow/example_dags/example_bash_operator.py for tasks to queue
[2024-11-04T20:14:24.179+0000] {logging_mixin.py:190} INFO - [2024-11-04T20:14:24.178+0000] {dagbag.py:588} INFO - Filling up the DagBag from /home/airflow/.local/lib/python3.12/site-packages/airflow/example_dags/example_bash_operator.py
[2024-11-04T20:14:24.224+0000] {processor.py:925} INFO - DAG(s) 'example_bash_operator' retrieved from /home/airflow/.local/lib/python3.12/site-packages/airflow/example_dags/example_bash_operator.py
[2024-11-04T20:14:24.284+0000] {logging_mixin.py:190} INFO - [2024-11-04T20:14:24.283+0000] {dag.py:3239} INFO - Sync 1 DAGs
[2024-11-04T20:14:24.342+0000] {logging_mixin.py:190} INFO - [2024-11-04T20:14:24.341+0000] {dag.py:4180} INFO - Setting next_dagrun for example_bash_operator to 2024-11-03 00:00:00+00:00, run_after=2024-11-04 00:00:00+00:00
[2024-11-04T20:14:24.424+0000] {processor.py:208} INFO - Processing /home/airflow/.local/lib/python3.12/site-packages/airflow/example_dags/example_bash_operator.py took 0.283 seconds
[2024-11-04T20:14:54.572+0000] {processor.py:186} INFO - Started process (PID=271) to work on /home/airflow/.local/lib/python3.12/site-packages/airflow/example_dags/example_bash_operator.py
[2024-11-04T20:14:54.573+0000] {processor.py:914} INFO - Processing file /home/airflow/.local/lib/python3.12/site-packages/airflow/example_dags/example_bash_operator.py for tasks to queue
[2024-11-04T20:14:54.576+0000] {logging_mixin.py:190} INFO - [2024-11-04T20:14:54.576+0000] {dagbag.py:588} INFO - Filling up the DagBag from /home/airflow/.local/lib/python3.12/site-packages/airflow/example_dags/example_bash_operator.py
[2024-11-04T20:14:54.590+0000] {processor.py:925} INFO - DAG(s) 'example_bash_operator' retrieved from /home/airflow/.local/lib/python3.12/site-packages/airflow/example_dags/example_bash_operator.py
[2024-11-04T20:14:54.625+0000] {logging_mixin.py:190} INFO - [2024-11-04T20:14:54.624+0000] {dag.py:3239} INFO - Sync 1 DAGs
[2024-11-04T20:14:54.658+0000] {logging_mixin.py:190} INFO - [2024-11-04T20:14:54.658+0000] {dag.py:4180} INFO - Setting next_dagrun for example_bash_operator to 2024-11-03 00:00:00+00:00, run_after=2024-11-04 00:00:00+00:00
[2024-11-04T20:14:54.677+0000] {processor.py:208} INFO - Processing /home/airflow/.local/lib/python3.12/site-packages/airflow/example_dags/example_bash_operator.py took 0.111 seconds
[2024-11-04T20:15:24.909+0000] {processor.py:186} INFO - Started process (PID=333) to work on /home/airflow/.local/lib/python3.12/site-packages/airflow/example_dags/example_bash_operator.py
[2024-11-04T20:15:24.910+0000] {processor.py:914} INFO - Processing file /home/airflow/.local/lib/python3.12/site-packages/airflow/example_dags/example_bash_operator.py for tasks to queue
[2024-11-04T20:15:24.913+0000] {logging_mixin.py:190} INFO - [2024-11-04T20:15:24.913+0000] {dagbag.py:588} INFO - Filling up the DagBag from /home/airflow/.local/lib/python3.12/site-packages/airflow/example_dags/example_bash_operator.py
[2024-11-04T20:15:24.929+0000] {processor.py:925} INFO - DAG(s) 'example_bash_operator' retrieved from /home/airflow/.local/lib/python3.12/site-packages/airflow/example_dags/example_bash_operator.py
[2024-11-04T20:15:24.975+0000] {logging_mixin.py:190} INFO - [2024-11-04T20:15:24.974+0000] {dag.py:3239} INFO - Sync 1 DAGs
[2024-11-04T20:15:25.018+0000] {logging_mixin.py:190} INFO - [2024-11-04T20:15:25.018+0000] {dag.py:4180} INFO - Setting next_dagrun for example_bash_operator to 2024-11-03 00:00:00+00:00, run_after=2024-11-04 00:00:00+00:00
[2024-11-04T20:15:25.040+0000] {processor.py:208} INFO - Processing /home/airflow/.local/lib/python3.12/site-packages/airflow/example_dags/example_bash_operator.py took 0.138 seconds
[2024-11-04T20:15:55.358+0000] {processor.py:186} INFO - Started process (PID=395) to work on /home/airflow/.local/lib/python3.12/site-packages/airflow/example_dags/example_bash_operator.py
[2024-11-04T20:15:55.360+0000] {processor.py:914} INFO - Processing file /home/airflow/.local/lib/python3.12/site-packages/airflow/example_dags/example_bash_operator.py for tasks to queue
[2024-11-04T20:15:55.367+0000] {logging_mixin.py:190} INFO - [2024-11-04T20:15:55.367+0000] {dagbag.py:588} INFO - Filling up the DagBag from /home/airflow/.local/lib/python3.12/site-packages/airflow/example_dags/example_bash_operator.py
[2024-11-04T20:15:55.392+0000] {processor.py:925} INFO - DAG(s) 'example_bash_operator' retrieved from /home/airflow/.local/lib/python3.12/site-packages/airflow/example_dags/example_bash_operator.py
[2024-11-04T20:15:55.468+0000] {logging_mixin.py:190} INFO - [2024-11-04T20:15:55.467+0000] {dag.py:3239} INFO - Sync 1 DAGs
[2024-11-04T20:15:55.527+0000] {logging_mixin.py:190} INFO - [2024-11-04T20:15:55.527+0000] {dag.py:4180} INFO - Setting next_dagrun for example_bash_operator to 2024-11-03 00:00:00+00:00, run_after=2024-11-04 00:00:00+00:00
[2024-11-04T20:15:55.578+0000] {processor.py:208} INFO - Processing /home/airflow/.local/lib/python3.12/site-packages/airflow/example_dags/example_bash_operator.py took 0.231 seconds
[2024-11-04T20:16:25.786+0000] {processor.py:186} INFO - Started process (PID=457) to work on /home/airflow/.local/lib/python3.12/site-packages/airflow/example_dags/example_bash_operator.py
[2024-11-04T20:16:25.796+0000] {processor.py:914} INFO - Processing file /home/airflow/.local/lib/python3.12/site-packages/airflow/example_dags/example_bash_operator.py for tasks to queue
[2024-11-04T20:16:25.801+0000] {logging_mixin.py:190} INFO - [2024-11-04T20:16:25.801+0000] {dagbag.py:588} INFO - Filling up the DagBag from /home/airflow/.local/lib/python3.12/site-packages/airflow/example_dags/example_bash_operator.py
[2024-11-04T20:16:25.871+0000] {processor.py:925} INFO - DAG(s) 'example_bash_operator' retrieved from /home/airflow/.local/lib/python3.12/site-packages/airflow/example_dags/example_bash_operator.py
[2024-11-04T20:16:26.020+0000] {logging_mixin.py:190} INFO - [2024-11-04T20:16:26.019+0000] {dag.py:3239} INFO - Sync 1 DAGs
[2024-11-04T20:16:26.101+0000] {logging_mixin.py:190} INFO - [2024-11-04T20:16:26.101+0000] {dag.py:4180} INFO - Setting next_dagrun for example_bash_operator to 2024-11-03 00:00:00+00:00, run_after=2024-11-04 00:00:00+00:00
[2024-11-04T20:16:26.168+0000] {processor.py:208} INFO - Processing /home/airflow/.local/lib/python3.12/site-packages/airflow/example_dags/example_bash_operator.py took 0.391 seconds
[2024-11-04T20:16:56.629+0000] {processor.py:186} INFO - Started process (PID=519) to work on /home/airflow/.local/lib/python3.12/site-packages/airflow/example_dags/example_bash_operator.py
[2024-11-04T20:16:56.638+0000] {processor.py:914} INFO - Processing file /home/airflow/.local/lib/python3.12/site-packages/airflow/example_dags/example_bash_operator.py for tasks to queue
[2024-11-04T20:16:56.643+0000] {logging_mixin.py:190} INFO - [2024-11-04T20:16:56.643+0000] {dagbag.py:588} INFO - Filling up the DagBag from /home/airflow/.local/lib/python3.12/site-packages/airflow/example_dags/example_bash_operator.py
[2024-11-04T20:16:56.673+0000] {processor.py:925} INFO - DAG(s) 'example_bash_operator' retrieved from /home/airflow/.local/lib/python3.12/site-packages/airflow/example_dags/example_bash_operator.py
[2024-11-04T20:16:56.740+0000] {logging_mixin.py:190} INFO - [2024-11-04T20:16:56.737+0000] {dag.py:3239} INFO - Sync 1 DAGs
[2024-11-04T20:16:56.836+0000] {logging_mixin.py:190} INFO - [2024-11-04T20:16:56.836+0000] {dag.py:4180} INFO - Setting next_dagrun for example_bash_operator to 2024-11-03 00:00:00+00:00, run_after=2024-11-04 00:00:00+00:00
[2024-11-04T20:16:56.911+0000] {processor.py:208} INFO - Processing /home/airflow/.local/lib/python3.12/site-packages/airflow/example_dags/example_bash_operator.py took 0.293 seconds
[2024-11-04T20:17:32.748+0000] {processor.py:186} INFO - Started process (PID=580) to work on /home/airflow/.local/lib/python3.12/site-packages/airflow/example_dags/example_bash_operator.py
[2024-11-04T20:17:32.757+0000] {processor.py:914} INFO - Processing file /home/airflow/.local/lib/python3.12/site-packages/airflow/example_dags/example_bash_operator.py for tasks to queue
[2024-11-04T20:17:32.761+0000] {logging_mixin.py:190} INFO - [2024-11-04T20:17:32.760+0000] {dagbag.py:588} INFO - Filling up the DagBag from /home/airflow/.local/lib/python3.12/site-packages/airflow/example_dags/example_bash_operator.py
[2024-11-04T20:17:32.827+0000] {processor.py:925} INFO - DAG(s) 'example_bash_operator' retrieved from /home/airflow/.local/lib/python3.12/site-packages/airflow/example_dags/example_bash_operator.py
[2024-11-04T20:17:32.954+0000] {logging_mixin.py:190} INFO - [2024-11-04T20:17:32.954+0000] {dag.py:3239} INFO - Sync 1 DAGs
[2024-11-04T20:17:33.044+0000] {logging_mixin.py:190} INFO - [2024-11-04T20:17:33.044+0000] {dag.py:4180} INFO - Setting next_dagrun for example_bash_operator to 2024-11-03 00:00:00+00:00, run_after=2024-11-04 00:00:00+00:00
[2024-11-04T20:17:33.138+0000] {processor.py:208} INFO - Processing /home/airflow/.local/lib/python3.12/site-packages/airflow/example_dags/example_bash_operator.py took 0.558 seconds
[2024-11-04T20:18:03.919+0000] {processor.py:186} INFO - Started process (PID=642) to work on /home/airflow/.local/lib/python3.12/site-packages/airflow/example_dags/example_bash_operator.py
[2024-11-04T20:18:03.921+0000] {processor.py:914} INFO - Processing file /home/airflow/.local/lib/python3.12/site-packages/airflow/example_dags/example_bash_operator.py for tasks to queue
[2024-11-04T20:18:03.925+0000] {logging_mixin.py:190} INFO - [2024-11-04T20:18:03.924+0000] {dagbag.py:588} INFO - Filling up the DagBag from /home/airflow/.local/lib/python3.12/site-packages/airflow/example_dags/example_bash_operator.py
[2024-11-04T20:18:03.941+0000] {processor.py:925} INFO - DAG(s) 'example_bash_operator' retrieved from /home/airflow/.local/lib/python3.12/site-packages/airflow/example_dags/example_bash_operator.py
[2024-11-04T20:18:03.972+0000] {logging_mixin.py:190} INFO - [2024-11-04T20:18:03.971+0000] {dag.py:3239} INFO - Sync 1 DAGs
[2024-11-04T20:18:03.997+0000] {logging_mixin.py:190} INFO - [2024-11-04T20:18:03.996+0000] {dag.py:4180} INFO - Setting next_dagrun for example_bash_operator to 2024-11-03 00:00:00+00:00, run_after=2024-11-04 00:00:00+00:00
[2024-11-04T20:18:04.028+0000] {processor.py:208} INFO - Processing /home/airflow/.local/lib/python3.12/site-packages/airflow/example_dags/example_bash_operator.py took 0.117 seconds
[2024-11-04T20:18:34.292+0000] {processor.py:186} INFO - Started process (PID=705) to work on /home/airflow/.local/lib/python3.12/site-packages/airflow/example_dags/example_bash_operator.py
[2024-11-04T20:18:34.294+0000] {processor.py:914} INFO - Processing file /home/airflow/.local/lib/python3.12/site-packages/airflow/example_dags/example_bash_operator.py for tasks to queue
[2024-11-04T20:18:34.297+0000] {logging_mixin.py:190} INFO - [2024-11-04T20:18:34.296+0000] {dagbag.py:588} INFO - Filling up the DagBag from /home/airflow/.local/lib/python3.12/site-packages/airflow/example_dags/example_bash_operator.py
[2024-11-04T20:18:34.313+0000] {processor.py:925} INFO - DAG(s) 'example_bash_operator' retrieved from /home/airflow/.local/lib/python3.12/site-packages/airflow/example_dags/example_bash_operator.py
[2024-11-04T20:18:34.341+0000] {logging_mixin.py:190} INFO - [2024-11-04T20:18:34.341+0000] {dag.py:3239} INFO - Sync 1 DAGs
[2024-11-04T20:18:34.366+0000] {logging_mixin.py:190} INFO - [2024-11-04T20:18:34.366+0000] {dag.py:4180} INFO - Setting next_dagrun for example_bash_operator to 2024-11-03 00:00:00+00:00, run_after=2024-11-04 00:00:00+00:00
[2024-11-04T20:18:34.386+0000] {processor.py:208} INFO - Processing /home/airflow/.local/lib/python3.12/site-packages/airflow/example_dags/example_bash_operator.py took 0.101 seconds
[2024-11-04T20:19:04.940+0000] {processor.py:186} INFO - Started process (PID=768) to work on /home/airflow/.local/lib/python3.12/site-packages/airflow/example_dags/example_bash_operator.py
[2024-11-04T20:19:04.942+0000] {processor.py:914} INFO - Processing file /home/airflow/.local/lib/python3.12/site-packages/airflow/example_dags/example_bash_operator.py for tasks to queue
[2024-11-04T20:19:04.945+0000] {logging_mixin.py:190} INFO - [2024-11-04T20:19:04.944+0000] {dagbag.py:588} INFO - Filling up the DagBag from /home/airflow/.local/lib/python3.12/site-packages/airflow/example_dags/example_bash_operator.py
[2024-11-04T20:19:04.959+0000] {processor.py:925} INFO - DAG(s) 'example_bash_operator' retrieved from /home/airflow/.local/lib/python3.12/site-packages/airflow/example_dags/example_bash_operator.py
[2024-11-04T20:19:04.991+0000] {logging_mixin.py:190} INFO - [2024-11-04T20:19:04.990+0000] {dag.py:3239} INFO - Sync 1 DAGs
[2024-11-04T20:19:05.021+0000] {logging_mixin.py:190} INFO - [2024-11-04T20:19:05.020+0000] {dag.py:4180} INFO - Setting next_dagrun for example_bash_operator to 2024-11-03 00:00:00+00:00, run_after=2024-11-04 00:00:00+00:00
[2024-11-04T20:19:05.045+0000] {processor.py:208} INFO - Processing /home/airflow/.local/lib/python3.12/site-packages/airflow/example_dags/example_bash_operator.py took 0.110 seconds
[2024-11-04T20:19:35.581+0000] {processor.py:186} INFO - Started process (PID=831) to work on /home/airflow/.local/lib/python3.12/site-packages/airflow/example_dags/example_bash_operator.py
[2024-11-04T20:19:35.582+0000] {processor.py:914} INFO - Processing file /home/airflow/.local/lib/python3.12/site-packages/airflow/example_dags/example_bash_operator.py for tasks to queue
[2024-11-04T20:19:35.587+0000] {logging_mixin.py:190} INFO - [2024-11-04T20:19:35.586+0000] {dagbag.py:588} INFO - Filling up the DagBag from /home/airflow/.local/lib/python3.12/site-packages/airflow/example_dags/example_bash_operator.py
[2024-11-04T20:19:35.606+0000] {processor.py:925} INFO - DAG(s) 'example_bash_operator' retrieved from /home/airflow/.local/lib/python3.12/site-packages/airflow/example_dags/example_bash_operator.py
[2024-11-04T20:19:35.639+0000] {logging_mixin.py:190} INFO - [2024-11-04T20:19:35.639+0000] {dag.py:3239} INFO - Sync 1 DAGs
[2024-11-04T20:19:35.669+0000] {logging_mixin.py:190} INFO - [2024-11-04T20:19:35.669+0000] {dag.py:4180} INFO - Setting next_dagrun for example_bash_operator to 2024-11-03 00:00:00+00:00, run_after=2024-11-04 00:00:00+00:00
[2024-11-04T20:19:35.690+0000] {processor.py:208} INFO - Processing /home/airflow/.local/lib/python3.12/site-packages/airflow/example_dags/example_bash_operator.py took 0.117 seconds
[2024-11-04T20:20:06.582+0000] {processor.py:186} INFO - Started process (PID=894) to work on /home/airflow/.local/lib/python3.12/site-packages/airflow/example_dags/example_bash_operator.py
[2024-11-04T20:20:06.583+0000] {processor.py:914} INFO - Processing file /home/airflow/.local/lib/python3.12/site-packages/airflow/example_dags/example_bash_operator.py for tasks to queue
[2024-11-04T20:20:06.586+0000] {logging_mixin.py:190} INFO - [2024-11-04T20:20:06.585+0000] {dagbag.py:588} INFO - Filling up the DagBag from /home/airflow/.local/lib/python3.12/site-packages/airflow/example_dags/example_bash_operator.py
[2024-11-04T20:20:06.601+0000] {processor.py:925} INFO - DAG(s) 'example_bash_operator' retrieved from /home/airflow/.local/lib/python3.12/site-packages/airflow/example_dags/example_bash_operator.py
[2024-11-04T20:20:06.636+0000] {logging_mixin.py:190} INFO - [2024-11-04T20:20:06.636+0000] {dag.py:3239} INFO - Sync 1 DAGs
[2024-11-04T20:20:06.669+0000] {logging_mixin.py:190} INFO - [2024-11-04T20:20:06.668+0000] {dag.py:4180} INFO - Setting next_dagrun for example_bash_operator to 2024-11-03 00:00:00+00:00, run_after=2024-11-04 00:00:00+00:00
[2024-11-04T20:20:06.691+0000] {processor.py:208} INFO - Processing /home/airflow/.local/lib/python3.12/site-packages/airflow/example_dags/example_bash_operator.py took 0.117 seconds
[2024-11-04T20:20:37.169+0000] {processor.py:186} INFO - Started process (PID=957) to work on /home/airflow/.local/lib/python3.12/site-packages/airflow/example_dags/example_bash_operator.py
[2024-11-04T20:20:37.171+0000] {processor.py:914} INFO - Processing file /home/airflow/.local/lib/python3.12/site-packages/airflow/example_dags/example_bash_operator.py for tasks to queue
[2024-11-04T20:20:37.174+0000] {logging_mixin.py:190} INFO - [2024-11-04T20:20:37.174+0000] {dagbag.py:588} INFO - Filling up the DagBag from /home/airflow/.local/lib/python3.12/site-packages/airflow/example_dags/example_bash_operator.py
[2024-11-04T20:20:37.188+0000] {processor.py:925} INFO - DAG(s) 'example_bash_operator' retrieved from /home/airflow/.local/lib/python3.12/site-packages/airflow/example_dags/example_bash_operator.py
[2024-11-04T20:20:37.217+0000] {logging_mixin.py:190} INFO - [2024-11-04T20:20:37.217+0000] {dag.py:3239} INFO - Sync 1 DAGs
[2024-11-04T20:20:37.244+0000] {logging_mixin.py:190} INFO - [2024-11-04T20:20:37.243+0000] {dag.py:4180} INFO - Setting next_dagrun for example_bash_operator to 2024-11-03 00:00:00+00:00, run_after=2024-11-04 00:00:00+00:00
[2024-11-04T20:20:37.265+0000] {processor.py:208} INFO - Processing /home/airflow/.local/lib/python3.12/site-packages/airflow/example_dags/example_bash_operator.py took 0.101 seconds
[2024-11-04T20:21:07.458+0000] {processor.py:186} INFO - Started process (PID=1020) to work on /home/airflow/.local/lib/python3.12/site-packages/airflow/example_dags/example_bash_operator.py
[2024-11-04T20:21:07.460+0000] {processor.py:914} INFO - Processing file /home/airflow/.local/lib/python3.12/site-packages/airflow/example_dags/example_bash_operator.py for tasks to queue
[2024-11-04T20:21:07.464+0000] {logging_mixin.py:190} INFO - [2024-11-04T20:21:07.464+0000] {dagbag.py:588} INFO - Filling up the DagBag from /home/airflow/.local/lib/python3.12/site-packages/airflow/example_dags/example_bash_operator.py
[2024-11-04T20:21:07.479+0000] {processor.py:925} INFO - DAG(s) 'example_bash_operator' retrieved from /home/airflow/.local/lib/python3.12/site-packages/airflow/example_dags/example_bash_operator.py
[2024-11-04T20:21:07.511+0000] {logging_mixin.py:190} INFO - [2024-11-04T20:21:07.511+0000] {dag.py:3239} INFO - Sync 1 DAGs
[2024-11-04T20:21:07.538+0000] {logging_mixin.py:190} INFO - [2024-11-04T20:21:07.538+0000] {dag.py:4180} INFO - Setting next_dagrun for example_bash_operator to 2024-11-03 00:00:00+00:00, run_after=2024-11-04 00:00:00+00:00
[2024-11-04T20:21:07.557+0000] {processor.py:208} INFO - Processing /home/airflow/.local/lib/python3.12/site-packages/airflow/example_dags/example_bash_operator.py took 0.106 seconds
[2024-11-04T20:21:38.435+0000] {processor.py:186} INFO - Started process (PID=1083) to work on /home/airflow/.local/lib/python3.12/site-packages/airflow/example_dags/example_bash_operator.py
[2024-11-04T20:21:38.436+0000] {processor.py:914} INFO - Processing file /home/airflow/.local/lib/python3.12/site-packages/airflow/example_dags/example_bash_operator.py for tasks to queue
[2024-11-04T20:21:38.439+0000] {logging_mixin.py:190} INFO - [2024-11-04T20:21:38.439+0000] {dagbag.py:588} INFO - Filling up the DagBag from /home/airflow/.local/lib/python3.12/site-packages/airflow/example_dags/example_bash_operator.py
[2024-11-04T20:21:38.454+0000] {processor.py:925} INFO - DAG(s) 'example_bash_operator' retrieved from /home/airflow/.local/lib/python3.12/site-packages/airflow/example_dags/example_bash_operator.py
[2024-11-04T20:21:38.486+0000] {logging_mixin.py:190} INFO - [2024-11-04T20:21:38.486+0000] {dag.py:3239} INFO - Sync 1 DAGs
[2024-11-04T20:21:38.513+0000] {logging_mixin.py:190} INFO - [2024-11-04T20:21:38.513+0000] {dag.py:4180} INFO - Setting next_dagrun for example_bash_operator to 2024-11-03 00:00:00+00:00, run_after=2024-11-04 00:00:00+00:00
[2024-11-04T20:21:38.535+0000] {processor.py:208} INFO - Processing /home/airflow/.local/lib/python3.12/site-packages/airflow/example_dags/example_bash_operator.py took 0.107 seconds
[2024-11-04T20:22:09.755+0000] {processor.py:186} INFO - Started process (PID=1145) to work on /home/airflow/.local/lib/python3.12/site-packages/airflow/example_dags/example_bash_operator.py
[2024-11-04T20:22:09.756+0000] {processor.py:914} INFO - Processing file /home/airflow/.local/lib/python3.12/site-packages/airflow/example_dags/example_bash_operator.py for tasks to queue
[2024-11-04T20:22:09.759+0000] {logging_mixin.py:190} INFO - [2024-11-04T20:22:09.759+0000] {dagbag.py:588} INFO - Filling up the DagBag from /home/airflow/.local/lib/python3.12/site-packages/airflow/example_dags/example_bash_operator.py
[2024-11-04T20:22:09.774+0000] {processor.py:925} INFO - DAG(s) 'example_bash_operator' retrieved from /home/airflow/.local/lib/python3.12/site-packages/airflow/example_dags/example_bash_operator.py
[2024-11-04T20:22:09.803+0000] {logging_mixin.py:190} INFO - [2024-11-04T20:22:09.803+0000] {dag.py:3239} INFO - Sync 1 DAGs
[2024-11-04T20:22:09.835+0000] {logging_mixin.py:190} INFO - [2024-11-04T20:22:09.835+0000] {dag.py:4180} INFO - Setting next_dagrun for example_bash_operator to 2024-11-03 00:00:00+00:00, run_after=2024-11-04 00:00:00+00:00
[2024-11-04T20:22:09.862+0000] {processor.py:208} INFO - Processing /home/airflow/.local/lib/python3.12/site-packages/airflow/example_dags/example_bash_operator.py took 0.114 seconds
[2024-11-04T20:22:40.976+0000] {processor.py:186} INFO - Started process (PID=1208) to work on /home/airflow/.local/lib/python3.12/site-packages/airflow/example_dags/example_bash_operator.py
[2024-11-04T20:22:40.978+0000] {processor.py:914} INFO - Processing file /home/airflow/.local/lib/python3.12/site-packages/airflow/example_dags/example_bash_operator.py for tasks to queue
[2024-11-04T20:22:40.981+0000] {logging_mixin.py:190} INFO - [2024-11-04T20:22:40.981+0000] {dagbag.py:588} INFO - Filling up the DagBag from /home/airflow/.local/lib/python3.12/site-packages/airflow/example_dags/example_bash_operator.py
[2024-11-04T20:22:40.995+0000] {processor.py:925} INFO - DAG(s) 'example_bash_operator' retrieved from /home/airflow/.local/lib/python3.12/site-packages/airflow/example_dags/example_bash_operator.py
[2024-11-04T20:22:41.026+0000] {logging_mixin.py:190} INFO - [2024-11-04T20:22:41.026+0000] {dag.py:3239} INFO - Sync 1 DAGs
[2024-11-04T20:22:41.053+0000] {logging_mixin.py:190} INFO - [2024-11-04T20:22:41.053+0000] {dag.py:4180} INFO - Setting next_dagrun for example_bash_operator to 2024-11-03 00:00:00+00:00, run_after=2024-11-04 00:00:00+00:00
[2024-11-04T20:22:41.075+0000] {processor.py:208} INFO - Processing /home/airflow/.local/lib/python3.12/site-packages/airflow/example_dags/example_bash_operator.py took 0.105 seconds
