[2024-11-04T20:13:20.346+0000] {processor.py:186} INFO - Started process (PID=85) to work on /home/airflow/.local/lib/python3.12/site-packages/airflow/example_dags/example_branch_operator_decorator.py
[2024-11-04T20:13:20.353+0000] {processor.py:914} INFO - Processing file /home/airflow/.local/lib/python3.12/site-packages/airflow/example_dags/example_branch_operator_decorator.py for tasks to queue
[2024-11-04T20:13:20.366+0000] {logging_mixin.py:190} INFO - [2024-11-04T20:13:20.365+0000] {dagbag.py:588} INFO - Filling up the DagBag from /home/airflow/.local/lib/python3.12/site-packages/airflow/example_dags/example_branch_operator_decorator.py
[2024-11-04T20:13:20.569+0000] {processor.py:925} INFO - DAG(s) 'example_branch_python_operator_decorator' retrieved from /home/airflow/.local/lib/python3.12/site-packages/airflow/example_dags/example_branch_operator_decorator.py
[2024-11-04T20:13:23.162+0000] {logging_mixin.py:190} INFO - [2024-11-04T20:13:23.116+0000] {override.py:1900} INFO - Created Permission View: can edit on DAG:example_branch_python_operator_decorator
[2024-11-04T20:13:23.214+0000] {logging_mixin.py:190} INFO - [2024-11-04T20:13:23.213+0000] {override.py:1900} INFO - Created Permission View: can read on DAG:example_branch_python_operator_decorator
[2024-11-04T20:13:23.230+0000] {logging_mixin.py:190} INFO - [2024-11-04T20:13:23.229+0000] {override.py:1900} INFO - Created Permission View: can delete on DAG:example_branch_python_operator_decorator
[2024-11-04T20:13:23.255+0000] {logging_mixin.py:190} INFO - [2024-11-04T20:13:23.254+0000] {override.py:1900} INFO - Created Permission View: menu access on DAG Run:example_branch_python_operator_decorator
[2024-11-04T20:13:23.294+0000] {logging_mixin.py:190} INFO - [2024-11-04T20:13:23.293+0000] {override.py:1900} INFO - Created Permission View: can read on DAG Run:example_branch_python_operator_decorator
[2024-11-04T20:13:23.336+0000] {logging_mixin.py:190} INFO - [2024-11-04T20:13:23.335+0000] {override.py:1900} INFO - Created Permission View: can create on DAG Run:example_branch_python_operator_decorator
[2024-11-04T20:13:23.349+0000] {logging_mixin.py:190} INFO - [2024-11-04T20:13:23.348+0000] {override.py:1900} INFO - Created Permission View: can delete on DAG Run:example_branch_python_operator_decorator
[2024-11-04T20:13:23.358+0000] {logging_mixin.py:190} INFO - [2024-11-04T20:13:23.357+0000] {dag.py:3239} INFO - Sync 1 DAGs
[2024-11-04T20:13:23.431+0000] {logging_mixin.py:190} INFO - [2024-11-04T20:13:23.430+0000] {dag.py:3262} INFO - Creating ORM DAG for example_branch_python_operator_decorator
[2024-11-04T20:13:23.480+0000] {logging_mixin.py:190} INFO - [2024-11-04T20:13:23.480+0000] {dag.py:4180} INFO - Setting next_dagrun for example_branch_python_operator_decorator to 2024-11-03 00:00:00+00:00, run_after=2024-11-04 00:00:00+00:00
[2024-11-04T20:13:23.536+0000] {processor.py:208} INFO - Processing /home/airflow/.local/lib/python3.12/site-packages/airflow/example_dags/example_branch_operator_decorator.py took 3.259 seconds
[2024-11-04T20:13:53.805+0000] {processor.py:186} INFO - Started process (PID=147) to work on /home/airflow/.local/lib/python3.12/site-packages/airflow/example_dags/example_branch_operator_decorator.py
[2024-11-04T20:13:53.806+0000] {processor.py:914} INFO - Processing file /home/airflow/.local/lib/python3.12/site-packages/airflow/example_dags/example_branch_operator_decorator.py for tasks to queue
[2024-11-04T20:13:53.809+0000] {logging_mixin.py:190} INFO - [2024-11-04T20:13:53.809+0000] {dagbag.py:588} INFO - Filling up the DagBag from /home/airflow/.local/lib/python3.12/site-packages/airflow/example_dags/example_branch_operator_decorator.py
[2024-11-04T20:13:53.882+0000] {processor.py:925} INFO - DAG(s) 'example_branch_python_operator_decorator' retrieved from /home/airflow/.local/lib/python3.12/site-packages/airflow/example_dags/example_branch_operator_decorator.py
[2024-11-04T20:13:54.068+0000] {logging_mixin.py:190} INFO - [2024-11-04T20:13:54.068+0000] {dag.py:3239} INFO - Sync 1 DAGs
[2024-11-04T20:13:54.161+0000] {logging_mixin.py:190} INFO - [2024-11-04T20:13:54.160+0000] {dag.py:4180} INFO - Setting next_dagrun for example_branch_python_operator_decorator to 2024-11-03 00:00:00+00:00, run_after=2024-11-04 00:00:00+00:00
[2024-11-04T20:13:54.242+0000] {processor.py:208} INFO - Processing /home/airflow/.local/lib/python3.12/site-packages/airflow/example_dags/example_branch_operator_decorator.py took 0.446 seconds
[2024-11-04T20:14:24.544+0000] {processor.py:186} INFO - Started process (PID=210) to work on /home/airflow/.local/lib/python3.12/site-packages/airflow/example_dags/example_branch_operator_decorator.py
[2024-11-04T20:14:24.546+0000] {processor.py:914} INFO - Processing file /home/airflow/.local/lib/python3.12/site-packages/airflow/example_dags/example_branch_operator_decorator.py for tasks to queue
[2024-11-04T20:14:24.551+0000] {logging_mixin.py:190} INFO - [2024-11-04T20:14:24.550+0000] {dagbag.py:588} INFO - Filling up the DagBag from /home/airflow/.local/lib/python3.12/site-packages/airflow/example_dags/example_branch_operator_decorator.py
[2024-11-04T20:14:24.591+0000] {processor.py:925} INFO - DAG(s) 'example_branch_python_operator_decorator' retrieved from /home/airflow/.local/lib/python3.12/site-packages/airflow/example_dags/example_branch_operator_decorator.py
[2024-11-04T20:14:24.641+0000] {logging_mixin.py:190} INFO - [2024-11-04T20:14:24.641+0000] {dag.py:3239} INFO - Sync 1 DAGs
[2024-11-04T20:14:24.725+0000] {logging_mixin.py:190} INFO - [2024-11-04T20:14:24.724+0000] {dag.py:4180} INFO - Setting next_dagrun for example_branch_python_operator_decorator to 2024-11-03 00:00:00+00:00, run_after=2024-11-04 00:00:00+00:00
[2024-11-04T20:14:24.778+0000] {processor.py:208} INFO - Processing /home/airflow/.local/lib/python3.12/site-packages/airflow/example_dags/example_branch_operator_decorator.py took 0.252 seconds
[2024-11-04T20:14:55.702+0000] {processor.py:186} INFO - Started process (PID=272) to work on /home/airflow/.local/lib/python3.12/site-packages/airflow/example_dags/example_branch_operator_decorator.py
[2024-11-04T20:14:55.703+0000] {processor.py:914} INFO - Processing file /home/airflow/.local/lib/python3.12/site-packages/airflow/example_dags/example_branch_operator_decorator.py for tasks to queue
[2024-11-04T20:14:55.706+0000] {logging_mixin.py:190} INFO - [2024-11-04T20:14:55.705+0000] {dagbag.py:588} INFO - Filling up the DagBag from /home/airflow/.local/lib/python3.12/site-packages/airflow/example_dags/example_branch_operator_decorator.py
[2024-11-04T20:14:55.729+0000] {processor.py:925} INFO - DAG(s) 'example_branch_python_operator_decorator' retrieved from /home/airflow/.local/lib/python3.12/site-packages/airflow/example_dags/example_branch_operator_decorator.py
[2024-11-04T20:14:55.767+0000] {logging_mixin.py:190} INFO - [2024-11-04T20:14:55.766+0000] {dag.py:3239} INFO - Sync 1 DAGs
[2024-11-04T20:14:55.795+0000] {logging_mixin.py:190} INFO - [2024-11-04T20:14:55.794+0000] {dag.py:4180} INFO - Setting next_dagrun for example_branch_python_operator_decorator to 2024-11-03 00:00:00+00:00, run_after=2024-11-04 00:00:00+00:00
[2024-11-04T20:14:55.813+0000] {processor.py:208} INFO - Processing /home/airflow/.local/lib/python3.12/site-packages/airflow/example_dags/example_branch_operator_decorator.py took 0.118 seconds
[2024-11-04T20:15:25.918+0000] {processor.py:186} INFO - Started process (PID=334) to work on /home/airflow/.local/lib/python3.12/site-packages/airflow/example_dags/example_branch_operator_decorator.py
[2024-11-04T20:15:25.919+0000] {processor.py:914} INFO - Processing file /home/airflow/.local/lib/python3.12/site-packages/airflow/example_dags/example_branch_operator_decorator.py for tasks to queue
[2024-11-04T20:15:25.922+0000] {logging_mixin.py:190} INFO - [2024-11-04T20:15:25.921+0000] {dagbag.py:588} INFO - Filling up the DagBag from /home/airflow/.local/lib/python3.12/site-packages/airflow/example_dags/example_branch_operator_decorator.py
[2024-11-04T20:15:25.944+0000] {processor.py:925} INFO - DAG(s) 'example_branch_python_operator_decorator' retrieved from /home/airflow/.local/lib/python3.12/site-packages/airflow/example_dags/example_branch_operator_decorator.py
[2024-11-04T20:15:25.976+0000] {logging_mixin.py:190} INFO - [2024-11-04T20:15:25.975+0000] {dag.py:3239} INFO - Sync 1 DAGs
[2024-11-04T20:15:26.002+0000] {logging_mixin.py:190} INFO - [2024-11-04T20:15:26.002+0000] {dag.py:4180} INFO - Setting next_dagrun for example_branch_python_operator_decorator to 2024-11-03 00:00:00+00:00, run_after=2024-11-04 00:00:00+00:00
[2024-11-04T20:15:26.026+0000] {processor.py:208} INFO - Processing /home/airflow/.local/lib/python3.12/site-packages/airflow/example_dags/example_branch_operator_decorator.py took 0.115 seconds
[2024-11-04T20:15:56.375+0000] {processor.py:186} INFO - Started process (PID=396) to work on /home/airflow/.local/lib/python3.12/site-packages/airflow/example_dags/example_branch_operator_decorator.py
[2024-11-04T20:15:56.377+0000] {processor.py:914} INFO - Processing file /home/airflow/.local/lib/python3.12/site-packages/airflow/example_dags/example_branch_operator_decorator.py for tasks to queue
[2024-11-04T20:15:56.380+0000] {logging_mixin.py:190} INFO - [2024-11-04T20:15:56.380+0000] {dagbag.py:588} INFO - Filling up the DagBag from /home/airflow/.local/lib/python3.12/site-packages/airflow/example_dags/example_branch_operator_decorator.py
[2024-11-04T20:15:56.423+0000] {processor.py:925} INFO - DAG(s) 'example_branch_python_operator_decorator' retrieved from /home/airflow/.local/lib/python3.12/site-packages/airflow/example_dags/example_branch_operator_decorator.py
[2024-11-04T20:15:56.470+0000] {logging_mixin.py:190} INFO - [2024-11-04T20:15:56.470+0000] {dag.py:3239} INFO - Sync 1 DAGs
[2024-11-04T20:15:56.525+0000] {logging_mixin.py:190} INFO - [2024-11-04T20:15:56.524+0000] {dag.py:4180} INFO - Setting next_dagrun for example_branch_python_operator_decorator to 2024-11-03 00:00:00+00:00, run_after=2024-11-04 00:00:00+00:00
[2024-11-04T20:15:56.563+0000] {processor.py:208} INFO - Processing /home/airflow/.local/lib/python3.12/site-packages/airflow/example_dags/example_branch_operator_decorator.py took 0.199 seconds
[2024-11-04T20:16:27.158+0000] {processor.py:186} INFO - Started process (PID=458) to work on /home/airflow/.local/lib/python3.12/site-packages/airflow/example_dags/example_branch_operator_decorator.py
[2024-11-04T20:16:27.160+0000] {processor.py:914} INFO - Processing file /home/airflow/.local/lib/python3.12/site-packages/airflow/example_dags/example_branch_operator_decorator.py for tasks to queue
[2024-11-04T20:16:27.164+0000] {logging_mixin.py:190} INFO - [2024-11-04T20:16:27.163+0000] {dagbag.py:588} INFO - Filling up the DagBag from /home/airflow/.local/lib/python3.12/site-packages/airflow/example_dags/example_branch_operator_decorator.py
[2024-11-04T20:16:27.189+0000] {processor.py:925} INFO - DAG(s) 'example_branch_python_operator_decorator' retrieved from /home/airflow/.local/lib/python3.12/site-packages/airflow/example_dags/example_branch_operator_decorator.py
[2024-11-04T20:16:27.227+0000] {logging_mixin.py:190} INFO - [2024-11-04T20:16:27.227+0000] {dag.py:3239} INFO - Sync 1 DAGs
[2024-11-04T20:16:27.257+0000] {logging_mixin.py:190} INFO - [2024-11-04T20:16:27.256+0000] {dag.py:4180} INFO - Setting next_dagrun for example_branch_python_operator_decorator to 2024-11-03 00:00:00+00:00, run_after=2024-11-04 00:00:00+00:00
[2024-11-04T20:16:27.285+0000] {processor.py:208} INFO - Processing /home/airflow/.local/lib/python3.12/site-packages/airflow/example_dags/example_branch_operator_decorator.py took 0.134 seconds
[2024-11-04T20:16:57.702+0000] {processor.py:186} INFO - Started process (PID=520) to work on /home/airflow/.local/lib/python3.12/site-packages/airflow/example_dags/example_branch_operator_decorator.py
[2024-11-04T20:16:57.717+0000] {processor.py:914} INFO - Processing file /home/airflow/.local/lib/python3.12/site-packages/airflow/example_dags/example_branch_operator_decorator.py for tasks to queue
[2024-11-04T20:16:57.737+0000] {logging_mixin.py:190} INFO - [2024-11-04T20:16:57.735+0000] {dagbag.py:588} INFO - Filling up the DagBag from /home/airflow/.local/lib/python3.12/site-packages/airflow/example_dags/example_branch_operator_decorator.py
[2024-11-04T20:16:57.850+0000] {processor.py:925} INFO - DAG(s) 'example_branch_python_operator_decorator' retrieved from /home/airflow/.local/lib/python3.12/site-packages/airflow/example_dags/example_branch_operator_decorator.py
[2024-11-04T20:16:58.147+0000] {logging_mixin.py:190} INFO - [2024-11-04T20:16:58.146+0000] {dag.py:3239} INFO - Sync 1 DAGs
[2024-11-04T20:16:58.382+0000] {logging_mixin.py:190} INFO - [2024-11-04T20:16:58.381+0000] {dag.py:4180} INFO - Setting next_dagrun for example_branch_python_operator_decorator to 2024-11-03 00:00:00+00:00, run_after=2024-11-04 00:00:00+00:00
[2024-11-04T20:16:58.521+0000] {processor.py:208} INFO - Processing /home/airflow/.local/lib/python3.12/site-packages/airflow/example_dags/example_branch_operator_decorator.py took 0.841 seconds
[2024-11-04T20:17:33.262+0000] {processor.py:186} INFO - Started process (PID=581) to work on /home/airflow/.local/lib/python3.12/site-packages/airflow/example_dags/example_branch_operator_decorator.py
[2024-11-04T20:17:33.264+0000] {processor.py:914} INFO - Processing file /home/airflow/.local/lib/python3.12/site-packages/airflow/example_dags/example_branch_operator_decorator.py for tasks to queue
[2024-11-04T20:17:33.268+0000] {logging_mixin.py:190} INFO - [2024-11-04T20:17:33.267+0000] {dagbag.py:588} INFO - Filling up the DagBag from /home/airflow/.local/lib/python3.12/site-packages/airflow/example_dags/example_branch_operator_decorator.py
[2024-11-04T20:17:33.358+0000] {processor.py:925} INFO - DAG(s) 'example_branch_python_operator_decorator' retrieved from /home/airflow/.local/lib/python3.12/site-packages/airflow/example_dags/example_branch_operator_decorator.py
[2024-11-04T20:17:33.477+0000] {logging_mixin.py:190} INFO - [2024-11-04T20:17:33.476+0000] {dag.py:3239} INFO - Sync 1 DAGs
[2024-11-04T20:17:33.614+0000] {logging_mixin.py:190} INFO - [2024-11-04T20:17:33.613+0000] {dag.py:4180} INFO - Setting next_dagrun for example_branch_python_operator_decorator to 2024-11-03 00:00:00+00:00, run_after=2024-11-04 00:00:00+00:00
[2024-11-04T20:17:33.706+0000] {processor.py:208} INFO - Processing /home/airflow/.local/lib/python3.12/site-packages/airflow/example_dags/example_branch_operator_decorator.py took 0.466 seconds
[2024-11-04T20:18:04.065+0000] {processor.py:186} INFO - Started process (PID=643) to work on /home/airflow/.local/lib/python3.12/site-packages/airflow/example_dags/example_branch_operator_decorator.py
[2024-11-04T20:18:04.067+0000] {processor.py:914} INFO - Processing file /home/airflow/.local/lib/python3.12/site-packages/airflow/example_dags/example_branch_operator_decorator.py for tasks to queue
[2024-11-04T20:18:04.070+0000] {logging_mixin.py:190} INFO - [2024-11-04T20:18:04.070+0000] {dagbag.py:588} INFO - Filling up the DagBag from /home/airflow/.local/lib/python3.12/site-packages/airflow/example_dags/example_branch_operator_decorator.py
[2024-11-04T20:18:04.110+0000] {processor.py:925} INFO - DAG(s) 'example_branch_python_operator_decorator' retrieved from /home/airflow/.local/lib/python3.12/site-packages/airflow/example_dags/example_branch_operator_decorator.py
[2024-11-04T20:18:04.153+0000] {logging_mixin.py:190} INFO - [2024-11-04T20:18:04.152+0000] {dag.py:3239} INFO - Sync 1 DAGs
[2024-11-04T20:18:04.210+0000] {logging_mixin.py:190} INFO - [2024-11-04T20:18:04.209+0000] {dag.py:4180} INFO - Setting next_dagrun for example_branch_python_operator_decorator to 2024-11-03 00:00:00+00:00, run_after=2024-11-04 00:00:00+00:00
[2024-11-04T20:18:04.251+0000] {processor.py:208} INFO - Processing /home/airflow/.local/lib/python3.12/site-packages/airflow/example_dags/example_branch_operator_decorator.py took 0.193 seconds
[2024-11-04T20:18:34.430+0000] {processor.py:186} INFO - Started process (PID=706) to work on /home/airflow/.local/lib/python3.12/site-packages/airflow/example_dags/example_branch_operator_decorator.py
[2024-11-04T20:18:34.431+0000] {processor.py:914} INFO - Processing file /home/airflow/.local/lib/python3.12/site-packages/airflow/example_dags/example_branch_operator_decorator.py for tasks to queue
[2024-11-04T20:18:34.434+0000] {logging_mixin.py:190} INFO - [2024-11-04T20:18:34.433+0000] {dagbag.py:588} INFO - Filling up the DagBag from /home/airflow/.local/lib/python3.12/site-packages/airflow/example_dags/example_branch_operator_decorator.py
[2024-11-04T20:18:34.456+0000] {processor.py:925} INFO - DAG(s) 'example_branch_python_operator_decorator' retrieved from /home/airflow/.local/lib/python3.12/site-packages/airflow/example_dags/example_branch_operator_decorator.py
[2024-11-04T20:18:34.488+0000] {logging_mixin.py:190} INFO - [2024-11-04T20:18:34.487+0000] {dag.py:3239} INFO - Sync 1 DAGs
[2024-11-04T20:18:34.513+0000] {logging_mixin.py:190} INFO - [2024-11-04T20:18:34.512+0000] {dag.py:4180} INFO - Setting next_dagrun for example_branch_python_operator_decorator to 2024-11-03 00:00:00+00:00, run_after=2024-11-04 00:00:00+00:00
[2024-11-04T20:18:34.531+0000] {processor.py:208} INFO - Processing /home/airflow/.local/lib/python3.12/site-packages/airflow/example_dags/example_branch_operator_decorator.py took 0.107 seconds
[2024-11-04T20:19:05.094+0000] {processor.py:186} INFO - Started process (PID=769) to work on /home/airflow/.local/lib/python3.12/site-packages/airflow/example_dags/example_branch_operator_decorator.py
[2024-11-04T20:19:05.095+0000] {processor.py:914} INFO - Processing file /home/airflow/.local/lib/python3.12/site-packages/airflow/example_dags/example_branch_operator_decorator.py for tasks to queue
[2024-11-04T20:19:05.098+0000] {logging_mixin.py:190} INFO - [2024-11-04T20:19:05.097+0000] {dagbag.py:588} INFO - Filling up the DagBag from /home/airflow/.local/lib/python3.12/site-packages/airflow/example_dags/example_branch_operator_decorator.py
[2024-11-04T20:19:05.121+0000] {processor.py:925} INFO - DAG(s) 'example_branch_python_operator_decorator' retrieved from /home/airflow/.local/lib/python3.12/site-packages/airflow/example_dags/example_branch_operator_decorator.py
[2024-11-04T20:19:05.153+0000] {logging_mixin.py:190} INFO - [2024-11-04T20:19:05.152+0000] {dag.py:3239} INFO - Sync 1 DAGs
[2024-11-04T20:19:05.178+0000] {logging_mixin.py:190} INFO - [2024-11-04T20:19:05.177+0000] {dag.py:4180} INFO - Setting next_dagrun for example_branch_python_operator_decorator to 2024-11-03 00:00:00+00:00, run_after=2024-11-04 00:00:00+00:00
[2024-11-04T20:19:05.196+0000] {processor.py:208} INFO - Processing /home/airflow/.local/lib/python3.12/site-packages/airflow/example_dags/example_branch_operator_decorator.py took 0.109 seconds
[2024-11-04T20:19:35.734+0000] {processor.py:186} INFO - Started process (PID=832) to work on /home/airflow/.local/lib/python3.12/site-packages/airflow/example_dags/example_branch_operator_decorator.py
[2024-11-04T20:19:35.735+0000] {processor.py:914} INFO - Processing file /home/airflow/.local/lib/python3.12/site-packages/airflow/example_dags/example_branch_operator_decorator.py for tasks to queue
[2024-11-04T20:19:35.738+0000] {logging_mixin.py:190} INFO - [2024-11-04T20:19:35.737+0000] {dagbag.py:588} INFO - Filling up the DagBag from /home/airflow/.local/lib/python3.12/site-packages/airflow/example_dags/example_branch_operator_decorator.py
[2024-11-04T20:19:35.760+0000] {processor.py:925} INFO - DAG(s) 'example_branch_python_operator_decorator' retrieved from /home/airflow/.local/lib/python3.12/site-packages/airflow/example_dags/example_branch_operator_decorator.py
[2024-11-04T20:19:35.791+0000] {logging_mixin.py:190} INFO - [2024-11-04T20:19:35.790+0000] {dag.py:3239} INFO - Sync 1 DAGs
[2024-11-04T20:19:35.826+0000] {logging_mixin.py:190} INFO - [2024-11-04T20:19:35.825+0000] {dag.py:4180} INFO - Setting next_dagrun for example_branch_python_operator_decorator to 2024-11-03 00:00:00+00:00, run_after=2024-11-04 00:00:00+00:00
[2024-11-04T20:19:35.850+0000] {processor.py:208} INFO - Processing /home/airflow/.local/lib/python3.12/site-packages/airflow/example_dags/example_branch_operator_decorator.py took 0.122 seconds
[2024-11-04T20:20:06.736+0000] {processor.py:186} INFO - Started process (PID=895) to work on /home/airflow/.local/lib/python3.12/site-packages/airflow/example_dags/example_branch_operator_decorator.py
[2024-11-04T20:20:06.737+0000] {processor.py:914} INFO - Processing file /home/airflow/.local/lib/python3.12/site-packages/airflow/example_dags/example_branch_operator_decorator.py for tasks to queue
[2024-11-04T20:20:06.740+0000] {logging_mixin.py:190} INFO - [2024-11-04T20:20:06.740+0000] {dagbag.py:588} INFO - Filling up the DagBag from /home/airflow/.local/lib/python3.12/site-packages/airflow/example_dags/example_branch_operator_decorator.py
[2024-11-04T20:20:06.767+0000] {processor.py:925} INFO - DAG(s) 'example_branch_python_operator_decorator' retrieved from /home/airflow/.local/lib/python3.12/site-packages/airflow/example_dags/example_branch_operator_decorator.py
[2024-11-04T20:20:06.808+0000] {logging_mixin.py:190} INFO - [2024-11-04T20:20:06.808+0000] {dag.py:3239} INFO - Sync 1 DAGs
[2024-11-04T20:20:06.848+0000] {logging_mixin.py:190} INFO - [2024-11-04T20:20:06.848+0000] {dag.py:4180} INFO - Setting next_dagrun for example_branch_python_operator_decorator to 2024-11-03 00:00:00+00:00, run_after=2024-11-04 00:00:00+00:00
[2024-11-04T20:20:06.873+0000] {processor.py:208} INFO - Processing /home/airflow/.local/lib/python3.12/site-packages/airflow/example_dags/example_branch_operator_decorator.py took 0.144 seconds
[2024-11-04T20:20:37.316+0000] {processor.py:186} INFO - Started process (PID=958) to work on /home/airflow/.local/lib/python3.12/site-packages/airflow/example_dags/example_branch_operator_decorator.py
[2024-11-04T20:20:37.317+0000] {processor.py:914} INFO - Processing file /home/airflow/.local/lib/python3.12/site-packages/airflow/example_dags/example_branch_operator_decorator.py for tasks to queue
[2024-11-04T20:20:37.320+0000] {logging_mixin.py:190} INFO - [2024-11-04T20:20:37.319+0000] {dagbag.py:588} INFO - Filling up the DagBag from /home/airflow/.local/lib/python3.12/site-packages/airflow/example_dags/example_branch_operator_decorator.py
[2024-11-04T20:20:37.346+0000] {processor.py:925} INFO - DAG(s) 'example_branch_python_operator_decorator' retrieved from /home/airflow/.local/lib/python3.12/site-packages/airflow/example_dags/example_branch_operator_decorator.py
[2024-11-04T20:20:37.379+0000] {logging_mixin.py:190} INFO - [2024-11-04T20:20:37.378+0000] {dag.py:3239} INFO - Sync 1 DAGs
[2024-11-04T20:20:37.405+0000] {logging_mixin.py:190} INFO - [2024-11-04T20:20:37.404+0000] {dag.py:4180} INFO - Setting next_dagrun for example_branch_python_operator_decorator to 2024-11-03 00:00:00+00:00, run_after=2024-11-04 00:00:00+00:00
[2024-11-04T20:20:37.426+0000] {processor.py:208} INFO - Processing /home/airflow/.local/lib/python3.12/site-packages/airflow/example_dags/example_branch_operator_decorator.py took 0.117 seconds
[2024-11-04T20:21:07.612+0000] {processor.py:186} INFO - Started process (PID=1021) to work on /home/airflow/.local/lib/python3.12/site-packages/airflow/example_dags/example_branch_operator_decorator.py
[2024-11-04T20:21:07.613+0000] {processor.py:914} INFO - Processing file /home/airflow/.local/lib/python3.12/site-packages/airflow/example_dags/example_branch_operator_decorator.py for tasks to queue
[2024-11-04T20:21:07.616+0000] {logging_mixin.py:190} INFO - [2024-11-04T20:21:07.616+0000] {dagbag.py:588} INFO - Filling up the DagBag from /home/airflow/.local/lib/python3.12/site-packages/airflow/example_dags/example_branch_operator_decorator.py
[2024-11-04T20:21:07.641+0000] {processor.py:925} INFO - DAG(s) 'example_branch_python_operator_decorator' retrieved from /home/airflow/.local/lib/python3.12/site-packages/airflow/example_dags/example_branch_operator_decorator.py
[2024-11-04T20:21:07.672+0000] {logging_mixin.py:190} INFO - [2024-11-04T20:21:07.672+0000] {dag.py:3239} INFO - Sync 1 DAGs
[2024-11-04T20:21:07.699+0000] {logging_mixin.py:190} INFO - [2024-11-04T20:21:07.698+0000] {dag.py:4180} INFO - Setting next_dagrun for example_branch_python_operator_decorator to 2024-11-03 00:00:00+00:00, run_after=2024-11-04 00:00:00+00:00
[2024-11-04T20:21:07.727+0000] {processor.py:208} INFO - Processing /home/airflow/.local/lib/python3.12/site-packages/airflow/example_dags/example_branch_operator_decorator.py took 0.126 seconds
[2024-11-04T20:21:38.551+0000] {processor.py:186} INFO - Started process (PID=1084) to work on /home/airflow/.local/lib/python3.12/site-packages/airflow/example_dags/example_branch_operator_decorator.py
[2024-11-04T20:21:38.552+0000] {processor.py:914} INFO - Processing file /home/airflow/.local/lib/python3.12/site-packages/airflow/example_dags/example_branch_operator_decorator.py for tasks to queue
[2024-11-04T20:21:38.556+0000] {logging_mixin.py:190} INFO - [2024-11-04T20:21:38.555+0000] {dagbag.py:588} INFO - Filling up the DagBag from /home/airflow/.local/lib/python3.12/site-packages/airflow/example_dags/example_branch_operator_decorator.py
[2024-11-04T20:21:38.587+0000] {processor.py:925} INFO - DAG(s) 'example_branch_python_operator_decorator' retrieved from /home/airflow/.local/lib/python3.12/site-packages/airflow/example_dags/example_branch_operator_decorator.py
[2024-11-04T20:21:38.623+0000] {logging_mixin.py:190} INFO - [2024-11-04T20:21:38.622+0000] {dag.py:3239} INFO - Sync 1 DAGs
[2024-11-04T20:21:38.653+0000] {logging_mixin.py:190} INFO - [2024-11-04T20:21:38.653+0000] {dag.py:4180} INFO - Setting next_dagrun for example_branch_python_operator_decorator to 2024-11-03 00:00:00+00:00, run_after=2024-11-04 00:00:00+00:00
[2024-11-04T20:21:38.693+0000] {processor.py:208} INFO - Processing /home/airflow/.local/lib/python3.12/site-packages/airflow/example_dags/example_branch_operator_decorator.py took 0.149 seconds
[2024-11-04T20:22:09.877+0000] {processor.py:186} INFO - Started process (PID=1146) to work on /home/airflow/.local/lib/python3.12/site-packages/airflow/example_dags/example_branch_operator_decorator.py
[2024-11-04T20:22:09.878+0000] {processor.py:914} INFO - Processing file /home/airflow/.local/lib/python3.12/site-packages/airflow/example_dags/example_branch_operator_decorator.py for tasks to queue
[2024-11-04T20:22:09.881+0000] {logging_mixin.py:190} INFO - [2024-11-04T20:22:09.881+0000] {dagbag.py:588} INFO - Filling up the DagBag from /home/airflow/.local/lib/python3.12/site-packages/airflow/example_dags/example_branch_operator_decorator.py
[2024-11-04T20:22:09.907+0000] {processor.py:925} INFO - DAG(s) 'example_branch_python_operator_decorator' retrieved from /home/airflow/.local/lib/python3.12/site-packages/airflow/example_dags/example_branch_operator_decorator.py
[2024-11-04T20:22:09.937+0000] {logging_mixin.py:190} INFO - [2024-11-04T20:22:09.937+0000] {dag.py:3239} INFO - Sync 1 DAGs
[2024-11-04T20:22:09.961+0000] {logging_mixin.py:190} INFO - [2024-11-04T20:22:09.961+0000] {dag.py:4180} INFO - Setting next_dagrun for example_branch_python_operator_decorator to 2024-11-03 00:00:00+00:00, run_after=2024-11-04 00:00:00+00:00
[2024-11-04T20:22:09.981+0000] {processor.py:208} INFO - Processing /home/airflow/.local/lib/python3.12/site-packages/airflow/example_dags/example_branch_operator_decorator.py took 0.114 seconds
[2024-11-04T20:22:41.088+0000] {processor.py:186} INFO - Started process (PID=1209) to work on /home/airflow/.local/lib/python3.12/site-packages/airflow/example_dags/example_branch_operator_decorator.py
[2024-11-04T20:22:41.090+0000] {processor.py:914} INFO - Processing file /home/airflow/.local/lib/python3.12/site-packages/airflow/example_dags/example_branch_operator_decorator.py for tasks to queue
[2024-11-04T20:22:41.092+0000] {logging_mixin.py:190} INFO - [2024-11-04T20:22:41.092+0000] {dagbag.py:588} INFO - Filling up the DagBag from /home/airflow/.local/lib/python3.12/site-packages/airflow/example_dags/example_branch_operator_decorator.py
[2024-11-04T20:22:41.116+0000] {processor.py:925} INFO - DAG(s) 'example_branch_python_operator_decorator' retrieved from /home/airflow/.local/lib/python3.12/site-packages/airflow/example_dags/example_branch_operator_decorator.py
[2024-11-04T20:22:41.146+0000] {logging_mixin.py:190} INFO - [2024-11-04T20:22:41.145+0000] {dag.py:3239} INFO - Sync 1 DAGs
[2024-11-04T20:22:41.173+0000] {logging_mixin.py:190} INFO - [2024-11-04T20:22:41.172+0000] {dag.py:4180} INFO - Setting next_dagrun for example_branch_python_operator_decorator to 2024-11-03 00:00:00+00:00, run_after=2024-11-04 00:00:00+00:00
[2024-11-04T20:22:41.194+0000] {processor.py:208} INFO - Processing /home/airflow/.local/lib/python3.12/site-packages/airflow/example_dags/example_branch_operator_decorator.py took 0.112 seconds
