[2024-11-04T20:13:41.961+0000] {processor.py:186} INFO - Started process (PID=116) to work on /home/airflow/.local/lib/python3.12/site-packages/airflow/example_dags/example_local_kubernetes_executor.py
[2024-11-04T20:13:41.962+0000] {processor.py:914} INFO - Processing file /home/airflow/.local/lib/python3.12/site-packages/airflow/example_dags/example_local_kubernetes_executor.py for tasks to queue
[2024-11-04T20:13:41.965+0000] {logging_mixin.py:190} INFO - [2024-11-04T20:13:41.965+0000] {dagbag.py:588} INFO - Filling up the DagBag from /home/airflow/.local/lib/python3.12/site-packages/airflow/example_dags/example_local_kubernetes_executor.py
[2024-11-04T20:13:41.981+0000] {processor.py:925} INFO - DAG(s) 'example_local_kubernetes_executor' retrieved from /home/airflow/.local/lib/python3.12/site-packages/airflow/example_dags/example_local_kubernetes_executor.py
[2024-11-04T20:13:42.215+0000] {logging_mixin.py:190} INFO - [2024-11-04T20:13:42.214+0000] {override.py:1900} INFO - Created Permission View: can edit on DAG:example_local_kubernetes_executor
[2024-11-04T20:13:42.233+0000] {logging_mixin.py:190} INFO - [2024-11-04T20:13:42.232+0000] {override.py:1900} INFO - Created Permission View: can read on DAG:example_local_kubernetes_executor
[2024-11-04T20:13:42.251+0000] {logging_mixin.py:190} INFO - [2024-11-04T20:13:42.250+0000] {override.py:1900} INFO - Created Permission View: can delete on DAG:example_local_kubernetes_executor
[2024-11-04T20:13:42.270+0000] {logging_mixin.py:190} INFO - [2024-11-04T20:13:42.270+0000] {override.py:1900} INFO - Created Permission View: menu access on DAG Run:example_local_kubernetes_executor
[2024-11-04T20:13:42.286+0000] {logging_mixin.py:190} INFO - [2024-11-04T20:13:42.285+0000] {override.py:1900} INFO - Created Permission View: can read on DAG Run:example_local_kubernetes_executor
[2024-11-04T20:13:42.298+0000] {logging_mixin.py:190} INFO - [2024-11-04T20:13:42.297+0000] {override.py:1900} INFO - Created Permission View: can create on DAG Run:example_local_kubernetes_executor
[2024-11-04T20:13:42.315+0000] {logging_mixin.py:190} INFO - [2024-11-04T20:13:42.314+0000] {override.py:1900} INFO - Created Permission View: can delete on DAG Run:example_local_kubernetes_executor
[2024-11-04T20:13:42.316+0000] {logging_mixin.py:190} INFO - [2024-11-04T20:13:42.316+0000] {dag.py:3239} INFO - Sync 1 DAGs
[2024-11-04T20:13:42.341+0000] {logging_mixin.py:190} INFO - [2024-11-04T20:13:42.340+0000] {dag.py:3262} INFO - Creating ORM DAG for example_local_kubernetes_executor
[2024-11-04T20:13:42.344+0000] {logging_mixin.py:190} INFO - [2024-11-04T20:13:42.343+0000] {dag.py:4180} INFO - Setting next_dagrun for example_local_kubernetes_executor to None, run_after=None
[2024-11-04T20:13:42.368+0000] {processor.py:208} INFO - Processing /home/airflow/.local/lib/python3.12/site-packages/airflow/example_dags/example_local_kubernetes_executor.py took 0.415 seconds
[2024-11-04T20:14:12.704+0000] {processor.py:186} INFO - Started process (PID=178) to work on /home/airflow/.local/lib/python3.12/site-packages/airflow/example_dags/example_local_kubernetes_executor.py
[2024-11-04T20:14:12.705+0000] {processor.py:914} INFO - Processing file /home/airflow/.local/lib/python3.12/site-packages/airflow/example_dags/example_local_kubernetes_executor.py for tasks to queue
[2024-11-04T20:14:12.709+0000] {logging_mixin.py:190} INFO - [2024-11-04T20:14:12.709+0000] {dagbag.py:588} INFO - Filling up the DagBag from /home/airflow/.local/lib/python3.12/site-packages/airflow/example_dags/example_local_kubernetes_executor.py
[2024-11-04T20:14:12.722+0000] {processor.py:925} INFO - DAG(s) 'example_local_kubernetes_executor' retrieved from /home/airflow/.local/lib/python3.12/site-packages/airflow/example_dags/example_local_kubernetes_executor.py
[2024-11-04T20:14:12.883+0000] {logging_mixin.py:190} INFO - [2024-11-04T20:14:12.883+0000] {dag.py:3239} INFO - Sync 1 DAGs
[2024-11-04T20:14:12.976+0000] {logging_mixin.py:190} INFO - [2024-11-04T20:14:12.976+0000] {dag.py:4180} INFO - Setting next_dagrun for example_local_kubernetes_executor to None, run_after=None
[2024-11-04T20:14:14.492+0000] {processor.py:208} INFO - Processing /home/airflow/.local/lib/python3.12/site-packages/airflow/example_dags/example_local_kubernetes_executor.py took 1.798 seconds
[2024-11-04T20:14:44.708+0000] {processor.py:186} INFO - Started process (PID=241) to work on /home/airflow/.local/lib/python3.12/site-packages/airflow/example_dags/example_local_kubernetes_executor.py
[2024-11-04T20:14:44.709+0000] {processor.py:914} INFO - Processing file /home/airflow/.local/lib/python3.12/site-packages/airflow/example_dags/example_local_kubernetes_executor.py for tasks to queue
[2024-11-04T20:14:44.713+0000] {logging_mixin.py:190} INFO - [2024-11-04T20:14:44.712+0000] {dagbag.py:588} INFO - Filling up the DagBag from /home/airflow/.local/lib/python3.12/site-packages/airflow/example_dags/example_local_kubernetes_executor.py
[2024-11-04T20:14:44.732+0000] {processor.py:925} INFO - DAG(s) 'example_local_kubernetes_executor' retrieved from /home/airflow/.local/lib/python3.12/site-packages/airflow/example_dags/example_local_kubernetes_executor.py
[2024-11-04T20:14:44.789+0000] {logging_mixin.py:190} INFO - [2024-11-04T20:14:44.789+0000] {dag.py:3239} INFO - Sync 1 DAGs
[2024-11-04T20:14:44.806+0000] {logging_mixin.py:190} INFO - [2024-11-04T20:14:44.806+0000] {dag.py:4180} INFO - Setting next_dagrun for example_local_kubernetes_executor to None, run_after=None
[2024-11-04T20:14:44.827+0000] {processor.py:208} INFO - Processing /home/airflow/.local/lib/python3.12/site-packages/airflow/example_dags/example_local_kubernetes_executor.py took 0.127 seconds
[2024-11-04T20:15:14.956+0000] {processor.py:186} INFO - Started process (PID=303) to work on /home/airflow/.local/lib/python3.12/site-packages/airflow/example_dags/example_local_kubernetes_executor.py
[2024-11-04T20:15:14.957+0000] {processor.py:914} INFO - Processing file /home/airflow/.local/lib/python3.12/site-packages/airflow/example_dags/example_local_kubernetes_executor.py for tasks to queue
[2024-11-04T20:15:14.962+0000] {logging_mixin.py:190} INFO - [2024-11-04T20:15:14.961+0000] {dagbag.py:588} INFO - Filling up the DagBag from /home/airflow/.local/lib/python3.12/site-packages/airflow/example_dags/example_local_kubernetes_executor.py
[2024-11-04T20:15:14.974+0000] {processor.py:925} INFO - DAG(s) 'example_local_kubernetes_executor' retrieved from /home/airflow/.local/lib/python3.12/site-packages/airflow/example_dags/example_local_kubernetes_executor.py
[2024-11-04T20:15:15.015+0000] {logging_mixin.py:190} INFO - [2024-11-04T20:15:15.015+0000] {dag.py:3239} INFO - Sync 1 DAGs
[2024-11-04T20:15:15.033+0000] {logging_mixin.py:190} INFO - [2024-11-04T20:15:15.033+0000] {dag.py:4180} INFO - Setting next_dagrun for example_local_kubernetes_executor to None, run_after=None
[2024-11-04T20:15:15.056+0000] {processor.py:208} INFO - Processing /home/airflow/.local/lib/python3.12/site-packages/airflow/example_dags/example_local_kubernetes_executor.py took 0.109 seconds
[2024-11-04T20:15:45.377+0000] {processor.py:186} INFO - Started process (PID=365) to work on /home/airflow/.local/lib/python3.12/site-packages/airflow/example_dags/example_local_kubernetes_executor.py
[2024-11-04T20:15:45.379+0000] {processor.py:914} INFO - Processing file /home/airflow/.local/lib/python3.12/site-packages/airflow/example_dags/example_local_kubernetes_executor.py for tasks to queue
[2024-11-04T20:15:45.383+0000] {logging_mixin.py:190} INFO - [2024-11-04T20:15:45.382+0000] {dagbag.py:588} INFO - Filling up the DagBag from /home/airflow/.local/lib/python3.12/site-packages/airflow/example_dags/example_local_kubernetes_executor.py
[2024-11-04T20:15:45.403+0000] {processor.py:925} INFO - DAG(s) 'example_local_kubernetes_executor' retrieved from /home/airflow/.local/lib/python3.12/site-packages/airflow/example_dags/example_local_kubernetes_executor.py
[2024-11-04T20:15:45.451+0000] {logging_mixin.py:190} INFO - [2024-11-04T20:15:45.451+0000] {dag.py:3239} INFO - Sync 1 DAGs
[2024-11-04T20:15:45.474+0000] {logging_mixin.py:190} INFO - [2024-11-04T20:15:45.474+0000] {dag.py:4180} INFO - Setting next_dagrun for example_local_kubernetes_executor to None, run_after=None
[2024-11-04T20:15:45.504+0000] {processor.py:208} INFO - Processing /home/airflow/.local/lib/python3.12/site-packages/airflow/example_dags/example_local_kubernetes_executor.py took 0.134 seconds
[2024-11-04T20:16:16.374+0000] {processor.py:186} INFO - Started process (PID=427) to work on /home/airflow/.local/lib/python3.12/site-packages/airflow/example_dags/example_local_kubernetes_executor.py
[2024-11-04T20:16:16.375+0000] {processor.py:914} INFO - Processing file /home/airflow/.local/lib/python3.12/site-packages/airflow/example_dags/example_local_kubernetes_executor.py for tasks to queue
[2024-11-04T20:16:16.379+0000] {logging_mixin.py:190} INFO - [2024-11-04T20:16:16.379+0000] {dagbag.py:588} INFO - Filling up the DagBag from /home/airflow/.local/lib/python3.12/site-packages/airflow/example_dags/example_local_kubernetes_executor.py
[2024-11-04T20:16:16.390+0000] {processor.py:925} INFO - DAG(s) 'example_local_kubernetes_executor' retrieved from /home/airflow/.local/lib/python3.12/site-packages/airflow/example_dags/example_local_kubernetes_executor.py
[2024-11-04T20:16:16.445+0000] {logging_mixin.py:190} INFO - [2024-11-04T20:16:16.444+0000] {dag.py:3239} INFO - Sync 1 DAGs
[2024-11-04T20:16:16.467+0000] {logging_mixin.py:190} INFO - [2024-11-04T20:16:16.466+0000] {dag.py:4180} INFO - Setting next_dagrun for example_local_kubernetes_executor to None, run_after=None
[2024-11-04T20:16:16.489+0000] {processor.py:208} INFO - Processing /home/airflow/.local/lib/python3.12/site-packages/airflow/example_dags/example_local_kubernetes_executor.py took 0.122 seconds
[2024-11-04T20:16:46.693+0000] {processor.py:186} INFO - Started process (PID=489) to work on /home/airflow/.local/lib/python3.12/site-packages/airflow/example_dags/example_local_kubernetes_executor.py
[2024-11-04T20:16:46.699+0000] {processor.py:914} INFO - Processing file /home/airflow/.local/lib/python3.12/site-packages/airflow/example_dags/example_local_kubernetes_executor.py for tasks to queue
[2024-11-04T20:16:46.703+0000] {logging_mixin.py:190} INFO - [2024-11-04T20:16:46.702+0000] {dagbag.py:588} INFO - Filling up the DagBag from /home/airflow/.local/lib/python3.12/site-packages/airflow/example_dags/example_local_kubernetes_executor.py
[2024-11-04T20:16:46.725+0000] {processor.py:925} INFO - DAG(s) 'example_local_kubernetes_executor' retrieved from /home/airflow/.local/lib/python3.12/site-packages/airflow/example_dags/example_local_kubernetes_executor.py
[2024-11-04T20:16:46.890+0000] {logging_mixin.py:190} INFO - [2024-11-04T20:16:46.890+0000] {dag.py:3239} INFO - Sync 1 DAGs
[2024-11-04T20:16:46.942+0000] {logging_mixin.py:190} INFO - [2024-11-04T20:16:46.942+0000] {dag.py:4180} INFO - Setting next_dagrun for example_local_kubernetes_executor to None, run_after=None
[2024-11-04T20:16:47.009+0000] {processor.py:208} INFO - Processing /home/airflow/.local/lib/python3.12/site-packages/airflow/example_dags/example_local_kubernetes_executor.py took 0.326 seconds
[2024-11-04T20:17:21.648+0000] {processor.py:186} INFO - Started process (PID=552) to work on /home/airflow/.local/lib/python3.12/site-packages/airflow/example_dags/example_local_kubernetes_executor.py
[2024-11-04T20:17:21.661+0000] {processor.py:914} INFO - Processing file /home/airflow/.local/lib/python3.12/site-packages/airflow/example_dags/example_local_kubernetes_executor.py for tasks to queue
[2024-11-04T20:17:21.672+0000] {logging_mixin.py:190} INFO - [2024-11-04T20:17:21.671+0000] {dagbag.py:588} INFO - Filling up the DagBag from /home/airflow/.local/lib/python3.12/site-packages/airflow/example_dags/example_local_kubernetes_executor.py
[2024-11-04T20:17:21.754+0000] {processor.py:925} INFO - DAG(s) 'example_local_kubernetes_executor' retrieved from /home/airflow/.local/lib/python3.12/site-packages/airflow/example_dags/example_local_kubernetes_executor.py
[2024-11-04T20:17:22.069+0000] {logging_mixin.py:190} INFO - [2024-11-04T20:17:22.068+0000] {dag.py:3239} INFO - Sync 1 DAGs
[2024-11-04T20:17:22.144+0000] {logging_mixin.py:190} INFO - [2024-11-04T20:17:22.132+0000] {dag.py:4180} INFO - Setting next_dagrun for example_local_kubernetes_executor to None, run_after=None
[2024-11-04T20:17:22.230+0000] {processor.py:208} INFO - Processing /home/airflow/.local/lib/python3.12/site-packages/airflow/example_dags/example_local_kubernetes_executor.py took 0.637 seconds
[2024-11-04T20:17:52.493+0000] {processor.py:186} INFO - Started process (PID=613) to work on /home/airflow/.local/lib/python3.12/site-packages/airflow/example_dags/example_local_kubernetes_executor.py
[2024-11-04T20:17:52.495+0000] {processor.py:914} INFO - Processing file /home/airflow/.local/lib/python3.12/site-packages/airflow/example_dags/example_local_kubernetes_executor.py for tasks to queue
[2024-11-04T20:17:52.499+0000] {logging_mixin.py:190} INFO - [2024-11-04T20:17:52.499+0000] {dagbag.py:588} INFO - Filling up the DagBag from /home/airflow/.local/lib/python3.12/site-packages/airflow/example_dags/example_local_kubernetes_executor.py
[2024-11-04T20:17:52.515+0000] {processor.py:925} INFO - DAG(s) 'example_local_kubernetes_executor' retrieved from /home/airflow/.local/lib/python3.12/site-packages/airflow/example_dags/example_local_kubernetes_executor.py
[2024-11-04T20:17:52.566+0000] {logging_mixin.py:190} INFO - [2024-11-04T20:17:52.565+0000] {dag.py:3239} INFO - Sync 1 DAGs
[2024-11-04T20:17:52.595+0000] {logging_mixin.py:190} INFO - [2024-11-04T20:17:52.594+0000] {dag.py:4180} INFO - Setting next_dagrun for example_local_kubernetes_executor to None, run_after=None
[2024-11-04T20:17:52.635+0000] {processor.py:208} INFO - Processing /home/airflow/.local/lib/python3.12/site-packages/airflow/example_dags/example_local_kubernetes_executor.py took 0.158 seconds
[2024-11-04T20:18:23.242+0000] {processor.py:186} INFO - Started process (PID=676) to work on /home/airflow/.local/lib/python3.12/site-packages/airflow/example_dags/example_local_kubernetes_executor.py
[2024-11-04T20:18:23.243+0000] {processor.py:914} INFO - Processing file /home/airflow/.local/lib/python3.12/site-packages/airflow/example_dags/example_local_kubernetes_executor.py for tasks to queue
[2024-11-04T20:18:23.246+0000] {logging_mixin.py:190} INFO - [2024-11-04T20:18:23.246+0000] {dagbag.py:588} INFO - Filling up the DagBag from /home/airflow/.local/lib/python3.12/site-packages/airflow/example_dags/example_local_kubernetes_executor.py
[2024-11-04T20:18:23.258+0000] {processor.py:925} INFO - DAG(s) 'example_local_kubernetes_executor' retrieved from /home/airflow/.local/lib/python3.12/site-packages/airflow/example_dags/example_local_kubernetes_executor.py
[2024-11-04T20:18:23.297+0000] {logging_mixin.py:190} INFO - [2024-11-04T20:18:23.297+0000] {dag.py:3239} INFO - Sync 1 DAGs
[2024-11-04T20:18:23.317+0000] {logging_mixin.py:190} INFO - [2024-11-04T20:18:23.317+0000] {dag.py:4180} INFO - Setting next_dagrun for example_local_kubernetes_executor to None, run_after=None
[2024-11-04T20:18:23.338+0000] {processor.py:208} INFO - Processing /home/airflow/.local/lib/python3.12/site-packages/airflow/example_dags/example_local_kubernetes_executor.py took 0.103 seconds
[2024-11-04T20:18:53.939+0000] {processor.py:186} INFO - Started process (PID=739) to work on /home/airflow/.local/lib/python3.12/site-packages/airflow/example_dags/example_local_kubernetes_executor.py
[2024-11-04T20:18:53.940+0000] {processor.py:914} INFO - Processing file /home/airflow/.local/lib/python3.12/site-packages/airflow/example_dags/example_local_kubernetes_executor.py for tasks to queue
[2024-11-04T20:18:53.943+0000] {logging_mixin.py:190} INFO - [2024-11-04T20:18:53.943+0000] {dagbag.py:588} INFO - Filling up the DagBag from /home/airflow/.local/lib/python3.12/site-packages/airflow/example_dags/example_local_kubernetes_executor.py
[2024-11-04T20:18:53.953+0000] {processor.py:925} INFO - DAG(s) 'example_local_kubernetes_executor' retrieved from /home/airflow/.local/lib/python3.12/site-packages/airflow/example_dags/example_local_kubernetes_executor.py
[2024-11-04T20:18:53.996+0000] {logging_mixin.py:190} INFO - [2024-11-04T20:18:53.996+0000] {dag.py:3239} INFO - Sync 1 DAGs
[2024-11-04T20:18:54.016+0000] {logging_mixin.py:190} INFO - [2024-11-04T20:18:54.016+0000] {dag.py:4180} INFO - Setting next_dagrun for example_local_kubernetes_executor to None, run_after=None
[2024-11-04T20:18:54.036+0000] {processor.py:208} INFO - Processing /home/airflow/.local/lib/python3.12/site-packages/airflow/example_dags/example_local_kubernetes_executor.py took 0.103 seconds
[2024-11-04T20:19:24.712+0000] {processor.py:186} INFO - Started process (PID=802) to work on /home/airflow/.local/lib/python3.12/site-packages/airflow/example_dags/example_local_kubernetes_executor.py
[2024-11-04T20:19:24.713+0000] {processor.py:914} INFO - Processing file /home/airflow/.local/lib/python3.12/site-packages/airflow/example_dags/example_local_kubernetes_executor.py for tasks to queue
[2024-11-04T20:19:24.716+0000] {logging_mixin.py:190} INFO - [2024-11-04T20:19:24.716+0000] {dagbag.py:588} INFO - Filling up the DagBag from /home/airflow/.local/lib/python3.12/site-packages/airflow/example_dags/example_local_kubernetes_executor.py
[2024-11-04T20:19:24.729+0000] {processor.py:925} INFO - DAG(s) 'example_local_kubernetes_executor' retrieved from /home/airflow/.local/lib/python3.12/site-packages/airflow/example_dags/example_local_kubernetes_executor.py
[2024-11-04T20:19:24.771+0000] {logging_mixin.py:190} INFO - [2024-11-04T20:19:24.771+0000] {dag.py:3239} INFO - Sync 1 DAGs
[2024-11-04T20:19:24.795+0000] {logging_mixin.py:190} INFO - [2024-11-04T20:19:24.795+0000] {dag.py:4180} INFO - Setting next_dagrun for example_local_kubernetes_executor to None, run_after=None
[2024-11-04T20:19:24.820+0000] {processor.py:208} INFO - Processing /home/airflow/.local/lib/python3.12/site-packages/airflow/example_dags/example_local_kubernetes_executor.py took 0.116 seconds
[2024-11-04T20:19:55.902+0000] {processor.py:186} INFO - Started process (PID=865) to work on /home/airflow/.local/lib/python3.12/site-packages/airflow/example_dags/example_local_kubernetes_executor.py
[2024-11-04T20:19:55.912+0000] {processor.py:914} INFO - Processing file /home/airflow/.local/lib/python3.12/site-packages/airflow/example_dags/example_local_kubernetes_executor.py for tasks to queue
[2024-11-04T20:19:55.933+0000] {logging_mixin.py:190} INFO - [2024-11-04T20:19:55.931+0000] {dagbag.py:588} INFO - Filling up the DagBag from /home/airflow/.local/lib/python3.12/site-packages/airflow/example_dags/example_local_kubernetes_executor.py
[2024-11-04T20:19:55.957+0000] {processor.py:925} INFO - DAG(s) 'example_local_kubernetes_executor' retrieved from /home/airflow/.local/lib/python3.12/site-packages/airflow/example_dags/example_local_kubernetes_executor.py
[2024-11-04T20:19:56.043+0000] {logging_mixin.py:190} INFO - [2024-11-04T20:19:56.038+0000] {dag.py:3239} INFO - Sync 1 DAGs
[2024-11-04T20:19:56.071+0000] {logging_mixin.py:190} INFO - [2024-11-04T20:19:56.070+0000] {dag.py:4180} INFO - Setting next_dagrun for example_local_kubernetes_executor to None, run_after=None
[2024-11-04T20:19:56.134+0000] {processor.py:208} INFO - Processing /home/airflow/.local/lib/python3.12/site-packages/airflow/example_dags/example_local_kubernetes_executor.py took 0.261 seconds
[2024-11-04T20:20:28.564+0000] {processor.py:186} INFO - Started process (PID=928) to work on /home/airflow/.local/lib/python3.12/site-packages/airflow/example_dags/example_local_kubernetes_executor.py
[2024-11-04T20:20:28.569+0000] {processor.py:914} INFO - Processing file /home/airflow/.local/lib/python3.12/site-packages/airflow/example_dags/example_local_kubernetes_executor.py for tasks to queue
[2024-11-04T20:20:28.597+0000] {logging_mixin.py:190} INFO - [2024-11-04T20:20:28.596+0000] {dagbag.py:588} INFO - Filling up the DagBag from /home/airflow/.local/lib/python3.12/site-packages/airflow/example_dags/example_local_kubernetes_executor.py
[2024-11-04T20:20:28.704+0000] {processor.py:925} INFO - DAG(s) 'example_local_kubernetes_executor' retrieved from /home/airflow/.local/lib/python3.12/site-packages/airflow/example_dags/example_local_kubernetes_executor.py
[2024-11-04T20:20:29.478+0000] {logging_mixin.py:190} INFO - [2024-11-04T20:20:29.478+0000] {dag.py:3239} INFO - Sync 1 DAGs
[2024-11-04T20:20:29.520+0000] {logging_mixin.py:190} INFO - [2024-11-04T20:20:29.520+0000] {dag.py:4180} INFO - Setting next_dagrun for example_local_kubernetes_executor to None, run_after=None
[2024-11-04T20:20:29.560+0000] {processor.py:208} INFO - Processing /home/airflow/.local/lib/python3.12/site-packages/airflow/example_dags/example_local_kubernetes_executor.py took 1.044 seconds
[2024-11-04T20:21:00.128+0000] {processor.py:186} INFO - Started process (PID=997) to work on /home/airflow/.local/lib/python3.12/site-packages/airflow/example_dags/example_local_kubernetes_executor.py
[2024-11-04T20:21:00.133+0000] {processor.py:914} INFO - Processing file /home/airflow/.local/lib/python3.12/site-packages/airflow/example_dags/example_local_kubernetes_executor.py for tasks to queue
[2024-11-04T20:21:00.142+0000] {logging_mixin.py:190} INFO - [2024-11-04T20:21:00.141+0000] {dagbag.py:588} INFO - Filling up the DagBag from /home/airflow/.local/lib/python3.12/site-packages/airflow/example_dags/example_local_kubernetes_executor.py
[2024-11-04T20:21:00.168+0000] {processor.py:925} INFO - DAG(s) 'example_local_kubernetes_executor' retrieved from /home/airflow/.local/lib/python3.12/site-packages/airflow/example_dags/example_local_kubernetes_executor.py
[2024-11-04T20:21:00.215+0000] {logging_mixin.py:190} INFO - [2024-11-04T20:21:00.214+0000] {dag.py:3239} INFO - Sync 1 DAGs
[2024-11-04T20:21:00.231+0000] {logging_mixin.py:190} INFO - [2024-11-04T20:21:00.231+0000] {dag.py:4180} INFO - Setting next_dagrun for example_local_kubernetes_executor to None, run_after=None
[2024-11-04T20:21:00.254+0000] {processor.py:208} INFO - Processing /home/airflow/.local/lib/python3.12/site-packages/airflow/example_dags/example_local_kubernetes_executor.py took 0.150 seconds
[2024-11-04T20:21:30.400+0000] {processor.py:186} INFO - Started process (PID=1060) to work on /home/airflow/.local/lib/python3.12/site-packages/airflow/example_dags/example_local_kubernetes_executor.py
[2024-11-04T20:21:30.402+0000] {processor.py:914} INFO - Processing file /home/airflow/.local/lib/python3.12/site-packages/airflow/example_dags/example_local_kubernetes_executor.py for tasks to queue
[2024-11-04T20:21:30.404+0000] {logging_mixin.py:190} INFO - [2024-11-04T20:21:30.404+0000] {dagbag.py:588} INFO - Filling up the DagBag from /home/airflow/.local/lib/python3.12/site-packages/airflow/example_dags/example_local_kubernetes_executor.py
[2024-11-04T20:21:30.415+0000] {processor.py:925} INFO - DAG(s) 'example_local_kubernetes_executor' retrieved from /home/airflow/.local/lib/python3.12/site-packages/airflow/example_dags/example_local_kubernetes_executor.py
[2024-11-04T20:21:30.455+0000] {logging_mixin.py:190} INFO - [2024-11-04T20:21:30.455+0000] {dag.py:3239} INFO - Sync 1 DAGs
[2024-11-04T20:21:30.480+0000] {logging_mixin.py:190} INFO - [2024-11-04T20:21:30.480+0000] {dag.py:4180} INFO - Setting next_dagrun for example_local_kubernetes_executor to None, run_after=None
[2024-11-04T20:21:30.501+0000] {processor.py:208} INFO - Processing /home/airflow/.local/lib/python3.12/site-packages/airflow/example_dags/example_local_kubernetes_executor.py took 0.107 seconds
[2024-11-04T20:22:00.946+0000] {processor.py:186} INFO - Started process (PID=1122) to work on /home/airflow/.local/lib/python3.12/site-packages/airflow/example_dags/example_local_kubernetes_executor.py
[2024-11-04T20:22:00.947+0000] {processor.py:914} INFO - Processing file /home/airflow/.local/lib/python3.12/site-packages/airflow/example_dags/example_local_kubernetes_executor.py for tasks to queue
[2024-11-04T20:22:00.950+0000] {logging_mixin.py:190} INFO - [2024-11-04T20:22:00.949+0000] {dagbag.py:588} INFO - Filling up the DagBag from /home/airflow/.local/lib/python3.12/site-packages/airflow/example_dags/example_local_kubernetes_executor.py
[2024-11-04T20:22:00.960+0000] {processor.py:925} INFO - DAG(s) 'example_local_kubernetes_executor' retrieved from /home/airflow/.local/lib/python3.12/site-packages/airflow/example_dags/example_local_kubernetes_executor.py
[2024-11-04T20:22:00.997+0000] {logging_mixin.py:190} INFO - [2024-11-04T20:22:00.997+0000] {dag.py:3239} INFO - Sync 1 DAGs
[2024-11-04T20:22:01.016+0000] {logging_mixin.py:190} INFO - [2024-11-04T20:22:01.016+0000] {dag.py:4180} INFO - Setting next_dagrun for example_local_kubernetes_executor to None, run_after=None
[2024-11-04T20:22:01.039+0000] {processor.py:208} INFO - Processing /home/airflow/.local/lib/python3.12/site-packages/airflow/example_dags/example_local_kubernetes_executor.py took 0.099 seconds
[2024-11-04T20:22:31.358+0000] {processor.py:186} INFO - Started process (PID=1185) to work on /home/airflow/.local/lib/python3.12/site-packages/airflow/example_dags/example_local_kubernetes_executor.py
[2024-11-04T20:22:31.360+0000] {processor.py:914} INFO - Processing file /home/airflow/.local/lib/python3.12/site-packages/airflow/example_dags/example_local_kubernetes_executor.py for tasks to queue
[2024-11-04T20:22:31.362+0000] {logging_mixin.py:190} INFO - [2024-11-04T20:22:31.362+0000] {dagbag.py:588} INFO - Filling up the DagBag from /home/airflow/.local/lib/python3.12/site-packages/airflow/example_dags/example_local_kubernetes_executor.py
[2024-11-04T20:22:31.373+0000] {processor.py:925} INFO - DAG(s) 'example_local_kubernetes_executor' retrieved from /home/airflow/.local/lib/python3.12/site-packages/airflow/example_dags/example_local_kubernetes_executor.py
[2024-11-04T20:22:31.412+0000] {logging_mixin.py:190} INFO - [2024-11-04T20:22:31.412+0000] {dag.py:3239} INFO - Sync 1 DAGs
[2024-11-04T20:22:31.428+0000] {logging_mixin.py:190} INFO - [2024-11-04T20:22:31.427+0000] {dag.py:4180} INFO - Setting next_dagrun for example_local_kubernetes_executor to None, run_after=None
[2024-11-04T20:22:31.447+0000] {processor.py:208} INFO - Processing /home/airflow/.local/lib/python3.12/site-packages/airflow/example_dags/example_local_kubernetes_executor.py took 0.096 seconds
[2024-11-04T20:23:01.782+0000] {processor.py:186} INFO - Started process (PID=1248) to work on /home/airflow/.local/lib/python3.12/site-packages/airflow/example_dags/example_local_kubernetes_executor.py
[2024-11-04T20:23:01.784+0000] {processor.py:914} INFO - Processing file /home/airflow/.local/lib/python3.12/site-packages/airflow/example_dags/example_local_kubernetes_executor.py for tasks to queue
[2024-11-04T20:23:01.787+0000] {logging_mixin.py:190} INFO - [2024-11-04T20:23:01.787+0000] {dagbag.py:588} INFO - Filling up the DagBag from /home/airflow/.local/lib/python3.12/site-packages/airflow/example_dags/example_local_kubernetes_executor.py
[2024-11-04T20:23:01.799+0000] {processor.py:925} INFO - DAG(s) 'example_local_kubernetes_executor' retrieved from /home/airflow/.local/lib/python3.12/site-packages/airflow/example_dags/example_local_kubernetes_executor.py
[2024-11-04T20:23:01.840+0000] {logging_mixin.py:190} INFO - [2024-11-04T20:23:01.839+0000] {dag.py:3239} INFO - Sync 1 DAGs
[2024-11-04T20:23:01.856+0000] {logging_mixin.py:190} INFO - [2024-11-04T20:23:01.856+0000] {dag.py:4180} INFO - Setting next_dagrun for example_local_kubernetes_executor to None, run_after=None
[2024-11-04T20:23:01.878+0000] {processor.py:208} INFO - Processing /home/airflow/.local/lib/python3.12/site-packages/airflow/example_dags/example_local_kubernetes_executor.py took 0.103 seconds
