[2024-11-04T20:13:43.004+0000] {processor.py:186} INFO - Started process (PID=119) to work on /home/airflow/.local/lib/python3.12/site-packages/airflow/example_dags/example_params_ui_tutorial.py
[2024-11-04T20:13:43.005+0000] {processor.py:914} INFO - Processing file /home/airflow/.local/lib/python3.12/site-packages/airflow/example_dags/example_params_ui_tutorial.py for tasks to queue
[2024-11-04T20:13:43.009+0000] {logging_mixin.py:190} INFO - [2024-11-04T20:13:43.009+0000] {dagbag.py:588} INFO - Filling up the DagBag from /home/airflow/.local/lib/python3.12/site-packages/airflow/example_dags/example_params_ui_tutorial.py
[2024-11-04T20:13:43.025+0000] {processor.py:925} INFO - DAG(s) 'example_params_ui_tutorial' retrieved from /home/airflow/.local/lib/python3.12/site-packages/airflow/example_dags/example_params_ui_tutorial.py
[2024-11-04T20:13:43.317+0000] {logging_mixin.py:190} INFO - [2024-11-04T20:13:43.315+0000] {override.py:1900} INFO - Created Permission View: can edit on DAG:example_params_ui_tutorial
[2024-11-04T20:13:43.338+0000] {logging_mixin.py:190} INFO - [2024-11-04T20:13:43.338+0000] {override.py:1900} INFO - Created Permission View: can read on DAG:example_params_ui_tutorial
[2024-11-04T20:13:43.352+0000] {logging_mixin.py:190} INFO - [2024-11-04T20:13:43.352+0000] {override.py:1900} INFO - Created Permission View: can delete on DAG:example_params_ui_tutorial
[2024-11-04T20:13:43.368+0000] {logging_mixin.py:190} INFO - [2024-11-04T20:13:43.367+0000] {override.py:1900} INFO - Created Permission View: menu access on DAG Run:example_params_ui_tutorial
[2024-11-04T20:13:43.396+0000] {logging_mixin.py:190} INFO - [2024-11-04T20:13:43.394+0000] {override.py:1900} INFO - Created Permission View: can read on DAG Run:example_params_ui_tutorial
[2024-11-04T20:13:43.411+0000] {logging_mixin.py:190} INFO - [2024-11-04T20:13:43.410+0000] {override.py:1900} INFO - Created Permission View: can create on DAG Run:example_params_ui_tutorial
[2024-11-04T20:13:43.426+0000] {logging_mixin.py:190} INFO - [2024-11-04T20:13:43.425+0000] {override.py:1900} INFO - Created Permission View: can delete on DAG Run:example_params_ui_tutorial
[2024-11-04T20:13:43.429+0000] {logging_mixin.py:190} INFO - [2024-11-04T20:13:43.428+0000] {dag.py:3239} INFO - Sync 1 DAGs
[2024-11-04T20:13:43.462+0000] {logging_mixin.py:190} INFO - [2024-11-04T20:13:43.461+0000] {dag.py:3262} INFO - Creating ORM DAG for example_params_ui_tutorial
[2024-11-04T20:13:43.465+0000] {logging_mixin.py:190} INFO - [2024-11-04T20:13:43.464+0000] {dag.py:4180} INFO - Setting next_dagrun for example_params_ui_tutorial to None, run_after=None
[2024-11-04T20:13:43.498+0000] {processor.py:208} INFO - Processing /home/airflow/.local/lib/python3.12/site-packages/airflow/example_dags/example_params_ui_tutorial.py took 0.508 seconds
[2024-11-04T20:14:14.979+0000] {processor.py:186} INFO - Started process (PID=181) to work on /home/airflow/.local/lib/python3.12/site-packages/airflow/example_dags/example_params_ui_tutorial.py
[2024-11-04T20:14:14.981+0000] {processor.py:914} INFO - Processing file /home/airflow/.local/lib/python3.12/site-packages/airflow/example_dags/example_params_ui_tutorial.py for tasks to queue
[2024-11-04T20:14:14.985+0000] {logging_mixin.py:190} INFO - [2024-11-04T20:14:14.984+0000] {dagbag.py:588} INFO - Filling up the DagBag from /home/airflow/.local/lib/python3.12/site-packages/airflow/example_dags/example_params_ui_tutorial.py
[2024-11-04T20:14:15.000+0000] {processor.py:925} INFO - DAG(s) 'example_params_ui_tutorial' retrieved from /home/airflow/.local/lib/python3.12/site-packages/airflow/example_dags/example_params_ui_tutorial.py
[2024-11-04T20:14:15.088+0000] {logging_mixin.py:190} INFO - [2024-11-04T20:14:15.088+0000] {dag.py:3239} INFO - Sync 1 DAGs
[2024-11-04T20:14:15.124+0000] {logging_mixin.py:190} INFO - [2024-11-04T20:14:15.123+0000] {dag.py:4180} INFO - Setting next_dagrun for example_params_ui_tutorial to None, run_after=None
[2024-11-04T20:14:15.186+0000] {processor.py:208} INFO - Processing /home/airflow/.local/lib/python3.12/site-packages/airflow/example_dags/example_params_ui_tutorial.py took 0.216 seconds
[2024-11-04T20:14:46.011+0000] {processor.py:186} INFO - Started process (PID=244) to work on /home/airflow/.local/lib/python3.12/site-packages/airflow/example_dags/example_params_ui_tutorial.py
[2024-11-04T20:14:46.013+0000] {processor.py:914} INFO - Processing file /home/airflow/.local/lib/python3.12/site-packages/airflow/example_dags/example_params_ui_tutorial.py for tasks to queue
[2024-11-04T20:14:46.017+0000] {logging_mixin.py:190} INFO - [2024-11-04T20:14:46.017+0000] {dagbag.py:588} INFO - Filling up the DagBag from /home/airflow/.local/lib/python3.12/site-packages/airflow/example_dags/example_params_ui_tutorial.py
[2024-11-04T20:14:46.028+0000] {processor.py:925} INFO - DAG(s) 'example_params_ui_tutorial' retrieved from /home/airflow/.local/lib/python3.12/site-packages/airflow/example_dags/example_params_ui_tutorial.py
[2024-11-04T20:14:46.089+0000] {logging_mixin.py:190} INFO - [2024-11-04T20:14:46.088+0000] {dag.py:3239} INFO - Sync 1 DAGs
[2024-11-04T20:14:46.106+0000] {logging_mixin.py:190} INFO - [2024-11-04T20:14:46.106+0000] {dag.py:4180} INFO - Setting next_dagrun for example_params_ui_tutorial to None, run_after=None
[2024-11-04T20:14:46.126+0000] {processor.py:208} INFO - Processing /home/airflow/.local/lib/python3.12/site-packages/airflow/example_dags/example_params_ui_tutorial.py took 0.122 seconds
[2024-11-04T20:15:16.280+0000] {processor.py:186} INFO - Started process (PID=306) to work on /home/airflow/.local/lib/python3.12/site-packages/airflow/example_dags/example_params_ui_tutorial.py
[2024-11-04T20:15:16.282+0000] {processor.py:914} INFO - Processing file /home/airflow/.local/lib/python3.12/site-packages/airflow/example_dags/example_params_ui_tutorial.py for tasks to queue
[2024-11-04T20:15:16.285+0000] {logging_mixin.py:190} INFO - [2024-11-04T20:15:16.285+0000] {dagbag.py:588} INFO - Filling up the DagBag from /home/airflow/.local/lib/python3.12/site-packages/airflow/example_dags/example_params_ui_tutorial.py
[2024-11-04T20:15:16.297+0000] {processor.py:925} INFO - DAG(s) 'example_params_ui_tutorial' retrieved from /home/airflow/.local/lib/python3.12/site-packages/airflow/example_dags/example_params_ui_tutorial.py
[2024-11-04T20:15:16.348+0000] {logging_mixin.py:190} INFO - [2024-11-04T20:15:16.348+0000] {dag.py:3239} INFO - Sync 1 DAGs
[2024-11-04T20:15:16.364+0000] {logging_mixin.py:190} INFO - [2024-11-04T20:15:16.364+0000] {dag.py:4180} INFO - Setting next_dagrun for example_params_ui_tutorial to None, run_after=None
[2024-11-04T20:15:16.393+0000] {processor.py:208} INFO - Processing /home/airflow/.local/lib/python3.12/site-packages/airflow/example_dags/example_params_ui_tutorial.py took 0.121 seconds
[2024-11-04T20:15:46.763+0000] {processor.py:186} INFO - Started process (PID=368) to work on /home/airflow/.local/lib/python3.12/site-packages/airflow/example_dags/example_params_ui_tutorial.py
[2024-11-04T20:15:46.765+0000] {processor.py:914} INFO - Processing file /home/airflow/.local/lib/python3.12/site-packages/airflow/example_dags/example_params_ui_tutorial.py for tasks to queue
[2024-11-04T20:15:46.768+0000] {logging_mixin.py:190} INFO - [2024-11-04T20:15:46.768+0000] {dagbag.py:588} INFO - Filling up the DagBag from /home/airflow/.local/lib/python3.12/site-packages/airflow/example_dags/example_params_ui_tutorial.py
[2024-11-04T20:15:46.782+0000] {processor.py:925} INFO - DAG(s) 'example_params_ui_tutorial' retrieved from /home/airflow/.local/lib/python3.12/site-packages/airflow/example_dags/example_params_ui_tutorial.py
[2024-11-04T20:15:46.852+0000] {logging_mixin.py:190} INFO - [2024-11-04T20:15:46.852+0000] {dag.py:3239} INFO - Sync 1 DAGs
[2024-11-04T20:15:46.873+0000] {logging_mixin.py:190} INFO - [2024-11-04T20:15:46.873+0000] {dag.py:4180} INFO - Setting next_dagrun for example_params_ui_tutorial to None, run_after=None
[2024-11-04T20:15:46.901+0000] {processor.py:208} INFO - Processing /home/airflow/.local/lib/python3.12/site-packages/airflow/example_dags/example_params_ui_tutorial.py took 0.146 seconds
[2024-11-04T20:16:17.770+0000] {processor.py:186} INFO - Started process (PID=431) to work on /home/airflow/.local/lib/python3.12/site-packages/airflow/example_dags/example_params_ui_tutorial.py
[2024-11-04T20:16:17.771+0000] {processor.py:914} INFO - Processing file /home/airflow/.local/lib/python3.12/site-packages/airflow/example_dags/example_params_ui_tutorial.py for tasks to queue
[2024-11-04T20:16:17.774+0000] {logging_mixin.py:190} INFO - [2024-11-04T20:16:17.774+0000] {dagbag.py:588} INFO - Filling up the DagBag from /home/airflow/.local/lib/python3.12/site-packages/airflow/example_dags/example_params_ui_tutorial.py
[2024-11-04T20:16:17.785+0000] {processor.py:925} INFO - DAG(s) 'example_params_ui_tutorial' retrieved from /home/airflow/.local/lib/python3.12/site-packages/airflow/example_dags/example_params_ui_tutorial.py
[2024-11-04T20:16:17.842+0000] {logging_mixin.py:190} INFO - [2024-11-04T20:16:17.842+0000] {dag.py:3239} INFO - Sync 1 DAGs
[2024-11-04T20:16:17.861+0000] {logging_mixin.py:190} INFO - [2024-11-04T20:16:17.861+0000] {dag.py:4180} INFO - Setting next_dagrun for example_params_ui_tutorial to None, run_after=None
[2024-11-04T20:16:17.885+0000] {processor.py:208} INFO - Processing /home/airflow/.local/lib/python3.12/site-packages/airflow/example_dags/example_params_ui_tutorial.py took 0.128 seconds
[2024-11-04T20:16:48.477+0000] {processor.py:186} INFO - Started process (PID=493) to work on /home/airflow/.local/lib/python3.12/site-packages/airflow/example_dags/example_params_ui_tutorial.py
[2024-11-04T20:16:48.479+0000] {processor.py:914} INFO - Processing file /home/airflow/.local/lib/python3.12/site-packages/airflow/example_dags/example_params_ui_tutorial.py for tasks to queue
[2024-11-04T20:16:48.483+0000] {logging_mixin.py:190} INFO - [2024-11-04T20:16:48.482+0000] {dagbag.py:588} INFO - Filling up the DagBag from /home/airflow/.local/lib/python3.12/site-packages/airflow/example_dags/example_params_ui_tutorial.py
[2024-11-04T20:16:48.506+0000] {processor.py:925} INFO - DAG(s) 'example_params_ui_tutorial' retrieved from /home/airflow/.local/lib/python3.12/site-packages/airflow/example_dags/example_params_ui_tutorial.py
[2024-11-04T20:16:48.611+0000] {logging_mixin.py:190} INFO - [2024-11-04T20:16:48.610+0000] {dag.py:3239} INFO - Sync 1 DAGs
[2024-11-04T20:16:48.647+0000] {logging_mixin.py:190} INFO - [2024-11-04T20:16:48.646+0000] {dag.py:4180} INFO - Setting next_dagrun for example_params_ui_tutorial to None, run_after=None
[2024-11-04T20:16:48.683+0000] {processor.py:208} INFO - Processing /home/airflow/.local/lib/python3.12/site-packages/airflow/example_dags/example_params_ui_tutorial.py took 0.217 seconds
[2024-11-04T20:17:22.917+0000] {processor.py:186} INFO - Started process (PID=560) to work on /home/airflow/.local/lib/python3.12/site-packages/airflow/example_dags/example_params_ui_tutorial.py
[2024-11-04T20:17:22.920+0000] {processor.py:914} INFO - Processing file /home/airflow/.local/lib/python3.12/site-packages/airflow/example_dags/example_params_ui_tutorial.py for tasks to queue
[2024-11-04T20:17:22.930+0000] {logging_mixin.py:190} INFO - [2024-11-04T20:17:22.927+0000] {dagbag.py:588} INFO - Filling up the DagBag from /home/airflow/.local/lib/python3.12/site-packages/airflow/example_dags/example_params_ui_tutorial.py
[2024-11-04T20:17:22.966+0000] {processor.py:925} INFO - DAG(s) 'example_params_ui_tutorial' retrieved from /home/airflow/.local/lib/python3.12/site-packages/airflow/example_dags/example_params_ui_tutorial.py
[2024-11-04T20:17:23.261+0000] {logging_mixin.py:190} INFO - [2024-11-04T20:17:23.260+0000] {dag.py:3239} INFO - Sync 1 DAGs
[2024-11-04T20:17:23.304+0000] {logging_mixin.py:190} INFO - [2024-11-04T20:17:23.304+0000] {dag.py:4180} INFO - Setting next_dagrun for example_params_ui_tutorial to None, run_after=None
[2024-11-04T20:17:23.387+0000] {processor.py:208} INFO - Processing /home/airflow/.local/lib/python3.12/site-packages/airflow/example_dags/example_params_ui_tutorial.py took 0.478 seconds
[2024-11-04T20:17:53.622+0000] {processor.py:186} INFO - Started process (PID=615) to work on /home/airflow/.local/lib/python3.12/site-packages/airflow/example_dags/example_params_ui_tutorial.py
[2024-11-04T20:17:53.624+0000] {processor.py:914} INFO - Processing file /home/airflow/.local/lib/python3.12/site-packages/airflow/example_dags/example_params_ui_tutorial.py for tasks to queue
[2024-11-04T20:17:53.631+0000] {logging_mixin.py:190} INFO - [2024-11-04T20:17:53.630+0000] {dagbag.py:588} INFO - Filling up the DagBag from /home/airflow/.local/lib/python3.12/site-packages/airflow/example_dags/example_params_ui_tutorial.py
[2024-11-04T20:17:53.671+0000] {processor.py:925} INFO - DAG(s) 'example_params_ui_tutorial' retrieved from /home/airflow/.local/lib/python3.12/site-packages/airflow/example_dags/example_params_ui_tutorial.py
[2024-11-04T20:17:53.778+0000] {logging_mixin.py:190} INFO - [2024-11-04T20:17:53.777+0000] {dag.py:3239} INFO - Sync 1 DAGs
[2024-11-04T20:17:53.800+0000] {logging_mixin.py:190} INFO - [2024-11-04T20:17:53.799+0000] {dag.py:4180} INFO - Setting next_dagrun for example_params_ui_tutorial to None, run_after=None
[2024-11-04T20:17:53.828+0000] {processor.py:208} INFO - Processing /home/airflow/.local/lib/python3.12/site-packages/airflow/example_dags/example_params_ui_tutorial.py took 0.244 seconds
[2024-11-04T20:18:24.541+0000] {processor.py:186} INFO - Started process (PID=679) to work on /home/airflow/.local/lib/python3.12/site-packages/airflow/example_dags/example_params_ui_tutorial.py
[2024-11-04T20:18:24.542+0000] {processor.py:914} INFO - Processing file /home/airflow/.local/lib/python3.12/site-packages/airflow/example_dags/example_params_ui_tutorial.py for tasks to queue
[2024-11-04T20:18:24.545+0000] {logging_mixin.py:190} INFO - [2024-11-04T20:18:24.545+0000] {dagbag.py:588} INFO - Filling up the DagBag from /home/airflow/.local/lib/python3.12/site-packages/airflow/example_dags/example_params_ui_tutorial.py
[2024-11-04T20:18:24.556+0000] {processor.py:925} INFO - DAG(s) 'example_params_ui_tutorial' retrieved from /home/airflow/.local/lib/python3.12/site-packages/airflow/example_dags/example_params_ui_tutorial.py
[2024-11-04T20:18:24.603+0000] {logging_mixin.py:190} INFO - [2024-11-04T20:18:24.602+0000] {dag.py:3239} INFO - Sync 1 DAGs
[2024-11-04T20:18:24.619+0000] {logging_mixin.py:190} INFO - [2024-11-04T20:18:24.619+0000] {dag.py:4180} INFO - Setting next_dagrun for example_params_ui_tutorial to None, run_after=None
[2024-11-04T20:18:24.638+0000] {processor.py:208} INFO - Processing /home/airflow/.local/lib/python3.12/site-packages/airflow/example_dags/example_params_ui_tutorial.py took 0.104 seconds
[2024-11-04T20:18:55.267+0000] {processor.py:186} INFO - Started process (PID=742) to work on /home/airflow/.local/lib/python3.12/site-packages/airflow/example_dags/example_params_ui_tutorial.py
[2024-11-04T20:18:55.270+0000] {processor.py:914} INFO - Processing file /home/airflow/.local/lib/python3.12/site-packages/airflow/example_dags/example_params_ui_tutorial.py for tasks to queue
[2024-11-04T20:18:55.277+0000] {logging_mixin.py:190} INFO - [2024-11-04T20:18:55.277+0000] {dagbag.py:588} INFO - Filling up the DagBag from /home/airflow/.local/lib/python3.12/site-packages/airflow/example_dags/example_params_ui_tutorial.py
[2024-11-04T20:18:55.303+0000] {processor.py:925} INFO - DAG(s) 'example_params_ui_tutorial' retrieved from /home/airflow/.local/lib/python3.12/site-packages/airflow/example_dags/example_params_ui_tutorial.py
[2024-11-04T20:18:55.419+0000] {logging_mixin.py:190} INFO - [2024-11-04T20:18:55.419+0000] {dag.py:3239} INFO - Sync 1 DAGs
[2024-11-04T20:18:55.438+0000] {logging_mixin.py:190} INFO - [2024-11-04T20:18:55.438+0000] {dag.py:4180} INFO - Setting next_dagrun for example_params_ui_tutorial to None, run_after=None
[2024-11-04T20:18:55.464+0000] {processor.py:208} INFO - Processing /home/airflow/.local/lib/python3.12/site-packages/airflow/example_dags/example_params_ui_tutorial.py took 0.208 seconds
[2024-11-04T20:19:26.018+0000] {processor.py:186} INFO - Started process (PID=805) to work on /home/airflow/.local/lib/python3.12/site-packages/airflow/example_dags/example_params_ui_tutorial.py
[2024-11-04T20:19:26.019+0000] {processor.py:914} INFO - Processing file /home/airflow/.local/lib/python3.12/site-packages/airflow/example_dags/example_params_ui_tutorial.py for tasks to queue
[2024-11-04T20:19:26.022+0000] {logging_mixin.py:190} INFO - [2024-11-04T20:19:26.021+0000] {dagbag.py:588} INFO - Filling up the DagBag from /home/airflow/.local/lib/python3.12/site-packages/airflow/example_dags/example_params_ui_tutorial.py
[2024-11-04T20:19:26.032+0000] {processor.py:925} INFO - DAG(s) 'example_params_ui_tutorial' retrieved from /home/airflow/.local/lib/python3.12/site-packages/airflow/example_dags/example_params_ui_tutorial.py
[2024-11-04T20:19:26.080+0000] {logging_mixin.py:190} INFO - [2024-11-04T20:19:26.080+0000] {dag.py:3239} INFO - Sync 1 DAGs
[2024-11-04T20:19:26.099+0000] {logging_mixin.py:190} INFO - [2024-11-04T20:19:26.098+0000] {dag.py:4180} INFO - Setting next_dagrun for example_params_ui_tutorial to None, run_after=None
[2024-11-04T20:19:26.119+0000] {processor.py:208} INFO - Processing /home/airflow/.local/lib/python3.12/site-packages/airflow/example_dags/example_params_ui_tutorial.py took 0.109 seconds
[2024-11-04T20:19:56.494+0000] {processor.py:186} INFO - Started process (PID=868) to work on /home/airflow/.local/lib/python3.12/site-packages/airflow/example_dags/example_params_ui_tutorial.py
[2024-11-04T20:19:56.497+0000] {processor.py:914} INFO - Processing file /home/airflow/.local/lib/python3.12/site-packages/airflow/example_dags/example_params_ui_tutorial.py for tasks to queue
[2024-11-04T20:19:56.500+0000] {logging_mixin.py:190} INFO - [2024-11-04T20:19:56.499+0000] {dagbag.py:588} INFO - Filling up the DagBag from /home/airflow/.local/lib/python3.12/site-packages/airflow/example_dags/example_params_ui_tutorial.py
[2024-11-04T20:19:56.513+0000] {processor.py:925} INFO - DAG(s) 'example_params_ui_tutorial' retrieved from /home/airflow/.local/lib/python3.12/site-packages/airflow/example_dags/example_params_ui_tutorial.py
[2024-11-04T20:19:56.573+0000] {logging_mixin.py:190} INFO - [2024-11-04T20:19:56.573+0000] {dag.py:3239} INFO - Sync 1 DAGs
[2024-11-04T20:19:56.593+0000] {logging_mixin.py:190} INFO - [2024-11-04T20:19:56.593+0000] {dag.py:4180} INFO - Setting next_dagrun for example_params_ui_tutorial to None, run_after=None
[2024-11-04T20:19:56.622+0000] {processor.py:208} INFO - Processing /home/airflow/.local/lib/python3.12/site-packages/airflow/example_dags/example_params_ui_tutorial.py took 0.137 seconds
[2024-11-04T20:20:29.891+0000] {processor.py:186} INFO - Started process (PID=937) to work on /home/airflow/.local/lib/python3.12/site-packages/airflow/example_dags/example_params_ui_tutorial.py
[2024-11-04T20:20:29.892+0000] {processor.py:914} INFO - Processing file /home/airflow/.local/lib/python3.12/site-packages/airflow/example_dags/example_params_ui_tutorial.py for tasks to queue
[2024-11-04T20:20:29.895+0000] {logging_mixin.py:190} INFO - [2024-11-04T20:20:29.895+0000] {dagbag.py:588} INFO - Filling up the DagBag from /home/airflow/.local/lib/python3.12/site-packages/airflow/example_dags/example_params_ui_tutorial.py
[2024-11-04T20:20:29.908+0000] {processor.py:925} INFO - DAG(s) 'example_params_ui_tutorial' retrieved from /home/airflow/.local/lib/python3.12/site-packages/airflow/example_dags/example_params_ui_tutorial.py
[2024-11-04T20:20:29.989+0000] {logging_mixin.py:190} INFO - [2024-11-04T20:20:29.988+0000] {dag.py:3239} INFO - Sync 1 DAGs
[2024-11-04T20:20:30.020+0000] {logging_mixin.py:190} INFO - [2024-11-04T20:20:30.019+0000] {dag.py:4180} INFO - Setting next_dagrun for example_params_ui_tutorial to None, run_after=None
[2024-11-04T20:20:30.045+0000] {processor.py:208} INFO - Processing /home/airflow/.local/lib/python3.12/site-packages/airflow/example_dags/example_params_ui_tutorial.py took 0.162 seconds
[2024-11-04T20:21:00.526+0000] {processor.py:186} INFO - Started process (PID=1000) to work on /home/airflow/.local/lib/python3.12/site-packages/airflow/example_dags/example_params_ui_tutorial.py
[2024-11-04T20:21:00.527+0000] {processor.py:914} INFO - Processing file /home/airflow/.local/lib/python3.12/site-packages/airflow/example_dags/example_params_ui_tutorial.py for tasks to queue
[2024-11-04T20:21:00.530+0000] {logging_mixin.py:190} INFO - [2024-11-04T20:21:00.530+0000] {dagbag.py:588} INFO - Filling up the DagBag from /home/airflow/.local/lib/python3.12/site-packages/airflow/example_dags/example_params_ui_tutorial.py
[2024-11-04T20:21:00.542+0000] {processor.py:925} INFO - DAG(s) 'example_params_ui_tutorial' retrieved from /home/airflow/.local/lib/python3.12/site-packages/airflow/example_dags/example_params_ui_tutorial.py
[2024-11-04T20:21:00.605+0000] {logging_mixin.py:190} INFO - [2024-11-04T20:21:00.604+0000] {dag.py:3239} INFO - Sync 1 DAGs
[2024-11-04T20:21:00.622+0000] {logging_mixin.py:190} INFO - [2024-11-04T20:21:00.622+0000] {dag.py:4180} INFO - Setting next_dagrun for example_params_ui_tutorial to None, run_after=None
[2024-11-04T20:21:00.644+0000] {processor.py:208} INFO - Processing /home/airflow/.local/lib/python3.12/site-packages/airflow/example_dags/example_params_ui_tutorial.py took 0.124 seconds
[2024-11-04T20:21:30.961+0000] {processor.py:186} INFO - Started process (PID=1064) to work on /home/airflow/.local/lib/python3.12/site-packages/airflow/example_dags/example_params_ui_tutorial.py
[2024-11-04T20:21:30.962+0000] {processor.py:914} INFO - Processing file /home/airflow/.local/lib/python3.12/site-packages/airflow/example_dags/example_params_ui_tutorial.py for tasks to queue
[2024-11-04T20:21:30.964+0000] {logging_mixin.py:190} INFO - [2024-11-04T20:21:30.964+0000] {dagbag.py:588} INFO - Filling up the DagBag from /home/airflow/.local/lib/python3.12/site-packages/airflow/example_dags/example_params_ui_tutorial.py
[2024-11-04T20:21:30.975+0000] {processor.py:925} INFO - DAG(s) 'example_params_ui_tutorial' retrieved from /home/airflow/.local/lib/python3.12/site-packages/airflow/example_dags/example_params_ui_tutorial.py
[2024-11-04T20:21:31.023+0000] {logging_mixin.py:190} INFO - [2024-11-04T20:21:31.022+0000] {dag.py:3239} INFO - Sync 1 DAGs
[2024-11-04T20:21:31.041+0000] {logging_mixin.py:190} INFO - [2024-11-04T20:21:31.040+0000] {dag.py:4180} INFO - Setting next_dagrun for example_params_ui_tutorial to None, run_after=None
[2024-11-04T20:21:31.062+0000] {processor.py:208} INFO - Processing /home/airflow/.local/lib/python3.12/site-packages/airflow/example_dags/example_params_ui_tutorial.py took 0.109 seconds
[2024-11-04T20:22:01.322+0000] {processor.py:186} INFO - Started process (PID=1126) to work on /home/airflow/.local/lib/python3.12/site-packages/airflow/example_dags/example_params_ui_tutorial.py
[2024-11-04T20:22:01.323+0000] {processor.py:914} INFO - Processing file /home/airflow/.local/lib/python3.12/site-packages/airflow/example_dags/example_params_ui_tutorial.py for tasks to queue
[2024-11-04T20:22:01.326+0000] {logging_mixin.py:190} INFO - [2024-11-04T20:22:01.326+0000] {dagbag.py:588} INFO - Filling up the DagBag from /home/airflow/.local/lib/python3.12/site-packages/airflow/example_dags/example_params_ui_tutorial.py
[2024-11-04T20:22:01.342+0000] {processor.py:925} INFO - DAG(s) 'example_params_ui_tutorial' retrieved from /home/airflow/.local/lib/python3.12/site-packages/airflow/example_dags/example_params_ui_tutorial.py
[2024-11-04T20:22:01.392+0000] {logging_mixin.py:190} INFO - [2024-11-04T20:22:01.392+0000] {dag.py:3239} INFO - Sync 1 DAGs
[2024-11-04T20:22:01.408+0000] {logging_mixin.py:190} INFO - [2024-11-04T20:22:01.408+0000] {dag.py:4180} INFO - Setting next_dagrun for example_params_ui_tutorial to None, run_after=None
[2024-11-04T20:22:01.426+0000] {processor.py:208} INFO - Processing /home/airflow/.local/lib/python3.12/site-packages/airflow/example_dags/example_params_ui_tutorial.py took 0.112 seconds
[2024-11-04T20:22:31.690+0000] {processor.py:186} INFO - Started process (PID=1189) to work on /home/airflow/.local/lib/python3.12/site-packages/airflow/example_dags/example_params_ui_tutorial.py
[2024-11-04T20:22:31.691+0000] {processor.py:914} INFO - Processing file /home/airflow/.local/lib/python3.12/site-packages/airflow/example_dags/example_params_ui_tutorial.py for tasks to queue
[2024-11-04T20:22:31.694+0000] {logging_mixin.py:190} INFO - [2024-11-04T20:22:31.694+0000] {dagbag.py:588} INFO - Filling up the DagBag from /home/airflow/.local/lib/python3.12/site-packages/airflow/example_dags/example_params_ui_tutorial.py
[2024-11-04T20:22:31.704+0000] {processor.py:925} INFO - DAG(s) 'example_params_ui_tutorial' retrieved from /home/airflow/.local/lib/python3.12/site-packages/airflow/example_dags/example_params_ui_tutorial.py
[2024-11-04T20:22:31.757+0000] {logging_mixin.py:190} INFO - [2024-11-04T20:22:31.757+0000] {dag.py:3239} INFO - Sync 1 DAGs
[2024-11-04T20:22:31.773+0000] {logging_mixin.py:190} INFO - [2024-11-04T20:22:31.773+0000] {dag.py:4180} INFO - Setting next_dagrun for example_params_ui_tutorial to None, run_after=None
[2024-11-04T20:22:31.793+0000] {processor.py:208} INFO - Processing /home/airflow/.local/lib/python3.12/site-packages/airflow/example_dags/example_params_ui_tutorial.py took 0.109 seconds
[2024-11-04T20:23:02.148+0000] {processor.py:186} INFO - Started process (PID=1252) to work on /home/airflow/.local/lib/python3.12/site-packages/airflow/example_dags/example_params_ui_tutorial.py
[2024-11-04T20:23:02.149+0000] {processor.py:914} INFO - Processing file /home/airflow/.local/lib/python3.12/site-packages/airflow/example_dags/example_params_ui_tutorial.py for tasks to queue
[2024-11-04T20:23:02.152+0000] {logging_mixin.py:190} INFO - [2024-11-04T20:23:02.152+0000] {dagbag.py:588} INFO - Filling up the DagBag from /home/airflow/.local/lib/python3.12/site-packages/airflow/example_dags/example_params_ui_tutorial.py
[2024-11-04T20:23:02.163+0000] {processor.py:925} INFO - DAG(s) 'example_params_ui_tutorial' retrieved from /home/airflow/.local/lib/python3.12/site-packages/airflow/example_dags/example_params_ui_tutorial.py
[2024-11-04T20:23:02.214+0000] {logging_mixin.py:190} INFO - [2024-11-04T20:23:02.214+0000] {dag.py:3239} INFO - Sync 1 DAGs
[2024-11-04T20:23:02.231+0000] {logging_mixin.py:190} INFO - [2024-11-04T20:23:02.231+0000] {dag.py:4180} INFO - Setting next_dagrun for example_params_ui_tutorial to None, run_after=None
[2024-11-04T20:23:02.250+0000] {processor.py:208} INFO - Processing /home/airflow/.local/lib/python3.12/site-packages/airflow/example_dags/example_params_ui_tutorial.py took 0.109 seconds
