[2024-11-04T20:13:40.577+0000] {processor.py:186} INFO - Started process (PID=111) to work on /home/airflow/.local/lib/python3.12/site-packages/airflow/example_dags/example_task_group.py
[2024-11-04T20:13:40.615+0000] {processor.py:914} INFO - Processing file /home/airflow/.local/lib/python3.12/site-packages/airflow/example_dags/example_task_group.py for tasks to queue
[2024-11-04T20:13:40.622+0000] {logging_mixin.py:190} INFO - [2024-11-04T20:13:40.621+0000] {dagbag.py:588} INFO - Filling up the DagBag from /home/airflow/.local/lib/python3.12/site-packages/airflow/example_dags/example_task_group.py
[2024-11-04T20:13:40.658+0000] {processor.py:925} INFO - DAG(s) 'example_task_group' retrieved from /home/airflow/.local/lib/python3.12/site-packages/airflow/example_dags/example_task_group.py
[2024-11-04T20:13:40.887+0000] {logging_mixin.py:190} INFO - [2024-11-04T20:13:40.886+0000] {override.py:1900} INFO - Created Permission View: can edit on DAG:example_task_group
[2024-11-04T20:13:40.902+0000] {logging_mixin.py:190} INFO - [2024-11-04T20:13:40.902+0000] {override.py:1900} INFO - Created Permission View: can read on DAG:example_task_group
[2024-11-04T20:13:40.919+0000] {logging_mixin.py:190} INFO - [2024-11-04T20:13:40.919+0000] {override.py:1900} INFO - Created Permission View: can delete on DAG:example_task_group
[2024-11-04T20:13:40.938+0000] {logging_mixin.py:190} INFO - [2024-11-04T20:13:40.937+0000] {override.py:1900} INFO - Created Permission View: menu access on DAG Run:example_task_group
[2024-11-04T20:13:40.964+0000] {logging_mixin.py:190} INFO - [2024-11-04T20:13:40.963+0000] {override.py:1900} INFO - Created Permission View: can read on DAG Run:example_task_group
[2024-11-04T20:13:40.991+0000] {logging_mixin.py:190} INFO - [2024-11-04T20:13:40.990+0000] {override.py:1900} INFO - Created Permission View: can create on DAG Run:example_task_group
[2024-11-04T20:13:41.026+0000] {logging_mixin.py:190} INFO - [2024-11-04T20:13:41.025+0000] {override.py:1900} INFO - Created Permission View: can delete on DAG Run:example_task_group
[2024-11-04T20:13:41.028+0000] {logging_mixin.py:190} INFO - [2024-11-04T20:13:41.027+0000] {dag.py:3239} INFO - Sync 1 DAGs
[2024-11-04T20:13:41.080+0000] {logging_mixin.py:190} INFO - [2024-11-04T20:13:41.080+0000] {dag.py:3262} INFO - Creating ORM DAG for example_task_group
[2024-11-04T20:13:41.082+0000] {logging_mixin.py:190} INFO - [2024-11-04T20:13:41.081+0000] {dag.py:4180} INFO - Setting next_dagrun for example_task_group to None, run_after=None
[2024-11-04T20:13:41.121+0000] {processor.py:208} INFO - Processing /home/airflow/.local/lib/python3.12/site-packages/airflow/example_dags/example_task_group.py took 0.568 seconds
[2024-11-04T20:14:12.145+0000] {processor.py:186} INFO - Started process (PID=173) to work on /home/airflow/.local/lib/python3.12/site-packages/airflow/example_dags/example_task_group.py
[2024-11-04T20:14:12.146+0000] {processor.py:914} INFO - Processing file /home/airflow/.local/lib/python3.12/site-packages/airflow/example_dags/example_task_group.py for tasks to queue
[2024-11-04T20:14:12.151+0000] {logging_mixin.py:190} INFO - [2024-11-04T20:14:12.150+0000] {dagbag.py:588} INFO - Filling up the DagBag from /home/airflow/.local/lib/python3.12/site-packages/airflow/example_dags/example_task_group.py
[2024-11-04T20:14:12.161+0000] {processor.py:925} INFO - DAG(s) 'example_task_group' retrieved from /home/airflow/.local/lib/python3.12/site-packages/airflow/example_dags/example_task_group.py
[2024-11-04T20:14:12.215+0000] {logging_mixin.py:190} INFO - [2024-11-04T20:14:12.214+0000] {dag.py:3239} INFO - Sync 1 DAGs
[2024-11-04T20:14:12.264+0000] {logging_mixin.py:190} INFO - [2024-11-04T20:14:12.264+0000] {dag.py:4180} INFO - Setting next_dagrun for example_task_group to None, run_after=None
[2024-11-04T20:14:12.331+0000] {processor.py:208} INFO - Processing /home/airflow/.local/lib/python3.12/site-packages/airflow/example_dags/example_task_group.py took 0.194 seconds
[2024-11-04T20:14:43.177+0000] {processor.py:186} INFO - Started process (PID=236) to work on /home/airflow/.local/lib/python3.12/site-packages/airflow/example_dags/example_task_group.py
[2024-11-04T20:14:43.178+0000] {processor.py:914} INFO - Processing file /home/airflow/.local/lib/python3.12/site-packages/airflow/example_dags/example_task_group.py for tasks to queue
[2024-11-04T20:14:43.181+0000] {logging_mixin.py:190} INFO - [2024-11-04T20:14:43.180+0000] {dagbag.py:588} INFO - Filling up the DagBag from /home/airflow/.local/lib/python3.12/site-packages/airflow/example_dags/example_task_group.py
[2024-11-04T20:14:43.191+0000] {processor.py:925} INFO - DAG(s) 'example_task_group' retrieved from /home/airflow/.local/lib/python3.12/site-packages/airflow/example_dags/example_task_group.py
[2024-11-04T20:14:43.224+0000] {logging_mixin.py:190} INFO - [2024-11-04T20:14:43.224+0000] {dag.py:3239} INFO - Sync 1 DAGs
[2024-11-04T20:14:43.242+0000] {logging_mixin.py:190} INFO - [2024-11-04T20:14:43.241+0000] {dag.py:4180} INFO - Setting next_dagrun for example_task_group to None, run_after=None
[2024-11-04T20:14:43.268+0000] {processor.py:208} INFO - Processing /home/airflow/.local/lib/python3.12/site-packages/airflow/example_dags/example_task_group.py took 0.098 seconds
[2024-11-04T20:15:13.515+0000] {processor.py:186} INFO - Started process (PID=298) to work on /home/airflow/.local/lib/python3.12/site-packages/airflow/example_dags/example_task_group.py
[2024-11-04T20:15:13.516+0000] {processor.py:914} INFO - Processing file /home/airflow/.local/lib/python3.12/site-packages/airflow/example_dags/example_task_group.py for tasks to queue
[2024-11-04T20:15:13.520+0000] {logging_mixin.py:190} INFO - [2024-11-04T20:15:13.519+0000] {dagbag.py:588} INFO - Filling up the DagBag from /home/airflow/.local/lib/python3.12/site-packages/airflow/example_dags/example_task_group.py
[2024-11-04T20:15:13.532+0000] {processor.py:925} INFO - DAG(s) 'example_task_group' retrieved from /home/airflow/.local/lib/python3.12/site-packages/airflow/example_dags/example_task_group.py
[2024-11-04T20:15:13.563+0000] {logging_mixin.py:190} INFO - [2024-11-04T20:15:13.563+0000] {dag.py:3239} INFO - Sync 1 DAGs
[2024-11-04T20:15:13.583+0000] {logging_mixin.py:190} INFO - [2024-11-04T20:15:13.582+0000] {dag.py:4180} INFO - Setting next_dagrun for example_task_group to None, run_after=None
[2024-11-04T20:15:13.605+0000] {processor.py:208} INFO - Processing /home/airflow/.local/lib/python3.12/site-packages/airflow/example_dags/example_task_group.py took 0.098 seconds
[2024-11-04T20:15:43.873+0000] {processor.py:186} INFO - Started process (PID=360) to work on /home/airflow/.local/lib/python3.12/site-packages/airflow/example_dags/example_task_group.py
[2024-11-04T20:15:43.874+0000] {processor.py:914} INFO - Processing file /home/airflow/.local/lib/python3.12/site-packages/airflow/example_dags/example_task_group.py for tasks to queue
[2024-11-04T20:15:43.877+0000] {logging_mixin.py:190} INFO - [2024-11-04T20:15:43.877+0000] {dagbag.py:588} INFO - Filling up the DagBag from /home/airflow/.local/lib/python3.12/site-packages/airflow/example_dags/example_task_group.py
[2024-11-04T20:15:43.888+0000] {processor.py:925} INFO - DAG(s) 'example_task_group' retrieved from /home/airflow/.local/lib/python3.12/site-packages/airflow/example_dags/example_task_group.py
[2024-11-04T20:15:43.921+0000] {logging_mixin.py:190} INFO - [2024-11-04T20:15:43.921+0000] {dag.py:3239} INFO - Sync 1 DAGs
[2024-11-04T20:15:43.942+0000] {logging_mixin.py:190} INFO - [2024-11-04T20:15:43.941+0000] {dag.py:4180} INFO - Setting next_dagrun for example_task_group to None, run_after=None
[2024-11-04T20:15:43.969+0000] {processor.py:208} INFO - Processing /home/airflow/.local/lib/python3.12/site-packages/airflow/example_dags/example_task_group.py took 0.103 seconds
[2024-11-04T20:16:14.627+0000] {processor.py:186} INFO - Started process (PID=422) to work on /home/airflow/.local/lib/python3.12/site-packages/airflow/example_dags/example_task_group.py
[2024-11-04T20:16:14.634+0000] {processor.py:914} INFO - Processing file /home/airflow/.local/lib/python3.12/site-packages/airflow/example_dags/example_task_group.py for tasks to queue
[2024-11-04T20:16:14.646+0000] {logging_mixin.py:190} INFO - [2024-11-04T20:16:14.645+0000] {dagbag.py:588} INFO - Filling up the DagBag from /home/airflow/.local/lib/python3.12/site-packages/airflow/example_dags/example_task_group.py
[2024-11-04T20:16:14.668+0000] {processor.py:925} INFO - DAG(s) 'example_task_group' retrieved from /home/airflow/.local/lib/python3.12/site-packages/airflow/example_dags/example_task_group.py
[2024-11-04T20:16:14.716+0000] {logging_mixin.py:190} INFO - [2024-11-04T20:16:14.715+0000] {dag.py:3239} INFO - Sync 1 DAGs
[2024-11-04T20:16:14.746+0000] {logging_mixin.py:190} INFO - [2024-11-04T20:16:14.746+0000] {dag.py:4180} INFO - Setting next_dagrun for example_task_group to None, run_after=None
[2024-11-04T20:16:14.787+0000] {processor.py:208} INFO - Processing /home/airflow/.local/lib/python3.12/site-packages/airflow/example_dags/example_task_group.py took 0.167 seconds
[2024-11-04T20:16:45.581+0000] {processor.py:186} INFO - Started process (PID=484) to work on /home/airflow/.local/lib/python3.12/site-packages/airflow/example_dags/example_task_group.py
[2024-11-04T20:16:45.592+0000] {processor.py:914} INFO - Processing file /home/airflow/.local/lib/python3.12/site-packages/airflow/example_dags/example_task_group.py for tasks to queue
[2024-11-04T20:16:45.596+0000] {logging_mixin.py:190} INFO - [2024-11-04T20:16:45.595+0000] {dagbag.py:588} INFO - Filling up the DagBag from /home/airflow/.local/lib/python3.12/site-packages/airflow/example_dags/example_task_group.py
[2024-11-04T20:16:45.639+0000] {processor.py:925} INFO - DAG(s) 'example_task_group' retrieved from /home/airflow/.local/lib/python3.12/site-packages/airflow/example_dags/example_task_group.py
[2024-11-04T20:16:45.728+0000] {logging_mixin.py:190} INFO - [2024-11-04T20:16:45.727+0000] {dag.py:3239} INFO - Sync 1 DAGs
[2024-11-04T20:16:45.767+0000] {logging_mixin.py:190} INFO - [2024-11-04T20:16:45.766+0000] {dag.py:4180} INFO - Setting next_dagrun for example_task_group to None, run_after=None
[2024-11-04T20:16:45.795+0000] {processor.py:208} INFO - Processing /home/airflow/.local/lib/python3.12/site-packages/airflow/example_dags/example_task_group.py took 0.223 seconds
[2024-11-04T20:17:17.083+0000] {processor.py:186} INFO - Started process (PID=546) to work on /home/airflow/.local/lib/python3.12/site-packages/airflow/example_dags/example_task_group.py
[2024-11-04T20:17:17.092+0000] {processor.py:914} INFO - Processing file /home/airflow/.local/lib/python3.12/site-packages/airflow/example_dags/example_task_group.py for tasks to queue
[2024-11-04T20:17:17.113+0000] {logging_mixin.py:190} INFO - [2024-11-04T20:17:17.112+0000] {dagbag.py:588} INFO - Filling up the DagBag from /home/airflow/.local/lib/python3.12/site-packages/airflow/example_dags/example_task_group.py
[2024-11-04T20:17:17.161+0000] {processor.py:925} INFO - DAG(s) 'example_task_group' retrieved from /home/airflow/.local/lib/python3.12/site-packages/airflow/example_dags/example_task_group.py
[2024-11-04T20:17:17.242+0000] {logging_mixin.py:190} INFO - [2024-11-04T20:17:17.242+0000] {dag.py:3239} INFO - Sync 1 DAGs
[2024-11-04T20:17:17.299+0000] {logging_mixin.py:190} INFO - [2024-11-04T20:17:17.299+0000] {dag.py:4180} INFO - Setting next_dagrun for example_task_group to None, run_after=None
[2024-11-04T20:17:17.474+0000] {processor.py:208} INFO - Processing /home/airflow/.local/lib/python3.12/site-packages/airflow/example_dags/example_task_group.py took 0.413 seconds
[2024-11-04T20:17:48.301+0000] {processor.py:186} INFO - Started process (PID=606) to work on /home/airflow/.local/lib/python3.12/site-packages/airflow/example_dags/example_task_group.py
[2024-11-04T20:17:48.303+0000] {processor.py:914} INFO - Processing file /home/airflow/.local/lib/python3.12/site-packages/airflow/example_dags/example_task_group.py for tasks to queue
[2024-11-04T20:17:48.310+0000] {logging_mixin.py:190} INFO - [2024-11-04T20:17:48.309+0000] {dagbag.py:588} INFO - Filling up the DagBag from /home/airflow/.local/lib/python3.12/site-packages/airflow/example_dags/example_task_group.py
[2024-11-04T20:17:48.337+0000] {processor.py:925} INFO - DAG(s) 'example_task_group' retrieved from /home/airflow/.local/lib/python3.12/site-packages/airflow/example_dags/example_task_group.py
[2024-11-04T20:17:48.422+0000] {logging_mixin.py:190} INFO - [2024-11-04T20:17:48.421+0000] {dag.py:3239} INFO - Sync 1 DAGs
[2024-11-04T20:17:48.459+0000] {logging_mixin.py:190} INFO - [2024-11-04T20:17:48.458+0000] {dag.py:4180} INFO - Setting next_dagrun for example_task_group to None, run_after=None
[2024-11-04T20:17:48.518+0000] {processor.py:208} INFO - Processing /home/airflow/.local/lib/python3.12/site-packages/airflow/example_dags/example_task_group.py took 0.228 seconds
[2024-11-04T20:18:18.659+0000] {processor.py:186} INFO - Started process (PID=669) to work on /home/airflow/.local/lib/python3.12/site-packages/airflow/example_dags/example_task_group.py
[2024-11-04T20:18:18.660+0000] {processor.py:914} INFO - Processing file /home/airflow/.local/lib/python3.12/site-packages/airflow/example_dags/example_task_group.py for tasks to queue
[2024-11-04T20:18:18.663+0000] {logging_mixin.py:190} INFO - [2024-11-04T20:18:18.663+0000] {dagbag.py:588} INFO - Filling up the DagBag from /home/airflow/.local/lib/python3.12/site-packages/airflow/example_dags/example_task_group.py
[2024-11-04T20:18:18.673+0000] {processor.py:925} INFO - DAG(s) 'example_task_group' retrieved from /home/airflow/.local/lib/python3.12/site-packages/airflow/example_dags/example_task_group.py
[2024-11-04T20:18:18.698+0000] {logging_mixin.py:190} INFO - [2024-11-04T20:18:18.698+0000] {dag.py:3239} INFO - Sync 1 DAGs
[2024-11-04T20:18:18.715+0000] {logging_mixin.py:190} INFO - [2024-11-04T20:18:18.714+0000] {dag.py:4180} INFO - Setting next_dagrun for example_task_group to None, run_after=None
[2024-11-04T20:18:18.740+0000] {processor.py:208} INFO - Processing /home/airflow/.local/lib/python3.12/site-packages/airflow/example_dags/example_task_group.py took 0.088 seconds
[2024-11-04T20:18:49.373+0000] {processor.py:186} INFO - Started process (PID=732) to work on /home/airflow/.local/lib/python3.12/site-packages/airflow/example_dags/example_task_group.py
[2024-11-04T20:18:49.374+0000] {processor.py:914} INFO - Processing file /home/airflow/.local/lib/python3.12/site-packages/airflow/example_dags/example_task_group.py for tasks to queue
[2024-11-04T20:18:49.376+0000] {logging_mixin.py:190} INFO - [2024-11-04T20:18:49.376+0000] {dagbag.py:588} INFO - Filling up the DagBag from /home/airflow/.local/lib/python3.12/site-packages/airflow/example_dags/example_task_group.py
[2024-11-04T20:18:49.388+0000] {processor.py:925} INFO - DAG(s) 'example_task_group' retrieved from /home/airflow/.local/lib/python3.12/site-packages/airflow/example_dags/example_task_group.py
[2024-11-04T20:18:49.415+0000] {logging_mixin.py:190} INFO - [2024-11-04T20:18:49.415+0000] {dag.py:3239} INFO - Sync 1 DAGs
[2024-11-04T20:18:49.435+0000] {logging_mixin.py:190} INFO - [2024-11-04T20:18:49.435+0000] {dag.py:4180} INFO - Setting next_dagrun for example_task_group to None, run_after=None
[2024-11-04T20:18:49.461+0000] {processor.py:208} INFO - Processing /home/airflow/.local/lib/python3.12/site-packages/airflow/example_dags/example_task_group.py took 0.096 seconds
[2024-11-04T20:19:20.028+0000] {processor.py:186} INFO - Started process (PID=795) to work on /home/airflow/.local/lib/python3.12/site-packages/airflow/example_dags/example_task_group.py
[2024-11-04T20:19:20.031+0000] {processor.py:914} INFO - Processing file /home/airflow/.local/lib/python3.12/site-packages/airflow/example_dags/example_task_group.py for tasks to queue
[2024-11-04T20:19:20.049+0000] {logging_mixin.py:190} INFO - [2024-11-04T20:19:20.048+0000] {dagbag.py:588} INFO - Filling up the DagBag from /home/airflow/.local/lib/python3.12/site-packages/airflow/example_dags/example_task_group.py
[2024-11-04T20:19:20.078+0000] {processor.py:925} INFO - DAG(s) 'example_task_group' retrieved from /home/airflow/.local/lib/python3.12/site-packages/airflow/example_dags/example_task_group.py
[2024-11-04T20:19:20.128+0000] {logging_mixin.py:190} INFO - [2024-11-04T20:19:20.128+0000] {dag.py:3239} INFO - Sync 1 DAGs
[2024-11-04T20:19:20.149+0000] {logging_mixin.py:190} INFO - [2024-11-04T20:19:20.149+0000] {dag.py:4180} INFO - Setting next_dagrun for example_task_group to None, run_after=None
[2024-11-04T20:19:20.176+0000] {processor.py:208} INFO - Processing /home/airflow/.local/lib/python3.12/site-packages/airflow/example_dags/example_task_group.py took 0.163 seconds
[2024-11-04T20:19:52.247+0000] {processor.py:186} INFO - Started process (PID=858) to work on /home/airflow/.local/lib/python3.12/site-packages/airflow/example_dags/example_task_group.py
[2024-11-04T20:19:52.255+0000] {processor.py:914} INFO - Processing file /home/airflow/.local/lib/python3.12/site-packages/airflow/example_dags/example_task_group.py for tasks to queue
[2024-11-04T20:19:52.268+0000] {logging_mixin.py:190} INFO - [2024-11-04T20:19:52.268+0000] {dagbag.py:588} INFO - Filling up the DagBag from /home/airflow/.local/lib/python3.12/site-packages/airflow/example_dags/example_task_group.py
[2024-11-04T20:19:52.329+0000] {processor.py:925} INFO - DAG(s) 'example_task_group' retrieved from /home/airflow/.local/lib/python3.12/site-packages/airflow/example_dags/example_task_group.py
[2024-11-04T20:19:52.488+0000] {logging_mixin.py:190} INFO - [2024-11-04T20:19:52.488+0000] {dag.py:3239} INFO - Sync 1 DAGs
[2024-11-04T20:19:52.546+0000] {logging_mixin.py:190} INFO - [2024-11-04T20:19:52.545+0000] {dag.py:4180} INFO - Setting next_dagrun for example_task_group to None, run_after=None
[2024-11-04T20:19:52.681+0000] {processor.py:208} INFO - Processing /home/airflow/.local/lib/python3.12/site-packages/airflow/example_dags/example_task_group.py took 0.453 seconds
[2024-11-04T20:20:24.058+0000] {processor.py:186} INFO - Started process (PID=921) to work on /home/airflow/.local/lib/python3.12/site-packages/airflow/example_dags/example_task_group.py
[2024-11-04T20:20:24.061+0000] {processor.py:914} INFO - Processing file /home/airflow/.local/lib/python3.12/site-packages/airflow/example_dags/example_task_group.py for tasks to queue
[2024-11-04T20:20:24.065+0000] {logging_mixin.py:190} INFO - [2024-11-04T20:20:24.064+0000] {dagbag.py:588} INFO - Filling up the DagBag from /home/airflow/.local/lib/python3.12/site-packages/airflow/example_dags/example_task_group.py
[2024-11-04T20:20:24.085+0000] {processor.py:925} INFO - DAG(s) 'example_task_group' retrieved from /home/airflow/.local/lib/python3.12/site-packages/airflow/example_dags/example_task_group.py
[2024-11-04T20:20:24.126+0000] {logging_mixin.py:190} INFO - [2024-11-04T20:20:24.126+0000] {dag.py:3239} INFO - Sync 1 DAGs
[2024-11-04T20:20:24.154+0000] {logging_mixin.py:190} INFO - [2024-11-04T20:20:24.154+0000] {dag.py:4180} INFO - Setting next_dagrun for example_task_group to None, run_after=None
[2024-11-04T20:20:24.198+0000] {processor.py:208} INFO - Processing /home/airflow/.local/lib/python3.12/site-packages/airflow/example_dags/example_task_group.py took 0.152 seconds
[2024-11-04T20:20:54.626+0000] {processor.py:186} INFO - Started process (PID=984) to work on /home/airflow/.local/lib/python3.12/site-packages/airflow/example_dags/example_task_group.py
[2024-11-04T20:20:54.627+0000] {processor.py:914} INFO - Processing file /home/airflow/.local/lib/python3.12/site-packages/airflow/example_dags/example_task_group.py for tasks to queue
[2024-11-04T20:20:54.630+0000] {logging_mixin.py:190} INFO - [2024-11-04T20:20:54.630+0000] {dagbag.py:588} INFO - Filling up the DagBag from /home/airflow/.local/lib/python3.12/site-packages/airflow/example_dags/example_task_group.py
[2024-11-04T20:20:54.642+0000] {processor.py:925} INFO - DAG(s) 'example_task_group' retrieved from /home/airflow/.local/lib/python3.12/site-packages/airflow/example_dags/example_task_group.py
[2024-11-04T20:20:54.669+0000] {logging_mixin.py:190} INFO - [2024-11-04T20:20:54.669+0000] {dag.py:3239} INFO - Sync 1 DAGs
[2024-11-04T20:20:54.687+0000] {logging_mixin.py:190} INFO - [2024-11-04T20:20:54.687+0000] {dag.py:4180} INFO - Setting next_dagrun for example_task_group to None, run_after=None
[2024-11-04T20:20:54.710+0000] {processor.py:208} INFO - Processing /home/airflow/.local/lib/python3.12/site-packages/airflow/example_dags/example_task_group.py took 0.091 seconds
[2024-11-04T20:21:24.945+0000] {processor.py:186} INFO - Started process (PID=1047) to work on /home/airflow/.local/lib/python3.12/site-packages/airflow/example_dags/example_task_group.py
[2024-11-04T20:21:24.946+0000] {processor.py:914} INFO - Processing file /home/airflow/.local/lib/python3.12/site-packages/airflow/example_dags/example_task_group.py for tasks to queue
[2024-11-04T20:21:24.951+0000] {logging_mixin.py:190} INFO - [2024-11-04T20:21:24.950+0000] {dagbag.py:588} INFO - Filling up the DagBag from /home/airflow/.local/lib/python3.12/site-packages/airflow/example_dags/example_task_group.py
[2024-11-04T20:21:24.961+0000] {processor.py:925} INFO - DAG(s) 'example_task_group' retrieved from /home/airflow/.local/lib/python3.12/site-packages/airflow/example_dags/example_task_group.py
[2024-11-04T20:21:24.986+0000] {logging_mixin.py:190} INFO - [2024-11-04T20:21:24.986+0000] {dag.py:3239} INFO - Sync 1 DAGs
[2024-11-04T20:21:25.005+0000] {logging_mixin.py:190} INFO - [2024-11-04T20:21:25.005+0000] {dag.py:4180} INFO - Setting next_dagrun for example_task_group to None, run_after=None
[2024-11-04T20:21:25.030+0000] {processor.py:208} INFO - Processing /home/airflow/.local/lib/python3.12/site-packages/airflow/example_dags/example_task_group.py took 0.092 seconds
[2024-11-04T20:21:55.408+0000] {processor.py:186} INFO - Started process (PID=1110) to work on /home/airflow/.local/lib/python3.12/site-packages/airflow/example_dags/example_task_group.py
[2024-11-04T20:21:55.410+0000] {processor.py:914} INFO - Processing file /home/airflow/.local/lib/python3.12/site-packages/airflow/example_dags/example_task_group.py for tasks to queue
[2024-11-04T20:21:55.412+0000] {logging_mixin.py:190} INFO - [2024-11-04T20:21:55.412+0000] {dagbag.py:588} INFO - Filling up the DagBag from /home/airflow/.local/lib/python3.12/site-packages/airflow/example_dags/example_task_group.py
[2024-11-04T20:21:55.422+0000] {processor.py:925} INFO - DAG(s) 'example_task_group' retrieved from /home/airflow/.local/lib/python3.12/site-packages/airflow/example_dags/example_task_group.py
[2024-11-04T20:21:55.446+0000] {logging_mixin.py:190} INFO - [2024-11-04T20:21:55.446+0000] {dag.py:3239} INFO - Sync 1 DAGs
[2024-11-04T20:21:55.463+0000] {logging_mixin.py:190} INFO - [2024-11-04T20:21:55.462+0000] {dag.py:4180} INFO - Setting next_dagrun for example_task_group to None, run_after=None
[2024-11-04T20:21:55.488+0000] {processor.py:208} INFO - Processing /home/airflow/.local/lib/python3.12/site-packages/airflow/example_dags/example_task_group.py took 0.086 seconds
[2024-11-04T20:22:25.832+0000] {processor.py:186} INFO - Started process (PID=1172) to work on /home/airflow/.local/lib/python3.12/site-packages/airflow/example_dags/example_task_group.py
[2024-11-04T20:22:25.834+0000] {processor.py:914} INFO - Processing file /home/airflow/.local/lib/python3.12/site-packages/airflow/example_dags/example_task_group.py for tasks to queue
[2024-11-04T20:22:25.836+0000] {logging_mixin.py:190} INFO - [2024-11-04T20:22:25.836+0000] {dagbag.py:588} INFO - Filling up the DagBag from /home/airflow/.local/lib/python3.12/site-packages/airflow/example_dags/example_task_group.py
[2024-11-04T20:22:25.846+0000] {processor.py:925} INFO - DAG(s) 'example_task_group' retrieved from /home/airflow/.local/lib/python3.12/site-packages/airflow/example_dags/example_task_group.py
[2024-11-04T20:22:25.869+0000] {logging_mixin.py:190} INFO - [2024-11-04T20:22:25.869+0000] {dag.py:3239} INFO - Sync 1 DAGs
[2024-11-04T20:22:25.886+0000] {logging_mixin.py:190} INFO - [2024-11-04T20:22:25.886+0000] {dag.py:4180} INFO - Setting next_dagrun for example_task_group to None, run_after=None
[2024-11-04T20:22:25.906+0000] {processor.py:208} INFO - Processing /home/airflow/.local/lib/python3.12/site-packages/airflow/example_dags/example_task_group.py took 0.080 seconds
[2024-11-04T20:22:56.277+0000] {processor.py:186} INFO - Started process (PID=1235) to work on /home/airflow/.local/lib/python3.12/site-packages/airflow/example_dags/example_task_group.py
[2024-11-04T20:22:56.278+0000] {processor.py:914} INFO - Processing file /home/airflow/.local/lib/python3.12/site-packages/airflow/example_dags/example_task_group.py for tasks to queue
[2024-11-04T20:22:56.281+0000] {logging_mixin.py:190} INFO - [2024-11-04T20:22:56.280+0000] {dagbag.py:588} INFO - Filling up the DagBag from /home/airflow/.local/lib/python3.12/site-packages/airflow/example_dags/example_task_group.py
[2024-11-04T20:22:56.290+0000] {processor.py:925} INFO - DAG(s) 'example_task_group' retrieved from /home/airflow/.local/lib/python3.12/site-packages/airflow/example_dags/example_task_group.py
[2024-11-04T20:22:56.314+0000] {logging_mixin.py:190} INFO - [2024-11-04T20:22:56.313+0000] {dag.py:3239} INFO - Sync 1 DAGs
[2024-11-04T20:22:56.331+0000] {logging_mixin.py:190} INFO - [2024-11-04T20:22:56.331+0000] {dag.py:4180} INFO - Setting next_dagrun for example_task_group to None, run_after=None
[2024-11-04T20:22:56.353+0000] {processor.py:208} INFO - Processing /home/airflow/.local/lib/python3.12/site-packages/airflow/example_dags/example_task_group.py took 0.083 seconds
