[2024-11-04T20:13:42.569+0000] {processor.py:186} INFO - Started process (PID=118) to work on /home/airflow/.local/lib/python3.12/site-packages/airflow/example_dags/tutorial.py
[2024-11-04T20:13:42.571+0000] {processor.py:914} INFO - Processing file /home/airflow/.local/lib/python3.12/site-packages/airflow/example_dags/tutorial.py for tasks to queue
[2024-11-04T20:13:42.578+0000] {logging_mixin.py:190} INFO - [2024-11-04T20:13:42.577+0000] {dagbag.py:588} INFO - Filling up the DagBag from /home/airflow/.local/lib/python3.12/site-packages/airflow/example_dags/tutorial.py
[2024-11-04T20:13:42.600+0000] {processor.py:925} INFO - DAG(s) 'tutorial' retrieved from /home/airflow/.local/lib/python3.12/site-packages/airflow/example_dags/tutorial.py
[2024-11-04T20:13:42.772+0000] {logging_mixin.py:190} INFO - [2024-11-04T20:13:42.771+0000] {override.py:1900} INFO - Created Permission View: can edit on DAG:tutorial
[2024-11-04T20:13:42.797+0000] {logging_mixin.py:190} INFO - [2024-11-04T20:13:42.796+0000] {override.py:1900} INFO - Created Permission View: can read on DAG:tutorial
[2024-11-04T20:13:42.806+0000] {logging_mixin.py:190} INFO - [2024-11-04T20:13:42.805+0000] {override.py:1900} INFO - Created Permission View: can delete on DAG:tutorial
[2024-11-04T20:13:42.817+0000] {logging_mixin.py:190} INFO - [2024-11-04T20:13:42.817+0000] {override.py:1900} INFO - Created Permission View: menu access on DAG Run:tutorial
[2024-11-04T20:13:42.828+0000] {logging_mixin.py:190} INFO - [2024-11-04T20:13:42.827+0000] {override.py:1900} INFO - Created Permission View: can read on DAG Run:tutorial
[2024-11-04T20:13:42.838+0000] {logging_mixin.py:190} INFO - [2024-11-04T20:13:42.838+0000] {override.py:1900} INFO - Created Permission View: can create on DAG Run:tutorial
[2024-11-04T20:13:42.854+0000] {logging_mixin.py:190} INFO - [2024-11-04T20:13:42.854+0000] {override.py:1900} INFO - Created Permission View: can delete on DAG Run:tutorial
[2024-11-04T20:13:42.855+0000] {logging_mixin.py:190} INFO - [2024-11-04T20:13:42.855+0000] {dag.py:3239} INFO - Sync 1 DAGs
[2024-11-04T20:13:42.879+0000] {logging_mixin.py:190} INFO - [2024-11-04T20:13:42.878+0000] {dag.py:3262} INFO - Creating ORM DAG for tutorial
[2024-11-04T20:13:42.897+0000] {logging_mixin.py:190} INFO - [2024-11-04T20:13:42.896+0000] {dag.py:4180} INFO - Setting next_dagrun for tutorial to 2024-11-03 00:00:00+00:00, run_after=2024-11-04 00:00:00+00:00
[2024-11-04T20:13:42.934+0000] {processor.py:208} INFO - Processing /home/airflow/.local/lib/python3.12/site-packages/airflow/example_dags/tutorial.py took 0.374 seconds
[2024-11-04T20:14:14.714+0000] {processor.py:186} INFO - Started process (PID=180) to work on /home/airflow/.local/lib/python3.12/site-packages/airflow/example_dags/tutorial.py
[2024-11-04T20:14:14.725+0000] {processor.py:914} INFO - Processing file /home/airflow/.local/lib/python3.12/site-packages/airflow/example_dags/tutorial.py for tasks to queue
[2024-11-04T20:14:14.730+0000] {logging_mixin.py:190} INFO - [2024-11-04T20:14:14.730+0000] {dagbag.py:588} INFO - Filling up the DagBag from /home/airflow/.local/lib/python3.12/site-packages/airflow/example_dags/tutorial.py
[2024-11-04T20:14:14.756+0000] {processor.py:925} INFO - DAG(s) 'tutorial' retrieved from /home/airflow/.local/lib/python3.12/site-packages/airflow/example_dags/tutorial.py
[2024-11-04T20:14:14.800+0000] {logging_mixin.py:190} INFO - [2024-11-04T20:14:14.799+0000] {dag.py:3239} INFO - Sync 1 DAGs
[2024-11-04T20:14:14.847+0000] {logging_mixin.py:190} INFO - [2024-11-04T20:14:14.846+0000] {dag.py:4180} INFO - Setting next_dagrun for tutorial to 2024-11-03 00:00:00+00:00, run_after=2024-11-04 00:00:00+00:00
[2024-11-04T20:14:14.904+0000] {processor.py:208} INFO - Processing /home/airflow/.local/lib/python3.12/site-packages/airflow/example_dags/tutorial.py took 0.199 seconds
[2024-11-04T20:14:45.885+0000] {processor.py:186} INFO - Started process (PID=243) to work on /home/airflow/.local/lib/python3.12/site-packages/airflow/example_dags/tutorial.py
[2024-11-04T20:14:45.886+0000] {processor.py:914} INFO - Processing file /home/airflow/.local/lib/python3.12/site-packages/airflow/example_dags/tutorial.py for tasks to queue
[2024-11-04T20:14:45.889+0000] {logging_mixin.py:190} INFO - [2024-11-04T20:14:45.889+0000] {dagbag.py:588} INFO - Filling up the DagBag from /home/airflow/.local/lib/python3.12/site-packages/airflow/example_dags/tutorial.py
[2024-11-04T20:14:45.899+0000] {processor.py:925} INFO - DAG(s) 'tutorial' retrieved from /home/airflow/.local/lib/python3.12/site-packages/airflow/example_dags/tutorial.py
[2024-11-04T20:14:45.922+0000] {logging_mixin.py:190} INFO - [2024-11-04T20:14:45.922+0000] {dag.py:3239} INFO - Sync 1 DAGs
[2024-11-04T20:14:45.948+0000] {logging_mixin.py:190} INFO - [2024-11-04T20:14:45.948+0000] {dag.py:4180} INFO - Setting next_dagrun for tutorial to 2024-11-03 00:00:00+00:00, run_after=2024-11-04 00:00:00+00:00
[2024-11-04T20:14:45.971+0000] {processor.py:208} INFO - Processing /home/airflow/.local/lib/python3.12/site-packages/airflow/example_dags/tutorial.py took 0.092 seconds
[2024-11-04T20:15:16.131+0000] {processor.py:186} INFO - Started process (PID=305) to work on /home/airflow/.local/lib/python3.12/site-packages/airflow/example_dags/tutorial.py
[2024-11-04T20:15:16.133+0000] {processor.py:914} INFO - Processing file /home/airflow/.local/lib/python3.12/site-packages/airflow/example_dags/tutorial.py for tasks to queue
[2024-11-04T20:15:16.141+0000] {logging_mixin.py:190} INFO - [2024-11-04T20:15:16.140+0000] {dagbag.py:588} INFO - Filling up the DagBag from /home/airflow/.local/lib/python3.12/site-packages/airflow/example_dags/tutorial.py
[2024-11-04T20:15:16.152+0000] {processor.py:925} INFO - DAG(s) 'tutorial' retrieved from /home/airflow/.local/lib/python3.12/site-packages/airflow/example_dags/tutorial.py
[2024-11-04T20:15:16.173+0000] {logging_mixin.py:190} INFO - [2024-11-04T20:15:16.173+0000] {dag.py:3239} INFO - Sync 1 DAGs
[2024-11-04T20:15:16.208+0000] {logging_mixin.py:190} INFO - [2024-11-04T20:15:16.208+0000] {dag.py:4180} INFO - Setting next_dagrun for tutorial to 2024-11-03 00:00:00+00:00, run_after=2024-11-04 00:00:00+00:00
[2024-11-04T20:15:16.235+0000] {processor.py:208} INFO - Processing /home/airflow/.local/lib/python3.12/site-packages/airflow/example_dags/tutorial.py took 0.112 seconds
[2024-11-04T20:15:46.576+0000] {processor.py:186} INFO - Started process (PID=367) to work on /home/airflow/.local/lib/python3.12/site-packages/airflow/example_dags/tutorial.py
[2024-11-04T20:15:46.578+0000] {processor.py:914} INFO - Processing file /home/airflow/.local/lib/python3.12/site-packages/airflow/example_dags/tutorial.py for tasks to queue
[2024-11-04T20:15:46.588+0000] {logging_mixin.py:190} INFO - [2024-11-04T20:15:46.587+0000] {dagbag.py:588} INFO - Filling up the DagBag from /home/airflow/.local/lib/python3.12/site-packages/airflow/example_dags/tutorial.py
[2024-11-04T20:15:46.599+0000] {processor.py:925} INFO - DAG(s) 'tutorial' retrieved from /home/airflow/.local/lib/python3.12/site-packages/airflow/example_dags/tutorial.py
[2024-11-04T20:15:46.631+0000] {logging_mixin.py:190} INFO - [2024-11-04T20:15:46.631+0000] {dag.py:3239} INFO - Sync 1 DAGs
[2024-11-04T20:15:46.675+0000] {logging_mixin.py:190} INFO - [2024-11-04T20:15:46.675+0000] {dag.py:4180} INFO - Setting next_dagrun for tutorial to 2024-11-03 00:00:00+00:00, run_after=2024-11-04 00:00:00+00:00
[2024-11-04T20:15:46.708+0000] {processor.py:208} INFO - Processing /home/airflow/.local/lib/python3.12/site-packages/airflow/example_dags/tutorial.py took 0.140 seconds
[2024-11-04T20:16:17.706+0000] {processor.py:186} INFO - Started process (PID=430) to work on /home/airflow/.local/lib/python3.12/site-packages/airflow/example_dags/tutorial.py
[2024-11-04T20:16:17.707+0000] {processor.py:914} INFO - Processing file /home/airflow/.local/lib/python3.12/site-packages/airflow/example_dags/tutorial.py for tasks to queue
[2024-11-04T20:16:17.710+0000] {logging_mixin.py:190} INFO - [2024-11-04T20:16:17.709+0000] {dagbag.py:588} INFO - Filling up the DagBag from /home/airflow/.local/lib/python3.12/site-packages/airflow/example_dags/tutorial.py
[2024-11-04T20:16:17.719+0000] {processor.py:925} INFO - DAG(s) 'tutorial' retrieved from /home/airflow/.local/lib/python3.12/site-packages/airflow/example_dags/tutorial.py
[2024-11-04T20:16:17.744+0000] {logging_mixin.py:190} INFO - [2024-11-04T20:16:17.744+0000] {dag.py:3239} INFO - Sync 1 DAGs
[2024-11-04T20:16:17.782+0000] {logging_mixin.py:190} INFO - [2024-11-04T20:16:17.782+0000] {dag.py:4180} INFO - Setting next_dagrun for tutorial to 2024-11-03 00:00:00+00:00, run_after=2024-11-04 00:00:00+00:00
[2024-11-04T20:16:17.805+0000] {processor.py:208} INFO - Processing /home/airflow/.local/lib/python3.12/site-packages/airflow/example_dags/tutorial.py took 0.109 seconds
[2024-11-04T20:16:48.397+0000] {processor.py:186} INFO - Started process (PID=492) to work on /home/airflow/.local/lib/python3.12/site-packages/airflow/example_dags/tutorial.py
[2024-11-04T20:16:48.398+0000] {processor.py:914} INFO - Processing file /home/airflow/.local/lib/python3.12/site-packages/airflow/example_dags/tutorial.py for tasks to queue
[2024-11-04T20:16:48.402+0000] {logging_mixin.py:190} INFO - [2024-11-04T20:16:48.402+0000] {dagbag.py:588} INFO - Filling up the DagBag from /home/airflow/.local/lib/python3.12/site-packages/airflow/example_dags/tutorial.py
[2024-11-04T20:16:48.421+0000] {processor.py:925} INFO - DAG(s) 'tutorial' retrieved from /home/airflow/.local/lib/python3.12/site-packages/airflow/example_dags/tutorial.py
[2024-11-04T20:16:48.454+0000] {logging_mixin.py:190} INFO - [2024-11-04T20:16:48.454+0000] {dag.py:3239} INFO - Sync 1 DAGs
[2024-11-04T20:16:48.498+0000] {logging_mixin.py:190} INFO - [2024-11-04T20:16:48.498+0000] {dag.py:4180} INFO - Setting next_dagrun for tutorial to 2024-11-03 00:00:00+00:00, run_after=2024-11-04 00:00:00+00:00
[2024-11-04T20:16:48.556+0000] {processor.py:208} INFO - Processing /home/airflow/.local/lib/python3.12/site-packages/airflow/example_dags/tutorial.py took 0.176 seconds
[2024-11-04T20:17:22.441+0000] {processor.py:186} INFO - Started process (PID=559) to work on /home/airflow/.local/lib/python3.12/site-packages/airflow/example_dags/tutorial.py
[2024-11-04T20:17:22.444+0000] {processor.py:914} INFO - Processing file /home/airflow/.local/lib/python3.12/site-packages/airflow/example_dags/tutorial.py for tasks to queue
[2024-11-04T20:17:22.448+0000] {logging_mixin.py:190} INFO - [2024-11-04T20:17:22.448+0000] {dagbag.py:588} INFO - Filling up the DagBag from /home/airflow/.local/lib/python3.12/site-packages/airflow/example_dags/tutorial.py
[2024-11-04T20:17:22.486+0000] {processor.py:925} INFO - DAG(s) 'tutorial' retrieved from /home/airflow/.local/lib/python3.12/site-packages/airflow/example_dags/tutorial.py
[2024-11-04T20:17:22.579+0000] {logging_mixin.py:190} INFO - [2024-11-04T20:17:22.578+0000] {dag.py:3239} INFO - Sync 1 DAGs
[2024-11-04T20:17:22.718+0000] {logging_mixin.py:190} INFO - [2024-11-04T20:17:22.710+0000] {dag.py:4180} INFO - Setting next_dagrun for tutorial to 2024-11-03 00:00:00+00:00, run_after=2024-11-04 00:00:00+00:00
[2024-11-04T20:17:22.795+0000] {processor.py:208} INFO - Processing /home/airflow/.local/lib/python3.12/site-packages/airflow/example_dags/tutorial.py took 0.381 seconds
[2024-11-04T20:17:53.631+0000] {processor.py:186} INFO - Started process (PID=614) to work on /home/airflow/.local/lib/python3.12/site-packages/airflow/example_dags/tutorial.py
[2024-11-04T20:17:53.632+0000] {processor.py:914} INFO - Processing file /home/airflow/.local/lib/python3.12/site-packages/airflow/example_dags/tutorial.py for tasks to queue
[2024-11-04T20:17:53.637+0000] {logging_mixin.py:190} INFO - [2024-11-04T20:17:53.637+0000] {dagbag.py:588} INFO - Filling up the DagBag from /home/airflow/.local/lib/python3.12/site-packages/airflow/example_dags/tutorial.py
[2024-11-04T20:17:53.653+0000] {processor.py:925} INFO - DAG(s) 'tutorial' retrieved from /home/airflow/.local/lib/python3.12/site-packages/airflow/example_dags/tutorial.py
[2024-11-04T20:17:53.717+0000] {logging_mixin.py:190} INFO - [2024-11-04T20:17:53.717+0000] {dag.py:3239} INFO - Sync 1 DAGs
[2024-11-04T20:17:53.754+0000] {logging_mixin.py:190} INFO - [2024-11-04T20:17:53.754+0000] {dag.py:4180} INFO - Setting next_dagrun for tutorial to 2024-11-03 00:00:00+00:00, run_after=2024-11-04 00:00:00+00:00
[2024-11-04T20:17:53.780+0000] {processor.py:208} INFO - Processing /home/airflow/.local/lib/python3.12/site-packages/airflow/example_dags/tutorial.py took 0.204 seconds
[2024-11-04T20:18:24.399+0000] {processor.py:186} INFO - Started process (PID=678) to work on /home/airflow/.local/lib/python3.12/site-packages/airflow/example_dags/tutorial.py
[2024-11-04T20:18:24.401+0000] {processor.py:914} INFO - Processing file /home/airflow/.local/lib/python3.12/site-packages/airflow/example_dags/tutorial.py for tasks to queue
[2024-11-04T20:18:24.404+0000] {logging_mixin.py:190} INFO - [2024-11-04T20:18:24.403+0000] {dagbag.py:588} INFO - Filling up the DagBag from /home/airflow/.local/lib/python3.12/site-packages/airflow/example_dags/tutorial.py
[2024-11-04T20:18:24.416+0000] {processor.py:925} INFO - DAG(s) 'tutorial' retrieved from /home/airflow/.local/lib/python3.12/site-packages/airflow/example_dags/tutorial.py
[2024-11-04T20:18:24.442+0000] {logging_mixin.py:190} INFO - [2024-11-04T20:18:24.442+0000] {dag.py:3239} INFO - Sync 1 DAGs
[2024-11-04T20:18:24.471+0000] {logging_mixin.py:190} INFO - [2024-11-04T20:18:24.471+0000] {dag.py:4180} INFO - Setting next_dagrun for tutorial to 2024-11-03 00:00:00+00:00, run_after=2024-11-04 00:00:00+00:00
[2024-11-04T20:18:24.492+0000] {processor.py:208} INFO - Processing /home/airflow/.local/lib/python3.12/site-packages/airflow/example_dags/tutorial.py took 0.100 seconds
[2024-11-04T20:18:55.102+0000] {processor.py:186} INFO - Started process (PID=741) to work on /home/airflow/.local/lib/python3.12/site-packages/airflow/example_dags/tutorial.py
[2024-11-04T20:18:55.103+0000] {processor.py:914} INFO - Processing file /home/airflow/.local/lib/python3.12/site-packages/airflow/example_dags/tutorial.py for tasks to queue
[2024-11-04T20:18:55.107+0000] {logging_mixin.py:190} INFO - [2024-11-04T20:18:55.107+0000] {dagbag.py:588} INFO - Filling up the DagBag from /home/airflow/.local/lib/python3.12/site-packages/airflow/example_dags/tutorial.py
[2024-11-04T20:18:55.116+0000] {processor.py:925} INFO - DAG(s) 'tutorial' retrieved from /home/airflow/.local/lib/python3.12/site-packages/airflow/example_dags/tutorial.py
[2024-11-04T20:18:55.142+0000] {logging_mixin.py:190} INFO - [2024-11-04T20:18:55.142+0000] {dag.py:3239} INFO - Sync 1 DAGs
[2024-11-04T20:18:55.179+0000] {logging_mixin.py:190} INFO - [2024-11-04T20:18:55.178+0000] {dag.py:4180} INFO - Setting next_dagrun for tutorial to 2024-11-03 00:00:00+00:00, run_after=2024-11-04 00:00:00+00:00
[2024-11-04T20:18:55.210+0000] {processor.py:208} INFO - Processing /home/airflow/.local/lib/python3.12/site-packages/airflow/example_dags/tutorial.py took 0.114 seconds
[2024-11-04T20:19:25.891+0000] {processor.py:186} INFO - Started process (PID=804) to work on /home/airflow/.local/lib/python3.12/site-packages/airflow/example_dags/tutorial.py
[2024-11-04T20:19:25.892+0000] {processor.py:914} INFO - Processing file /home/airflow/.local/lib/python3.12/site-packages/airflow/example_dags/tutorial.py for tasks to queue
[2024-11-04T20:19:25.895+0000] {logging_mixin.py:190} INFO - [2024-11-04T20:19:25.894+0000] {dagbag.py:588} INFO - Filling up the DagBag from /home/airflow/.local/lib/python3.12/site-packages/airflow/example_dags/tutorial.py
[2024-11-04T20:19:25.903+0000] {processor.py:925} INFO - DAG(s) 'tutorial' retrieved from /home/airflow/.local/lib/python3.12/site-packages/airflow/example_dags/tutorial.py
[2024-11-04T20:19:25.926+0000] {logging_mixin.py:190} INFO - [2024-11-04T20:19:25.926+0000] {dag.py:3239} INFO - Sync 1 DAGs
[2024-11-04T20:19:25.952+0000] {logging_mixin.py:190} INFO - [2024-11-04T20:19:25.952+0000] {dag.py:4180} INFO - Setting next_dagrun for tutorial to 2024-11-03 00:00:00+00:00, run_after=2024-11-04 00:00:00+00:00
[2024-11-04T20:19:25.975+0000] {processor.py:208} INFO - Processing /home/airflow/.local/lib/python3.12/site-packages/airflow/example_dags/tutorial.py took 0.091 seconds
[2024-11-04T20:19:56.298+0000] {processor.py:186} INFO - Started process (PID=867) to work on /home/airflow/.local/lib/python3.12/site-packages/airflow/example_dags/tutorial.py
[2024-11-04T20:19:56.299+0000] {processor.py:914} INFO - Processing file /home/airflow/.local/lib/python3.12/site-packages/airflow/example_dags/tutorial.py for tasks to queue
[2024-11-04T20:19:56.304+0000] {logging_mixin.py:190} INFO - [2024-11-04T20:19:56.302+0000] {dagbag.py:588} INFO - Filling up the DagBag from /home/airflow/.local/lib/python3.12/site-packages/airflow/example_dags/tutorial.py
[2024-11-04T20:19:56.318+0000] {processor.py:925} INFO - DAG(s) 'tutorial' retrieved from /home/airflow/.local/lib/python3.12/site-packages/airflow/example_dags/tutorial.py
[2024-11-04T20:19:56.356+0000] {logging_mixin.py:190} INFO - [2024-11-04T20:19:56.356+0000] {dag.py:3239} INFO - Sync 1 DAGs
[2024-11-04T20:19:56.384+0000] {logging_mixin.py:190} INFO - [2024-11-04T20:19:56.384+0000] {dag.py:4180} INFO - Setting next_dagrun for tutorial to 2024-11-03 00:00:00+00:00, run_after=2024-11-04 00:00:00+00:00
[2024-11-04T20:19:56.424+0000] {processor.py:208} INFO - Processing /home/airflow/.local/lib/python3.12/site-packages/airflow/example_dags/tutorial.py took 0.139 seconds
[2024-11-04T20:20:29.883+0000] {processor.py:186} INFO - Started process (PID=936) to work on /home/airflow/.local/lib/python3.12/site-packages/airflow/example_dags/tutorial.py
[2024-11-04T20:20:29.885+0000] {processor.py:914} INFO - Processing file /home/airflow/.local/lib/python3.12/site-packages/airflow/example_dags/tutorial.py for tasks to queue
[2024-11-04T20:20:29.889+0000] {logging_mixin.py:190} INFO - [2024-11-04T20:20:29.888+0000] {dagbag.py:588} INFO - Filling up the DagBag from /home/airflow/.local/lib/python3.12/site-packages/airflow/example_dags/tutorial.py
[2024-11-04T20:20:29.900+0000] {processor.py:925} INFO - DAG(s) 'tutorial' retrieved from /home/airflow/.local/lib/python3.12/site-packages/airflow/example_dags/tutorial.py
[2024-11-04T20:20:29.934+0000] {logging_mixin.py:190} INFO - [2024-11-04T20:20:29.934+0000] {dag.py:3239} INFO - Sync 1 DAGs
[2024-11-04T20:20:29.978+0000] {logging_mixin.py:190} INFO - [2024-11-04T20:20:29.977+0000] {dag.py:4180} INFO - Setting next_dagrun for tutorial to 2024-11-03 00:00:00+00:00, run_after=2024-11-04 00:00:00+00:00
[2024-11-04T20:20:30.010+0000] {processor.py:208} INFO - Processing /home/airflow/.local/lib/python3.12/site-packages/airflow/example_dags/tutorial.py took 0.134 seconds
[2024-11-04T20:21:00.310+0000] {processor.py:186} INFO - Started process (PID=999) to work on /home/airflow/.local/lib/python3.12/site-packages/airflow/example_dags/tutorial.py
[2024-11-04T20:21:00.313+0000] {processor.py:914} INFO - Processing file /home/airflow/.local/lib/python3.12/site-packages/airflow/example_dags/tutorial.py for tasks to queue
[2024-11-04T20:21:00.323+0000] {logging_mixin.py:190} INFO - [2024-11-04T20:21:00.322+0000] {dagbag.py:588} INFO - Filling up the DagBag from /home/airflow/.local/lib/python3.12/site-packages/airflow/example_dags/tutorial.py
[2024-11-04T20:21:00.353+0000] {processor.py:925} INFO - DAG(s) 'tutorial' retrieved from /home/airflow/.local/lib/python3.12/site-packages/airflow/example_dags/tutorial.py
[2024-11-04T20:21:00.377+0000] {logging_mixin.py:190} INFO - [2024-11-04T20:21:00.377+0000] {dag.py:3239} INFO - Sync 1 DAGs
[2024-11-04T20:21:00.427+0000] {logging_mixin.py:190} INFO - [2024-11-04T20:21:00.426+0000] {dag.py:4180} INFO - Setting next_dagrun for tutorial to 2024-11-03 00:00:00+00:00, run_after=2024-11-04 00:00:00+00:00
[2024-11-04T20:21:00.507+0000] {processor.py:208} INFO - Processing /home/airflow/.local/lib/python3.12/site-packages/airflow/example_dags/tutorial.py took 0.215 seconds
[2024-11-04T20:21:30.796+0000] {processor.py:186} INFO - Started process (PID=1063) to work on /home/airflow/.local/lib/python3.12/site-packages/airflow/example_dags/tutorial.py
[2024-11-04T20:21:30.797+0000] {processor.py:914} INFO - Processing file /home/airflow/.local/lib/python3.12/site-packages/airflow/example_dags/tutorial.py for tasks to queue
[2024-11-04T20:21:30.800+0000] {logging_mixin.py:190} INFO - [2024-11-04T20:21:30.800+0000] {dagbag.py:588} INFO - Filling up the DagBag from /home/airflow/.local/lib/python3.12/site-packages/airflow/example_dags/tutorial.py
[2024-11-04T20:21:30.821+0000] {processor.py:925} INFO - DAG(s) 'tutorial' retrieved from /home/airflow/.local/lib/python3.12/site-packages/airflow/example_dags/tutorial.py
[2024-11-04T20:21:30.850+0000] {logging_mixin.py:190} INFO - [2024-11-04T20:21:30.850+0000] {dag.py:3239} INFO - Sync 1 DAGs
[2024-11-04T20:21:30.882+0000] {logging_mixin.py:190} INFO - [2024-11-04T20:21:30.882+0000] {dag.py:4180} INFO - Setting next_dagrun for tutorial to 2024-11-03 00:00:00+00:00, run_after=2024-11-04 00:00:00+00:00
[2024-11-04T20:21:30.909+0000] {processor.py:208} INFO - Processing /home/airflow/.local/lib/python3.12/site-packages/airflow/example_dags/tutorial.py took 0.121 seconds
[2024-11-04T20:22:01.229+0000] {processor.py:186} INFO - Started process (PID=1125) to work on /home/airflow/.local/lib/python3.12/site-packages/airflow/example_dags/tutorial.py
[2024-11-04T20:22:01.230+0000] {processor.py:914} INFO - Processing file /home/airflow/.local/lib/python3.12/site-packages/airflow/example_dags/tutorial.py for tasks to queue
[2024-11-04T20:22:01.233+0000] {logging_mixin.py:190} INFO - [2024-11-04T20:22:01.232+0000] {dagbag.py:588} INFO - Filling up the DagBag from /home/airflow/.local/lib/python3.12/site-packages/airflow/example_dags/tutorial.py
[2024-11-04T20:22:01.244+0000] {processor.py:925} INFO - DAG(s) 'tutorial' retrieved from /home/airflow/.local/lib/python3.12/site-packages/airflow/example_dags/tutorial.py
[2024-11-04T20:22:01.269+0000] {logging_mixin.py:190} INFO - [2024-11-04T20:22:01.269+0000] {dag.py:3239} INFO - Sync 1 DAGs
[2024-11-04T20:22:01.301+0000] {logging_mixin.py:190} INFO - [2024-11-04T20:22:01.301+0000] {dag.py:4180} INFO - Setting next_dagrun for tutorial to 2024-11-03 00:00:00+00:00, run_after=2024-11-04 00:00:00+00:00
[2024-11-04T20:22:01.326+0000] {processor.py:208} INFO - Processing /home/airflow/.local/lib/python3.12/site-packages/airflow/example_dags/tutorial.py took 0.105 seconds
[2024-11-04T20:22:31.622+0000] {processor.py:186} INFO - Started process (PID=1188) to work on /home/airflow/.local/lib/python3.12/site-packages/airflow/example_dags/tutorial.py
[2024-11-04T20:22:31.623+0000] {processor.py:914} INFO - Processing file /home/airflow/.local/lib/python3.12/site-packages/airflow/example_dags/tutorial.py for tasks to queue
[2024-11-04T20:22:31.626+0000] {logging_mixin.py:190} INFO - [2024-11-04T20:22:31.625+0000] {dagbag.py:588} INFO - Filling up the DagBag from /home/airflow/.local/lib/python3.12/site-packages/airflow/example_dags/tutorial.py
[2024-11-04T20:22:31.634+0000] {processor.py:925} INFO - DAG(s) 'tutorial' retrieved from /home/airflow/.local/lib/python3.12/site-packages/airflow/example_dags/tutorial.py
[2024-11-04T20:22:31.656+0000] {logging_mixin.py:190} INFO - [2024-11-04T20:22:31.656+0000] {dag.py:3239} INFO - Sync 1 DAGs
[2024-11-04T20:22:31.682+0000] {logging_mixin.py:190} INFO - [2024-11-04T20:22:31.682+0000] {dag.py:4180} INFO - Setting next_dagrun for tutorial to 2024-11-03 00:00:00+00:00, run_after=2024-11-04 00:00:00+00:00
[2024-11-04T20:22:31.701+0000] {processor.py:208} INFO - Processing /home/airflow/.local/lib/python3.12/site-packages/airflow/example_dags/tutorial.py took 0.087 seconds
[2024-11-04T20:23:02.063+0000] {processor.py:186} INFO - Started process (PID=1251) to work on /home/airflow/.local/lib/python3.12/site-packages/airflow/example_dags/tutorial.py
[2024-11-04T20:23:02.065+0000] {processor.py:914} INFO - Processing file /home/airflow/.local/lib/python3.12/site-packages/airflow/example_dags/tutorial.py for tasks to queue
[2024-11-04T20:23:02.067+0000] {logging_mixin.py:190} INFO - [2024-11-04T20:23:02.067+0000] {dagbag.py:588} INFO - Filling up the DagBag from /home/airflow/.local/lib/python3.12/site-packages/airflow/example_dags/tutorial.py
[2024-11-04T20:23:02.077+0000] {processor.py:925} INFO - DAG(s) 'tutorial' retrieved from /home/airflow/.local/lib/python3.12/site-packages/airflow/example_dags/tutorial.py
[2024-11-04T20:23:02.100+0000] {logging_mixin.py:190} INFO - [2024-11-04T20:23:02.099+0000] {dag.py:3239} INFO - Sync 1 DAGs
[2024-11-04T20:23:02.132+0000] {logging_mixin.py:190} INFO - [2024-11-04T20:23:02.131+0000] {dag.py:4180} INFO - Setting next_dagrun for tutorial to 2024-11-03 00:00:00+00:00, run_after=2024-11-04 00:00:00+00:00
[2024-11-04T20:23:02.153+0000] {processor.py:208} INFO - Processing /home/airflow/.local/lib/python3.12/site-packages/airflow/example_dags/tutorial.py took 0.096 seconds
