[2024-11-04T20:13:30.916+0000] {processor.py:186} INFO - Started process (PID=95) to work on /home/airflow/.local/lib/python3.12/site-packages/airflow/example_dags/tutorial_taskflow_api.py
[2024-11-04T20:13:30.921+0000] {processor.py:914} INFO - Processing file /home/airflow/.local/lib/python3.12/site-packages/airflow/example_dags/tutorial_taskflow_api.py for tasks to queue
[2024-11-04T20:13:30.930+0000] {logging_mixin.py:190} INFO - [2024-11-04T20:13:30.929+0000] {dagbag.py:588} INFO - Filling up the DagBag from /home/airflow/.local/lib/python3.12/site-packages/airflow/example_dags/tutorial_taskflow_api.py
[2024-11-04T20:13:30.956+0000] {processor.py:925} INFO - DAG(s) 'tutorial_taskflow_api' retrieved from /home/airflow/.local/lib/python3.12/site-packages/airflow/example_dags/tutorial_taskflow_api.py
[2024-11-04T20:13:31.198+0000] {logging_mixin.py:190} INFO - [2024-11-04T20:13:31.197+0000] {override.py:1900} INFO - Created Permission View: can edit on DAG:tutorial_taskflow_api
[2024-11-04T20:13:31.216+0000] {logging_mixin.py:190} INFO - [2024-11-04T20:13:31.215+0000] {override.py:1900} INFO - Created Permission View: can read on DAG:tutorial_taskflow_api
[2024-11-04T20:13:31.225+0000] {logging_mixin.py:190} INFO - [2024-11-04T20:13:31.225+0000] {override.py:1900} INFO - Created Permission View: can delete on DAG:tutorial_taskflow_api
[2024-11-04T20:13:31.234+0000] {logging_mixin.py:190} INFO - [2024-11-04T20:13:31.234+0000] {override.py:1900} INFO - Created Permission View: menu access on DAG Run:tutorial_taskflow_api
[2024-11-04T20:13:31.242+0000] {logging_mixin.py:190} INFO - [2024-11-04T20:13:31.241+0000] {override.py:1900} INFO - Created Permission View: can read on DAG Run:tutorial_taskflow_api
[2024-11-04T20:13:31.250+0000] {logging_mixin.py:190} INFO - [2024-11-04T20:13:31.250+0000] {override.py:1900} INFO - Created Permission View: can create on DAG Run:tutorial_taskflow_api
[2024-11-04T20:13:31.258+0000] {logging_mixin.py:190} INFO - [2024-11-04T20:13:31.258+0000] {override.py:1900} INFO - Created Permission View: can delete on DAG Run:tutorial_taskflow_api
[2024-11-04T20:13:31.259+0000] {logging_mixin.py:190} INFO - [2024-11-04T20:13:31.258+0000] {dag.py:3239} INFO - Sync 1 DAGs
[2024-11-04T20:13:31.304+0000] {logging_mixin.py:190} INFO - [2024-11-04T20:13:31.304+0000] {dag.py:3262} INFO - Creating ORM DAG for tutorial_taskflow_api
[2024-11-04T20:13:31.306+0000] {logging_mixin.py:190} INFO - [2024-11-04T20:13:31.305+0000] {dag.py:4180} INFO - Setting next_dagrun for tutorial_taskflow_api to None, run_after=None
[2024-11-04T20:13:31.356+0000] {processor.py:208} INFO - Processing /home/airflow/.local/lib/python3.12/site-packages/airflow/example_dags/tutorial_taskflow_api.py took 0.459 seconds
[2024-11-04T20:14:02.016+0000] {processor.py:186} INFO - Started process (PID=156) to work on /home/airflow/.local/lib/python3.12/site-packages/airflow/example_dags/tutorial_taskflow_api.py
[2024-11-04T20:14:02.017+0000] {processor.py:914} INFO - Processing file /home/airflow/.local/lib/python3.12/site-packages/airflow/example_dags/tutorial_taskflow_api.py for tasks to queue
[2024-11-04T20:14:02.020+0000] {logging_mixin.py:190} INFO - [2024-11-04T20:14:02.019+0000] {dagbag.py:588} INFO - Filling up the DagBag from /home/airflow/.local/lib/python3.12/site-packages/airflow/example_dags/tutorial_taskflow_api.py
[2024-11-04T20:14:02.029+0000] {processor.py:925} INFO - DAG(s) 'tutorial_taskflow_api' retrieved from /home/airflow/.local/lib/python3.12/site-packages/airflow/example_dags/tutorial_taskflow_api.py
[2024-11-04T20:14:02.052+0000] {logging_mixin.py:190} INFO - [2024-11-04T20:14:02.052+0000] {dag.py:3239} INFO - Sync 1 DAGs
[2024-11-04T20:14:02.071+0000] {logging_mixin.py:190} INFO - [2024-11-04T20:14:02.070+0000] {dag.py:4180} INFO - Setting next_dagrun for tutorial_taskflow_api to None, run_after=None
[2024-11-04T20:14:02.098+0000] {processor.py:208} INFO - Processing /home/airflow/.local/lib/python3.12/site-packages/airflow/example_dags/tutorial_taskflow_api.py took 0.090 seconds
[2024-11-04T20:14:32.332+0000] {processor.py:186} INFO - Started process (PID=219) to work on /home/airflow/.local/lib/python3.12/site-packages/airflow/example_dags/tutorial_taskflow_api.py
[2024-11-04T20:14:32.334+0000] {processor.py:914} INFO - Processing file /home/airflow/.local/lib/python3.12/site-packages/airflow/example_dags/tutorial_taskflow_api.py for tasks to queue
[2024-11-04T20:14:32.338+0000] {logging_mixin.py:190} INFO - [2024-11-04T20:14:32.337+0000] {dagbag.py:588} INFO - Filling up the DagBag from /home/airflow/.local/lib/python3.12/site-packages/airflow/example_dags/tutorial_taskflow_api.py
[2024-11-04T20:14:32.360+0000] {processor.py:925} INFO - DAG(s) 'tutorial_taskflow_api' retrieved from /home/airflow/.local/lib/python3.12/site-packages/airflow/example_dags/tutorial_taskflow_api.py
[2024-11-04T20:14:32.417+0000] {logging_mixin.py:190} INFO - [2024-11-04T20:14:32.417+0000] {dag.py:3239} INFO - Sync 1 DAGs
[2024-11-04T20:14:32.453+0000] {logging_mixin.py:190} INFO - [2024-11-04T20:14:32.452+0000] {dag.py:4180} INFO - Setting next_dagrun for tutorial_taskflow_api to None, run_after=None
[2024-11-04T20:14:32.488+0000] {processor.py:208} INFO - Processing /home/airflow/.local/lib/python3.12/site-packages/airflow/example_dags/tutorial_taskflow_api.py took 0.174 seconds
[2024-11-04T20:15:03.297+0000] {processor.py:186} INFO - Started process (PID=281) to work on /home/airflow/.local/lib/python3.12/site-packages/airflow/example_dags/tutorial_taskflow_api.py
[2024-11-04T20:15:03.298+0000] {processor.py:914} INFO - Processing file /home/airflow/.local/lib/python3.12/site-packages/airflow/example_dags/tutorial_taskflow_api.py for tasks to queue
[2024-11-04T20:15:03.302+0000] {logging_mixin.py:190} INFO - [2024-11-04T20:15:03.301+0000] {dagbag.py:588} INFO - Filling up the DagBag from /home/airflow/.local/lib/python3.12/site-packages/airflow/example_dags/tutorial_taskflow_api.py
[2024-11-04T20:15:03.314+0000] {processor.py:925} INFO - DAG(s) 'tutorial_taskflow_api' retrieved from /home/airflow/.local/lib/python3.12/site-packages/airflow/example_dags/tutorial_taskflow_api.py
[2024-11-04T20:15:03.342+0000] {logging_mixin.py:190} INFO - [2024-11-04T20:15:03.341+0000] {dag.py:3239} INFO - Sync 1 DAGs
[2024-11-04T20:15:03.361+0000] {logging_mixin.py:190} INFO - [2024-11-04T20:15:03.361+0000] {dag.py:4180} INFO - Setting next_dagrun for tutorial_taskflow_api to None, run_after=None
[2024-11-04T20:15:03.383+0000] {processor.py:208} INFO - Processing /home/airflow/.local/lib/python3.12/site-packages/airflow/example_dags/tutorial_taskflow_api.py took 0.093 seconds
[2024-11-04T20:15:33.549+0000] {processor.py:186} INFO - Started process (PID=343) to work on /home/airflow/.local/lib/python3.12/site-packages/airflow/example_dags/tutorial_taskflow_api.py
[2024-11-04T20:15:33.551+0000] {processor.py:914} INFO - Processing file /home/airflow/.local/lib/python3.12/site-packages/airflow/example_dags/tutorial_taskflow_api.py for tasks to queue
[2024-11-04T20:15:33.554+0000] {logging_mixin.py:190} INFO - [2024-11-04T20:15:33.554+0000] {dagbag.py:588} INFO - Filling up the DagBag from /home/airflow/.local/lib/python3.12/site-packages/airflow/example_dags/tutorial_taskflow_api.py
[2024-11-04T20:15:33.562+0000] {processor.py:925} INFO - DAG(s) 'tutorial_taskflow_api' retrieved from /home/airflow/.local/lib/python3.12/site-packages/airflow/example_dags/tutorial_taskflow_api.py
[2024-11-04T20:15:33.586+0000] {logging_mixin.py:190} INFO - [2024-11-04T20:15:33.586+0000] {dag.py:3239} INFO - Sync 1 DAGs
[2024-11-04T20:15:33.602+0000] {logging_mixin.py:190} INFO - [2024-11-04T20:15:33.602+0000] {dag.py:4180} INFO - Setting next_dagrun for tutorial_taskflow_api to None, run_after=None
[2024-11-04T20:15:33.624+0000] {processor.py:208} INFO - Processing /home/airflow/.local/lib/python3.12/site-packages/airflow/example_dags/tutorial_taskflow_api.py took 0.081 seconds
[2024-11-04T20:16:04.012+0000] {processor.py:186} INFO - Started process (PID=405) to work on /home/airflow/.local/lib/python3.12/site-packages/airflow/example_dags/tutorial_taskflow_api.py
[2024-11-04T20:16:04.014+0000] {processor.py:914} INFO - Processing file /home/airflow/.local/lib/python3.12/site-packages/airflow/example_dags/tutorial_taskflow_api.py for tasks to queue
[2024-11-04T20:16:04.020+0000] {logging_mixin.py:190} INFO - [2024-11-04T20:16:04.020+0000] {dagbag.py:588} INFO - Filling up the DagBag from /home/airflow/.local/lib/python3.12/site-packages/airflow/example_dags/tutorial_taskflow_api.py
[2024-11-04T20:16:04.034+0000] {processor.py:925} INFO - DAG(s) 'tutorial_taskflow_api' retrieved from /home/airflow/.local/lib/python3.12/site-packages/airflow/example_dags/tutorial_taskflow_api.py
[2024-11-04T20:16:04.056+0000] {logging_mixin.py:190} INFO - [2024-11-04T20:16:04.056+0000] {dag.py:3239} INFO - Sync 1 DAGs
[2024-11-04T20:16:04.075+0000] {logging_mixin.py:190} INFO - [2024-11-04T20:16:04.075+0000] {dag.py:4180} INFO - Setting next_dagrun for tutorial_taskflow_api to None, run_after=None
[2024-11-04T20:16:04.107+0000] {processor.py:208} INFO - Processing /home/airflow/.local/lib/python3.12/site-packages/airflow/example_dags/tutorial_taskflow_api.py took 0.102 seconds
[2024-11-04T20:16:34.854+0000] {processor.py:186} INFO - Started process (PID=467) to work on /home/airflow/.local/lib/python3.12/site-packages/airflow/example_dags/tutorial_taskflow_api.py
[2024-11-04T20:16:34.856+0000] {processor.py:914} INFO - Processing file /home/airflow/.local/lib/python3.12/site-packages/airflow/example_dags/tutorial_taskflow_api.py for tasks to queue
[2024-11-04T20:16:34.862+0000] {logging_mixin.py:190} INFO - [2024-11-04T20:16:34.861+0000] {dagbag.py:588} INFO - Filling up the DagBag from /home/airflow/.local/lib/python3.12/site-packages/airflow/example_dags/tutorial_taskflow_api.py
[2024-11-04T20:16:34.872+0000] {processor.py:925} INFO - DAG(s) 'tutorial_taskflow_api' retrieved from /home/airflow/.local/lib/python3.12/site-packages/airflow/example_dags/tutorial_taskflow_api.py
[2024-11-04T20:16:34.900+0000] {logging_mixin.py:190} INFO - [2024-11-04T20:16:34.900+0000] {dag.py:3239} INFO - Sync 1 DAGs
[2024-11-04T20:16:34.921+0000] {logging_mixin.py:190} INFO - [2024-11-04T20:16:34.920+0000] {dag.py:4180} INFO - Setting next_dagrun for tutorial_taskflow_api to None, run_after=None
[2024-11-04T20:16:34.947+0000] {processor.py:208} INFO - Processing /home/airflow/.local/lib/python3.12/site-packages/airflow/example_dags/tutorial_taskflow_api.py took 0.101 seconds
[2024-11-04T20:17:05.608+0000] {processor.py:186} INFO - Started process (PID=529) to work on /home/airflow/.local/lib/python3.12/site-packages/airflow/example_dags/tutorial_taskflow_api.py
[2024-11-04T20:17:05.612+0000] {processor.py:914} INFO - Processing file /home/airflow/.local/lib/python3.12/site-packages/airflow/example_dags/tutorial_taskflow_api.py for tasks to queue
[2024-11-04T20:17:05.625+0000] {logging_mixin.py:190} INFO - [2024-11-04T20:17:05.624+0000] {dagbag.py:588} INFO - Filling up the DagBag from /home/airflow/.local/lib/python3.12/site-packages/airflow/example_dags/tutorial_taskflow_api.py
[2024-11-04T20:17:05.661+0000] {processor.py:925} INFO - DAG(s) 'tutorial_taskflow_api' retrieved from /home/airflow/.local/lib/python3.12/site-packages/airflow/example_dags/tutorial_taskflow_api.py
[2024-11-04T20:17:05.711+0000] {logging_mixin.py:190} INFO - [2024-11-04T20:17:05.711+0000] {dag.py:3239} INFO - Sync 1 DAGs
[2024-11-04T20:17:05.768+0000] {logging_mixin.py:190} INFO - [2024-11-04T20:17:05.767+0000] {dag.py:4180} INFO - Setting next_dagrun for tutorial_taskflow_api to None, run_after=None
[2024-11-04T20:17:05.844+0000] {processor.py:208} INFO - Processing /home/airflow/.local/lib/python3.12/site-packages/airflow/example_dags/tutorial_taskflow_api.py took 0.259 seconds
[2024-11-04T20:17:36.723+0000] {processor.py:186} INFO - Started process (PID=590) to work on /home/airflow/.local/lib/python3.12/site-packages/airflow/example_dags/tutorial_taskflow_api.py
[2024-11-04T20:17:36.737+0000] {processor.py:914} INFO - Processing file /home/airflow/.local/lib/python3.12/site-packages/airflow/example_dags/tutorial_taskflow_api.py for tasks to queue
[2024-11-04T20:17:36.761+0000] {logging_mixin.py:190} INFO - [2024-11-04T20:17:36.760+0000] {dagbag.py:588} INFO - Filling up the DagBag from /home/airflow/.local/lib/python3.12/site-packages/airflow/example_dags/tutorial_taskflow_api.py
[2024-11-04T20:17:36.797+0000] {processor.py:925} INFO - DAG(s) 'tutorial_taskflow_api' retrieved from /home/airflow/.local/lib/python3.12/site-packages/airflow/example_dags/tutorial_taskflow_api.py
[2024-11-04T20:17:36.937+0000] {logging_mixin.py:190} INFO - [2024-11-04T20:17:36.936+0000] {dag.py:3239} INFO - Sync 1 DAGs
[2024-11-04T20:17:37.017+0000] {logging_mixin.py:190} INFO - [2024-11-04T20:17:37.017+0000] {dag.py:4180} INFO - Setting next_dagrun for tutorial_taskflow_api to None, run_after=None
[2024-11-04T20:17:37.103+0000] {processor.py:208} INFO - Processing /home/airflow/.local/lib/python3.12/site-packages/airflow/example_dags/tutorial_taskflow_api.py took 0.407 seconds
[2024-11-04T20:18:07.999+0000] {processor.py:186} INFO - Started process (PID=653) to work on /home/airflow/.local/lib/python3.12/site-packages/airflow/example_dags/tutorial_taskflow_api.py
[2024-11-04T20:18:08.002+0000] {processor.py:914} INFO - Processing file /home/airflow/.local/lib/python3.12/site-packages/airflow/example_dags/tutorial_taskflow_api.py for tasks to queue
[2024-11-04T20:18:08.007+0000] {logging_mixin.py:190} INFO - [2024-11-04T20:18:08.006+0000] {dagbag.py:588} INFO - Filling up the DagBag from /home/airflow/.local/lib/python3.12/site-packages/airflow/example_dags/tutorial_taskflow_api.py
[2024-11-04T20:18:08.019+0000] {processor.py:925} INFO - DAG(s) 'tutorial_taskflow_api' retrieved from /home/airflow/.local/lib/python3.12/site-packages/airflow/example_dags/tutorial_taskflow_api.py
[2024-11-04T20:18:08.058+0000] {logging_mixin.py:190} INFO - [2024-11-04T20:18:08.058+0000] {dag.py:3239} INFO - Sync 1 DAGs
[2024-11-04T20:18:08.093+0000] {logging_mixin.py:190} INFO - [2024-11-04T20:18:08.093+0000] {dag.py:4180} INFO - Setting next_dagrun for tutorial_taskflow_api to None, run_after=None
[2024-11-04T20:18:08.130+0000] {processor.py:208} INFO - Processing /home/airflow/.local/lib/python3.12/site-packages/airflow/example_dags/tutorial_taskflow_api.py took 0.139 seconds
[2024-11-04T20:18:38.334+0000] {processor.py:186} INFO - Started process (PID=716) to work on /home/airflow/.local/lib/python3.12/site-packages/airflow/example_dags/tutorial_taskflow_api.py
[2024-11-04T20:18:38.335+0000] {processor.py:914} INFO - Processing file /home/airflow/.local/lib/python3.12/site-packages/airflow/example_dags/tutorial_taskflow_api.py for tasks to queue
[2024-11-04T20:18:38.339+0000] {logging_mixin.py:190} INFO - [2024-11-04T20:18:38.338+0000] {dagbag.py:588} INFO - Filling up the DagBag from /home/airflow/.local/lib/python3.12/site-packages/airflow/example_dags/tutorial_taskflow_api.py
[2024-11-04T20:18:38.350+0000] {processor.py:925} INFO - DAG(s) 'tutorial_taskflow_api' retrieved from /home/airflow/.local/lib/python3.12/site-packages/airflow/example_dags/tutorial_taskflow_api.py
[2024-11-04T20:18:38.372+0000] {logging_mixin.py:190} INFO - [2024-11-04T20:18:38.372+0000] {dag.py:3239} INFO - Sync 1 DAGs
[2024-11-04T20:18:38.390+0000] {logging_mixin.py:190} INFO - [2024-11-04T20:18:38.390+0000] {dag.py:4180} INFO - Setting next_dagrun for tutorial_taskflow_api to None, run_after=None
[2024-11-04T20:18:38.411+0000] {processor.py:208} INFO - Processing /home/airflow/.local/lib/python3.12/site-packages/airflow/example_dags/tutorial_taskflow_api.py took 0.083 seconds
[2024-11-04T20:19:08.869+0000] {processor.py:186} INFO - Started process (PID=779) to work on /home/airflow/.local/lib/python3.12/site-packages/airflow/example_dags/tutorial_taskflow_api.py
[2024-11-04T20:19:08.870+0000] {processor.py:914} INFO - Processing file /home/airflow/.local/lib/python3.12/site-packages/airflow/example_dags/tutorial_taskflow_api.py for tasks to queue
[2024-11-04T20:19:08.873+0000] {logging_mixin.py:190} INFO - [2024-11-04T20:19:08.873+0000] {dagbag.py:588} INFO - Filling up the DagBag from /home/airflow/.local/lib/python3.12/site-packages/airflow/example_dags/tutorial_taskflow_api.py
[2024-11-04T20:19:08.881+0000] {processor.py:925} INFO - DAG(s) 'tutorial_taskflow_api' retrieved from /home/airflow/.local/lib/python3.12/site-packages/airflow/example_dags/tutorial_taskflow_api.py
[2024-11-04T20:19:08.901+0000] {logging_mixin.py:190} INFO - [2024-11-04T20:19:08.901+0000] {dag.py:3239} INFO - Sync 1 DAGs
[2024-11-04T20:19:08.917+0000] {logging_mixin.py:190} INFO - [2024-11-04T20:19:08.916+0000] {dag.py:4180} INFO - Setting next_dagrun for tutorial_taskflow_api to None, run_after=None
[2024-11-04T20:19:08.935+0000] {processor.py:208} INFO - Processing /home/airflow/.local/lib/python3.12/site-packages/airflow/example_dags/tutorial_taskflow_api.py took 0.072 seconds
[2024-11-04T20:19:39.493+0000] {processor.py:186} INFO - Started process (PID=842) to work on /home/airflow/.local/lib/python3.12/site-packages/airflow/example_dags/tutorial_taskflow_api.py
[2024-11-04T20:19:39.494+0000] {processor.py:914} INFO - Processing file /home/airflow/.local/lib/python3.12/site-packages/airflow/example_dags/tutorial_taskflow_api.py for tasks to queue
[2024-11-04T20:19:39.497+0000] {logging_mixin.py:190} INFO - [2024-11-04T20:19:39.497+0000] {dagbag.py:588} INFO - Filling up the DagBag from /home/airflow/.local/lib/python3.12/site-packages/airflow/example_dags/tutorial_taskflow_api.py
[2024-11-04T20:19:39.506+0000] {processor.py:925} INFO - DAG(s) 'tutorial_taskflow_api' retrieved from /home/airflow/.local/lib/python3.12/site-packages/airflow/example_dags/tutorial_taskflow_api.py
[2024-11-04T20:19:39.527+0000] {logging_mixin.py:190} INFO - [2024-11-04T20:19:39.527+0000] {dag.py:3239} INFO - Sync 1 DAGs
[2024-11-04T20:19:39.543+0000] {logging_mixin.py:190} INFO - [2024-11-04T20:19:39.543+0000] {dag.py:4180} INFO - Setting next_dagrun for tutorial_taskflow_api to None, run_after=None
[2024-11-04T20:19:39.564+0000] {processor.py:208} INFO - Processing /home/airflow/.local/lib/python3.12/site-packages/airflow/example_dags/tutorial_taskflow_api.py took 0.077 seconds
[2024-11-04T20:20:09.832+0000] {processor.py:186} INFO - Started process (PID=905) to work on /home/airflow/.local/lib/python3.12/site-packages/airflow/example_dags/tutorial_taskflow_api.py
[2024-11-04T20:20:09.833+0000] {processor.py:914} INFO - Processing file /home/airflow/.local/lib/python3.12/site-packages/airflow/example_dags/tutorial_taskflow_api.py for tasks to queue
[2024-11-04T20:20:09.836+0000] {logging_mixin.py:190} INFO - [2024-11-04T20:20:09.835+0000] {dagbag.py:588} INFO - Filling up the DagBag from /home/airflow/.local/lib/python3.12/site-packages/airflow/example_dags/tutorial_taskflow_api.py
[2024-11-04T20:20:09.845+0000] {processor.py:925} INFO - DAG(s) 'tutorial_taskflow_api' retrieved from /home/airflow/.local/lib/python3.12/site-packages/airflow/example_dags/tutorial_taskflow_api.py
[2024-11-04T20:20:09.869+0000] {logging_mixin.py:190} INFO - [2024-11-04T20:20:09.868+0000] {dag.py:3239} INFO - Sync 1 DAGs
[2024-11-04T20:20:09.885+0000] {logging_mixin.py:190} INFO - [2024-11-04T20:20:09.885+0000] {dag.py:4180} INFO - Setting next_dagrun for tutorial_taskflow_api to None, run_after=None
[2024-11-04T20:20:09.905+0000] {processor.py:208} INFO - Processing /home/airflow/.local/lib/python3.12/site-packages/airflow/example_dags/tutorial_taskflow_api.py took 0.080 seconds
[2024-11-04T20:20:40.427+0000] {processor.py:186} INFO - Started process (PID=968) to work on /home/airflow/.local/lib/python3.12/site-packages/airflow/example_dags/tutorial_taskflow_api.py
[2024-11-04T20:20:40.429+0000] {processor.py:914} INFO - Processing file /home/airflow/.local/lib/python3.12/site-packages/airflow/example_dags/tutorial_taskflow_api.py for tasks to queue
[2024-11-04T20:20:40.432+0000] {logging_mixin.py:190} INFO - [2024-11-04T20:20:40.431+0000] {dagbag.py:588} INFO - Filling up the DagBag from /home/airflow/.local/lib/python3.12/site-packages/airflow/example_dags/tutorial_taskflow_api.py
[2024-11-04T20:20:40.441+0000] {processor.py:925} INFO - DAG(s) 'tutorial_taskflow_api' retrieved from /home/airflow/.local/lib/python3.12/site-packages/airflow/example_dags/tutorial_taskflow_api.py
[2024-11-04T20:20:40.469+0000] {logging_mixin.py:190} INFO - [2024-11-04T20:20:40.469+0000] {dag.py:3239} INFO - Sync 1 DAGs
[2024-11-04T20:20:40.487+0000] {logging_mixin.py:190} INFO - [2024-11-04T20:20:40.487+0000] {dag.py:4180} INFO - Setting next_dagrun for tutorial_taskflow_api to None, run_after=None
[2024-11-04T20:20:40.512+0000] {processor.py:208} INFO - Processing /home/airflow/.local/lib/python3.12/site-packages/airflow/example_dags/tutorial_taskflow_api.py took 0.091 seconds
[2024-11-04T20:21:10.641+0000] {processor.py:186} INFO - Started process (PID=1031) to work on /home/airflow/.local/lib/python3.12/site-packages/airflow/example_dags/tutorial_taskflow_api.py
[2024-11-04T20:21:10.642+0000] {processor.py:914} INFO - Processing file /home/airflow/.local/lib/python3.12/site-packages/airflow/example_dags/tutorial_taskflow_api.py for tasks to queue
[2024-11-04T20:21:10.645+0000] {logging_mixin.py:190} INFO - [2024-11-04T20:21:10.645+0000] {dagbag.py:588} INFO - Filling up the DagBag from /home/airflow/.local/lib/python3.12/site-packages/airflow/example_dags/tutorial_taskflow_api.py
[2024-11-04T20:21:10.656+0000] {processor.py:925} INFO - DAG(s) 'tutorial_taskflow_api' retrieved from /home/airflow/.local/lib/python3.12/site-packages/airflow/example_dags/tutorial_taskflow_api.py
[2024-11-04T20:21:10.681+0000] {logging_mixin.py:190} INFO - [2024-11-04T20:21:10.681+0000] {dag.py:3239} INFO - Sync 1 DAGs
[2024-11-04T20:21:10.697+0000] {logging_mixin.py:190} INFO - [2024-11-04T20:21:10.696+0000] {dag.py:4180} INFO - Setting next_dagrun for tutorial_taskflow_api to None, run_after=None
[2024-11-04T20:21:10.716+0000] {processor.py:208} INFO - Processing /home/airflow/.local/lib/python3.12/site-packages/airflow/example_dags/tutorial_taskflow_api.py took 0.083 seconds
[2024-11-04T20:21:41.379+0000] {processor.py:186} INFO - Started process (PID=1094) to work on /home/airflow/.local/lib/python3.12/site-packages/airflow/example_dags/tutorial_taskflow_api.py
[2024-11-04T20:21:41.380+0000] {processor.py:914} INFO - Processing file /home/airflow/.local/lib/python3.12/site-packages/airflow/example_dags/tutorial_taskflow_api.py for tasks to queue
[2024-11-04T20:21:41.384+0000] {logging_mixin.py:190} INFO - [2024-11-04T20:21:41.383+0000] {dagbag.py:588} INFO - Filling up the DagBag from /home/airflow/.local/lib/python3.12/site-packages/airflow/example_dags/tutorial_taskflow_api.py
[2024-11-04T20:21:41.392+0000] {processor.py:925} INFO - DAG(s) 'tutorial_taskflow_api' retrieved from /home/airflow/.local/lib/python3.12/site-packages/airflow/example_dags/tutorial_taskflow_api.py
[2024-11-04T20:21:41.414+0000] {logging_mixin.py:190} INFO - [2024-11-04T20:21:41.413+0000] {dag.py:3239} INFO - Sync 1 DAGs
[2024-11-04T20:21:41.429+0000] {logging_mixin.py:190} INFO - [2024-11-04T20:21:41.429+0000] {dag.py:4180} INFO - Setting next_dagrun for tutorial_taskflow_api to None, run_after=None
[2024-11-04T20:21:41.450+0000] {processor.py:208} INFO - Processing /home/airflow/.local/lib/python3.12/site-packages/airflow/example_dags/tutorial_taskflow_api.py took 0.077 seconds
[2024-11-04T20:22:11.716+0000] {processor.py:186} INFO - Started process (PID=1156) to work on /home/airflow/.local/lib/python3.12/site-packages/airflow/example_dags/tutorial_taskflow_api.py
[2024-11-04T20:22:11.717+0000] {processor.py:914} INFO - Processing file /home/airflow/.local/lib/python3.12/site-packages/airflow/example_dags/tutorial_taskflow_api.py for tasks to queue
[2024-11-04T20:22:11.720+0000] {logging_mixin.py:190} INFO - [2024-11-04T20:22:11.719+0000] {dagbag.py:588} INFO - Filling up the DagBag from /home/airflow/.local/lib/python3.12/site-packages/airflow/example_dags/tutorial_taskflow_api.py
[2024-11-04T20:22:11.729+0000] {processor.py:925} INFO - DAG(s) 'tutorial_taskflow_api' retrieved from /home/airflow/.local/lib/python3.12/site-packages/airflow/example_dags/tutorial_taskflow_api.py
[2024-11-04T20:22:11.750+0000] {logging_mixin.py:190} INFO - [2024-11-04T20:22:11.750+0000] {dag.py:3239} INFO - Sync 1 DAGs
[2024-11-04T20:22:11.766+0000] {logging_mixin.py:190} INFO - [2024-11-04T20:22:11.765+0000] {dag.py:4180} INFO - Setting next_dagrun for tutorial_taskflow_api to None, run_after=None
[2024-11-04T20:22:11.795+0000] {processor.py:208} INFO - Processing /home/airflow/.local/lib/python3.12/site-packages/airflow/example_dags/tutorial_taskflow_api.py took 0.085 seconds
[2024-11-04T20:22:42.030+0000] {processor.py:186} INFO - Started process (PID=1219) to work on /home/airflow/.local/lib/python3.12/site-packages/airflow/example_dags/tutorial_taskflow_api.py
[2024-11-04T20:22:42.031+0000] {processor.py:914} INFO - Processing file /home/airflow/.local/lib/python3.12/site-packages/airflow/example_dags/tutorial_taskflow_api.py for tasks to queue
[2024-11-04T20:22:42.034+0000] {logging_mixin.py:190} INFO - [2024-11-04T20:22:42.033+0000] {dagbag.py:588} INFO - Filling up the DagBag from /home/airflow/.local/lib/python3.12/site-packages/airflow/example_dags/tutorial_taskflow_api.py
[2024-11-04T20:22:42.043+0000] {processor.py:925} INFO - DAG(s) 'tutorial_taskflow_api' retrieved from /home/airflow/.local/lib/python3.12/site-packages/airflow/example_dags/tutorial_taskflow_api.py
[2024-11-04T20:22:42.064+0000] {logging_mixin.py:190} INFO - [2024-11-04T20:22:42.064+0000] {dag.py:3239} INFO - Sync 1 DAGs
[2024-11-04T20:22:42.079+0000] {logging_mixin.py:190} INFO - [2024-11-04T20:22:42.079+0000] {dag.py:4180} INFO - Setting next_dagrun for tutorial_taskflow_api to None, run_after=None
[2024-11-04T20:22:42.101+0000] {processor.py:208} INFO - Processing /home/airflow/.local/lib/python3.12/site-packages/airflow/example_dags/tutorial_taskflow_api.py took 0.077 seconds
