[2024-11-04T20:13:34.607+0000] {processor.py:186} INFO - Started process (PID=99) to work on /home/airflow/.local/lib/python3.12/site-packages/airflow/example_dags/tutorial_dag.py
[2024-11-04T20:13:34.610+0000] {processor.py:914} INFO - Processing file /home/airflow/.local/lib/python3.12/site-packages/airflow/example_dags/tutorial_dag.py for tasks to queue
[2024-11-04T20:13:34.618+0000] {logging_mixin.py:190} INFO - [2024-11-04T20:13:34.617+0000] {dagbag.py:588} INFO - Filling up the DagBag from /home/airflow/.local/lib/python3.12/site-packages/airflow/example_dags/tutorial_dag.py
[2024-11-04T20:13:34.647+0000] {processor.py:925} INFO - DAG(s) 'tutorial_dag' retrieved from /home/airflow/.local/lib/python3.12/site-packages/airflow/example_dags/tutorial_dag.py
[2024-11-04T20:13:34.967+0000] {logging_mixin.py:190} INFO - [2024-11-04T20:13:34.958+0000] {override.py:1900} INFO - Created Permission View: can edit on DAG:tutorial_dag
[2024-11-04T20:13:35.031+0000] {logging_mixin.py:190} INFO - [2024-11-04T20:13:35.030+0000] {override.py:1900} INFO - Created Permission View: can read on DAG:tutorial_dag
[2024-11-04T20:13:35.048+0000] {logging_mixin.py:190} INFO - [2024-11-04T20:13:35.047+0000] {override.py:1900} INFO - Created Permission View: can delete on DAG:tutorial_dag
[2024-11-04T20:13:35.089+0000] {logging_mixin.py:190} INFO - [2024-11-04T20:13:35.089+0000] {override.py:1900} INFO - Created Permission View: menu access on DAG Run:tutorial_dag
[2024-11-04T20:13:35.122+0000] {logging_mixin.py:190} INFO - [2024-11-04T20:13:35.121+0000] {override.py:1900} INFO - Created Permission View: can read on DAG Run:tutorial_dag
[2024-11-04T20:13:35.164+0000] {logging_mixin.py:190} INFO - [2024-11-04T20:13:35.163+0000] {override.py:1900} INFO - Created Permission View: can create on DAG Run:tutorial_dag
[2024-11-04T20:13:35.204+0000] {logging_mixin.py:190} INFO - [2024-11-04T20:13:35.203+0000] {override.py:1900} INFO - Created Permission View: can delete on DAG Run:tutorial_dag
[2024-11-04T20:13:35.205+0000] {logging_mixin.py:190} INFO - [2024-11-04T20:13:35.205+0000] {dag.py:3239} INFO - Sync 1 DAGs
[2024-11-04T20:13:35.239+0000] {logging_mixin.py:190} INFO - [2024-11-04T20:13:35.238+0000] {dag.py:3262} INFO - Creating ORM DAG for tutorial_dag
[2024-11-04T20:13:35.240+0000] {logging_mixin.py:190} INFO - [2024-11-04T20:13:35.240+0000] {dag.py:4180} INFO - Setting next_dagrun for tutorial_dag to None, run_after=None
[2024-11-04T20:13:35.506+0000] {processor.py:208} INFO - Processing /home/airflow/.local/lib/python3.12/site-packages/airflow/example_dags/tutorial_dag.py took 0.916 seconds
[2024-11-04T20:14:05.673+0000] {processor.py:186} INFO - Started process (PID=161) to work on /home/airflow/.local/lib/python3.12/site-packages/airflow/example_dags/tutorial_dag.py
[2024-11-04T20:14:05.674+0000] {processor.py:914} INFO - Processing file /home/airflow/.local/lib/python3.12/site-packages/airflow/example_dags/tutorial_dag.py for tasks to queue
[2024-11-04T20:14:05.677+0000] {logging_mixin.py:190} INFO - [2024-11-04T20:14:05.677+0000] {dagbag.py:588} INFO - Filling up the DagBag from /home/airflow/.local/lib/python3.12/site-packages/airflow/example_dags/tutorial_dag.py
[2024-11-04T20:14:05.689+0000] {processor.py:925} INFO - DAG(s) 'tutorial_dag' retrieved from /home/airflow/.local/lib/python3.12/site-packages/airflow/example_dags/tutorial_dag.py
[2024-11-04T20:14:05.778+0000] {logging_mixin.py:190} INFO - [2024-11-04T20:14:05.777+0000] {dag.py:3239} INFO - Sync 1 DAGs
[2024-11-04T20:14:05.837+0000] {logging_mixin.py:190} INFO - [2024-11-04T20:14:05.837+0000] {dag.py:4180} INFO - Setting next_dagrun for tutorial_dag to None, run_after=None
[2024-11-04T20:14:05.945+0000] {processor.py:208} INFO - Processing /home/airflow/.local/lib/python3.12/site-packages/airflow/example_dags/tutorial_dag.py took 0.283 seconds
[2024-11-04T20:14:37.018+0000] {processor.py:186} INFO - Started process (PID=224) to work on /home/airflow/.local/lib/python3.12/site-packages/airflow/example_dags/tutorial_dag.py
[2024-11-04T20:14:37.019+0000] {processor.py:914} INFO - Processing file /home/airflow/.local/lib/python3.12/site-packages/airflow/example_dags/tutorial_dag.py for tasks to queue
[2024-11-04T20:14:37.023+0000] {logging_mixin.py:190} INFO - [2024-11-04T20:14:37.022+0000] {dagbag.py:588} INFO - Filling up the DagBag from /home/airflow/.local/lib/python3.12/site-packages/airflow/example_dags/tutorial_dag.py
[2024-11-04T20:14:37.035+0000] {processor.py:925} INFO - DAG(s) 'tutorial_dag' retrieved from /home/airflow/.local/lib/python3.12/site-packages/airflow/example_dags/tutorial_dag.py
[2024-11-04T20:14:37.164+0000] {logging_mixin.py:190} INFO - [2024-11-04T20:14:37.164+0000] {dag.py:3239} INFO - Sync 1 DAGs
[2024-11-04T20:14:37.213+0000] {logging_mixin.py:190} INFO - [2024-11-04T20:14:37.212+0000] {dag.py:4180} INFO - Setting next_dagrun for tutorial_dag to None, run_after=None
[2024-11-04T20:14:37.248+0000] {processor.py:208} INFO - Processing /home/airflow/.local/lib/python3.12/site-packages/airflow/example_dags/tutorial_dag.py took 0.237 seconds
[2024-11-04T20:15:07.673+0000] {processor.py:186} INFO - Started process (PID=286) to work on /home/airflow/.local/lib/python3.12/site-packages/airflow/example_dags/tutorial_dag.py
[2024-11-04T20:15:07.675+0000] {processor.py:914} INFO - Processing file /home/airflow/.local/lib/python3.12/site-packages/airflow/example_dags/tutorial_dag.py for tasks to queue
[2024-11-04T20:15:07.679+0000] {logging_mixin.py:190} INFO - [2024-11-04T20:15:07.678+0000] {dagbag.py:588} INFO - Filling up the DagBag from /home/airflow/.local/lib/python3.12/site-packages/airflow/example_dags/tutorial_dag.py
[2024-11-04T20:15:07.688+0000] {processor.py:925} INFO - DAG(s) 'tutorial_dag' retrieved from /home/airflow/.local/lib/python3.12/site-packages/airflow/example_dags/tutorial_dag.py
[2024-11-04T20:15:07.715+0000] {logging_mixin.py:190} INFO - [2024-11-04T20:15:07.715+0000] {dag.py:3239} INFO - Sync 1 DAGs
[2024-11-04T20:15:07.735+0000] {logging_mixin.py:190} INFO - [2024-11-04T20:15:07.734+0000] {dag.py:4180} INFO - Setting next_dagrun for tutorial_dag to None, run_after=None
[2024-11-04T20:15:07.762+0000] {processor.py:208} INFO - Processing /home/airflow/.local/lib/python3.12/site-packages/airflow/example_dags/tutorial_dag.py took 0.096 seconds
[2024-11-04T20:15:38.127+0000] {processor.py:186} INFO - Started process (PID=348) to work on /home/airflow/.local/lib/python3.12/site-packages/airflow/example_dags/tutorial_dag.py
[2024-11-04T20:15:38.129+0000] {processor.py:914} INFO - Processing file /home/airflow/.local/lib/python3.12/site-packages/airflow/example_dags/tutorial_dag.py for tasks to queue
[2024-11-04T20:15:38.134+0000] {logging_mixin.py:190} INFO - [2024-11-04T20:15:38.133+0000] {dagbag.py:588} INFO - Filling up the DagBag from /home/airflow/.local/lib/python3.12/site-packages/airflow/example_dags/tutorial_dag.py
[2024-11-04T20:15:38.153+0000] {processor.py:925} INFO - DAG(s) 'tutorial_dag' retrieved from /home/airflow/.local/lib/python3.12/site-packages/airflow/example_dags/tutorial_dag.py
[2024-11-04T20:15:38.204+0000] {logging_mixin.py:190} INFO - [2024-11-04T20:15:38.203+0000] {dag.py:3239} INFO - Sync 1 DAGs
[2024-11-04T20:15:38.228+0000] {logging_mixin.py:190} INFO - [2024-11-04T20:15:38.228+0000] {dag.py:4180} INFO - Setting next_dagrun for tutorial_dag to None, run_after=None
[2024-11-04T20:15:38.256+0000] {processor.py:208} INFO - Processing /home/airflow/.local/lib/python3.12/site-packages/airflow/example_dags/tutorial_dag.py took 0.139 seconds
[2024-11-04T20:16:08.659+0000] {processor.py:186} INFO - Started process (PID=410) to work on /home/airflow/.local/lib/python3.12/site-packages/airflow/example_dags/tutorial_dag.py
[2024-11-04T20:16:08.660+0000] {processor.py:914} INFO - Processing file /home/airflow/.local/lib/python3.12/site-packages/airflow/example_dags/tutorial_dag.py for tasks to queue
[2024-11-04T20:16:08.663+0000] {logging_mixin.py:190} INFO - [2024-11-04T20:16:08.662+0000] {dagbag.py:588} INFO - Filling up the DagBag from /home/airflow/.local/lib/python3.12/site-packages/airflow/example_dags/tutorial_dag.py
[2024-11-04T20:16:08.674+0000] {processor.py:925} INFO - DAG(s) 'tutorial_dag' retrieved from /home/airflow/.local/lib/python3.12/site-packages/airflow/example_dags/tutorial_dag.py
[2024-11-04T20:16:08.708+0000] {logging_mixin.py:190} INFO - [2024-11-04T20:16:08.708+0000] {dag.py:3239} INFO - Sync 1 DAGs
[2024-11-04T20:16:08.730+0000] {logging_mixin.py:190} INFO - [2024-11-04T20:16:08.729+0000] {dag.py:4180} INFO - Setting next_dagrun for tutorial_dag to None, run_after=None
[2024-11-04T20:16:08.753+0000] {processor.py:208} INFO - Processing /home/airflow/.local/lib/python3.12/site-packages/airflow/example_dags/tutorial_dag.py took 0.103 seconds
[2024-11-04T20:16:39.578+0000] {processor.py:186} INFO - Started process (PID=472) to work on /home/airflow/.local/lib/python3.12/site-packages/airflow/example_dags/tutorial_dag.py
[2024-11-04T20:16:39.579+0000] {processor.py:914} INFO - Processing file /home/airflow/.local/lib/python3.12/site-packages/airflow/example_dags/tutorial_dag.py for tasks to queue
[2024-11-04T20:16:39.583+0000] {logging_mixin.py:190} INFO - [2024-11-04T20:16:39.583+0000] {dagbag.py:588} INFO - Filling up the DagBag from /home/airflow/.local/lib/python3.12/site-packages/airflow/example_dags/tutorial_dag.py
[2024-11-04T20:16:39.600+0000] {processor.py:925} INFO - DAG(s) 'tutorial_dag' retrieved from /home/airflow/.local/lib/python3.12/site-packages/airflow/example_dags/tutorial_dag.py
[2024-11-04T20:16:39.723+0000] {logging_mixin.py:190} INFO - [2024-11-04T20:16:39.721+0000] {dag.py:3239} INFO - Sync 1 DAGs
[2024-11-04T20:16:39.807+0000] {logging_mixin.py:190} INFO - [2024-11-04T20:16:39.806+0000] {dag.py:4180} INFO - Setting next_dagrun for tutorial_dag to None, run_after=None
[2024-11-04T20:16:39.854+0000] {processor.py:208} INFO - Processing /home/airflow/.local/lib/python3.12/site-packages/airflow/example_dags/tutorial_dag.py took 0.285 seconds
[2024-11-04T20:17:10.220+0000] {processor.py:186} INFO - Started process (PID=534) to work on /home/airflow/.local/lib/python3.12/site-packages/airflow/example_dags/tutorial_dag.py
[2024-11-04T20:17:10.222+0000] {processor.py:914} INFO - Processing file /home/airflow/.local/lib/python3.12/site-packages/airflow/example_dags/tutorial_dag.py for tasks to queue
[2024-11-04T20:17:10.227+0000] {logging_mixin.py:190} INFO - [2024-11-04T20:17:10.227+0000] {dagbag.py:588} INFO - Filling up the DagBag from /home/airflow/.local/lib/python3.12/site-packages/airflow/example_dags/tutorial_dag.py
[2024-11-04T20:17:10.250+0000] {processor.py:925} INFO - DAG(s) 'tutorial_dag' retrieved from /home/airflow/.local/lib/python3.12/site-packages/airflow/example_dags/tutorial_dag.py
[2024-11-04T20:17:10.356+0000] {logging_mixin.py:190} INFO - [2024-11-04T20:17:10.355+0000] {dag.py:3239} INFO - Sync 1 DAGs
[2024-11-04T20:17:10.462+0000] {logging_mixin.py:190} INFO - [2024-11-04T20:17:10.461+0000] {dag.py:4180} INFO - Setting next_dagrun for tutorial_dag to None, run_after=None
[2024-11-04T20:17:10.700+0000] {processor.py:208} INFO - Processing /home/airflow/.local/lib/python3.12/site-packages/airflow/example_dags/tutorial_dag.py took 0.499 seconds
[2024-11-04T20:17:41.635+0000] {processor.py:186} INFO - Started process (PID=595) to work on /home/airflow/.local/lib/python3.12/site-packages/airflow/example_dags/tutorial_dag.py
[2024-11-04T20:17:41.637+0000] {processor.py:914} INFO - Processing file /home/airflow/.local/lib/python3.12/site-packages/airflow/example_dags/tutorial_dag.py for tasks to queue
[2024-11-04T20:17:41.643+0000] {logging_mixin.py:190} INFO - [2024-11-04T20:17:41.643+0000] {dagbag.py:588} INFO - Filling up the DagBag from /home/airflow/.local/lib/python3.12/site-packages/airflow/example_dags/tutorial_dag.py
[2024-11-04T20:17:41.657+0000] {processor.py:925} INFO - DAG(s) 'tutorial_dag' retrieved from /home/airflow/.local/lib/python3.12/site-packages/airflow/example_dags/tutorial_dag.py
[2024-11-04T20:17:41.709+0000] {logging_mixin.py:190} INFO - [2024-11-04T20:17:41.709+0000] {dag.py:3239} INFO - Sync 1 DAGs
[2024-11-04T20:17:41.739+0000] {logging_mixin.py:190} INFO - [2024-11-04T20:17:41.738+0000] {dag.py:4180} INFO - Setting next_dagrun for tutorial_dag to None, run_after=None
[2024-11-04T20:17:41.805+0000] {processor.py:208} INFO - Processing /home/airflow/.local/lib/python3.12/site-packages/airflow/example_dags/tutorial_dag.py took 0.179 seconds
[2024-11-04T20:18:12.422+0000] {processor.py:186} INFO - Started process (PID=657) to work on /home/airflow/.local/lib/python3.12/site-packages/airflow/example_dags/tutorial_dag.py
[2024-11-04T20:18:12.423+0000] {processor.py:914} INFO - Processing file /home/airflow/.local/lib/python3.12/site-packages/airflow/example_dags/tutorial_dag.py for tasks to queue
[2024-11-04T20:18:12.426+0000] {logging_mixin.py:190} INFO - [2024-11-04T20:18:12.426+0000] {dagbag.py:588} INFO - Filling up the DagBag from /home/airflow/.local/lib/python3.12/site-packages/airflow/example_dags/tutorial_dag.py
[2024-11-04T20:18:12.435+0000] {processor.py:925} INFO - DAG(s) 'tutorial_dag' retrieved from /home/airflow/.local/lib/python3.12/site-packages/airflow/example_dags/tutorial_dag.py
[2024-11-04T20:18:12.458+0000] {logging_mixin.py:190} INFO - [2024-11-04T20:18:12.457+0000] {dag.py:3239} INFO - Sync 1 DAGs
[2024-11-04T20:18:12.476+0000] {logging_mixin.py:190} INFO - [2024-11-04T20:18:12.476+0000] {dag.py:4180} INFO - Setting next_dagrun for tutorial_dag to None, run_after=None
[2024-11-04T20:18:12.500+0000] {processor.py:208} INFO - Processing /home/airflow/.local/lib/python3.12/site-packages/airflow/example_dags/tutorial_dag.py took 0.084 seconds
[2024-11-04T20:18:42.689+0000] {processor.py:186} INFO - Started process (PID=720) to work on /home/airflow/.local/lib/python3.12/site-packages/airflow/example_dags/tutorial_dag.py
[2024-11-04T20:18:42.690+0000] {processor.py:914} INFO - Processing file /home/airflow/.local/lib/python3.12/site-packages/airflow/example_dags/tutorial_dag.py for tasks to queue
[2024-11-04T20:18:42.693+0000] {logging_mixin.py:190} INFO - [2024-11-04T20:18:42.692+0000] {dagbag.py:588} INFO - Filling up the DagBag from /home/airflow/.local/lib/python3.12/site-packages/airflow/example_dags/tutorial_dag.py
[2024-11-04T20:18:42.702+0000] {processor.py:925} INFO - DAG(s) 'tutorial_dag' retrieved from /home/airflow/.local/lib/python3.12/site-packages/airflow/example_dags/tutorial_dag.py
[2024-11-04T20:18:42.723+0000] {logging_mixin.py:190} INFO - [2024-11-04T20:18:42.723+0000] {dag.py:3239} INFO - Sync 1 DAGs
[2024-11-04T20:18:42.739+0000] {logging_mixin.py:190} INFO - [2024-11-04T20:18:42.739+0000] {dag.py:4180} INFO - Setting next_dagrun for tutorial_dag to None, run_after=None
[2024-11-04T20:18:42.760+0000] {processor.py:208} INFO - Processing /home/airflow/.local/lib/python3.12/site-packages/airflow/example_dags/tutorial_dag.py took 0.077 seconds
[2024-11-04T20:19:13.129+0000] {processor.py:186} INFO - Started process (PID=783) to work on /home/airflow/.local/lib/python3.12/site-packages/airflow/example_dags/tutorial_dag.py
[2024-11-04T20:19:13.131+0000] {processor.py:914} INFO - Processing file /home/airflow/.local/lib/python3.12/site-packages/airflow/example_dags/tutorial_dag.py for tasks to queue
[2024-11-04T20:19:13.139+0000] {logging_mixin.py:190} INFO - [2024-11-04T20:19:13.138+0000] {dagbag.py:588} INFO - Filling up the DagBag from /home/airflow/.local/lib/python3.12/site-packages/airflow/example_dags/tutorial_dag.py
[2024-11-04T20:19:13.156+0000] {processor.py:925} INFO - DAG(s) 'tutorial_dag' retrieved from /home/airflow/.local/lib/python3.12/site-packages/airflow/example_dags/tutorial_dag.py
[2024-11-04T20:19:13.191+0000] {logging_mixin.py:190} INFO - [2024-11-04T20:19:13.191+0000] {dag.py:3239} INFO - Sync 1 DAGs
[2024-11-04T20:19:13.220+0000] {logging_mixin.py:190} INFO - [2024-11-04T20:19:13.220+0000] {dag.py:4180} INFO - Setting next_dagrun for tutorial_dag to None, run_after=None
[2024-11-04T20:19:13.244+0000] {processor.py:208} INFO - Processing /home/airflow/.local/lib/python3.12/site-packages/airflow/example_dags/tutorial_dag.py took 0.126 seconds
[2024-11-04T20:19:43.668+0000] {processor.py:186} INFO - Started process (PID=846) to work on /home/airflow/.local/lib/python3.12/site-packages/airflow/example_dags/tutorial_dag.py
[2024-11-04T20:19:43.670+0000] {processor.py:914} INFO - Processing file /home/airflow/.local/lib/python3.12/site-packages/airflow/example_dags/tutorial_dag.py for tasks to queue
[2024-11-04T20:19:43.673+0000] {logging_mixin.py:190} INFO - [2024-11-04T20:19:43.672+0000] {dagbag.py:588} INFO - Filling up the DagBag from /home/airflow/.local/lib/python3.12/site-packages/airflow/example_dags/tutorial_dag.py
[2024-11-04T20:19:43.681+0000] {processor.py:925} INFO - DAG(s) 'tutorial_dag' retrieved from /home/airflow/.local/lib/python3.12/site-packages/airflow/example_dags/tutorial_dag.py
[2024-11-04T20:19:43.705+0000] {logging_mixin.py:190} INFO - [2024-11-04T20:19:43.705+0000] {dag.py:3239} INFO - Sync 1 DAGs
[2024-11-04T20:19:43.721+0000] {logging_mixin.py:190} INFO - [2024-11-04T20:19:43.721+0000] {dag.py:4180} INFO - Setting next_dagrun for tutorial_dag to None, run_after=None
[2024-11-04T20:19:43.742+0000] {processor.py:208} INFO - Processing /home/airflow/.local/lib/python3.12/site-packages/airflow/example_dags/tutorial_dag.py took 0.082 seconds
[2024-11-04T20:20:14.074+0000] {processor.py:186} INFO - Started process (PID=909) to work on /home/airflow/.local/lib/python3.12/site-packages/airflow/example_dags/tutorial_dag.py
[2024-11-04T20:20:14.075+0000] {processor.py:914} INFO - Processing file /home/airflow/.local/lib/python3.12/site-packages/airflow/example_dags/tutorial_dag.py for tasks to queue
[2024-11-04T20:20:14.078+0000] {logging_mixin.py:190} INFO - [2024-11-04T20:20:14.078+0000] {dagbag.py:588} INFO - Filling up the DagBag from /home/airflow/.local/lib/python3.12/site-packages/airflow/example_dags/tutorial_dag.py
[2024-11-04T20:20:14.086+0000] {processor.py:925} INFO - DAG(s) 'tutorial_dag' retrieved from /home/airflow/.local/lib/python3.12/site-packages/airflow/example_dags/tutorial_dag.py
[2024-11-04T20:20:14.110+0000] {logging_mixin.py:190} INFO - [2024-11-04T20:20:14.109+0000] {dag.py:3239} INFO - Sync 1 DAGs
[2024-11-04T20:20:14.126+0000] {logging_mixin.py:190} INFO - [2024-11-04T20:20:14.125+0000] {dag.py:4180} INFO - Setting next_dagrun for tutorial_dag to None, run_after=None
[2024-11-04T20:20:14.147+0000] {processor.py:208} INFO - Processing /home/airflow/.local/lib/python3.12/site-packages/airflow/example_dags/tutorial_dag.py took 0.079 seconds
[2024-11-04T20:20:44.690+0000] {processor.py:186} INFO - Started process (PID=972) to work on /home/airflow/.local/lib/python3.12/site-packages/airflow/example_dags/tutorial_dag.py
[2024-11-04T20:20:44.702+0000] {processor.py:914} INFO - Processing file /home/airflow/.local/lib/python3.12/site-packages/airflow/example_dags/tutorial_dag.py for tasks to queue
[2024-11-04T20:20:44.705+0000] {logging_mixin.py:190} INFO - [2024-11-04T20:20:44.704+0000] {dagbag.py:588} INFO - Filling up the DagBag from /home/airflow/.local/lib/python3.12/site-packages/airflow/example_dags/tutorial_dag.py
[2024-11-04T20:20:44.725+0000] {processor.py:925} INFO - DAG(s) 'tutorial_dag' retrieved from /home/airflow/.local/lib/python3.12/site-packages/airflow/example_dags/tutorial_dag.py
[2024-11-04T20:20:44.758+0000] {logging_mixin.py:190} INFO - [2024-11-04T20:20:44.757+0000] {dag.py:3239} INFO - Sync 1 DAGs
[2024-11-04T20:20:44.782+0000] {logging_mixin.py:190} INFO - [2024-11-04T20:20:44.782+0000] {dag.py:4180} INFO - Setting next_dagrun for tutorial_dag to None, run_after=None
[2024-11-04T20:20:44.815+0000] {processor.py:208} INFO - Processing /home/airflow/.local/lib/python3.12/site-packages/airflow/example_dags/tutorial_dag.py took 0.138 seconds
[2024-11-04T20:21:15.003+0000] {processor.py:186} INFO - Started process (PID=1035) to work on /home/airflow/.local/lib/python3.12/site-packages/airflow/example_dags/tutorial_dag.py
[2024-11-04T20:21:15.005+0000] {processor.py:914} INFO - Processing file /home/airflow/.local/lib/python3.12/site-packages/airflow/example_dags/tutorial_dag.py for tasks to queue
[2024-11-04T20:21:15.008+0000] {logging_mixin.py:190} INFO - [2024-11-04T20:21:15.007+0000] {dagbag.py:588} INFO - Filling up the DagBag from /home/airflow/.local/lib/python3.12/site-packages/airflow/example_dags/tutorial_dag.py
[2024-11-04T20:21:15.016+0000] {processor.py:925} INFO - DAG(s) 'tutorial_dag' retrieved from /home/airflow/.local/lib/python3.12/site-packages/airflow/example_dags/tutorial_dag.py
[2024-11-04T20:21:15.044+0000] {logging_mixin.py:190} INFO - [2024-11-04T20:21:15.043+0000] {dag.py:3239} INFO - Sync 1 DAGs
[2024-11-04T20:21:15.064+0000] {logging_mixin.py:190} INFO - [2024-11-04T20:21:15.064+0000] {dag.py:4180} INFO - Setting next_dagrun for tutorial_dag to None, run_after=None
[2024-11-04T20:21:15.085+0000] {processor.py:208} INFO - Processing /home/airflow/.local/lib/python3.12/site-packages/airflow/example_dags/tutorial_dag.py took 0.089 seconds
[2024-11-04T20:21:45.711+0000] {processor.py:186} INFO - Started process (PID=1098) to work on /home/airflow/.local/lib/python3.12/site-packages/airflow/example_dags/tutorial_dag.py
[2024-11-04T20:21:45.713+0000] {processor.py:914} INFO - Processing file /home/airflow/.local/lib/python3.12/site-packages/airflow/example_dags/tutorial_dag.py for tasks to queue
[2024-11-04T20:21:45.717+0000] {logging_mixin.py:190} INFO - [2024-11-04T20:21:45.717+0000] {dagbag.py:588} INFO - Filling up the DagBag from /home/airflow/.local/lib/python3.12/site-packages/airflow/example_dags/tutorial_dag.py
[2024-11-04T20:21:45.725+0000] {processor.py:925} INFO - DAG(s) 'tutorial_dag' retrieved from /home/airflow/.local/lib/python3.12/site-packages/airflow/example_dags/tutorial_dag.py
[2024-11-04T20:21:45.749+0000] {logging_mixin.py:190} INFO - [2024-11-04T20:21:45.748+0000] {dag.py:3239} INFO - Sync 1 DAGs
[2024-11-04T20:21:45.766+0000] {logging_mixin.py:190} INFO - [2024-11-04T20:21:45.765+0000] {dag.py:4180} INFO - Setting next_dagrun for tutorial_dag to None, run_after=None
[2024-11-04T20:21:45.791+0000] {processor.py:208} INFO - Processing /home/airflow/.local/lib/python3.12/site-packages/airflow/example_dags/tutorial_dag.py took 0.089 seconds
[2024-11-04T20:22:16.025+0000] {processor.py:186} INFO - Started process (PID=1160) to work on /home/airflow/.local/lib/python3.12/site-packages/airflow/example_dags/tutorial_dag.py
[2024-11-04T20:22:16.028+0000] {processor.py:914} INFO - Processing file /home/airflow/.local/lib/python3.12/site-packages/airflow/example_dags/tutorial_dag.py for tasks to queue
[2024-11-04T20:22:16.031+0000] {logging_mixin.py:190} INFO - [2024-11-04T20:22:16.031+0000] {dagbag.py:588} INFO - Filling up the DagBag from /home/airflow/.local/lib/python3.12/site-packages/airflow/example_dags/tutorial_dag.py
[2024-11-04T20:22:16.041+0000] {processor.py:925} INFO - DAG(s) 'tutorial_dag' retrieved from /home/airflow/.local/lib/python3.12/site-packages/airflow/example_dags/tutorial_dag.py
[2024-11-04T20:22:16.074+0000] {logging_mixin.py:190} INFO - [2024-11-04T20:22:16.074+0000] {dag.py:3239} INFO - Sync 1 DAGs
[2024-11-04T20:22:16.123+0000] {logging_mixin.py:190} INFO - [2024-11-04T20:22:16.122+0000] {dag.py:4180} INFO - Setting next_dagrun for tutorial_dag to None, run_after=None
[2024-11-04T20:22:16.194+0000] {processor.py:208} INFO - Processing /home/airflow/.local/lib/python3.12/site-packages/airflow/example_dags/tutorial_dag.py took 0.197 seconds
[2024-11-04T20:22:46.348+0000] {processor.py:186} INFO - Started process (PID=1223) to work on /home/airflow/.local/lib/python3.12/site-packages/airflow/example_dags/tutorial_dag.py
[2024-11-04T20:22:46.349+0000] {processor.py:914} INFO - Processing file /home/airflow/.local/lib/python3.12/site-packages/airflow/example_dags/tutorial_dag.py for tasks to queue
[2024-11-04T20:22:46.352+0000] {logging_mixin.py:190} INFO - [2024-11-04T20:22:46.351+0000] {dagbag.py:588} INFO - Filling up the DagBag from /home/airflow/.local/lib/python3.12/site-packages/airflow/example_dags/tutorial_dag.py
[2024-11-04T20:22:46.360+0000] {processor.py:925} INFO - DAG(s) 'tutorial_dag' retrieved from /home/airflow/.local/lib/python3.12/site-packages/airflow/example_dags/tutorial_dag.py
[2024-11-04T20:22:46.383+0000] {logging_mixin.py:190} INFO - [2024-11-04T20:22:46.383+0000] {dag.py:3239} INFO - Sync 1 DAGs
[2024-11-04T20:22:46.399+0000] {logging_mixin.py:190} INFO - [2024-11-04T20:22:46.399+0000] {dag.py:4180} INFO - Setting next_dagrun for tutorial_dag to None, run_after=None
[2024-11-04T20:22:46.420+0000] {processor.py:208} INFO - Processing /home/airflow/.local/lib/python3.12/site-packages/airflow/example_dags/tutorial_dag.py took 0.079 seconds
