[2024-11-04T20:13:26.928+0000] {processor.py:186} INFO - Started process (PID=90) to work on /home/airflow/.local/lib/python3.12/site-packages/airflow/example_dags/tutorial_objectstorage.py
[2024-11-04T20:13:26.934+0000] {processor.py:914} INFO - Processing file /home/airflow/.local/lib/python3.12/site-packages/airflow/example_dags/tutorial_objectstorage.py for tasks to queue
[2024-11-04T20:13:26.938+0000] {logging_mixin.py:190} INFO - [2024-11-04T20:13:26.938+0000] {dagbag.py:588} INFO - Filling up the DagBag from /home/airflow/.local/lib/python3.12/site-packages/airflow/example_dags/tutorial_objectstorage.py
[2024-11-04T20:13:26.978+0000] {processor.py:925} INFO - DAG(s) 'tutorial_objectstorage' retrieved from /home/airflow/.local/lib/python3.12/site-packages/airflow/example_dags/tutorial_objectstorage.py
[2024-11-04T20:13:27.834+0000] {logging_mixin.py:190} INFO - [2024-11-04T20:13:27.833+0000] {override.py:1900} INFO - Created Permission View: can edit on DAG:tutorial_objectstorage
[2024-11-04T20:13:27.859+0000] {logging_mixin.py:190} INFO - [2024-11-04T20:13:27.859+0000] {override.py:1900} INFO - Created Permission View: can read on DAG:tutorial_objectstorage
[2024-11-04T20:13:27.873+0000] {logging_mixin.py:190} INFO - [2024-11-04T20:13:27.873+0000] {override.py:1900} INFO - Created Permission View: can delete on DAG:tutorial_objectstorage
[2024-11-04T20:13:27.888+0000] {logging_mixin.py:190} INFO - [2024-11-04T20:13:27.888+0000] {override.py:1900} INFO - Created Permission View: menu access on DAG Run:tutorial_objectstorage
[2024-11-04T20:13:27.899+0000] {logging_mixin.py:190} INFO - [2024-11-04T20:13:27.899+0000] {override.py:1900} INFO - Created Permission View: can read on DAG Run:tutorial_objectstorage
[2024-11-04T20:13:27.909+0000] {logging_mixin.py:190} INFO - [2024-11-04T20:13:27.908+0000] {override.py:1900} INFO - Created Permission View: can create on DAG Run:tutorial_objectstorage
[2024-11-04T20:13:27.921+0000] {logging_mixin.py:190} INFO - [2024-11-04T20:13:27.921+0000] {override.py:1900} INFO - Created Permission View: can delete on DAG Run:tutorial_objectstorage
[2024-11-04T20:13:27.923+0000] {logging_mixin.py:190} INFO - [2024-11-04T20:13:27.922+0000] {dag.py:3239} INFO - Sync 1 DAGs
[2024-11-04T20:13:27.964+0000] {logging_mixin.py:190} INFO - [2024-11-04T20:13:27.964+0000] {dag.py:3262} INFO - Creating ORM DAG for tutorial_objectstorage
[2024-11-04T20:13:27.970+0000] {logging_mixin.py:190} INFO - [2024-11-04T20:13:27.969+0000] {dag.py:4180} INFO - Setting next_dagrun for tutorial_objectstorage to None, run_after=None
[2024-11-04T20:13:28.029+0000] {processor.py:208} INFO - Processing /home/airflow/.local/lib/python3.12/site-packages/airflow/example_dags/tutorial_objectstorage.py took 1.114 seconds
[2024-11-04T20:13:58.213+0000] {processor.py:186} INFO - Started process (PID=152) to work on /home/airflow/.local/lib/python3.12/site-packages/airflow/example_dags/tutorial_objectstorage.py
[2024-11-04T20:13:58.217+0000] {processor.py:914} INFO - Processing file /home/airflow/.local/lib/python3.12/site-packages/airflow/example_dags/tutorial_objectstorage.py for tasks to queue
[2024-11-04T20:13:58.264+0000] {logging_mixin.py:190} INFO - [2024-11-04T20:13:58.260+0000] {dagbag.py:588} INFO - Filling up the DagBag from /home/airflow/.local/lib/python3.12/site-packages/airflow/example_dags/tutorial_objectstorage.py
[2024-11-04T20:13:58.353+0000] {processor.py:925} INFO - DAG(s) 'tutorial_objectstorage' retrieved from /home/airflow/.local/lib/python3.12/site-packages/airflow/example_dags/tutorial_objectstorage.py
[2024-11-04T20:13:58.413+0000] {logging_mixin.py:190} INFO - [2024-11-04T20:13:58.413+0000] {dag.py:3239} INFO - Sync 1 DAGs
[2024-11-04T20:13:58.491+0000] {logging_mixin.py:190} INFO - [2024-11-04T20:13:58.490+0000] {dag.py:4180} INFO - Setting next_dagrun for tutorial_objectstorage to None, run_after=None
[2024-11-04T20:13:58.561+0000] {processor.py:208} INFO - Processing /home/airflow/.local/lib/python3.12/site-packages/airflow/example_dags/tutorial_objectstorage.py took 0.358 seconds
[2024-11-04T20:14:29.089+0000] {processor.py:186} INFO - Started process (PID=215) to work on /home/airflow/.local/lib/python3.12/site-packages/airflow/example_dags/tutorial_objectstorage.py
[2024-11-04T20:14:29.091+0000] {processor.py:914} INFO - Processing file /home/airflow/.local/lib/python3.12/site-packages/airflow/example_dags/tutorial_objectstorage.py for tasks to queue
[2024-11-04T20:14:29.094+0000] {logging_mixin.py:190} INFO - [2024-11-04T20:14:29.093+0000] {dagbag.py:588} INFO - Filling up the DagBag from /home/airflow/.local/lib/python3.12/site-packages/airflow/example_dags/tutorial_objectstorage.py
[2024-11-04T20:14:29.106+0000] {processor.py:925} INFO - DAG(s) 'tutorial_objectstorage' retrieved from /home/airflow/.local/lib/python3.12/site-packages/airflow/example_dags/tutorial_objectstorage.py
[2024-11-04T20:14:29.132+0000] {logging_mixin.py:190} INFO - [2024-11-04T20:14:29.132+0000] {dag.py:3239} INFO - Sync 1 DAGs
[2024-11-04T20:14:29.150+0000] {logging_mixin.py:190} INFO - [2024-11-04T20:14:29.150+0000] {dag.py:4180} INFO - Setting next_dagrun for tutorial_objectstorage to None, run_after=None
[2024-11-04T20:14:29.169+0000] {processor.py:208} INFO - Processing /home/airflow/.local/lib/python3.12/site-packages/airflow/example_dags/tutorial_objectstorage.py took 0.087 seconds
[2024-11-04T20:15:00.088+0000] {processor.py:186} INFO - Started process (PID=277) to work on /home/airflow/.local/lib/python3.12/site-packages/airflow/example_dags/tutorial_objectstorage.py
[2024-11-04T20:15:00.089+0000] {processor.py:914} INFO - Processing file /home/airflow/.local/lib/python3.12/site-packages/airflow/example_dags/tutorial_objectstorage.py for tasks to queue
[2024-11-04T20:15:00.092+0000] {logging_mixin.py:190} INFO - [2024-11-04T20:15:00.092+0000] {dagbag.py:588} INFO - Filling up the DagBag from /home/airflow/.local/lib/python3.12/site-packages/airflow/example_dags/tutorial_objectstorage.py
[2024-11-04T20:15:00.102+0000] {processor.py:925} INFO - DAG(s) 'tutorial_objectstorage' retrieved from /home/airflow/.local/lib/python3.12/site-packages/airflow/example_dags/tutorial_objectstorage.py
[2024-11-04T20:15:00.125+0000] {logging_mixin.py:190} INFO - [2024-11-04T20:15:00.125+0000] {dag.py:3239} INFO - Sync 1 DAGs
[2024-11-04T20:15:00.144+0000] {logging_mixin.py:190} INFO - [2024-11-04T20:15:00.143+0000] {dag.py:4180} INFO - Setting next_dagrun for tutorial_objectstorage to None, run_after=None
[2024-11-04T20:15:00.167+0000] {processor.py:208} INFO - Processing /home/airflow/.local/lib/python3.12/site-packages/airflow/example_dags/tutorial_objectstorage.py took 0.086 seconds
[2024-11-04T20:15:30.259+0000] {processor.py:186} INFO - Started process (PID=339) to work on /home/airflow/.local/lib/python3.12/site-packages/airflow/example_dags/tutorial_objectstorage.py
[2024-11-04T20:15:30.260+0000] {processor.py:914} INFO - Processing file /home/airflow/.local/lib/python3.12/site-packages/airflow/example_dags/tutorial_objectstorage.py for tasks to queue
[2024-11-04T20:15:30.263+0000] {logging_mixin.py:190} INFO - [2024-11-04T20:15:30.262+0000] {dagbag.py:588} INFO - Filling up the DagBag from /home/airflow/.local/lib/python3.12/site-packages/airflow/example_dags/tutorial_objectstorage.py
[2024-11-04T20:15:30.272+0000] {processor.py:925} INFO - DAG(s) 'tutorial_objectstorage' retrieved from /home/airflow/.local/lib/python3.12/site-packages/airflow/example_dags/tutorial_objectstorage.py
[2024-11-04T20:15:30.293+0000] {logging_mixin.py:190} INFO - [2024-11-04T20:15:30.292+0000] {dag.py:3239} INFO - Sync 1 DAGs
[2024-11-04T20:15:30.308+0000] {logging_mixin.py:190} INFO - [2024-11-04T20:15:30.308+0000] {dag.py:4180} INFO - Setting next_dagrun for tutorial_objectstorage to None, run_after=None
[2024-11-04T20:15:30.327+0000] {processor.py:208} INFO - Processing /home/airflow/.local/lib/python3.12/site-packages/airflow/example_dags/tutorial_objectstorage.py took 0.075 seconds
[2024-11-04T20:16:00.744+0000] {processor.py:186} INFO - Started process (PID=401) to work on /home/airflow/.local/lib/python3.12/site-packages/airflow/example_dags/tutorial_objectstorage.py
[2024-11-04T20:16:00.745+0000] {processor.py:914} INFO - Processing file /home/airflow/.local/lib/python3.12/site-packages/airflow/example_dags/tutorial_objectstorage.py for tasks to queue
[2024-11-04T20:16:00.748+0000] {logging_mixin.py:190} INFO - [2024-11-04T20:16:00.748+0000] {dagbag.py:588} INFO - Filling up the DagBag from /home/airflow/.local/lib/python3.12/site-packages/airflow/example_dags/tutorial_objectstorage.py
[2024-11-04T20:16:00.759+0000] {processor.py:925} INFO - DAG(s) 'tutorial_objectstorage' retrieved from /home/airflow/.local/lib/python3.12/site-packages/airflow/example_dags/tutorial_objectstorage.py
[2024-11-04T20:16:00.779+0000] {logging_mixin.py:190} INFO - [2024-11-04T20:16:00.779+0000] {dag.py:3239} INFO - Sync 1 DAGs
[2024-11-04T20:16:00.795+0000] {logging_mixin.py:190} INFO - [2024-11-04T20:16:00.795+0000] {dag.py:4180} INFO - Setting next_dagrun for tutorial_objectstorage to None, run_after=None
[2024-11-04T20:16:00.814+0000] {processor.py:208} INFO - Processing /home/airflow/.local/lib/python3.12/site-packages/airflow/example_dags/tutorial_objectstorage.py took 0.078 seconds
[2024-11-04T20:16:31.638+0000] {processor.py:186} INFO - Started process (PID=463) to work on /home/airflow/.local/lib/python3.12/site-packages/airflow/example_dags/tutorial_objectstorage.py
[2024-11-04T20:16:31.641+0000] {processor.py:914} INFO - Processing file /home/airflow/.local/lib/python3.12/site-packages/airflow/example_dags/tutorial_objectstorage.py for tasks to queue
[2024-11-04T20:16:31.646+0000] {logging_mixin.py:190} INFO - [2024-11-04T20:16:31.645+0000] {dagbag.py:588} INFO - Filling up the DagBag from /home/airflow/.local/lib/python3.12/site-packages/airflow/example_dags/tutorial_objectstorage.py
[2024-11-04T20:16:31.656+0000] {processor.py:925} INFO - DAG(s) 'tutorial_objectstorage' retrieved from /home/airflow/.local/lib/python3.12/site-packages/airflow/example_dags/tutorial_objectstorage.py
[2024-11-04T20:16:31.678+0000] {logging_mixin.py:190} INFO - [2024-11-04T20:16:31.678+0000] {dag.py:3239} INFO - Sync 1 DAGs
[2024-11-04T20:16:31.697+0000] {logging_mixin.py:190} INFO - [2024-11-04T20:16:31.696+0000] {dag.py:4180} INFO - Setting next_dagrun for tutorial_objectstorage to None, run_after=None
[2024-11-04T20:16:31.724+0000] {processor.py:208} INFO - Processing /home/airflow/.local/lib/python3.12/site-packages/airflow/example_dags/tutorial_objectstorage.py took 0.095 seconds
[2024-11-04T20:17:02.701+0000] {processor.py:186} INFO - Started process (PID=525) to work on /home/airflow/.local/lib/python3.12/site-packages/airflow/example_dags/tutorial_objectstorage.py
[2024-11-04T20:17:02.724+0000] {processor.py:914} INFO - Processing file /home/airflow/.local/lib/python3.12/site-packages/airflow/example_dags/tutorial_objectstorage.py for tasks to queue
[2024-11-04T20:17:02.748+0000] {logging_mixin.py:190} INFO - [2024-11-04T20:17:02.747+0000] {dagbag.py:588} INFO - Filling up the DagBag from /home/airflow/.local/lib/python3.12/site-packages/airflow/example_dags/tutorial_objectstorage.py
[2024-11-04T20:17:02.813+0000] {processor.py:925} INFO - DAG(s) 'tutorial_objectstorage' retrieved from /home/airflow/.local/lib/python3.12/site-packages/airflow/example_dags/tutorial_objectstorage.py
[2024-11-04T20:17:02.889+0000] {logging_mixin.py:190} INFO - [2024-11-04T20:17:02.889+0000] {dag.py:3239} INFO - Sync 1 DAGs
[2024-11-04T20:17:02.941+0000] {logging_mixin.py:190} INFO - [2024-11-04T20:17:02.940+0000] {dag.py:4180} INFO - Setting next_dagrun for tutorial_objectstorage to None, run_after=None
[2024-11-04T20:17:03.112+0000] {processor.py:208} INFO - Processing /home/airflow/.local/lib/python3.12/site-packages/airflow/example_dags/tutorial_objectstorage.py took 0.444 seconds
[2024-11-04T20:17:34.795+0000] {processor.py:186} INFO - Started process (PID=586) to work on /home/airflow/.local/lib/python3.12/site-packages/airflow/example_dags/tutorial_objectstorage.py
[2024-11-04T20:17:34.798+0000] {processor.py:914} INFO - Processing file /home/airflow/.local/lib/python3.12/site-packages/airflow/example_dags/tutorial_objectstorage.py for tasks to queue
[2024-11-04T20:17:34.811+0000] {logging_mixin.py:190} INFO - [2024-11-04T20:17:34.810+0000] {dagbag.py:588} INFO - Filling up the DagBag from /home/airflow/.local/lib/python3.12/site-packages/airflow/example_dags/tutorial_objectstorage.py
[2024-11-04T20:17:34.866+0000] {processor.py:925} INFO - DAG(s) 'tutorial_objectstorage' retrieved from /home/airflow/.local/lib/python3.12/site-packages/airflow/example_dags/tutorial_objectstorage.py
[2024-11-04T20:17:34.913+0000] {logging_mixin.py:190} INFO - [2024-11-04T20:17:34.913+0000] {dag.py:3239} INFO - Sync 1 DAGs
[2024-11-04T20:17:34.943+0000] {logging_mixin.py:190} INFO - [2024-11-04T20:17:34.941+0000] {dag.py:4180} INFO - Setting next_dagrun for tutorial_objectstorage to None, run_after=None
[2024-11-04T20:17:35.027+0000] {processor.py:208} INFO - Processing /home/airflow/.local/lib/python3.12/site-packages/airflow/example_dags/tutorial_objectstorage.py took 0.249 seconds
[2024-11-04T20:18:05.454+0000] {processor.py:186} INFO - Started process (PID=648) to work on /home/airflow/.local/lib/python3.12/site-packages/airflow/example_dags/tutorial_objectstorage.py
[2024-11-04T20:18:05.455+0000] {processor.py:914} INFO - Processing file /home/airflow/.local/lib/python3.12/site-packages/airflow/example_dags/tutorial_objectstorage.py for tasks to queue
[2024-11-04T20:18:05.457+0000] {logging_mixin.py:190} INFO - [2024-11-04T20:18:05.457+0000] {dagbag.py:588} INFO - Filling up the DagBag from /home/airflow/.local/lib/python3.12/site-packages/airflow/example_dags/tutorial_objectstorage.py
[2024-11-04T20:18:05.469+0000] {processor.py:925} INFO - DAG(s) 'tutorial_objectstorage' retrieved from /home/airflow/.local/lib/python3.12/site-packages/airflow/example_dags/tutorial_objectstorage.py
[2024-11-04T20:18:05.489+0000] {logging_mixin.py:190} INFO - [2024-11-04T20:18:05.488+0000] {dag.py:3239} INFO - Sync 1 DAGs
[2024-11-04T20:18:05.503+0000] {logging_mixin.py:190} INFO - [2024-11-04T20:18:05.503+0000] {dag.py:4180} INFO - Setting next_dagrun for tutorial_objectstorage to None, run_after=None
[2024-11-04T20:18:05.522+0000] {processor.py:208} INFO - Processing /home/airflow/.local/lib/python3.12/site-packages/airflow/example_dags/tutorial_objectstorage.py took 0.074 seconds
[2024-11-04T20:18:35.847+0000] {processor.py:186} INFO - Started process (PID=711) to work on /home/airflow/.local/lib/python3.12/site-packages/airflow/example_dags/tutorial_objectstorage.py
[2024-11-04T20:18:35.848+0000] {processor.py:914} INFO - Processing file /home/airflow/.local/lib/python3.12/site-packages/airflow/example_dags/tutorial_objectstorage.py for tasks to queue
[2024-11-04T20:18:35.850+0000] {logging_mixin.py:190} INFO - [2024-11-04T20:18:35.850+0000] {dagbag.py:588} INFO - Filling up the DagBag from /home/airflow/.local/lib/python3.12/site-packages/airflow/example_dags/tutorial_objectstorage.py
[2024-11-04T20:18:35.860+0000] {processor.py:925} INFO - DAG(s) 'tutorial_objectstorage' retrieved from /home/airflow/.local/lib/python3.12/site-packages/airflow/example_dags/tutorial_objectstorage.py
[2024-11-04T20:18:35.880+0000] {logging_mixin.py:190} INFO - [2024-11-04T20:18:35.879+0000] {dag.py:3239} INFO - Sync 1 DAGs
[2024-11-04T20:18:35.895+0000] {logging_mixin.py:190} INFO - [2024-11-04T20:18:35.895+0000] {dag.py:4180} INFO - Setting next_dagrun for tutorial_objectstorage to None, run_after=None
[2024-11-04T20:18:35.914+0000] {processor.py:208} INFO - Processing /home/airflow/.local/lib/python3.12/site-packages/airflow/example_dags/tutorial_objectstorage.py took 0.073 seconds
[2024-11-04T20:19:06.442+0000] {processor.py:186} INFO - Started process (PID=774) to work on /home/airflow/.local/lib/python3.12/site-packages/airflow/example_dags/tutorial_objectstorage.py
[2024-11-04T20:19:06.443+0000] {processor.py:914} INFO - Processing file /home/airflow/.local/lib/python3.12/site-packages/airflow/example_dags/tutorial_objectstorage.py for tasks to queue
[2024-11-04T20:19:06.446+0000] {logging_mixin.py:190} INFO - [2024-11-04T20:19:06.446+0000] {dagbag.py:588} INFO - Filling up the DagBag from /home/airflow/.local/lib/python3.12/site-packages/airflow/example_dags/tutorial_objectstorage.py
[2024-11-04T20:19:06.457+0000] {processor.py:925} INFO - DAG(s) 'tutorial_objectstorage' retrieved from /home/airflow/.local/lib/python3.12/site-packages/airflow/example_dags/tutorial_objectstorage.py
[2024-11-04T20:19:06.481+0000] {logging_mixin.py:190} INFO - [2024-11-04T20:19:06.481+0000] {dag.py:3239} INFO - Sync 1 DAGs
[2024-11-04T20:19:06.502+0000] {logging_mixin.py:190} INFO - [2024-11-04T20:19:06.502+0000] {dag.py:4180} INFO - Setting next_dagrun for tutorial_objectstorage to None, run_after=None
[2024-11-04T20:19:06.522+0000] {processor.py:208} INFO - Processing /home/airflow/.local/lib/python3.12/site-packages/airflow/example_dags/tutorial_objectstorage.py took 0.087 seconds
[2024-11-04T20:19:37.186+0000] {processor.py:186} INFO - Started process (PID=837) to work on /home/airflow/.local/lib/python3.12/site-packages/airflow/example_dags/tutorial_objectstorage.py
[2024-11-04T20:19:37.187+0000] {processor.py:914} INFO - Processing file /home/airflow/.local/lib/python3.12/site-packages/airflow/example_dags/tutorial_objectstorage.py for tasks to queue
[2024-11-04T20:19:37.190+0000] {logging_mixin.py:190} INFO - [2024-11-04T20:19:37.190+0000] {dagbag.py:588} INFO - Filling up the DagBag from /home/airflow/.local/lib/python3.12/site-packages/airflow/example_dags/tutorial_objectstorage.py
[2024-11-04T20:19:37.205+0000] {processor.py:925} INFO - DAG(s) 'tutorial_objectstorage' retrieved from /home/airflow/.local/lib/python3.12/site-packages/airflow/example_dags/tutorial_objectstorage.py
[2024-11-04T20:19:37.227+0000] {logging_mixin.py:190} INFO - [2024-11-04T20:19:37.227+0000] {dag.py:3239} INFO - Sync 1 DAGs
[2024-11-04T20:19:37.242+0000] {logging_mixin.py:190} INFO - [2024-11-04T20:19:37.242+0000] {dag.py:4180} INFO - Setting next_dagrun for tutorial_objectstorage to None, run_after=None
[2024-11-04T20:19:37.262+0000] {processor.py:208} INFO - Processing /home/airflow/.local/lib/python3.12/site-packages/airflow/example_dags/tutorial_objectstorage.py took 0.083 seconds
[2024-11-04T20:20:07.414+0000] {processor.py:186} INFO - Started process (PID=900) to work on /home/airflow/.local/lib/python3.12/site-packages/airflow/example_dags/tutorial_objectstorage.py
[2024-11-04T20:20:07.415+0000] {processor.py:914} INFO - Processing file /home/airflow/.local/lib/python3.12/site-packages/airflow/example_dags/tutorial_objectstorage.py for tasks to queue
[2024-11-04T20:20:07.418+0000] {logging_mixin.py:190} INFO - [2024-11-04T20:20:07.417+0000] {dagbag.py:588} INFO - Filling up the DagBag from /home/airflow/.local/lib/python3.12/site-packages/airflow/example_dags/tutorial_objectstorage.py
[2024-11-04T20:20:07.429+0000] {processor.py:925} INFO - DAG(s) 'tutorial_objectstorage' retrieved from /home/airflow/.local/lib/python3.12/site-packages/airflow/example_dags/tutorial_objectstorage.py
[2024-11-04T20:20:07.451+0000] {logging_mixin.py:190} INFO - [2024-11-04T20:20:07.450+0000] {dag.py:3239} INFO - Sync 1 DAGs
[2024-11-04T20:20:07.468+0000] {logging_mixin.py:190} INFO - [2024-11-04T20:20:07.468+0000] {dag.py:4180} INFO - Setting next_dagrun for tutorial_objectstorage to None, run_after=None
[2024-11-04T20:20:07.548+0000] {processor.py:208} INFO - Processing /home/airflow/.local/lib/python3.12/site-packages/airflow/example_dags/tutorial_objectstorage.py took 0.141 seconds
[2024-11-04T20:20:37.955+0000] {processor.py:186} INFO - Started process (PID=963) to work on /home/airflow/.local/lib/python3.12/site-packages/airflow/example_dags/tutorial_objectstorage.py
[2024-11-04T20:20:37.956+0000] {processor.py:914} INFO - Processing file /home/airflow/.local/lib/python3.12/site-packages/airflow/example_dags/tutorial_objectstorage.py for tasks to queue
[2024-11-04T20:20:37.959+0000] {logging_mixin.py:190} INFO - [2024-11-04T20:20:37.959+0000] {dagbag.py:588} INFO - Filling up the DagBag from /home/airflow/.local/lib/python3.12/site-packages/airflow/example_dags/tutorial_objectstorage.py
[2024-11-04T20:20:37.976+0000] {processor.py:925} INFO - DAG(s) 'tutorial_objectstorage' retrieved from /home/airflow/.local/lib/python3.12/site-packages/airflow/example_dags/tutorial_objectstorage.py
[2024-11-04T20:20:38.002+0000] {logging_mixin.py:190} INFO - [2024-11-04T20:20:38.001+0000] {dag.py:3239} INFO - Sync 1 DAGs
[2024-11-04T20:20:38.021+0000] {logging_mixin.py:190} INFO - [2024-11-04T20:20:38.021+0000] {dag.py:4180} INFO - Setting next_dagrun for tutorial_objectstorage to None, run_after=None
[2024-11-04T20:20:38.043+0000] {processor.py:208} INFO - Processing /home/airflow/.local/lib/python3.12/site-packages/airflow/example_dags/tutorial_objectstorage.py took 0.096 seconds
[2024-11-04T20:21:08.214+0000] {processor.py:186} INFO - Started process (PID=1026) to work on /home/airflow/.local/lib/python3.12/site-packages/airflow/example_dags/tutorial_objectstorage.py
[2024-11-04T20:21:08.215+0000] {processor.py:914} INFO - Processing file /home/airflow/.local/lib/python3.12/site-packages/airflow/example_dags/tutorial_objectstorage.py for tasks to queue
[2024-11-04T20:21:08.218+0000] {logging_mixin.py:190} INFO - [2024-11-04T20:21:08.218+0000] {dagbag.py:588} INFO - Filling up the DagBag from /home/airflow/.local/lib/python3.12/site-packages/airflow/example_dags/tutorial_objectstorage.py
[2024-11-04T20:21:08.231+0000] {processor.py:925} INFO - DAG(s) 'tutorial_objectstorage' retrieved from /home/airflow/.local/lib/python3.12/site-packages/airflow/example_dags/tutorial_objectstorage.py
[2024-11-04T20:21:08.251+0000] {logging_mixin.py:190} INFO - [2024-11-04T20:21:08.251+0000] {dag.py:3239} INFO - Sync 1 DAGs
[2024-11-04T20:21:08.267+0000] {logging_mixin.py:190} INFO - [2024-11-04T20:21:08.267+0000] {dag.py:4180} INFO - Setting next_dagrun for tutorial_objectstorage to None, run_after=None
[2024-11-04T20:21:08.287+0000] {processor.py:208} INFO - Processing /home/airflow/.local/lib/python3.12/site-packages/airflow/example_dags/tutorial_objectstorage.py took 0.080 seconds
[2024-11-04T20:21:39.045+0000] {processor.py:186} INFO - Started process (PID=1089) to work on /home/airflow/.local/lib/python3.12/site-packages/airflow/example_dags/tutorial_objectstorage.py
[2024-11-04T20:21:39.046+0000] {processor.py:914} INFO - Processing file /home/airflow/.local/lib/python3.12/site-packages/airflow/example_dags/tutorial_objectstorage.py for tasks to queue
[2024-11-04T20:21:39.049+0000] {logging_mixin.py:190} INFO - [2024-11-04T20:21:39.049+0000] {dagbag.py:588} INFO - Filling up the DagBag from /home/airflow/.local/lib/python3.12/site-packages/airflow/example_dags/tutorial_objectstorage.py
[2024-11-04T20:21:39.059+0000] {processor.py:925} INFO - DAG(s) 'tutorial_objectstorage' retrieved from /home/airflow/.local/lib/python3.12/site-packages/airflow/example_dags/tutorial_objectstorage.py
[2024-11-04T20:21:39.084+0000] {logging_mixin.py:190} INFO - [2024-11-04T20:21:39.084+0000] {dag.py:3239} INFO - Sync 1 DAGs
[2024-11-04T20:21:39.103+0000] {logging_mixin.py:190} INFO - [2024-11-04T20:21:39.102+0000] {dag.py:4180} INFO - Setting next_dagrun for tutorial_objectstorage to None, run_after=None
[2024-11-04T20:21:39.124+0000] {processor.py:208} INFO - Processing /home/airflow/.local/lib/python3.12/site-packages/airflow/example_dags/tutorial_objectstorage.py took 0.088 seconds
[2024-11-04T20:22:10.374+0000] {processor.py:186} INFO - Started process (PID=1151) to work on /home/airflow/.local/lib/python3.12/site-packages/airflow/example_dags/tutorial_objectstorage.py
[2024-11-04T20:22:10.376+0000] {processor.py:914} INFO - Processing file /home/airflow/.local/lib/python3.12/site-packages/airflow/example_dags/tutorial_objectstorage.py for tasks to queue
[2024-11-04T20:22:10.388+0000] {logging_mixin.py:190} INFO - [2024-11-04T20:22:10.387+0000] {dagbag.py:588} INFO - Filling up the DagBag from /home/airflow/.local/lib/python3.12/site-packages/airflow/example_dags/tutorial_objectstorage.py
[2024-11-04T20:22:10.408+0000] {processor.py:925} INFO - DAG(s) 'tutorial_objectstorage' retrieved from /home/airflow/.local/lib/python3.12/site-packages/airflow/example_dags/tutorial_objectstorage.py
[2024-11-04T20:22:10.436+0000] {logging_mixin.py:190} INFO - [2024-11-04T20:22:10.435+0000] {dag.py:3239} INFO - Sync 1 DAGs
[2024-11-04T20:22:10.470+0000] {logging_mixin.py:190} INFO - [2024-11-04T20:22:10.469+0000] {dag.py:4180} INFO - Setting next_dagrun for tutorial_objectstorage to None, run_after=None
[2024-11-04T20:22:10.495+0000] {processor.py:208} INFO - Processing /home/airflow/.local/lib/python3.12/site-packages/airflow/example_dags/tutorial_objectstorage.py took 0.142 seconds
[2024-11-04T20:22:41.503+0000] {processor.py:186} INFO - Started process (PID=1214) to work on /home/airflow/.local/lib/python3.12/site-packages/airflow/example_dags/tutorial_objectstorage.py
[2024-11-04T20:22:41.504+0000] {processor.py:914} INFO - Processing file /home/airflow/.local/lib/python3.12/site-packages/airflow/example_dags/tutorial_objectstorage.py for tasks to queue
[2024-11-04T20:22:41.507+0000] {logging_mixin.py:190} INFO - [2024-11-04T20:22:41.507+0000] {dagbag.py:588} INFO - Filling up the DagBag from /home/airflow/.local/lib/python3.12/site-packages/airflow/example_dags/tutorial_objectstorage.py
[2024-11-04T20:22:41.517+0000] {processor.py:925} INFO - DAG(s) 'tutorial_objectstorage' retrieved from /home/airflow/.local/lib/python3.12/site-packages/airflow/example_dags/tutorial_objectstorage.py
[2024-11-04T20:22:41.537+0000] {logging_mixin.py:190} INFO - [2024-11-04T20:22:41.537+0000] {dag.py:3239} INFO - Sync 1 DAGs
[2024-11-04T20:22:41.552+0000] {logging_mixin.py:190} INFO - [2024-11-04T20:22:41.552+0000] {dag.py:4180} INFO - Setting next_dagrun for tutorial_objectstorage to None, run_after=None
[2024-11-04T20:22:41.574+0000] {processor.py:208} INFO - Processing /home/airflow/.local/lib/python3.12/site-packages/airflow/example_dags/tutorial_objectstorage.py took 0.078 seconds
