[2024-11-04T20:13:24.117+0000] {processor.py:186} INFO - Started process (PID=87) to work on /home/airflow/.local/lib/python3.12/site-packages/airflow/example_dags/tutorial_taskflow_api_virtualenv.py
[2024-11-04T20:13:24.130+0000] {processor.py:914} INFO - Processing file /home/airflow/.local/lib/python3.12/site-packages/airflow/example_dags/tutorial_taskflow_api_virtualenv.py for tasks to queue
[2024-11-04T20:13:24.156+0000] {logging_mixin.py:190} INFO - [2024-11-04T20:13:24.155+0000] {dagbag.py:588} INFO - Filling up the DagBag from /home/airflow/.local/lib/python3.12/site-packages/airflow/example_dags/tutorial_taskflow_api_virtualenv.py
[2024-11-04T20:13:24.301+0000] {processor.py:925} INFO - DAG(s) 'tutorial_taskflow_api_virtualenv' retrieved from /home/airflow/.local/lib/python3.12/site-packages/airflow/example_dags/tutorial_taskflow_api_virtualenv.py
[2024-11-04T20:13:25.273+0000] {logging_mixin.py:190} INFO - [2024-11-04T20:13:25.272+0000] {override.py:1900} INFO - Created Permission View: can edit on DAG:tutorial_taskflow_api_virtualenv
[2024-11-04T20:13:25.332+0000] {logging_mixin.py:190} INFO - [2024-11-04T20:13:25.331+0000] {override.py:1900} INFO - Created Permission View: can read on DAG:tutorial_taskflow_api_virtualenv
[2024-11-04T20:13:25.374+0000] {logging_mixin.py:190} INFO - [2024-11-04T20:13:25.373+0000] {override.py:1900} INFO - Created Permission View: can delete on DAG:tutorial_taskflow_api_virtualenv
[2024-11-04T20:13:25.400+0000] {logging_mixin.py:190} INFO - [2024-11-04T20:13:25.400+0000] {override.py:1900} INFO - Created Permission View: menu access on DAG Run:tutorial_taskflow_api_virtualenv
[2024-11-04T20:13:25.505+0000] {logging_mixin.py:190} INFO - [2024-11-04T20:13:25.504+0000] {override.py:1900} INFO - Created Permission View: can read on DAG Run:tutorial_taskflow_api_virtualenv
[2024-11-04T20:13:25.577+0000] {logging_mixin.py:190} INFO - [2024-11-04T20:13:25.565+0000] {override.py:1900} INFO - Created Permission View: can create on DAG Run:tutorial_taskflow_api_virtualenv
[2024-11-04T20:13:25.645+0000] {logging_mixin.py:190} INFO - [2024-11-04T20:13:25.645+0000] {override.py:1900} INFO - Created Permission View: can delete on DAG Run:tutorial_taskflow_api_virtualenv
[2024-11-04T20:13:25.647+0000] {logging_mixin.py:190} INFO - [2024-11-04T20:13:25.647+0000] {dag.py:3239} INFO - Sync 1 DAGs
[2024-11-04T20:13:25.751+0000] {logging_mixin.py:190} INFO - [2024-11-04T20:13:25.751+0000] {dag.py:3262} INFO - Creating ORM DAG for tutorial_taskflow_api_virtualenv
[2024-11-04T20:13:25.756+0000] {logging_mixin.py:190} INFO - [2024-11-04T20:13:25.755+0000] {dag.py:4180} INFO - Setting next_dagrun for tutorial_taskflow_api_virtualenv to None, run_after=None
[2024-11-04T20:13:25.915+0000] {processor.py:208} INFO - Processing /home/airflow/.local/lib/python3.12/site-packages/airflow/example_dags/tutorial_taskflow_api_virtualenv.py took 1.946 seconds
[2024-11-04T20:13:56.191+0000] {processor.py:186} INFO - Started process (PID=149) to work on /home/airflow/.local/lib/python3.12/site-packages/airflow/example_dags/tutorial_taskflow_api_virtualenv.py
[2024-11-04T20:13:56.194+0000] {processor.py:914} INFO - Processing file /home/airflow/.local/lib/python3.12/site-packages/airflow/example_dags/tutorial_taskflow_api_virtualenv.py for tasks to queue
[2024-11-04T20:13:56.199+0000] {logging_mixin.py:190} INFO - [2024-11-04T20:13:56.198+0000] {dagbag.py:588} INFO - Filling up the DagBag from /home/airflow/.local/lib/python3.12/site-packages/airflow/example_dags/tutorial_taskflow_api_virtualenv.py
[2024-11-04T20:13:56.365+0000] {processor.py:925} INFO - DAG(s) 'tutorial_taskflow_api_virtualenv' retrieved from /home/airflow/.local/lib/python3.12/site-packages/airflow/example_dags/tutorial_taskflow_api_virtualenv.py
[2024-11-04T20:13:56.504+0000] {logging_mixin.py:190} INFO - [2024-11-04T20:13:56.503+0000] {dag.py:3239} INFO - Sync 1 DAGs
[2024-11-04T20:13:56.566+0000] {logging_mixin.py:190} INFO - [2024-11-04T20:13:56.566+0000] {dag.py:4180} INFO - Setting next_dagrun for tutorial_taskflow_api_virtualenv to None, run_after=None
[2024-11-04T20:13:56.626+0000] {processor.py:208} INFO - Processing /home/airflow/.local/lib/python3.12/site-packages/airflow/example_dags/tutorial_taskflow_api_virtualenv.py took 0.479 seconds
[2024-11-04T20:14:26.902+0000] {processor.py:186} INFO - Started process (PID=212) to work on /home/airflow/.local/lib/python3.12/site-packages/airflow/example_dags/tutorial_taskflow_api_virtualenv.py
[2024-11-04T20:14:26.904+0000] {processor.py:914} INFO - Processing file /home/airflow/.local/lib/python3.12/site-packages/airflow/example_dags/tutorial_taskflow_api_virtualenv.py for tasks to queue
[2024-11-04T20:14:26.908+0000] {logging_mixin.py:190} INFO - [2024-11-04T20:14:26.908+0000] {dagbag.py:588} INFO - Filling up the DagBag from /home/airflow/.local/lib/python3.12/site-packages/airflow/example_dags/tutorial_taskflow_api_virtualenv.py
[2024-11-04T20:14:26.932+0000] {processor.py:925} INFO - DAG(s) 'tutorial_taskflow_api_virtualenv' retrieved from /home/airflow/.local/lib/python3.12/site-packages/airflow/example_dags/tutorial_taskflow_api_virtualenv.py
[2024-11-04T20:14:26.974+0000] {logging_mixin.py:190} INFO - [2024-11-04T20:14:26.973+0000] {dag.py:3239} INFO - Sync 1 DAGs
[2024-11-04T20:14:27.017+0000] {logging_mixin.py:190} INFO - [2024-11-04T20:14:27.016+0000] {dag.py:4180} INFO - Setting next_dagrun for tutorial_taskflow_api_virtualenv to None, run_after=None
[2024-11-04T20:14:27.076+0000] {processor.py:208} INFO - Processing /home/airflow/.local/lib/python3.12/site-packages/airflow/example_dags/tutorial_taskflow_api_virtualenv.py took 0.188 seconds
[2024-11-04T20:14:57.763+0000] {processor.py:186} INFO - Started process (PID=274) to work on /home/airflow/.local/lib/python3.12/site-packages/airflow/example_dags/tutorial_taskflow_api_virtualenv.py
[2024-11-04T20:14:57.765+0000] {processor.py:914} INFO - Processing file /home/airflow/.local/lib/python3.12/site-packages/airflow/example_dags/tutorial_taskflow_api_virtualenv.py for tasks to queue
[2024-11-04T20:14:57.769+0000] {logging_mixin.py:190} INFO - [2024-11-04T20:14:57.768+0000] {dagbag.py:588} INFO - Filling up the DagBag from /home/airflow/.local/lib/python3.12/site-packages/airflow/example_dags/tutorial_taskflow_api_virtualenv.py
[2024-11-04T20:14:57.792+0000] {processor.py:925} INFO - DAG(s) 'tutorial_taskflow_api_virtualenv' retrieved from /home/airflow/.local/lib/python3.12/site-packages/airflow/example_dags/tutorial_taskflow_api_virtualenv.py
[2024-11-04T20:14:57.817+0000] {logging_mixin.py:190} INFO - [2024-11-04T20:14:57.817+0000] {dag.py:3239} INFO - Sync 1 DAGs
[2024-11-04T20:14:57.839+0000] {logging_mixin.py:190} INFO - [2024-11-04T20:14:57.838+0000] {dag.py:4180} INFO - Setting next_dagrun for tutorial_taskflow_api_virtualenv to None, run_after=None
[2024-11-04T20:14:57.866+0000] {processor.py:208} INFO - Processing /home/airflow/.local/lib/python3.12/site-packages/airflow/example_dags/tutorial_taskflow_api_virtualenv.py took 0.112 seconds
[2024-11-04T20:15:27.947+0000] {processor.py:186} INFO - Started process (PID=336) to work on /home/airflow/.local/lib/python3.12/site-packages/airflow/example_dags/tutorial_taskflow_api_virtualenv.py
[2024-11-04T20:15:27.948+0000] {processor.py:914} INFO - Processing file /home/airflow/.local/lib/python3.12/site-packages/airflow/example_dags/tutorial_taskflow_api_virtualenv.py for tasks to queue
[2024-11-04T20:15:27.951+0000] {logging_mixin.py:190} INFO - [2024-11-04T20:15:27.950+0000] {dagbag.py:588} INFO - Filling up the DagBag from /home/airflow/.local/lib/python3.12/site-packages/airflow/example_dags/tutorial_taskflow_api_virtualenv.py
[2024-11-04T20:15:27.964+0000] {processor.py:925} INFO - DAG(s) 'tutorial_taskflow_api_virtualenv' retrieved from /home/airflow/.local/lib/python3.12/site-packages/airflow/example_dags/tutorial_taskflow_api_virtualenv.py
[2024-11-04T20:15:27.988+0000] {logging_mixin.py:190} INFO - [2024-11-04T20:15:27.988+0000] {dag.py:3239} INFO - Sync 1 DAGs
[2024-11-04T20:15:28.005+0000] {logging_mixin.py:190} INFO - [2024-11-04T20:15:28.004+0000] {dag.py:4180} INFO - Setting next_dagrun for tutorial_taskflow_api_virtualenv to None, run_after=None
[2024-11-04T20:15:28.032+0000] {processor.py:208} INFO - Processing /home/airflow/.local/lib/python3.12/site-packages/airflow/example_dags/tutorial_taskflow_api_virtualenv.py took 0.092 seconds
[2024-11-04T20:15:58.406+0000] {processor.py:186} INFO - Started process (PID=398) to work on /home/airflow/.local/lib/python3.12/site-packages/airflow/example_dags/tutorial_taskflow_api_virtualenv.py
[2024-11-04T20:15:58.408+0000] {processor.py:914} INFO - Processing file /home/airflow/.local/lib/python3.12/site-packages/airflow/example_dags/tutorial_taskflow_api_virtualenv.py for tasks to queue
[2024-11-04T20:15:58.411+0000] {logging_mixin.py:190} INFO - [2024-11-04T20:15:58.411+0000] {dagbag.py:588} INFO - Filling up the DagBag from /home/airflow/.local/lib/python3.12/site-packages/airflow/example_dags/tutorial_taskflow_api_virtualenv.py
[2024-11-04T20:15:58.431+0000] {processor.py:925} INFO - DAG(s) 'tutorial_taskflow_api_virtualenv' retrieved from /home/airflow/.local/lib/python3.12/site-packages/airflow/example_dags/tutorial_taskflow_api_virtualenv.py
[2024-11-04T20:15:58.459+0000] {logging_mixin.py:190} INFO - [2024-11-04T20:15:58.459+0000] {dag.py:3239} INFO - Sync 1 DAGs
[2024-11-04T20:15:58.482+0000] {logging_mixin.py:190} INFO - [2024-11-04T20:15:58.482+0000] {dag.py:4180} INFO - Setting next_dagrun for tutorial_taskflow_api_virtualenv to None, run_after=None
[2024-11-04T20:15:58.524+0000] {processor.py:208} INFO - Processing /home/airflow/.local/lib/python3.12/site-packages/airflow/example_dags/tutorial_taskflow_api_virtualenv.py took 0.128 seconds
[2024-11-04T20:16:29.274+0000] {processor.py:186} INFO - Started process (PID=460) to work on /home/airflow/.local/lib/python3.12/site-packages/airflow/example_dags/tutorial_taskflow_api_virtualenv.py
[2024-11-04T20:16:29.275+0000] {processor.py:914} INFO - Processing file /home/airflow/.local/lib/python3.12/site-packages/airflow/example_dags/tutorial_taskflow_api_virtualenv.py for tasks to queue
[2024-11-04T20:16:29.278+0000] {logging_mixin.py:190} INFO - [2024-11-04T20:16:29.277+0000] {dagbag.py:588} INFO - Filling up the DagBag from /home/airflow/.local/lib/python3.12/site-packages/airflow/example_dags/tutorial_taskflow_api_virtualenv.py
[2024-11-04T20:16:29.296+0000] {processor.py:925} INFO - DAG(s) 'tutorial_taskflow_api_virtualenv' retrieved from /home/airflow/.local/lib/python3.12/site-packages/airflow/example_dags/tutorial_taskflow_api_virtualenv.py
[2024-11-04T20:16:29.325+0000] {logging_mixin.py:190} INFO - [2024-11-04T20:16:29.324+0000] {dag.py:3239} INFO - Sync 1 DAGs
[2024-11-04T20:16:29.344+0000] {logging_mixin.py:190} INFO - [2024-11-04T20:16:29.344+0000] {dag.py:4180} INFO - Setting next_dagrun for tutorial_taskflow_api_virtualenv to None, run_after=None
[2024-11-04T20:16:29.379+0000] {processor.py:208} INFO - Processing /home/airflow/.local/lib/python3.12/site-packages/airflow/example_dags/tutorial_taskflow_api_virtualenv.py took 0.112 seconds
[2024-11-04T20:16:59.694+0000] {processor.py:186} INFO - Started process (PID=522) to work on /home/airflow/.local/lib/python3.12/site-packages/airflow/example_dags/tutorial_taskflow_api_virtualenv.py
[2024-11-04T20:16:59.696+0000] {processor.py:914} INFO - Processing file /home/airflow/.local/lib/python3.12/site-packages/airflow/example_dags/tutorial_taskflow_api_virtualenv.py for tasks to queue
[2024-11-04T20:16:59.702+0000] {logging_mixin.py:190} INFO - [2024-11-04T20:16:59.702+0000] {dagbag.py:588} INFO - Filling up the DagBag from /home/airflow/.local/lib/python3.12/site-packages/airflow/example_dags/tutorial_taskflow_api_virtualenv.py
[2024-11-04T20:16:59.773+0000] {processor.py:925} INFO - DAG(s) 'tutorial_taskflow_api_virtualenv' retrieved from /home/airflow/.local/lib/python3.12/site-packages/airflow/example_dags/tutorial_taskflow_api_virtualenv.py
[2024-11-04T20:17:00.214+0000] {logging_mixin.py:190} INFO - [2024-11-04T20:17:00.213+0000] {dag.py:3239} INFO - Sync 1 DAGs
[2024-11-04T20:17:00.277+0000] {logging_mixin.py:190} INFO - [2024-11-04T20:17:00.277+0000] {dag.py:4180} INFO - Setting next_dagrun for tutorial_taskflow_api_virtualenv to None, run_after=None
[2024-11-04T20:17:00.390+0000] {processor.py:208} INFO - Processing /home/airflow/.local/lib/python3.12/site-packages/airflow/example_dags/tutorial_taskflow_api_virtualenv.py took 0.714 seconds
[2024-11-04T20:17:33.849+0000] {processor.py:186} INFO - Started process (PID=583) to work on /home/airflow/.local/lib/python3.12/site-packages/airflow/example_dags/tutorial_taskflow_api_virtualenv.py
[2024-11-04T20:17:33.866+0000] {processor.py:914} INFO - Processing file /home/airflow/.local/lib/python3.12/site-packages/airflow/example_dags/tutorial_taskflow_api_virtualenv.py for tasks to queue
[2024-11-04T20:17:33.880+0000] {logging_mixin.py:190} INFO - [2024-11-04T20:17:33.870+0000] {dagbag.py:588} INFO - Filling up the DagBag from /home/airflow/.local/lib/python3.12/site-packages/airflow/example_dags/tutorial_taskflow_api_virtualenv.py
[2024-11-04T20:17:33.929+0000] {processor.py:925} INFO - DAG(s) 'tutorial_taskflow_api_virtualenv' retrieved from /home/airflow/.local/lib/python3.12/site-packages/airflow/example_dags/tutorial_taskflow_api_virtualenv.py
[2024-11-04T20:17:33.992+0000] {logging_mixin.py:190} INFO - [2024-11-04T20:17:33.982+0000] {dag.py:3239} INFO - Sync 1 DAGs
[2024-11-04T20:17:34.034+0000] {logging_mixin.py:190} INFO - [2024-11-04T20:17:34.034+0000] {dag.py:4180} INFO - Setting next_dagrun for tutorial_taskflow_api_virtualenv to None, run_after=None
[2024-11-04T20:17:34.279+0000] {processor.py:208} INFO - Processing /home/airflow/.local/lib/python3.12/site-packages/airflow/example_dags/tutorial_taskflow_api_virtualenv.py took 0.463 seconds
[2024-11-04T20:18:05.122+0000] {processor.py:186} INFO - Started process (PID=645) to work on /home/airflow/.local/lib/python3.12/site-packages/airflow/example_dags/tutorial_taskflow_api_virtualenv.py
[2024-11-04T20:18:05.124+0000] {processor.py:914} INFO - Processing file /home/airflow/.local/lib/python3.12/site-packages/airflow/example_dags/tutorial_taskflow_api_virtualenv.py for tasks to queue
[2024-11-04T20:18:05.128+0000] {logging_mixin.py:190} INFO - [2024-11-04T20:18:05.128+0000] {dagbag.py:588} INFO - Filling up the DagBag from /home/airflow/.local/lib/python3.12/site-packages/airflow/example_dags/tutorial_taskflow_api_virtualenv.py
[2024-11-04T20:18:05.149+0000] {processor.py:925} INFO - DAG(s) 'tutorial_taskflow_api_virtualenv' retrieved from /home/airflow/.local/lib/python3.12/site-packages/airflow/example_dags/tutorial_taskflow_api_virtualenv.py
[2024-11-04T20:18:05.190+0000] {logging_mixin.py:190} INFO - [2024-11-04T20:18:05.189+0000] {dag.py:3239} INFO - Sync 1 DAGs
[2024-11-04T20:18:05.213+0000] {logging_mixin.py:190} INFO - [2024-11-04T20:18:05.213+0000] {dag.py:4180} INFO - Setting next_dagrun for tutorial_taskflow_api_virtualenv to None, run_after=None
[2024-11-04T20:18:05.253+0000] {processor.py:208} INFO - Processing /home/airflow/.local/lib/python3.12/site-packages/airflow/example_dags/tutorial_taskflow_api_virtualenv.py took 0.140 seconds
[2024-11-04T20:18:35.595+0000] {processor.py:186} INFO - Started process (PID=708) to work on /home/airflow/.local/lib/python3.12/site-packages/airflow/example_dags/tutorial_taskflow_api_virtualenv.py
[2024-11-04T20:18:35.596+0000] {processor.py:914} INFO - Processing file /home/airflow/.local/lib/python3.12/site-packages/airflow/example_dags/tutorial_taskflow_api_virtualenv.py for tasks to queue
[2024-11-04T20:18:35.599+0000] {logging_mixin.py:190} INFO - [2024-11-04T20:18:35.599+0000] {dagbag.py:588} INFO - Filling up the DagBag from /home/airflow/.local/lib/python3.12/site-packages/airflow/example_dags/tutorial_taskflow_api_virtualenv.py
[2024-11-04T20:18:35.611+0000] {processor.py:925} INFO - DAG(s) 'tutorial_taskflow_api_virtualenv' retrieved from /home/airflow/.local/lib/python3.12/site-packages/airflow/example_dags/tutorial_taskflow_api_virtualenv.py
[2024-11-04T20:18:35.635+0000] {logging_mixin.py:190} INFO - [2024-11-04T20:18:35.635+0000] {dag.py:3239} INFO - Sync 1 DAGs
[2024-11-04T20:18:35.652+0000] {logging_mixin.py:190} INFO - [2024-11-04T20:18:35.651+0000] {dag.py:4180} INFO - Setting next_dagrun for tutorial_taskflow_api_virtualenv to None, run_after=None
[2024-11-04T20:18:35.673+0000] {processor.py:208} INFO - Processing /home/airflow/.local/lib/python3.12/site-packages/airflow/example_dags/tutorial_taskflow_api_virtualenv.py took 0.084 seconds
[2024-11-04T20:19:06.270+0000] {processor.py:186} INFO - Started process (PID=771) to work on /home/airflow/.local/lib/python3.12/site-packages/airflow/example_dags/tutorial_taskflow_api_virtualenv.py
[2024-11-04T20:19:06.271+0000] {processor.py:914} INFO - Processing file /home/airflow/.local/lib/python3.12/site-packages/airflow/example_dags/tutorial_taskflow_api_virtualenv.py for tasks to queue
[2024-11-04T20:19:06.274+0000] {logging_mixin.py:190} INFO - [2024-11-04T20:19:06.274+0000] {dagbag.py:588} INFO - Filling up the DagBag from /home/airflow/.local/lib/python3.12/site-packages/airflow/example_dags/tutorial_taskflow_api_virtualenv.py
[2024-11-04T20:19:06.294+0000] {processor.py:925} INFO - DAG(s) 'tutorial_taskflow_api_virtualenv' retrieved from /home/airflow/.local/lib/python3.12/site-packages/airflow/example_dags/tutorial_taskflow_api_virtualenv.py
[2024-11-04T20:19:06.324+0000] {logging_mixin.py:190} INFO - [2024-11-04T20:19:06.323+0000] {dag.py:3239} INFO - Sync 1 DAGs
[2024-11-04T20:19:06.348+0000] {logging_mixin.py:190} INFO - [2024-11-04T20:19:06.348+0000] {dag.py:4180} INFO - Setting next_dagrun for tutorial_taskflow_api_virtualenv to None, run_after=None
[2024-11-04T20:19:06.374+0000] {processor.py:208} INFO - Processing /home/airflow/.local/lib/python3.12/site-packages/airflow/example_dags/tutorial_taskflow_api_virtualenv.py took 0.112 seconds
[2024-11-04T20:19:36.916+0000] {processor.py:186} INFO - Started process (PID=834) to work on /home/airflow/.local/lib/python3.12/site-packages/airflow/example_dags/tutorial_taskflow_api_virtualenv.py
[2024-11-04T20:19:36.917+0000] {processor.py:914} INFO - Processing file /home/airflow/.local/lib/python3.12/site-packages/airflow/example_dags/tutorial_taskflow_api_virtualenv.py for tasks to queue
[2024-11-04T20:19:36.920+0000] {logging_mixin.py:190} INFO - [2024-11-04T20:19:36.920+0000] {dagbag.py:588} INFO - Filling up the DagBag from /home/airflow/.local/lib/python3.12/site-packages/airflow/example_dags/tutorial_taskflow_api_virtualenv.py
[2024-11-04T20:19:36.936+0000] {processor.py:925} INFO - DAG(s) 'tutorial_taskflow_api_virtualenv' retrieved from /home/airflow/.local/lib/python3.12/site-packages/airflow/example_dags/tutorial_taskflow_api_virtualenv.py
[2024-11-04T20:19:36.960+0000] {logging_mixin.py:190} INFO - [2024-11-04T20:19:36.960+0000] {dag.py:3239} INFO - Sync 1 DAGs
[2024-11-04T20:19:36.978+0000] {logging_mixin.py:190} INFO - [2024-11-04T20:19:36.978+0000] {dag.py:4180} INFO - Setting next_dagrun for tutorial_taskflow_api_virtualenv to None, run_after=None
[2024-11-04T20:19:37.004+0000] {processor.py:208} INFO - Processing /home/airflow/.local/lib/python3.12/site-packages/airflow/example_dags/tutorial_taskflow_api_virtualenv.py took 0.096 seconds
[2024-11-04T20:20:07.100+0000] {processor.py:186} INFO - Started process (PID=897) to work on /home/airflow/.local/lib/python3.12/site-packages/airflow/example_dags/tutorial_taskflow_api_virtualenv.py
[2024-11-04T20:20:07.101+0000] {processor.py:914} INFO - Processing file /home/airflow/.local/lib/python3.12/site-packages/airflow/example_dags/tutorial_taskflow_api_virtualenv.py for tasks to queue
[2024-11-04T20:20:07.104+0000] {logging_mixin.py:190} INFO - [2024-11-04T20:20:07.104+0000] {dagbag.py:588} INFO - Filling up the DagBag from /home/airflow/.local/lib/python3.12/site-packages/airflow/example_dags/tutorial_taskflow_api_virtualenv.py
[2024-11-04T20:20:07.119+0000] {processor.py:925} INFO - DAG(s) 'tutorial_taskflow_api_virtualenv' retrieved from /home/airflow/.local/lib/python3.12/site-packages/airflow/example_dags/tutorial_taskflow_api_virtualenv.py
[2024-11-04T20:20:07.144+0000] {logging_mixin.py:190} INFO - [2024-11-04T20:20:07.143+0000] {dag.py:3239} INFO - Sync 1 DAGs
[2024-11-04T20:20:07.164+0000] {logging_mixin.py:190} INFO - [2024-11-04T20:20:07.163+0000] {dag.py:4180} INFO - Setting next_dagrun for tutorial_taskflow_api_virtualenv to None, run_after=None
[2024-11-04T20:20:07.190+0000] {processor.py:208} INFO - Processing /home/airflow/.local/lib/python3.12/site-packages/airflow/example_dags/tutorial_taskflow_api_virtualenv.py took 0.099 seconds
[2024-11-04T20:20:37.642+0000] {processor.py:186} INFO - Started process (PID=960) to work on /home/airflow/.local/lib/python3.12/site-packages/airflow/example_dags/tutorial_taskflow_api_virtualenv.py
[2024-11-04T20:20:37.644+0000] {processor.py:914} INFO - Processing file /home/airflow/.local/lib/python3.12/site-packages/airflow/example_dags/tutorial_taskflow_api_virtualenv.py for tasks to queue
[2024-11-04T20:20:37.648+0000] {logging_mixin.py:190} INFO - [2024-11-04T20:20:37.647+0000] {dagbag.py:588} INFO - Filling up the DagBag from /home/airflow/.local/lib/python3.12/site-packages/airflow/example_dags/tutorial_taskflow_api_virtualenv.py
[2024-11-04T20:20:37.663+0000] {processor.py:925} INFO - DAG(s) 'tutorial_taskflow_api_virtualenv' retrieved from /home/airflow/.local/lib/python3.12/site-packages/airflow/example_dags/tutorial_taskflow_api_virtualenv.py
[2024-11-04T20:20:37.692+0000] {logging_mixin.py:190} INFO - [2024-11-04T20:20:37.692+0000] {dag.py:3239} INFO - Sync 1 DAGs
[2024-11-04T20:20:37.714+0000] {logging_mixin.py:190} INFO - [2024-11-04T20:20:37.713+0000] {dag.py:4180} INFO - Setting next_dagrun for tutorial_taskflow_api_virtualenv to None, run_after=None
[2024-11-04T20:20:37.747+0000] {processor.py:208} INFO - Processing /home/airflow/.local/lib/python3.12/site-packages/airflow/example_dags/tutorial_taskflow_api_virtualenv.py took 0.112 seconds
[2024-11-04T20:21:07.940+0000] {processor.py:186} INFO - Started process (PID=1023) to work on /home/airflow/.local/lib/python3.12/site-packages/airflow/example_dags/tutorial_taskflow_api_virtualenv.py
[2024-11-04T20:21:07.942+0000] {processor.py:914} INFO - Processing file /home/airflow/.local/lib/python3.12/site-packages/airflow/example_dags/tutorial_taskflow_api_virtualenv.py for tasks to queue
[2024-11-04T20:21:07.945+0000] {logging_mixin.py:190} INFO - [2024-11-04T20:21:07.944+0000] {dagbag.py:588} INFO - Filling up the DagBag from /home/airflow/.local/lib/python3.12/site-packages/airflow/example_dags/tutorial_taskflow_api_virtualenv.py
[2024-11-04T20:21:07.960+0000] {processor.py:925} INFO - DAG(s) 'tutorial_taskflow_api_virtualenv' retrieved from /home/airflow/.local/lib/python3.12/site-packages/airflow/example_dags/tutorial_taskflow_api_virtualenv.py
[2024-11-04T20:21:07.987+0000] {logging_mixin.py:190} INFO - [2024-11-04T20:21:07.986+0000] {dag.py:3239} INFO - Sync 1 DAGs
[2024-11-04T20:21:08.005+0000] {logging_mixin.py:190} INFO - [2024-11-04T20:21:08.005+0000] {dag.py:4180} INFO - Setting next_dagrun for tutorial_taskflow_api_virtualenv to None, run_after=None
[2024-11-04T20:21:08.027+0000] {processor.py:208} INFO - Processing /home/airflow/.local/lib/python3.12/site-packages/airflow/example_dags/tutorial_taskflow_api_virtualenv.py took 0.093 seconds
[2024-11-04T20:21:38.749+0000] {processor.py:186} INFO - Started process (PID=1086) to work on /home/airflow/.local/lib/python3.12/site-packages/airflow/example_dags/tutorial_taskflow_api_virtualenv.py
[2024-11-04T20:21:38.751+0000] {processor.py:914} INFO - Processing file /home/airflow/.local/lib/python3.12/site-packages/airflow/example_dags/tutorial_taskflow_api_virtualenv.py for tasks to queue
[2024-11-04T20:21:38.754+0000] {logging_mixin.py:190} INFO - [2024-11-04T20:21:38.753+0000] {dagbag.py:588} INFO - Filling up the DagBag from /home/airflow/.local/lib/python3.12/site-packages/airflow/example_dags/tutorial_taskflow_api_virtualenv.py
[2024-11-04T20:21:38.769+0000] {processor.py:925} INFO - DAG(s) 'tutorial_taskflow_api_virtualenv' retrieved from /home/airflow/.local/lib/python3.12/site-packages/airflow/example_dags/tutorial_taskflow_api_virtualenv.py
[2024-11-04T20:21:38.795+0000] {logging_mixin.py:190} INFO - [2024-11-04T20:21:38.794+0000] {dag.py:3239} INFO - Sync 1 DAGs
[2024-11-04T20:21:38.811+0000] {logging_mixin.py:190} INFO - [2024-11-04T20:21:38.811+0000] {dag.py:4180} INFO - Setting next_dagrun for tutorial_taskflow_api_virtualenv to None, run_after=None
[2024-11-04T20:21:38.832+0000] {processor.py:208} INFO - Processing /home/airflow/.local/lib/python3.12/site-packages/airflow/example_dags/tutorial_taskflow_api_virtualenv.py took 0.091 seconds
[2024-11-04T20:22:10.031+0000] {processor.py:186} INFO - Started process (PID=1148) to work on /home/airflow/.local/lib/python3.12/site-packages/airflow/example_dags/tutorial_taskflow_api_virtualenv.py
[2024-11-04T20:22:10.032+0000] {processor.py:914} INFO - Processing file /home/airflow/.local/lib/python3.12/site-packages/airflow/example_dags/tutorial_taskflow_api_virtualenv.py for tasks to queue
[2024-11-04T20:22:10.034+0000] {logging_mixin.py:190} INFO - [2024-11-04T20:22:10.034+0000] {dagbag.py:588} INFO - Filling up the DagBag from /home/airflow/.local/lib/python3.12/site-packages/airflow/example_dags/tutorial_taskflow_api_virtualenv.py
[2024-11-04T20:22:10.047+0000] {processor.py:925} INFO - DAG(s) 'tutorial_taskflow_api_virtualenv' retrieved from /home/airflow/.local/lib/python3.12/site-packages/airflow/example_dags/tutorial_taskflow_api_virtualenv.py
[2024-11-04T20:22:10.068+0000] {logging_mixin.py:190} INFO - [2024-11-04T20:22:10.068+0000] {dag.py:3239} INFO - Sync 1 DAGs
[2024-11-04T20:22:10.083+0000] {logging_mixin.py:190} INFO - [2024-11-04T20:22:10.083+0000] {dag.py:4180} INFO - Setting next_dagrun for tutorial_taskflow_api_virtualenv to None, run_after=None
[2024-11-04T20:22:10.104+0000] {processor.py:208} INFO - Processing /home/airflow/.local/lib/python3.12/site-packages/airflow/example_dags/tutorial_taskflow_api_virtualenv.py took 0.079 seconds
[2024-11-04T20:22:41.240+0000] {processor.py:186} INFO - Started process (PID=1211) to work on /home/airflow/.local/lib/python3.12/site-packages/airflow/example_dags/tutorial_taskflow_api_virtualenv.py
[2024-11-04T20:22:41.241+0000] {processor.py:914} INFO - Processing file /home/airflow/.local/lib/python3.12/site-packages/airflow/example_dags/tutorial_taskflow_api_virtualenv.py for tasks to queue
[2024-11-04T20:22:41.244+0000] {logging_mixin.py:190} INFO - [2024-11-04T20:22:41.243+0000] {dagbag.py:588} INFO - Filling up the DagBag from /home/airflow/.local/lib/python3.12/site-packages/airflow/example_dags/tutorial_taskflow_api_virtualenv.py
[2024-11-04T20:22:41.257+0000] {processor.py:925} INFO - DAG(s) 'tutorial_taskflow_api_virtualenv' retrieved from /home/airflow/.local/lib/python3.12/site-packages/airflow/example_dags/tutorial_taskflow_api_virtualenv.py
[2024-11-04T20:22:41.279+0000] {logging_mixin.py:190} INFO - [2024-11-04T20:22:41.279+0000] {dag.py:3239} INFO - Sync 1 DAGs
[2024-11-04T20:22:41.296+0000] {logging_mixin.py:190} INFO - [2024-11-04T20:22:41.295+0000] {dag.py:4180} INFO - Setting next_dagrun for tutorial_taskflow_api_virtualenv to None, run_after=None
[2024-11-04T20:22:41.317+0000] {processor.py:208} INFO - Processing /home/airflow/.local/lib/python3.12/site-packages/airflow/example_dags/tutorial_taskflow_api_virtualenv.py took 0.084 seconds
